[HANDLER_OUTPUT] 
Test project D:/a/jessica/jessica/build

    Start 1: TestGeotechnicalFoundationStrip
1/3 Test #1: TestGeotechnicalFoundationStrip ...   Passed    1.07 sec
    Start 2: TestLoadVerticalEccentric
2/3 Test #2: TestLoadVerticalEccentric .........   Passed    0.01 sec
    Start 3: TestCalcMeyerhof
3/3 Test #3: TestCalcMeyerhof ..................   Passed    0.02 sec

100% tests passed, 0 tests failed out of 3

Total Test time (real) =   1.31 sec
