[HANDLER_OUTPUT] 
Test project /home/runner/work/jessica/jessica/build

    Start 1: NpmTest
1/1 Test #1: NpmTest ..........................   Passed    6.44 sec

100% tests passed, 0 tests failed out of 1

Total Test time (real) =   6.48 sec
