[HANDLER_VERBOSE_OUTPUT] 
UpdateCTestConfiguration  from :/home/runner/work/jessica/jessica/build/DartConfiguration.tcl

Parse Config file:/home/runner/work/jessica/jessica/build/DartConfiguration.tcl
UpdateCTestConfiguration  from :/home/runner/work/jessica/jessica/build/DartConfiguration.tcl
Parse Config file:/home/runner/work/jessica/jessica/build/DartConfiguration.tcl
[HANDLER_OUTPUT] 
Test project /home/runner/work/jessica/jessica/build

[HANDLER_VERBOSE_OUTPUT] 
Constructing a list of tests

Done constructing a list of tests
Updating test list for fixtures
Added 0 tests to meet fixture requirements
Checking test dependency graph...
Checking test dependency graph end
test 1
[HANDLER_OUTPUT] 
    Start 1: NpmAngular

[HANDLER_VERBOSE_OUTPUT] 

1: Test command: /opt/hostedtoolcache/node/14.18.1/x64/bin/npm "run" "test" "--verbose"

1: Test timeout computed to be: 1500
1: npm info it worked if it ends with ok
1: npm verb cli [
1: npm verb cli   '/opt/hostedtoolcache/node/14.18.1/x64/bin/node',
1: npm verb cli   '/opt/hostedtoolcache/node/14.18.1/x64/bin/npm',
1: npm verb cli   'run',
1: npm verb cli   'test',
1: npm verb cli   '--verbose'
1: npm verb cli ]
1: npm info using npm@6.14.15
1: npm info using node@v14.18.1
1: npm verb run-script [ 'pretest', 'test', 'posttest' ]
1: npm info lifecycle angular@0.0.0~pretest: angular@0.0.0
1: npm info lifecycle angular@0.0.0~test: angular@0.0.0
1: 
1: > angular@0.0.0 test /home/runner/work/jessica/jessica/src/angular
1: > ng test --no-watch --no-progress --browsers=ChromeHeadless
1: 
1: 
1: Compiling @angular/core : es2015 as esm2015
1: 
1: Compiling @angular/core/testing : es2015 as esm2015
1: 
1: Compiling @angular/common : es2015 as esm2015
1: 
1: Compiling @angular/platform-browser : es2015 as esm2015
1: 
1: Compiling @angular/platform-browser-dynamic : es2015 as esm2015
1: 
1: Compiling @angular/platform-browser/testing : es2015 as esm2015
1: 
1: Compiling @angular/compiler/testing : es2015 as esm2015
1: 
1: Compiling @angular/platform-browser-dynamic/testing : es2015 as esm2015
1: 
1: Compiling @angular/forms : es2015 as esm2015
1: 
1: Compiling @angular/common/http : es2015 as esm2015
1: 
1: Compiling @ngx-translate/core : es2015 as esm2015
1: 13 11 2021 21:46:20.089:INFO [karma-server]: Karma v6.3.6 server started at http://localhost:9876/
1: 13 11 2021 21:46:20.091:INFO [launcher]: Launching browsers ChromeHeadless with concurrency unlimited
1: 13 11 2021 21:46:20.095:INFO [launcher]: Starting browser ChromeHeadless
1: 13 11 2021 21:46:27.951:INFO [Chrome Headless 95.0.4638.69 (Linux x86_64)]: Connected on socket 7YGqvmgOT5XGZctCAAAB with id 24803832
1: Chrome Headless 95.0.4638.69 (Linux x86_64): Executed 0 of 4 SUCCESS (0 secs / 0 secs)
1: [1A[2KChrome Headless 95.0.4638.69 (Linux x86_64): Executed 1 of 4 SUCCESS (0 secs / 0.017 secs)
1: [1A[2KChrome Headless 95.0.4638.69 (Linux x86_64): Executed 2 of 4 SUCCESS (0 secs / 0.024 secs)
1: [1A[2KChrome Headless 95.0.4638.69 (Linux x86_64): Executed 3 of 4 SUCCESS (0 secs / 0.03 secs)
1: [1A[2KChrome Headless 95.0.4638.69 (Linux x86_64): Executed 4 of 4 SUCCESS (0 secs / 0.055 secs)
1: [1A[2KChrome Headless 95.0.4638.69 (Linux x86_64): Executed 4 of 4 SUCCESS (0.079 secs / 0.055 secs)
1: TOTAL: 4 SUCCESS
1: 
1: Compiling @angular/core : es2015 as esm2015
1: 
1: Compiling @angular/core/testing : es2015 as esm2015
1: 
1: Compiling @angular/common : es2015 as esm2015
1: 
1: Compiling @angular/platform-browser : es2015 as esm2015
1: 
1: Compiling @angular/platform-browser-dynamic : es2015 as esm2015
1: 
1: Compiling @angular/platform-browser/testing : es2015 as esm2015
1: 
1: Compiling @angular/compiler/testing : es2015 as esm2015
1: 
1: Compiling @angular/platform-browser-dynamic/testing : es2015 as esm2015
1: 
1: Compiling @angular/forms : es2015 as esm2015
1: 
1: Compiling @ngx-translate/core : es2015 as esm2015
1: 13 11 2021 21:46:45.327:INFO [karma-server]: Karma v6.3.6 server started at http://localhost:9876/
1: 13 11 2021 21:46:45.328:INFO [launcher]: Launching browsers ChromeHeadless with concurrency unlimited
1: 13 11 2021 21:46:45.329:INFO [launcher]: Starting browser ChromeHeadless
1: 13 11 2021 21:46:53.941:INFO [Chrome Headless 95.0.4638.69 (Linux x86_64)]: Connected on socket yzhsIiOwQ8tCZRGvAAAD with id 94374990
1: Chrome Headless 95.0.4638.69 (Linux x86_64): Executed 0 of 7 SUCCESS (0 secs / 0 secs)
1: [1A[2KChrome Headless 95.0.4638.69 (Linux x86_64): Executed 1 of 7 SUCCESS (0 secs / 0.064 secs)
1: [1A[2KChrome Headless 95.0.4638.69 (Linux x86_64): Executed 2 of 7 SUCCESS (0 secs / 0.078 secs)
1: [1A[2KChrome Headless 95.0.4638.69 (Linux x86_64): Executed 3 of 7 SUCCESS (0 secs / 0.093 secs)
1: [1A[2KChrome Headless 95.0.4638.69 (Linux x86_64): Executed 4 of 7 SUCCESS (0 secs / 0.101 secs)
1: [1A[2KChrome Headless 95.0.4638.69 (Linux x86_64): Executed 5 of 7 SUCCESS (0 secs / 0.145 secs)
1: [1A[2KChrome Headless 95.0.4638.69 (Linux x86_64): Executed 6 of 7 SUCCESS (0 secs / 0.194 secs)
1: [1A[2KChrome Headless 95.0.4638.69 (Linux x86_64): Executed 7 of 7 SUCCESS (0 secs / 0.198 secs)
1: [1A[2KChrome Headless 95.0.4638.69 (Linux x86_64): Executed 7 of 7 SUCCESS (0.333 secs / 0.198 secs)
1: TOTAL: 7 SUCCESS
1: Compiling @angular/core/testing : es2015 as esm2015
1: Compiling @angular/platform-browser/testing : es2015 as esm2015
1: Compiling @angular/compiler/testing : es2015 as esm2015
1: Compiling @angular/platform-browser-dynamic/testing : es2015 as esm2015
1: Compiling @angular/common/testing : es2015 as esm2015
1: Compiling @angular/router/testing : es2015 as esm2015
1: 13 11 2021 21:47:08.568:INFO [karma-server]: Karma v6.3.6 server started at http://localhost:9876/
1: 13 11 2021 21:47:08.569:INFO [launcher]: Launching browsers ChromeHeadless with concurrency unlimited
1: 13 11 2021 21:47:08.571:INFO [launcher]: Starting browser ChromeHeadless
1: 13 11 2021 21:47:17.658:INFO [Chrome Headless 95.0.4638.69 (Linux x86_64)]: Connected on socket 77hoR0JGQfe7oyekAAAF with id 96659817
1: Chrome Headless 95.0.4638.69 (Linux x86_64): Executed 0 of 3 SUCCESS (0 secs / 0 secs)
1: [1A[2KChrome Headless 95.0.4638.69 (Linux x86_64): Executed 1 of 3 SUCCESS (0 secs / 0.073 secs)
1: [1A[2KChrome Headless 95.0.4638.69 (Linux x86_64): Executed 2 of 3 SUCCESS (0 secs / 0.132 secs)
1: [1A[2KChrome Headless 95.0.4638.69 (Linux x86_64): Executed 3 of 3 SUCCESS (0 secs / 0.142 secs)
1: [1A[2KChrome Headless 95.0.4638.69 (Linux x86_64): Executed 3 of 3 SUCCESS (0.172 secs / 0.142 secs)
1: TOTAL: 3 SUCCESS
1: npm verb lifecycle angular@0.0.0~test: unsafe-perm in lifecycle true
1: npm verb lifecycle angular@0.0.0~test: PATH: /opt/hostedtoolcache/node/14.18.1/x64/lib/node_modules/npm/node_modules/npm-lifecycle/node-gyp-bin:/home/runner/work/jessica/jessica/src/angular/node_modules/.bin:/home/runner/work/jessica/jessica/emsdk/upstream/emscripten:/home/runner/work/jessica/jessica/emsdk:/opt/hostedtoolcache/node/14.18.1/x64/bin:/home/linuxbrew/.linuxbrew/bin:/home/linuxbrew/.linuxbrew/sbin:/home/runner/.local/bin:/opt/pipx_bin:/usr/share/rust/.cargo/bin:/home/runner/.config/composer/vendor/bin:/usr/local/.ghcup/bin:/home/runner/.dotnet/tools:/snap/bin:/usr/local/sbin:/usr/local/bin:/usr/sbin:/usr/bin:/sbin:/bin:/usr/games:/usr/local/games:/snap/bin
1: npm verb lifecycle angular@0.0.0~test: CWD: /home/runner/work/jessica/jessica/src/angular
1: npm info lifecycle angular@0.0.0~posttest: angular@0.0.0
1: npm verb exit [ 0, true ]
1: npm timing npm Completed in 90807ms
1: npm info ok 
[HANDLER_OUTPUT] 
1/2 Test #1: NpmAngular .......................
   Passed   91.13 sec
[HANDLER_VERBOSE_OUTPUT] 
test 2

[HANDLER_OUTPUT] 
    Start 2: NpmTest

[HANDLER_VERBOSE_OUTPUT] 

2: Test command: /opt/hostedtoolcache/node/14.18.1/x64/bin/npm "run" "test" "--verbose"

2: Test timeout computed to be: 1500
2: npm info it worked if it ends with ok
2: npm verb cli [
2: npm verb cli   '/opt/hostedtoolcache/node/14.18.1/x64/bin/node',
2: npm verb cli   '/opt/hostedtoolcache/node/14.18.1/x64/bin/npm',
2: npm verb cli   'run',
2: npm verb cli   'test',
2: npm verb cli   '--verbose'
2: npm verb cli ]
2: npm info using npm@6.14.15
2: npm info using node@v14.18.1
2: npm verb run-script [ 'pretest', 'test', 'posttest' ]
2: npm info lifecycle @~pretest: @
2: npm info lifecycle @~test: @
2: 
2: > @ test /home/runner/work/jessica/jessica/build/test/javascript
2: > node --trace-warnings --unhandled-rejections=strict node_modules/.bin/jest
2: 
2:   console.log
2:     [2021-11-13 21:47:26.187] [log] [info] DecoratorLogger N7jessica11LogDurationINS_20DecoratorEndMeyerhofINS_25MeyerhofShallowFoundationINS_17VerticalEccentricENS_15FoundationStripEEEEEEE
2: 
2:       at console.<anonymous> (node_modules/jest-mock/build/index.js:850:25)
2: 
2:   console.log
2:     [2021-11-13 21:47:26.677] [log] [info] duration 0.026302 ms
2: 
2:       at console.<anonymous> (node_modules/jest-mock/build/index.js:850:25)
2: 
2:   console.log
2:     [2021-11-13 21:47:26.679] [log] [info] DecoratorLogger N7jessica11LogDurationINS_20DecoratorEndMeyerhofINS_25MeyerhofShallowFoundationINS_17VerticalEccentricENS_15FoundationStripEEEEEEE
2: 
2:       at console.<anonymous> (node_modules/jest-mock/build/index.js:850:25)
2: 
2:   console.log
2:     [2021-11-13 21:47:26.681] [log] [info] duration 0.011 ms
2: 
2:       at console.<anonymous> (node_modules/jest-mock/build/index.js:850:25)
2: 
2: PASS ./jessica.test.js
2:   âœ“ WarmUpJessica (268 ms)
2:   âœ“ VerticalEccentric (72 ms)
2:   âœ“ FoundationStrip (54 ms)
2:   âœ“ CalcMeyehof (582 ms)
2: 
2: Test Suites: 1 passed, 1 total
2: Tests:       4 passed, 4 total
2: Snapshots:   0 total
2: Time:        2.774 s
2: Ran all test suites.
2:   console.warn
2:     Embind found a leaked C++ instance VerticalEccentric <0x50ca30>.
2:     We'll free it automatically in this case, but this functionality is not reliable across various environments.
2:     Make sure to invoke .delete() manually once you're done with the instance instead.
2:     Originally allocated
2: 
2:       2333 |       // at run-time, not build-time.
2:       2334 |       finalizationRegistry = new FinalizationRegistry(function (info) {
2:     > 2335 |         console.warn(info.leakWarning.stack.replace(/^Error: /, ''));
2:            |                 ^
2:       2336 |         releaseClassHandle(info.$$);
2:       2337 |       });
2:       2338 |       attachFinalizer = function(handle) {
2: 
2:       at ../../src/javascript/wasm/jessica-node.js:2335:17
2:           at FinalizationRegistry.cleanupSome (<anonymous>)
2: 
2:   console.warn
2:     Embind found a leaked C++ instance VerticalEccentric <0x50c9b8>.
2:     We'll free it automatically in this case, but this functionality is not reliable across various environments.
2:     Make sure to invoke .delete() manually once you're done with the instance instead.
2:     Originally allocated
2: 
2:       2333 |       // at run-time, not build-time.
2:       2334 |       finalizationRegistry = new FinalizationRegistry(function (info) {
2:     > 2335 |         console.warn(info.leakWarning.stack.replace(/^Error: /, ''));
2:            |                 ^
2:       2336 |         releaseClassHandle(info.$$);
2:       2337 |       });
2:       2338 |       attachFinalizer = function(handle) {
2: 
2:       at ../../src/javascript/wasm/jessica-node.js:2335:17
2:           at FinalizationRegistry.cleanupSome (<anonymous>)
2: 
2:   console.warn
2:     Embind found a leaked C++ instance VerticalEccentric <0x50c9f8>.
2:     We'll free it automatically in this case, but this functionality is not reliable across various environments.
2:     Make sure to invoke .delete() manually once you're done with the instance instead.
2:     Originally allocated
2: 
2:       2333 |       // at run-time, not build-time.
2:       2334 |       finalizationRegistry = new FinalizationRegistry(function (info) {
2:     > 2335 |         console.warn(info.leakWarning.stack.replace(/^Error: /, ''));
2:            |                 ^
2:       2336 |         releaseClassHandle(info.$$);
2:       2337 |       });
2:       2338 |       attachFinalizer = function(handle) {
2: 
2:       at ../../src/javascript/wasm/jessica-node.js:2335:17
2:           at FinalizationRegistry.cleanupSome (<anonymous>)
2: 
2:   console.warn
2:     Embind found a leaked C++ instance VerticalEccentric <0x50c990>.
2:     We'll free it automatically in this case, but this functionality is not reliable across various environments.
2:     Make sure to invoke .delete() manually once you're done with the instance instead.
2:     Originally allocated
2:         at /home/runner/work/jessica/jessica/build/test/javascript/jessica.test.js:13:19
2: 
2:       2333 |       // at run-time, not build-time.
2:       2334 |       finalizationRegistry = new FinalizationRegistry(function (info) {
2:     > 2335 |         console.warn(info.leakWarning.stack.replace(/^Error: /, ''));
2:            |                 ^
2:       2336 |         releaseClassHandle(info.$$);
2:       2337 |       });
2:       2338 |       attachFinalizer = function(handle) {
2: 
2:       at ../../src/javascript/wasm/jessica-node.js:2335:17
2:           at FinalizationRegistry.cleanupSome (<anonymous>)
2: 
2:   console.warn
2:     Embind found a leaked C++ instance FoundationStrip <0x50c9e8>.
2:     We'll free it automatically in this case, but this functionality is not reliable across various environments.
2:     Make sure to invoke .delete() manually once you're done with the instance instead.
2:     Originally allocated
2: 
2:       2333 |       // at run-time, not build-time.
2:       2334 |       finalizationRegistry = new FinalizationRegistry(function (info) {
2:     > 2335 |         console.warn(info.leakWarning.stack.replace(/^Error: /, ''));
2:            |                 ^
2:       2336 |         releaseClassHandle(info.$$);
2:       2337 |       });
2:       2338 |       attachFinalizer = function(handle) {
2: 
2:       at ../../src/javascript/wasm/jessica-node.js:2335:17
2:           at FinalizationRegistry.cleanupSome (<anonymous>)
2: 
2:   console.warn
2:     Embind found a leaked C++ instance FoundationStrip <0x50c990>.
2:     We'll free it automatically in this case, but this functionality is not reliable across various environments.
2:     Make sure to invoke .delete() manually once you're done with the instance instead.
2:     Originally allocated
2:         at /home/runner/work/jessica/jessica/build/test/javascript/jessica.test.js:30:24
2: 
2:       2333 |       // at run-time, not build-time.
2:       2334 |       finalizationRegistry = new FinalizationRegistry(function (info) {
2:     > 2335 |         console.warn(info.leakWarning.stack.replace(/^Error: /, ''));
2:            |                 ^
2:       2336 |         releaseClassHandle(info.$$);
2:       2337 |       });
2:       2338 |       attachFinalizer = function(handle) {
2: 
2:       at ../../src/javascript/wasm/jessica-node.js:2335:17
2:           at FinalizationRegistry.cleanupSome (<anonymous>)
2: 
2:   console.warn
2:     Embind found a leaked C++ instance FoundationStrip <0x50c9b8>.
2:     We'll free it automatically in this case, but this functionality is not reliable across various environments.
2:     Make sure to invoke .delete() manually once you're done with the instance instead.
2:     Originally allocated
2: 
2:       2333 |       // at run-time, not build-time.
2:       2334 |       finalizationRegistry = new FinalizationRegistry(function (info) {
2:     > 2335 |         console.warn(info.leakWarning.stack.replace(/^Error: /, ''));
2:            |                 ^
2:       2336 |         releaseClassHandle(info.$$);
2:       2337 |       });
2:       2338 |       attachFinalizer = function(handle) {
2: 
2:       at ../../src/javascript/wasm/jessica-node.js:2335:17
2:           at FinalizationRegistry.cleanupSome (<anonymous>)
2: 
2: npm verb lifecycle @~test: unsafe-perm in lifecycle true
2: npm verb lifecycle @~test: PATH: /opt/hostedtoolcache/node/14.18.1/x64/lib/node_modules/npm/node_modules/npm-lifecycle/node-gyp-bin:/home/runner/work/jessica/jessica/build/test/javascript/node_modules/.bin:/home/runner/work/jessica/jessica/emsdk/upstream/emscripten:/home/runner/work/jessica/jessica/emsdk:/opt/hostedtoolcache/node/14.18.1/x64/bin:/home/linuxbrew/.linuxbrew/bin:/home/linuxbrew/.linuxbrew/sbin:/home/runner/.local/bin:/opt/pipx_bin:/usr/share/rust/.cargo/bin:/home/runner/.config/composer/vendor/bin:/usr/local/.ghcup/bin:/home/runner/.dotnet/tools:/snap/bin:/usr/local/sbin:/usr/local/bin:/usr/sbin:/usr/bin:/sbin:/bin:/usr/games:/usr/local/games:/snap/bin
2: npm verb lifecycle @~test: CWD: /home/runner/work/jessica/jessica/build/test/javascript
2: npm info lifecycle @~posttest: @
2: npm verb exit [ 0, true ]
2: npm timing npm Completed in 3728ms
2: npm info ok 
[HANDLER_OUTPUT] 
2/2 Test #2: NpmTest ..........................
   Passed    3.92 sec

100% tests passed, 0 tests failed out of 2

Total Test time (real) =  95.14 sec
