[HANDLER_VERBOSE_OUTPUT] 
UpdateCTestConfiguration  from :/home/runner/work/jessica/jessica/build/DartConfiguration.tcl

Parse Config file:/home/runner/work/jessica/jessica/build/DartConfiguration.tcl
UpdateCTestConfiguration  from :/home/runner/work/jessica/jessica/build/DartConfiguration.tcl
Parse Config file:/home/runner/work/jessica/jessica/build/DartConfiguration.tcl
[HANDLER_OUTPUT] 
Test project /home/runner/work/jessica/jessica/build

[HANDLER_VERBOSE_OUTPUT] 
Constructing a list of tests

Done constructing a list of tests
Updating test list for fixtures
Added 0 tests to meet fixture requirements
Checking test dependency graph...
Checking test dependency graph end
test 1
[HANDLER_OUTPUT] 
    Start 1: NpmAngular

[HANDLER_VERBOSE_OUTPUT] 

1: Test command: /opt/hostedtoolcache/node/14.18.1/x64/bin/npm "run" "test" "--verbose"

1: Test timeout computed to be: 1500
1: npm info it worked if it ends with ok
1: npm verb cli [
1: npm verb cli   '/opt/hostedtoolcache/node/14.18.1/x64/bin/node',
1: npm verb cli   '/opt/hostedtoolcache/node/14.18.1/x64/bin/npm',
1: npm verb cli   'run',
1: npm verb cli   'test',
1: npm verb cli   '--verbose'
1: npm verb cli ]
1: npm info using npm@6.14.15
1: npm info using node@v14.18.1
1: npm verb run-script [ 'pretest', 'test', 'posttest' ]
1: npm info lifecycle angular@0.0.0~pretest: angular@0.0.0
1: npm info lifecycle angular@0.0.0~test: angular@0.0.0
1: 
1: > angular@0.0.0 test /home/runner/work/jessica/jessica/src/angular
1: > ng test --no-watch --no-progress --browsers=ChromeHeadless
1: 
1: 
1: Compiling @angular/core : es2015 as esm2015
1: 
1: Compiling @angular/core/testing : es2015 as esm2015
1: 
1: Compiling @angular/common : es2015 as esm2015
1: 
1: Compiling @angular/platform-browser : es2015 as esm2015
1: 
1: Compiling @angular/platform-browser-dynamic : es2015 as esm2015
1: 
1: Compiling @angular/platform-browser/testing : es2015 as esm2015
1: 
1: Compiling @angular/compiler/testing : es2015 as esm2015
1: 
1: Compiling @angular/platform-browser-dynamic/testing : es2015 as esm2015
1: 
1: Compiling @angular/forms : es2015 as esm2015
1: 
1: Compiling @angular/common/http : es2015 as esm2015
1: 
1: Compiling @ngx-translate/core : es2015 as esm2015
1: 26 10 2021 22:28:07.837:INFO [karma-server]: Karma v6.3.4 server started at http://localhost:9876/
1: 26 10 2021 22:28:07.839:INFO [launcher]: Launching browsers ChromeHeadless with concurrency unlimited
1: 26 10 2021 22:28:07.843:INFO [launcher]: Starting browser ChromeHeadless
1: 26 10 2021 22:28:15.157:INFO [Chrome Headless 94.0.4606.81 (Linux x86_64)]: Connected on socket azvNc1rh0krIROlJAAAB with id 84639976
1: Chrome Headless 94.0.4606.81 (Linux x86_64): Executed 0 of 4 SUCCESS (0 secs / 0 secs)
1: [1A[2KChrome Headless 94.0.4606.81 (Linux x86_64): Executed 1 of 4 SUCCESS (0 secs / 0.021 secs)
1: [1A[2KChrome Headless 94.0.4606.81 (Linux x86_64): Executed 2 of 4 SUCCESS (0 secs / 0.03 secs)
1: [1A[2KChrome Headless 94.0.4606.81 (Linux x86_64): Executed 3 of 4 SUCCESS (0 secs / 0.058 secs)
1: [1A[2KChrome Headless 94.0.4606.81 (Linux x86_64): Executed 4 of 4 SUCCESS (0 secs / 0.064 secs)
1: [1A[2KChrome Headless 94.0.4606.81 (Linux x86_64): Executed 4 of 4 SUCCESS (0.127 secs / 0.064 secs)
1: TOTAL: 4 SUCCESS
1: 
1: Compiling @angular/core : es2015 as esm2015
1: 
1: Compiling @angular/core/testing : es2015 as esm2015
1: 
1: Compiling @angular/common : es2015 as esm2015
1: 
1: Compiling @angular/platform-browser : es2015 as esm2015
1: 
1: Compiling @angular/platform-browser-dynamic : es2015 as esm2015
1: 
1: Compiling @angular/platform-browser/testing : es2015 as esm2015
1: 
1: Compiling @angular/compiler/testing : es2015 as esm2015
1: 
1: Compiling @angular/platform-browser-dynamic/testing : es2015 as esm2015
1: 
1: Compiling @angular/forms : es2015 as esm2015
1: 
1: Compiling @ngx-translate/core : es2015 as esm2015
1: 26 10 2021 22:28:32.399:INFO [karma-server]: Karma v6.3.4 server started at http://localhost:9876/
1: 26 10 2021 22:28:32.400:INFO [launcher]: Launching browsers ChromeHeadless with concurrency unlimited
1: 26 10 2021 22:28:32.401:INFO [launcher]: Starting browser ChromeHeadless
1: 26 10 2021 22:28:40.750:INFO [Chrome Headless 94.0.4606.81 (Linux x86_64)]: Connected on socket hS0Ysgl0mnC30fY9AAAD with id 75546559
1: Chrome Headless 94.0.4606.81 (Linux x86_64): Executed 0 of 7 SUCCESS (0 secs / 0 secs)
1: [1A[2KChrome Headless 94.0.4606.81 (Linux x86_64): Executed 1 of 7 SUCCESS (0 secs / 0.026 secs)
1: [1A[2KChrome Headless 94.0.4606.81 (Linux x86_64): Executed 2 of 7 SUCCESS (0 secs / 0.078 secs)
1: [1A[2KChrome Headless 94.0.4606.81 (Linux x86_64): Executed 3 of 7 SUCCESS (0 secs / 0.095 secs)
1: [1A[2KChrome Headless 94.0.4606.81 (Linux x86_64): Executed 4 of 7 SUCCESS (0 secs / 0.133 secs)
1: [1A[2KChrome Headless 94.0.4606.81 (Linux x86_64): Executed 5 of 7 SUCCESS (0 secs / 0.196 secs)
1: [1A[2KChrome Headless 94.0.4606.81 (Linux x86_64): Executed 6 of 7 SUCCESS (0 secs / 0.209 secs)
1: [1A[2KChrome Headless 94.0.4606.81 (Linux x86_64): Executed 7 of 7 SUCCESS (0 secs / 0.211 secs)
1: [1A[2KChrome Headless 94.0.4606.81 (Linux x86_64): Executed 7 of 7 SUCCESS (0.329 secs / 0.211 secs)
1: TOTAL: 7 SUCCESS
1: Compiling @angular/core/testing : es2015 as esm2015
1: Compiling @angular/platform-browser/testing : es2015 as esm2015
1: Compiling @angular/compiler/testing : es2015 as esm2015
1: Compiling @angular/platform-browser-dynamic/testing : es2015 as esm2015
1: Compiling @angular/common/testing : es2015 as esm2015
1: Compiling @angular/router/testing : es2015 as esm2015
1: 26 10 2021 22:28:54.959:INFO [karma-server]: Karma v6.3.4 server started at http://localhost:9876/
1: 26 10 2021 22:28:54.959:INFO [launcher]: Launching browsers ChromeHeadless with concurrency unlimited
1: 26 10 2021 22:28:54.960:INFO [launcher]: Starting browser ChromeHeadless
1: 26 10 2021 22:29:02.324:INFO [Chrome Headless 94.0.4606.81 (Linux x86_64)]: Connected on socket 4MxoJPjxxGMLHJD2AAAF with id 19739722
1: Chrome Headless 94.0.4606.81 (Linux x86_64): Executed 0 of 3 SUCCESS (0 secs / 0 secs)
1: [1A[2KChrome Headless 94.0.4606.81 (Linux x86_64): Executed 1 of 3 SUCCESS (0 secs / 0.073 secs)
1: [1A[2KChrome Headless 94.0.4606.81 (Linux x86_64): Executed 2 of 3 SUCCESS (0 secs / 0.1 secs)
1: [1A[2KChrome Headless 94.0.4606.81 (Linux x86_64): Executed 3 of 3 SUCCESS (0 secs / 0.151 secs)
1: [1A[2KChrome Headless 94.0.4606.81 (Linux x86_64): Executed 3 of 3 SUCCESS (0.18 secs / 0.151 secs)
1: TOTAL: 3 SUCCESS
1: npm verb lifecycle angular@0.0.0~test: unsafe-perm in lifecycle true
1: npm verb lifecycle angular@0.0.0~test: PATH: /opt/hostedtoolcache/node/14.18.1/x64/lib/node_modules/npm/node_modules/npm-lifecycle/node-gyp-bin:/home/runner/work/jessica/jessica/src/angular/node_modules/.bin:/home/runner/work/jessica/jessica/emsdk/upstream/emscripten:/home/runner/work/jessica/jessica/emsdk:/opt/hostedtoolcache/node/14.18.1/x64/bin:/home/linuxbrew/.linuxbrew/bin:/home/linuxbrew/.linuxbrew/sbin:/home/runner/.local/bin:/opt/pipx_bin:/usr/share/rust/.cargo/bin:/home/runner/.config/composer/vendor/bin:/usr/local/.ghcup/bin:/home/runner/.dotnet/tools:/snap/bin:/usr/local/sbin:/usr/local/bin:/usr/sbin:/usr/bin:/sbin:/bin:/usr/games:/usr/local/games:/snap/bin
1: npm verb lifecycle angular@0.0.0~test: CWD: /home/runner/work/jessica/jessica/src/angular
1: npm info lifecycle angular@0.0.0~posttest: angular@0.0.0
1: npm verb exit [ 0, true ]
1: npm timing npm Completed in 82869ms
1: npm info ok 
[HANDLER_OUTPUT] 
1/2 Test #1: NpmAngular .......................
   Passed   83.14 sec
[HANDLER_VERBOSE_OUTPUT] 
test 2

[HANDLER_OUTPUT] 
    Start 2: NpmTest

[HANDLER_VERBOSE_OUTPUT] 

2: Test command: /opt/hostedtoolcache/node/14.18.1/x64/bin/npm "run" "test" "--verbose"

2: Test timeout computed to be: 1500
2: npm info it worked if it ends with ok
2: npm verb cli [
2: npm verb cli   '/opt/hostedtoolcache/node/14.18.1/x64/bin/node',
2: npm verb cli   '/opt/hostedtoolcache/node/14.18.1/x64/bin/npm',
2: npm verb cli   'run',
2: npm verb cli   'test',
2: npm verb cli   '--verbose'
2: npm verb cli ]
2: npm info using npm@6.14.15
2: npm info using node@v14.18.1
2: npm verb run-script [ 'pretest', 'test', 'posttest' ]
2: npm info lifecycle @~pretest: @
2: npm info lifecycle @~test: @
2: 
2: > @ test /home/runner/work/jessica/jessica/build/test/javascript
2: > node --trace-warnings --unhandled-rejections=strict node_modules/.bin/jest
2: 
2:   console.log
2:     [2021-10-26 22:29:09.406] [log] [info] DecoratorLogger N7jessica11LogDurationINS_20DecoratorEndMeyerhofINS_25MeyerhofShallowFoundationINS_17VerticalEccentricENS_15FoundationStripEEEEEEE
2: 
2:       at console.<anonymous> (node_modules/jest-mock/build/index.js:850:25)
2: 
2:   console.log
2:     [2021-10-26 22:29:09.859] [log] [info] duration 0.023002 ms
2: 
2:       at console.<anonymous> (node_modules/jest-mock/build/index.js:850:25)
2: 
2:   console.log
2:     [2021-10-26 22:29:09.862] [log] [info] DecoratorLogger N7jessica11LogDurationINS_20DecoratorEndMeyerhofINS_25MeyerhofShallowFoundationINS_17VerticalEccentricENS_15FoundationStripEEEEEEE
2: 
2:       at console.<anonymous> (node_modules/jest-mock/build/index.js:850:25)
2: 
2:   console.log
2:     [2021-10-26 22:29:09.864] [log] [info] duration 0.0078 ms
2: 
2:       at console.<anonymous> (node_modules/jest-mock/build/index.js:850:25)
2: 
2: PASS ./jessica.test.js
2:   âœ“ WarmUpJessica (288 ms)
2:   âœ“ VerticalEccentric (106 ms)
2:   âœ“ FoundationStrip (33 ms)
2:   âœ“ CalcMeyehof (541 ms)
2: 
2: Test Suites: 1 passed, 1 total
2: Tests:       4 passed, 4 total
2: Snapshots:   0 total
2: Time:        2.756 s
2: Ran all test suites.
2: npm verb lifecycle @~test: unsafe-perm in lifecycle true
2: npm verb lifecycle @~test: PATH: /opt/hostedtoolcache/node/14.18.1/x64/lib/node_modules/npm/node_modules/npm-lifecycle/node-gyp-bin:/home/runner/work/jessica/jessica/build/test/javascript/node_modules/.bin:/home/runner/work/jessica/jessica/emsdk/upstream/emscripten:/home/runner/work/jessica/jessica/emsdk:/opt/hostedtoolcache/node/14.18.1/x64/bin:/home/linuxbrew/.linuxbrew/bin:/home/linuxbrew/.linuxbrew/sbin:/home/runner/.local/bin:/opt/pipx_bin:/usr/share/rust/.cargo/bin:/home/runner/.config/composer/vendor/bin:/usr/local/.ghcup/bin:/home/runner/.dotnet/tools:/snap/bin:/usr/local/sbin:/usr/local/bin:/usr/sbin:/usr/bin:/sbin:/bin:/usr/games:/usr/local/games:/snap/bin
2: npm verb lifecycle @~test: CWD: /home/runner/work/jessica/jessica/build/test/javascript
2: npm info lifecycle @~posttest: @
2: npm verb exit [ 0, true ]
2: npm timing npm Completed in 3695ms
2: npm info ok 
[HANDLER_OUTPUT] 
2/2 Test #2: NpmTest ..........................
   Passed    3.88 sec

100% tests passed, 0 tests failed out of 2

Total Test time (real) =  87.18 sec
