[HANDLER_VERBOSE_OUTPUT] 
UpdateCTestConfiguration  from :/home/runner/work/jessica/jessica/build/DartConfiguration.tcl

Parse Config file:/home/runner/work/jessica/jessica/build/DartConfiguration.tcl
UpdateCTestConfiguration  from :/home/runner/work/jessica/jessica/build/DartConfiguration.tcl
Parse Config file:/home/runner/work/jessica/jessica/build/DartConfiguration.tcl
[HANDLER_OUTPUT] 
Test project /home/runner/work/jessica/jessica/build

[HANDLER_VERBOSE_OUTPUT] 
Constructing a list of tests

Done constructing a list of tests
Updating test list for fixtures
Added 0 tests to meet fixture requirements
Checking test dependency graph...
Checking test dependency graph end
test 1
[HANDLER_OUTPUT] 
    Start 1: NpmAngular

[HANDLER_VERBOSE_OUTPUT] 

1: Test command: /opt/hostedtoolcache/node/14.18.1/x64/bin/npm "run" "test" "--verbose"

1: Test timeout computed to be: 1500
1: npm info it worked if it ends with ok
1: npm verb cli [
1: npm verb cli   '/opt/hostedtoolcache/node/14.18.1/x64/bin/node',
1: npm verb cli   '/opt/hostedtoolcache/node/14.18.1/x64/bin/npm',
1: npm verb cli   'run',
1: npm verb cli   'test',
1: npm verb cli   '--verbose'
1: npm verb cli ]
1: npm info using npm@6.14.15
1: npm info using node@v14.18.1
1: npm verb run-script [ 'pretest', 'test', 'posttest' ]
1: npm info lifecycle angular@0.0.0~pretest: angular@0.0.0
1: npm info lifecycle angular@0.0.0~test: angular@0.0.0
1: 
1: > angular@0.0.0 test /home/runner/work/jessica/jessica/src/angular
1: > ng test --no-watch --no-progress --browsers=ChromeHeadless
1: 
1: 
1: Compiling @angular/core : es2015 as esm2015
1: 
1: Compiling @angular/core/testing : es2015 as esm2015
1: 
1: Compiling @angular/common : es2015 as esm2015
1: 
1: Compiling @angular/platform-browser : es2015 as esm2015
1: 
1: Compiling @angular/platform-browser-dynamic : es2015 as esm2015
1: 
1: Compiling @angular/platform-browser/testing : es2015 as esm2015
1: 
1: Compiling @angular/compiler/testing : es2015 as esm2015
1: 
1: Compiling @angular/platform-browser-dynamic/testing : es2015 as esm2015
1: 
1: Compiling @angular/forms : es2015 as esm2015
1: 
1: Compiling @angular/common/http : es2015 as esm2015
1: 
1: Compiling @ngx-translate/core : es2015 as esm2015
1: 05 12 2021 09:14:24.160:INFO [karma-server]: Karma v6.3.6 server started at http://localhost:9876/
1: 05 12 2021 09:14:24.163:INFO [launcher]: Launching browsers ChromeHeadless with concurrency unlimited
1: 05 12 2021 09:14:24.167:INFO [launcher]: Starting browser ChromeHeadless
1: 05 12 2021 09:14:30.195:INFO [Chrome Headless 96.0.4664.45 (Linux x86_64)]: Connected on socket bAIpPoNDd8BOYgOAAAAB with id 48116652
1: Chrome Headless 96.0.4664.45 (Linux x86_64): Executed 0 of 4 SUCCESS (0 secs / 0 secs)
1: [1A[2KChrome Headless 96.0.4664.45 (Linux x86_64): Executed 1 of 4 SUCCESS (0 secs / 0.016 secs)
1: [1A[2KChrome Headless 96.0.4664.45 (Linux x86_64): Executed 2 of 4 SUCCESS (0 secs / 0.022 secs)
1: [1A[2KChrome Headless 96.0.4664.45 (Linux x86_64): Executed 3 of 4 SUCCESS (0 secs / 0.025 secs)
1: [1A[2KChrome Headless 96.0.4664.45 (Linux x86_64): Executed 4 of 4 SUCCESS (0 secs / 0.045 secs)
1: [1A[2KChrome Headless 96.0.4664.45 (Linux x86_64): Executed 4 of 4 SUCCESS (0.071 secs / 0.045 secs)
1: TOTAL: 4 SUCCESS
1: 
1: Compiling @angular/core : es2015 as esm2015
1: 
1: Compiling @angular/core/testing : es2015 as esm2015
1: 
1: Compiling @angular/common : es2015 as esm2015
1: 
1: Compiling @angular/platform-browser : es2015 as esm2015
1: 
1: Compiling @angular/platform-browser-dynamic : es2015 as esm2015
1: 
1: Compiling @angular/platform-browser/testing : es2015 as esm2015
1: 
1: Compiling @angular/compiler/testing : es2015 as esm2015
1: 
1: Compiling @angular/platform-browser-dynamic/testing : es2015 as esm2015
1: 
1: Compiling @angular/forms : es2015 as esm2015
1: 
1: Compiling @ngx-translate/core : es2015 as esm2015
1: 05 12 2021 09:14:44.276:INFO [karma-server]: Karma v6.3.6 server started at http://localhost:9876/
1: 05 12 2021 09:14:44.276:INFO [launcher]: Launching browsers ChromeHeadless with concurrency unlimited
1: 05 12 2021 09:14:44.278:INFO [launcher]: Starting browser ChromeHeadless
1: 05 12 2021 09:14:51.221:INFO [Chrome Headless 96.0.4664.45 (Linux x86_64)]: Connected on socket m8e1Y9EGataoBdO2AAAD with id 38500620
1: Chrome Headless 96.0.4664.45 (Linux x86_64): Executed 0 of 7 SUCCESS (0 secs / 0 secs)
1: [1A[2KChrome Headless 96.0.4664.45 (Linux x86_64): Executed 1 of 7 SUCCESS (0 secs / 0.05 secs)
1: [1A[2KChrome Headless 96.0.4664.45 (Linux x86_64): Executed 2 of 7 SUCCESS (0 secs / 0.055 secs)
1: [1A[2KChrome Headless 96.0.4664.45 (Linux x86_64): Executed 3 of 7 SUCCESS (0 secs / 0.07 secs)
1: [1A[2KChrome Headless 96.0.4664.45 (Linux x86_64): Executed 4 of 7 SUCCESS (0 secs / 0.082 secs)
1: [1A[2KChrome Headless 96.0.4664.45 (Linux x86_64): Executed 5 of 7 SUCCESS (0 secs / 0.1 secs)
1: [1A[2KChrome Headless 96.0.4664.45 (Linux x86_64): Executed 6 of 7 SUCCESS (0 secs / 0.11 secs)
1: [1A[2KChrome Headless 96.0.4664.45 (Linux x86_64): Executed 7 of 7 SUCCESS (0 secs / 0.113 secs)
1: [1A[2KChrome Headless 96.0.4664.45 (Linux x86_64): Executed 7 of 7 SUCCESS (0.228 secs / 0.113 secs)
1: TOTAL: 7 SUCCESS
1: Compiling @angular/core/testing : es2015 as esm2015
1: Compiling @angular/platform-browser/testing : es2015 as esm2015
1: Compiling @angular/compiler/testing : es2015 as esm2015
1: Compiling @angular/platform-browser-dynamic/testing : es2015 as esm2015
1: Compiling @angular/common/testing : es2015 as esm2015
1: Compiling @angular/router/testing : es2015 as esm2015
1: 05 12 2021 09:15:03.483:INFO [karma-server]: Karma v6.3.6 server started at http://localhost:9876/
1: 05 12 2021 09:15:03.483:INFO [launcher]: Launching browsers ChromeHeadless with concurrency unlimited
1: 05 12 2021 09:15:03.485:INFO [launcher]: Starting browser ChromeHeadless
1: 05 12 2021 09:15:09.547:INFO [Chrome Headless 96.0.4664.45 (Linux x86_64)]: Connected on socket ZwbqbGJD3yT3QUxoAAAF with id 32063940
1: Chrome Headless 96.0.4664.45 (Linux x86_64): Executed 0 of 3 SUCCESS (0 secs / 0 secs)
1: [1A[2KChrome Headless 96.0.4664.45 (Linux x86_64): Executed 1 of 3 SUCCESS (0 secs / 0.057 secs)
1: [1A[2KChrome Headless 96.0.4664.45 (Linux x86_64): Executed 2 of 3 SUCCESS (0 secs / 0.106 secs)
1: [1A[2KChrome Headless 96.0.4664.45 (Linux x86_64): Executed 3 of 3 SUCCESS (0 secs / 0.113 secs)
1: [1A[2KChrome Headless 96.0.4664.45 (Linux x86_64): Executed 3 of 3 SUCCESS (0.133 secs / 0.113 secs)
1: TOTAL: 3 SUCCESS
1: npm verb lifecycle angular@0.0.0~test: unsafe-perm in lifecycle true
1: npm verb lifecycle angular@0.0.0~test: PATH: /opt/hostedtoolcache/node/14.18.1/x64/lib/node_modules/npm/node_modules/npm-lifecycle/node-gyp-bin:/home/runner/work/jessica/jessica/src/angular/node_modules/.bin:/home/runner/work/jessica/jessica/emsdk/upstream/emscripten:/home/runner/work/jessica/jessica/emsdk:/opt/hostedtoolcache/node/14.18.1/x64/bin:/home/linuxbrew/.linuxbrew/bin:/home/linuxbrew/.linuxbrew/sbin:/home/runner/.local/bin:/opt/pipx_bin:/home/runner/.cargo/bin:/home/runner/.config/composer/vendor/bin:/usr/local/.ghcup/bin:/home/runner/.dotnet/tools:/snap/bin:/usr/local/sbin:/usr/local/bin:/usr/sbin:/usr/bin:/sbin:/bin:/usr/games:/usr/local/games:/snap/bin
1: npm verb lifecycle angular@0.0.0~test: CWD: /home/runner/work/jessica/jessica/src/angular
1: npm info lifecycle angular@0.0.0~posttest: angular@0.0.0
1: npm verb exit [ 0, true ]
1: npm timing npm Completed in 69969ms
1: npm info ok 
[HANDLER_OUTPUT] 
1/2 Test #1: NpmAngular .......................
   Passed   70.24 sec
[HANDLER_VERBOSE_OUTPUT] 
test 2

[HANDLER_OUTPUT] 
    Start 2: NpmTest

[HANDLER_VERBOSE_OUTPUT] 

2: Test command: /opt/hostedtoolcache/node/14.18.1/x64/bin/npm "run" "test" "--verbose"

2: Test timeout computed to be: 1500
2: npm info it worked if it ends with ok
2: npm verb cli [
2: npm verb cli   '/opt/hostedtoolcache/node/14.18.1/x64/bin/node',
2: npm verb cli   '/opt/hostedtoolcache/node/14.18.1/x64/bin/npm',
2: npm verb cli   'run',
2: npm verb cli   'test',
2: npm verb cli   '--verbose'
2: npm verb cli ]
2: npm info using npm@6.14.15
2: npm info using node@v14.18.1
2: npm verb run-script [ 'pretest', 'test', 'posttest' ]
2: npm info lifecycle @~pretest: @
2: npm info lifecycle @~test: @
2: 
2: > @ test /home/runner/work/jessica/jessica/build/test/javascript
2: > node --trace-warnings --unhandled-rejections=strict node_modules/.bin/jest
2: 
2:   console.log
2:     [2021-12-05 09:15:15.605] [log] [info] DecoratorLogger N7jessica11LogDurationINS_20DecoratorEndMeyerhofINS_25MeyerhofShallowFoundationINS_17VerticalEccentricENS_15FoundationStripEEEEEEE
2: 
2:       at console.<anonymous> (node_modules/jest-mock/build/index.js:850:25)
2: 
2:   console.log
2:     [2021-12-05 09:15:15.981] [log] [info] duration 0.020302 ms
2: 
2:       at console.<anonymous> (node_modules/jest-mock/build/index.js:850:25)
2: 
2:   console.log
2:     [2021-12-05 09:15:15.983] [log] [info] DecoratorLogger N7jessica11LogDurationINS_20DecoratorEndMeyerhofINS_25MeyerhofShallowFoundationINS_17VerticalEccentricENS_15FoundationStripEEEEEEE
2: 
2:       at console.<anonymous> (node_modules/jest-mock/build/index.js:850:25)
2: 
2:   console.log
2:     [2021-12-05 09:15:15.984] [log] [info] duration 0.008101 ms
2: 
2:       at console.<anonymous> (node_modules/jest-mock/build/index.js:850:25)
2: 
2: PASS ./jessica.test.js
2:   âœ“ WarmUpJessica (235 ms)
2:   âœ“ VerticalEccentric (91 ms)
2:   âœ“ FoundationStrip (98 ms)
2:   âœ“ CalcMeyehof (432 ms)
2: 
2: Test Suites: 1 passed, 1 total
2: Tests:       4 passed, 4 total
2: Snapshots:   0 total
2: Time:        2.338 s
2: Ran all test suites.
2: npm verb lifecycle @~test: unsafe-perm in lifecycle true
2: npm verb lifecycle @~test: PATH: /opt/hostedtoolcache/node/14.18.1/x64/lib/node_modules/npm/node_modules/npm-lifecycle/node-gyp-bin:/home/runner/work/jessica/jessica/build/test/javascript/node_modules/.bin:/home/runner/work/jessica/jessica/emsdk/upstream/emscripten:/home/runner/work/jessica/jessica/emsdk:/opt/hostedtoolcache/node/14.18.1/x64/bin:/home/linuxbrew/.linuxbrew/bin:/home/linuxbrew/.linuxbrew/sbin:/home/runner/.local/bin:/opt/pipx_bin:/home/runner/.cargo/bin:/home/runner/.config/composer/vendor/bin:/usr/local/.ghcup/bin:/home/runner/.dotnet/tools:/snap/bin:/usr/local/sbin:/usr/local/bin:/usr/sbin:/usr/bin:/sbin:/bin:/usr/games:/usr/local/games:/snap/bin
2: npm verb lifecycle @~test: CWD: /home/runner/work/jessica/jessica/build/test/javascript
2: npm info lifecycle @~posttest: @
2: npm verb exit [ 0, true ]
2: npm timing npm Completed in 3128ms
2: npm info ok 
[HANDLER_OUTPUT] 
2/2 Test #2: NpmTest ..........................
   Passed    3.29 sec

100% tests passed, 0 tests failed out of 2

Total Test time (real) =  73.58 sec
