[HANDLER_VERBOSE_OUTPUT] 
UpdateCTestConfiguration  from :/home/runner/work/jessica/jessica/build/DartConfiguration.tcl

Parse Config file:/home/runner/work/jessica/jessica/build/DartConfiguration.tcl
UpdateCTestConfiguration  from :/home/runner/work/jessica/jessica/build/DartConfiguration.tcl
Parse Config file:/home/runner/work/jessica/jessica/build/DartConfiguration.tcl
[HANDLER_OUTPUT] 
Test project /home/runner/work/jessica/jessica/build

[HANDLER_VERBOSE_OUTPUT] 
Constructing a list of tests

Done constructing a list of tests
Updating test list for fixtures
Added 0 tests to meet fixture requirements
Checking test dependency graph...
Checking test dependency graph end
test 1
[HANDLER_OUTPUT] 
    Start 1: NpmAngular

[HANDLER_VERBOSE_OUTPUT] 

1: Test command: /opt/hostedtoolcache/node/16.16.0/x64/bin/npm "run" "test" "--verbose"

1: Test timeout computed to be: 1500
1: npm verb cli /opt/hostedtoolcache/node/16.16.0/x64/bin/node /opt/hostedtoolcache/node/16.16.0/x64/bin/npm
1: npm info using npm@8.11.0
1: npm info using node@v16.16.0
1: npm timing npm:load:whichnode Completed in 0ms
1: npm timing config:load:defaults Completed in 2ms
1: npm timing config:load:file:/opt/hostedtoolcache/node/16.16.0/x64/lib/node_modules/npm/npmrc Completed in 1ms
1: npm timing config:load:builtin Completed in 2ms
1: npm timing config:load:cli Completed in 2ms
1: npm timing config:load:env Completed in 0ms
1: npm timing config:load:file:/home/runner/work/jessica/jessica/src/angular/.npmrc Completed in 0ms
1: npm timing config:load:project Completed in 16ms
1: npm timing config:load:file:/home/runner/.npmrc Completed in 0ms
1: npm timing config:load:user Completed in 1ms
1: npm timing config:load:file:/opt/hostedtoolcache/node/16.16.0/x64/etc/npmrc Completed in 0ms
1: npm timing config:load:global Completed in 0ms
1: npm timing config:load:validate Completed in 0ms
1: npm timing config:load:credentials Completed in 1ms
1: npm timing config:load:setEnvs Completed in 1ms
1: npm timing config:load Completed in 26ms
1: npm timing npm:load:configload Completed in 26ms
1: npm timing npm:load:mkdirpcache Completed in 1ms
1: npm timing npm:load:mkdirplogs Completed in 1ms
1: npm verb title npm run test
1: npm verb argv "run" "test" "--loglevel" "verbose"
1: npm timing npm:load:setTitle Completed in 1ms
1: npm timing config:load:flatten Completed in 3ms
1: npm timing npm:load:display Completed in 5ms
1: npm verb logfile logs-max:10 dir:/home/runner/.npm/_logs
1: npm verb logfile /home/runner/.npm/_logs/2022-07-19T12_50_04_449Z-debug-0.log
1: npm timing npm:load:logFile Completed in 6ms
1: npm timing npm:load:timers Completed in 0ms
1: npm timing npm:load:configScope Completed in 0ms
1: npm timing npm:load Completed in 43ms
1: 
1: > angular@0.0.0 test
1: > ng test --no-watch --no-progress --browsers=ChromeHeadless
1: 
1: 19 07 2022 12:50:34.838:INFO [karma-server]: Karma v6.4.0 server started at http://localhost:9876/
1: 19 07 2022 12:50:34.841:INFO [launcher]: Launching browsers ChromeHeadless with concurrency unlimited
1: 19 07 2022 12:50:34.844:INFO [launcher]: Starting browser ChromeHeadless
1: 19 07 2022 12:50:42.688:INFO [Chrome Headless 103.0.5060.114 (Linux x86_64)]: Connected on socket ZPQrRCzTAvi3K9w9AAAB with id 60802433
1: Chrome Headless 103.0.5060.114 (Linux x86_64): Executed 0 of 4 SUCCESS (0 secs / 0 secs)
1: [1A[2KChrome Headless 103.0.5060.114 (Linux x86_64): Executed 1 of 4 SUCCESS (0 secs / 0.024 secs)
1: [1A[2KChrome Headless 103.0.5060.114 (Linux x86_64): Executed 2 of 4 SUCCESS (0 secs / 0.03 secs)
1: [1A[2KChrome Headless 103.0.5060.114 (Linux x86_64): Executed 3 of 4 SUCCESS (0 secs / 0.034 secs)
1: [1A[2KChrome Headless 103.0.5060.114 (Linux x86_64): Executed 4 of 4 SUCCESS (0 secs / 0.055 secs)
1: [1A[2KChrome Headless 103.0.5060.114 (Linux x86_64): Executed 4 of 4 SUCCESS (0.077 secs / 0.055 secs)
1: TOTAL: 4 SUCCESS
1: 19 07 2022 12:51:06.321:INFO [karma-server]: Karma v6.4.0 server started at http://localhost:9876/
1: 19 07 2022 12:51:06.322:INFO [launcher]: Launching browsers ChromeHeadless with concurrency unlimited
1: 19 07 2022 12:51:06.324:INFO [launcher]: Starting browser ChromeHeadless
1: 19 07 2022 12:51:06.573:INFO [Chrome Headless 103.0.5060.114 (Linux x86_64)]: Connected on socket qxxLR8eFgOxLcfNZAAAD with id 50946867
1: Chrome Headless 103.0.5060.114 (Linux x86_64): Executed 0 of 7 SUCCESS (0 secs / 0 secs)
1: [1A[2KChrome Headless 103.0.5060.114 (Linux x86_64): Executed 1 of 7 SUCCESS (0 secs / 0.028 secs)
1: [1A[2KChrome Headless 103.0.5060.114 (Linux x86_64): Executed 2 of 7 SUCCESS (0 secs / 0.033 secs)
1: [1A[2KChrome Headless 103.0.5060.114 (Linux x86_64): Executed 3 of 7 SUCCESS (0 secs / 0.073 secs)
1: [1A[2KChrome Headless 103.0.5060.114 (Linux x86_64): Executed 4 of 7 SUCCESS (0 secs / 0.076 secs)
1: [1A[2KChrome Headless 103.0.5060.114 (Linux x86_64): Executed 5 of 7 SUCCESS (0 secs / 0.09 secs)
1: [1A[2KChrome Headless 103.0.5060.114 (Linux x86_64): Executed 6 of 7 SUCCESS (0 secs / 0.101 secs)
1: [1A[2KChrome Headless 103.0.5060.114 (Linux x86_64): Executed 7 of 7 SUCCESS (0 secs / 0.109 secs)
1: [1A[2KChrome Headless 103.0.5060.114 (Linux x86_64): Executed 7 of 7 SUCCESS (0.314 secs / 0.109 secs)
1: TOTAL: 7 SUCCESS
1: 19 07 2022 12:51:34.454:INFO [karma-server]: Karma v6.4.0 server started at http://localhost:9876/
1: 19 07 2022 12:51:34.455:INFO [launcher]: Launching browsers ChromeHeadless with concurrency unlimited
1: 19 07 2022 12:51:34.457:INFO [launcher]: Starting browser ChromeHeadless
1: 19 07 2022 12:51:34.735:INFO [Chrome Headless 103.0.5060.114 (Linux x86_64)]: Connected on socket KRyJHZiYtQNRh0CkAAAF with id 18524446
1: Chrome Headless 103.0.5060.114 (Linux x86_64): Executed 0 of 3 SUCCESS (0 secs / 0 secs)
1: [1A[2KChrome Headless 103.0.5060.114 (Linux x86_64): Executed 1 of 3 SUCCESS (0 secs / 0.094 secs)
1: [1A[2KChrome Headless 103.0.5060.114 (Linux x86_64): Executed 2 of 3 SUCCESS (0 secs / 0.203 secs)
1: [1A[2KChrome Headless 103.0.5060.114 (Linux x86_64): Executed 3 of 3 SUCCESS (0 secs / 0.225 secs)
1: [1A[2KChrome Headless 103.0.5060.114 (Linux x86_64): Executed 3 of 3 SUCCESS (0.241 secs / 0.225 secs)
1: TOTAL: 3 SUCCESS
1: npm timing command:run Completed in 92756ms
1: npm verb exit 0
1: npm timing npm Completed in 92837ms
1: npm info ok 
[HANDLER_OUTPUT] 
1/2 Test #1: NpmAngular .......................
   Passed   93.34 sec
[HANDLER_VERBOSE_OUTPUT] 
test 2

[HANDLER_OUTPUT] 
    Start 2: NpmTest

[HANDLER_VERBOSE_OUTPUT] 

2: Test command: /opt/hostedtoolcache/node/16.16.0/x64/bin/npm "run" "test" "--verbose"

2: Test timeout computed to be: 1500
2: npm verb cli /opt/hostedtoolcache/node/16.16.0/x64/bin/node /opt/hostedtoolcache/node/16.16.0/x64/bin/npm
2: npm info using npm@8.11.0
2: npm info using node@v16.16.0
2: npm timing npm:load:whichnode Completed in 0ms
2: npm timing config:load:defaults Completed in 2ms
2: npm timing config:load:file:/opt/hostedtoolcache/node/16.16.0/x64/lib/node_modules/npm/npmrc Completed in 2ms
2: npm timing config:load:builtin Completed in 2ms
2: npm timing config:load:cli Completed in 3ms
2: npm timing config:load:env Completed in 0ms
2: npm timing config:load:file:/home/runner/work/jessica/jessica/build/test/javascript/.npmrc Completed in 0ms
2: npm timing config:load:project Completed in 17ms
2: npm timing config:load:file:/home/runner/.npmrc Completed in 0ms
2: npm timing config:load:user Completed in 0ms
2: npm timing config:load:file:/opt/hostedtoolcache/node/16.16.0/x64/etc/npmrc Completed in 0ms
2: npm timing config:load:global Completed in 0ms
2: npm timing config:load:validate Completed in 0ms
2: npm timing config:load:credentials Completed in 1ms
2: npm timing config:load:setEnvs Completed in 1ms
2: npm timing config:load Completed in 28ms
2: npm timing npm:load:configload Completed in 28ms
2: npm timing npm:load:mkdirpcache Completed in 1ms
2: npm timing npm:load:mkdirplogs Completed in 1ms
2: npm verb title npm run test
2: npm verb argv "run" "test" "--loglevel" "verbose"
2: npm timing npm:load:setTitle Completed in 1ms
2: npm timing config:load:flatten Completed in 3ms
2: npm timing npm:load:display Completed in 8ms
2: npm verb logfile logs-max:10 dir:/home/runner/.npm/_logs
2: npm verb logfile /home/runner/.npm/_logs/2022-07-19T12_51_37_641Z-debug-0.log
2: npm timing npm:load:logFile Completed in 5ms
2: npm timing npm:load:timers Completed in 0ms
2: npm timing npm:load:configScope Completed in 0ms
2: npm timing npm:load Completed in 46ms
2: 
2: > test
2: > node --trace-warnings --unhandled-rejections=strict node_modules/.bin/jest
2: 
2:   console.log
2:     [2022-07-19 12:51:39.538] [log] [info] DecoratorLogger N7jessica11LogDurationINS_20DecoratorEndMeyerhofINS_25MeyerhofShallowFoundationINS_17VerticalEccentricENS_15FoundationStripEEEEEEE
2: 
2:       at console.<anonymous> (node_modules/jest-mock/build/index.js:839:25)
2: 
2:   console.log
2:     [2022-07-19 12:51:39.639] [log] [info] duration 0.006 ms
2: 
2:       at console.<anonymous> (node_modules/jest-mock/build/index.js:839:25)
2: 
2:   console.log
2:     [2022-07-19 12:51:39.642] [log] [info] DecoratorLogger N7jessica11LogDurationINS_20DecoratorEndMeyerhofINS_25MeyerhofShallowFoundationINS_17VerticalEccentricENS_15FoundationStripEEEEEEE
2: 
2:       at console.<anonymous> (node_modules/jest-mock/build/index.js:839:25)
2: 
2:   console.log
2:     [2022-07-19 12:51:39.643] [log] [info] duration 0.003799 ms
2: 
2:       at console.<anonymous> (node_modules/jest-mock/build/index.js:839:25)
2: 
2: PASS ./jessica.test.js
2:   âœ“ WarmUpJessica (81 ms)
2:   âœ“ VerticalEccentric (248 ms)
2:   âœ“ FoundationStrip (6 ms)
2:   âœ“ CalcMeyehof (114 ms)
2: 
2: Test Suites: 1 passed, 1 total
2: Tests:       4 passed, 4 total
2: Snapshots:   0 total
2: Time:        1.332 s
2: Ran all test suites.
2: npm timing command:run Completed in 2073ms
2: npm verb exit 0
2: npm timing npm Completed in 2129ms
2: npm info ok 
[HANDLER_OUTPUT] 
2/2 Test #2: NpmTest ..........................
   Passed    2.45 sec

100% tests passed, 0 tests failed out of 2

Total Test time (real) =  95.87 sec
