[HANDLER_VERBOSE_OUTPUT] 
UpdateCTestConfiguration  from :D:/a/jessica/jessica/build/DartConfiguration.tcl

Parse Config file:D:/a/jessica/jessica/build/DartConfiguration.tcl
UpdateCTestConfiguration  from :D:/a/jessica/jessica/build/DartConfiguration.tcl
Parse Config file:D:/a/jessica/jessica/build/DartConfiguration.tcl
[HANDLER_OUTPUT] 
Test project D:/a/jessica/jessica/build

[HANDLER_VERBOSE_OUTPUT] 
Constructing a list of tests

Done constructing a list of tests
Updating test list for fixtures
Added 0 tests to meet fixture requirements
Checking test dependency graph...
Checking test dependency graph end
test 1
[HANDLER_OUTPUT] 
    Start 1: TestGeotechnicalFoundationStrip

[HANDLER_VERBOSE_OUTPUT] 

1: Test command: D:\a\jessica\jessica\build\test\backend\data\Debug\test_geotechnical_foundation_strip.exe

1: Test timeout computed to be: 1500
1: Running main() from D:\a\jessica\jessica\vcpkg\buildtrees\gtest\src\ase-1.10.0-7231afa423.clean\googletest\src\gtest_main.cc
1: [==========] Running 2 tests from 1 test suite.
1: [----------] Global test environment set-up.
1: [----------] 2 tests from data
1: [ RUN      ] data.FoundationStrip
1: [       OK ] data.FoundationStrip (9 ms)
1: [ RUN      ] data.FoundationStripDecorator
1: DecoratorLogger class Jessica::Util::Decorator::LogDuration<class Jessica::Data::Geotechnical::FoundationStripImpl> struct Jessica::Data::Geotechnical::FoundationStripImpl::GetB
1: duration 0.0004 ms
1: DecoratorLogger class Jessica::Util::Decorator::LogDuration<class Jessica::Data::Geotechnical::FoundationStripImpl> struct Jessica::Data::Geotechnical::FoundationStripImpl::SetB
1: duration 0.0013 ms
1: DecoratorLogger class Jessica::Util::Decorator::LogDuration<class Jessica::Data::Geotechnical::FoundationStripImpl> struct Jessica::Data::Geotechnical::FoundationStripImpl::GetB
1: duration 0.0001 ms
1: DecoratorLogger class Jessica::Util::Decorator::LogDuration<class Jessica::Data::Geotechnical::FoundationStripImpl> struct Jessica::Data::Geotechnical::FoundationStripImpl::GetB
1: duration 0.0001 ms
1: DecoratorLogger class Jessica::Util::Decorator::LogDuration<class Jessica::Data::Geotechnical::FoundationStripImpl> struct Jessica::Data::Geotechnical::FoundationStripImpl::GetB
1: duration 0.0001 ms
1: DecoratorLogger class Jessica::Util::Decorator::LogDuration<class Jessica::Data::Geotechnical::FoundationStripImpl> struct Jessica::Data::Geotechnical::FoundationStripImpl::GetB
1: duration 0.0001 ms
1: [       OK ] data.FoundationStripDecorator (27 ms)
1: [----------] 2 tests from data (36 ms total)
1: 
1: [----------] Global test environment tear-down
1: [==========] 2 tests from 1 test suite ran. (44 ms total)
1: [  PASSED  ] 2 tests.
[HANDLER_OUTPUT] 
1/3 Test #1: TestGeotechnicalFoundationStrip ...
   Passed    0.41 sec
[HANDLER_VERBOSE_OUTPUT] 
test 2

[HANDLER_OUTPUT] 
    Start 2: TestLoadVerticalEccentric

[HANDLER_VERBOSE_OUTPUT] 

2: Test command: D:\a\jessica\jessica\build\test\backend\data\Debug\test_load_vertical_eccentric.exe

2: Test timeout computed to be: 1500
2: Running main() from D:\a\jessica\jessica\vcpkg\buildtrees\gtest\src\ase-1.10.0-7231afa423.clean\googletest\src\gtest_main.cc
2: [==========] Running 2 tests from 1 test suite.
2: [----------] Global test environment set-up.
2: [----------] 2 tests from data
2: [ RUN      ] data.VerticalEccentric
2: [       OK ] data.VerticalEccentric (0 ms)
2: [ RUN      ] data.VerticalEccentricDecorator
2: DecoratorLogger class Jessica::Util::Decorator::LogDuration<class Jessica::Data::Load::VerticalEccentricImpl> struct Jessica::Data::Load::VerticalEccentricImpl::GetE
2: duration 0.0005 ms
2: DecoratorLogger class Jessica::Util::Decorator::LogDuration<class Jessica::Data::Load::VerticalEccentricImpl> struct Jessica::Data::Load::VerticalEccentricImpl::GetV
2: duration 0.0002 ms
2: DecoratorLogger class Jessica::Util::Decorator::LogDuration<class Jessica::Data::Load::VerticalEccentricImpl> struct Jessica::Data::Load::VerticalEccentricImpl::SetV
2: duration 0.0012 ms
2: DecoratorLogger class Jessica::Util::Decorator::LogDuration<class Jessica::Data::Load::VerticalEccentricImpl> struct Jessica::Data::Load::VerticalEccentricImpl::GetE
2: duration 0.0002 ms
2: DecoratorLogger class Jessica::Util::Decorator::LogDuration<class Jessica::Data::Load::VerticalEccentricImpl> struct Jessica::Data::Load::VerticalEccentricImpl::GetV
2: duration 0.0001 ms
2: DecoratorLogger class Jessica::Util::Decorator::LogDuration<class Jessica::Data::Load::VerticalEccentricImpl> struct Jessica::Data::Load::VerticalEccentricImpl::SetE
2: duration 0.001 ms
2: DecoratorLogger class Jessica::Util::Decorator::LogDuration<class Jessica::Data::Load::VerticalEccentricImpl> struct Jessica::Data::Load::VerticalEccentricImpl::GetE
2: duration 0.0001 ms
2: DecoratorLogger class Jessica::Util::Decorator::LogDuration<class Jessica::Data::Load::VerticalEccentricImpl> struct Jessica::Data::Load::VerticalEccentricImpl::GetV
2: duration 0.0001 ms
2: DecoratorLogger class Jessica::Util::Decorator::LogDuration<class Jessica::Data::Load::VerticalEccentricImpl> struct Jessica::Data::Load::VerticalEccentricImpl::GetE
2: duration 0.0001 ms
2: DecoratorLogger class Jessica::Util::Decorator::LogDuration<class Jessica::Data::Load::VerticalEccentricImpl> struct Jessica::Data::Load::VerticalEccentricImpl::GetE
2: duration 0.0001 ms
2: DecoratorLogger class Jessica::Util::Decorator::LogDuration<class Jessica::Data::Load::VerticalEccentricImpl> struct Jessica::Data::Load::VerticalEccentricImpl::GetV
2: duration 0.0001 ms
2: DecoratorLogger class Jessica::Util::Decorator::LogDuration<class Jessica::Data::Load::VerticalEccentricImpl> struct Jessica::Data::Load::VerticalEccentricImpl::GetV
2: duration 0.0002 ms
2: [       OK ] data.VerticalEccentricDecorator (1 ms)
2: [----------] 2 tests from data (1 ms total)
2: 
2: [----------] Global test environment tear-down
2: [==========] 2 tests from 1 test suite ran. (1 ms total)
2: [  PASSED  ] 2 tests.
[HANDLER_OUTPUT] 
2/3 Test #2: TestLoadVerticalEccentric .........
   Passed    0.01 sec
[HANDLER_VERBOSE_OUTPUT] 
test 3

[HANDLER_OUTPUT] 
    Start 3: TestCalcMeyerhof

[HANDLER_VERBOSE_OUTPUT] 

3: Test command: D:\a\jessica\jessica\build\test\backend\calc\geotechnical\Debug\test_calc_meyerhof.exe

3: Test timeout computed to be: 1500
3: Running main() from D:\a\jessica\jessica\vcpkg\buildtrees\gtest\src\ase-1.10.0-7231afa423.clean\googletest\src\gtest_main.cc
3: [==========] Running 2 tests from 1 test suite.
3: [----------] Global test environment set-up.
3: [----------] 2 tests from data
3: [ RUN      ] data.CalcMeyehof
3: [       OK ] data.CalcMeyehof (0 ms)
3: [ RUN      ] data.CalcMeyehofDecorator
3: DecoratorLogger class Jessica::Util::Decorator::LogDuration<class Jessica::Data::Geotechnical::FoundationStripImpl> struct Jessica::Data::Geotechnical::FoundationStripImpl::SetB
3: duration 0.0017 ms
3: DecoratorLogger class Jessica::Util::Decorator::LogDuration<class Jessica::Data::Load::VerticalEccentricImpl> struct Jessica::Data::Load::VerticalEccentricImpl::SetV
3: duration 0.0011 ms
3: DecoratorLogger class Jessica::Util::Decorator::LogDuration<class Jessica::Data::Load::VerticalEccentricImpl> struct Jessica::Data::Load::VerticalEccentricImpl::SetE
3: duration 0.0009 ms
3: DecoratorLogger class Jessica::Util::Decorator::LogDuration<class Jessica::Calc::Geotechnical::MeyerhofShallowFoundationImpl> struct Jessica::Calc::Geotechnical::MeyerhofShallowFoundationImpl::GetB_
3: DecoratorLogger class Jessica::Util::Decorator::LogDuration<class Jessica::Data::Load::VerticalEccentricImpl> struct Jessica::Data::Load::VerticalEccentricImpl::GetE
3: duration 0.0002 ms
3: DecoratorLogger class Jessica::Util::Decorator::LogDuration<class Jessica::Data::Geotechnical::FoundationStripImpl> struct Jessica::Data::Geotechnical::FoundationStripImpl::GetB
3: duration 0.0002 ms
3: duration 0.0476 ms
3: DecoratorLogger class Jessica::Util::Decorator::LogDuration<class Jessica::Calc::Geotechnical::MeyerhofShallowFoundationImpl> struct Jessica::Calc::Geotechnical::MeyerhofShallowFoundationImpl::GetQref
3: DecoratorLogger class Jessica::Util::Decorator::LogDuration<class Jessica::Data::Load::VerticalEccentricImpl> struct Jessica::Data::Load::VerticalEccentricImpl::GetV
3: duration 0.0002 ms
3: DecoratorLogger class Jessica::Util::Decorator::LogDuration<class Jessica::Data::Load::VerticalEccentricImpl> struct Jessica::Data::Load::VerticalEccentricImpl::GetE
3: duration 0.0002 ms
3: DecoratorLogger class Jessica::Util::Decorator::LogDuration<class Jessica::Data::Geotechnical::FoundationStripImpl> struct Jessica::Data::Geotechnical::FoundationStripImpl::GetB
3: duration 0.0001 ms
3: duration 0.0542 ms
3: DecoratorLogger class Jessica::Util::Decorator::LogDuration<class Jessica::Data::Load::VerticalEccentricImpl> struct Jessica::Data::Load::VerticalEccentricImpl::SetE
3: duration 0.0009 ms
3: DecoratorLogger class Jessica::Util::Decorator::LogDuration<class Jessica::Calc::Geotechnical::MeyerhofShallowFoundationImpl> struct Jessica::Calc::Geotechnical::MeyerhofShallowFoundationImpl::GetB_
3: DecoratorLogger class Jessica::Util::Decorator::LogDuration<class Jessica::Data::Load::VerticalEccentricImpl> struct Jessica::Data::Load::VerticalEccentricImpl::GetE
3: duration 0.0002 ms
3: DecoratorLogger class Jessica::Util::Decorator::LogDuration<class Jessica::Data::Geotechnical::FoundationStripImpl> struct Jessica::Data::Geotechnical::FoundationStripImpl::GetB
3: duration 0.0001 ms
3: duration 0.0306 ms
3: DecoratorLogger class Jessica::Util::Decorator::LogDuration<class Jessica::Calc::Geotechnical::MeyerhofShallowFoundationImpl> struct Jessica::Calc::Geotechnical::MeyerhofShallowFoundationImpl::GetQref
3: DecoratorLogger class Jessica::Util::Decorator::LogDuration<class Jessica::Data::Load::VerticalEccentricImpl> struct Jessica::Data::Load::VerticalEccentricImpl::GetV
3: duration 0.0001 ms
3: DecoratorLogger class Jessica::Util::Decorator::LogDuration<class Jessica::Data::Load::VerticalEccentricImpl> struct Jessica::Data::Load::VerticalEccentricImpl::GetE
3: duration 0.0001 ms
3: DecoratorLogger class Jessica::Util::Decorator::LogDuration<class Jessica::Data::Geotechnical::FoundationStripImpl> struct Jessica::Data::Geotechnical::FoundationStripImpl::GetB
3: duration 0.0001 ms
3: duration 0.0492 ms
3: DecoratorLogger class Jessica::Util::Decorator::LogDuration<class Jessica::Calc::Geotechnical::MeyerhofShallowFoundationImpl> struct Jessica::Calc::Geotechnical::MeyerhofShallowFoundationImpl::GetB_
3: DecoratorLogger class Jessica::Util::Decorator::LogDuration<class Jessica::Data::Load::VerticalEccentricImpl> struct Jessica::Data::Load::VerticalEccentricImpl::GetE
3: duration 0.0001 ms
3: DecoratorLogger class Jessica::Util::Decorator::LogDuration<class Jessica::Data::Geotechnical::FoundationStripImpl> struct Jessica::Data::Geotechnical::FoundationStripImpl::GetB
3: duration 0.0001 ms
3: duration 0.0312 ms
3: DecoratorLogger class Jessica::Util::Decorator::LogDuration<class Jessica::Calc::Geotechnical::MeyerhofShallowFoundationImpl> struct Jessica::Calc::Geotechnical::MeyerhofShallowFoundationImpl::GetB_
3: DecoratorLogger class Jessica::Util::Decorator::LogDuration<class Jessica::Data::Load::VerticalEccentricImpl> struct Jessica::Data::Load::VerticalEccentricImpl::GetE
3: duration 0.0001 ms
3: DecoratorLogger class Jessica::Util::Decorator::LogDuration<class Jessica::Data::Geotechnical::FoundationStripImpl> struct Jessica::Data::Geotechnical::FoundationStripImpl::GetB
3: duration 0.0001 ms
3: duration 0.0315 ms
3: DecoratorLogger class Jessica::Util::Decorator::LogDuration<class Jessica::Calc::Geotechnical::MeyerhofShallowFoundationImpl> struct Jessica::Calc::Geotechnical::MeyerhofShallowFoundationImpl::GetQref
3: DecoratorLogger class Jessica::Util::Decorator::LogDuration<class Jessica::Data::Load::VerticalEccentricImpl> struct Jessica::Data::Load::VerticalEccentricImpl::GetV
3: duration 0.0001 ms
3: DecoratorLogger class Jessica::Util::Decorator::LogDuration<class Jessica::Data::Load::VerticalEccentricImpl> struct Jessica::Data::Load::VerticalEccentricImpl::GetE
3: duration 0.0001 ms
3: DecoratorLogger class Jessica::Util::Decorator::LogDuration<class Jessica::Data::Geotechnical::FoundationStripImpl> struct Jessica::Data::Geotechnical::FoundationStripImpl::GetB
3: duration 0.0001 ms
3: duration 0.046 ms
3: DecoratorLogger class Jessica::Util::Decorator::LogDuration<class Jessica::Calc::Geotechnical::MeyerhofShallowFoundationImpl> struct Jessica::Calc::Geotechnical::MeyerhofShallowFoundationImpl::GetQref
3: DecoratorLogger class Jessica::Util::Decorator::LogDuration<class Jessica::Data::Load::VerticalEccentricImpl> struct Jessica::Data::Load::VerticalEccentricImpl::GetV
3: duration 0.0001 ms
3: DecoratorLogger class Jessica::Util::Decorator::LogDuration<class Jessica::Data::Load::VerticalEccentricImpl> struct Jessica::Data::Load::VerticalEccentricImpl::GetE
3: duration 0.0001 ms
3: DecoratorLogger class Jessica::Util::Decorator::LogDuration<class Jessica::Data::Geotechnical::FoundationStripImpl> struct Jessica::Data::Geotechnical::FoundationStripImpl::GetB
3: duration 0.0001 ms
3: duration 0.0557 ms
3: DecoratorLogger class Jessica::Util::Decorator::LogDuration<class Jessica::Data::Load::VerticalEccentricImpl> struct Jessica::Data::Load::VerticalEccentricImpl::SetE
3: duration 0.0009 ms
3: DecoratorLogger class Jessica::Util::Decorator::LogDuration<class Jessica::Calc::Geotechnical::MeyerhofShallowFoundationImpl> struct Jessica::Calc::Geotechnical::MeyerhofShallowFoundationImpl::GetB_
3: DecoratorLogger class Jessica::Util::Decorator::LogDuration<class Jessica::Data::Load::VerticalEccentricImpl> struct Jessica::Data::Load::VerticalEccentricImpl::GetE
3: duration 0.0001 ms
3: DecoratorLogger class Jessica::Util::Decorator::LogDuration<class Jessica::Data::Geotechnical::FoundationStripImpl> struct Jessica::Data::Geotechnical::FoundationStripImpl::GetB
3: duration 0.0001 ms
3: duration 0.0281 ms
3: DecoratorLogger class Jessica::Util::Decorator::LogDuration<class Jessica::Data::Load::VerticalEccentricImpl> struct Jessica::Data::Load::VerticalEccentricImpl::SetE
3: duration 0.0007 ms
3: DecoratorLogger class Jessica::Util::Decorator::LogDuration<class Jessica::Calc::Geotechnical::MeyerhofShallowFoundationImpl> struct Jessica::Calc::Geotechnical::MeyerhofShallowFoundationImpl::GetB_
3: DecoratorLogger class Jessica::Util::Decorator::LogDuration<class Jessica::Data::Load::VerticalEccentricImpl> struct Jessica::Data::Load::VerticalEccentricImpl::GetE
3: duration 0.0001 ms
3: DecoratorLogger class Jessica::Util::Decorator::LogDuration<class Jessica::Data::Geotechnical::FoundationStripImpl> struct Jessica::Data::Geotechnical::FoundationStripImpl::GetB
3: duration 0.0002 ms
3: duration 0.0283 ms
3: [       OK ] data.CalcMeyehofDecorator (1 ms)
3: [----------] 2 tests from data (2 ms total)
3: 
3: [----------] Global test environment tear-down
3: [==========] 2 tests from 1 test suite ran. (2 ms total)
3: [  PASSED  ] 2 tests.
[HANDLER_OUTPUT] 
3/3 Test #3: TestCalcMeyerhof ..................
   Passed    0.02 sec

100% tests passed, 0 tests failed out of 3

Total Test time (real) =   0.53 sec
