[HANDLER_VERBOSE_OUTPUT] 
UpdateCTestConfiguration  from :/home/runner/work/jessica/jessica/build/DartConfiguration.tcl

Parse Config file:/home/runner/work/jessica/jessica/build/DartConfiguration.tcl
UpdateCTestConfiguration  from :/home/runner/work/jessica/jessica/build/DartConfiguration.tcl
Parse Config file:/home/runner/work/jessica/jessica/build/DartConfiguration.tcl
[HANDLER_OUTPUT] 
Test project /home/runner/work/jessica/jessica/build

[HANDLER_VERBOSE_OUTPUT] 
Constructing a list of tests

Done constructing a list of tests
Updating test list for fixtures
Added 0 tests to meet fixture requirements
Checking test dependency graph...
Checking test dependency graph end
test 1
[HANDLER_OUTPUT] 
    Start 1: TestCalcMeyerhof

[HANDLER_VERBOSE_OUTPUT] 

1: Test command: /home/runner/work/jessica/jessica/build/test/backend/calc/geotechnical/test_calc_meyerhof

1: Test timeout computed to be: 1500
1: [==========] Running 4 tests from 1 test suite.
1: [----------] Global test environment set-up.
1: [----------] 4 tests from data
1: [ RUN      ] data.CalcMeyehof
1: [       OK ] data.CalcMeyehof (0 ms)
1: [ RUN      ] data.CalcMeyehofAllDecorator
1: [2021-09-08 21:09:00.452] [log] [info] DecoratorLogger N7jessica11LogDurationINS_12DecoratorEndINS_15FoundationStripEEEEE
1: [2021-09-08 21:09:00.452] [log] [info] duration 0.001 ms
1: [2021-09-08 21:09:00.453] [log] [info] DecoratorLogger N7jessica11LogDurationINS_12DecoratorEndINS_17VerticalEccentricEEEEE
1: [2021-09-08 21:09:00.453] [log] [info] duration 0.0008 ms
1: [2021-09-08 21:09:00.453] [log] [info] DecoratorLogger N7jessica11LogDurationINS_12DecoratorEndINS_17VerticalEccentricEEEEE
1: [2021-09-08 21:09:00.454] [log] [info] duration 0.0009 ms
1: [2021-09-08 21:09:00.454] [log] [info] DecoratorLogger N7jessica11LogDurationINS_12DecoratorEndINS_25MeyerhofShallowFoundationINS_14DecoratorStartINS_7LogCallINS0_INS1_INS_17VerticalEccentricEEEEEEEEENS3_INS4_INS0_INS1_INS_15FoundationStripEEEEEEEEEEEEEEE
1: [2021-09-08 21:09:00.455] [log] [info] DecoratorLogger N7jessica11LogDurationINS_12DecoratorEndINS_15FoundationStripEEEEE
1: [2021-09-08 21:09:00.456] [log] [info] duration 0.0001 ms
1: [2021-09-08 21:09:00.456] [log] [info] DecoratorLogger N7jessica11LogDurationINS_12DecoratorEndINS_17VerticalEccentricEEEEE
1: [2021-09-08 21:09:00.456] [log] [info] duration 0.0001 ms
1: [2021-09-08 21:09:00.457] [log] [info] duration 1.63322 ms
1: [2021-09-08 21:09:00.457] [log] [info] DecoratorLogger N7jessica11LogDurationINS_12DecoratorEndINS_25MeyerhofShallowFoundationINS_14DecoratorStartINS_7LogCallINS0_INS1_INS_17VerticalEccentricEEEEEEEEENS3_INS4_INS0_INS1_INS_15FoundationStripEEEEEEEEEEEEEEE
1: [2021-09-08 21:09:00.458] [log] [info] DecoratorLogger N7jessica11LogDurationINS_12DecoratorEndINS_17VerticalEccentricEEEEE
1: [2021-09-08 21:09:00.458] [log] [info] duration 0.0001 ms
1: [2021-09-08 21:09:00.459] [log] [info] DecoratorLogger N7jessica11LogDurationINS_12DecoratorEndINS_15FoundationStripEEEEE
1: [2021-09-08 21:09:00.459] [log] [info] duration 0 ms
1: [2021-09-08 21:09:00.459] [log] [info] DecoratorLogger N7jessica11LogDurationINS_12DecoratorEndINS_17VerticalEccentricEEEEE
1: [2021-09-08 21:09:00.459] [log] [info] duration 0.0001 ms
1: [2021-09-08 21:09:00.459] [log] [info] duration 1.73142 ms
1: [2021-09-08 21:09:00.460] [log] [info] DecoratorLogger N7jessica11LogDurationINS_12DecoratorEndINS_17VerticalEccentricEEEEE
1: [2021-09-08 21:09:00.460] [log] [info] duration 0.0006 ms
1: [2021-09-08 21:09:00.460] [log] [info] DecoratorLogger N7jessica11LogDurationINS_12DecoratorEndINS_25MeyerhofShallowFoundationINS_14DecoratorStartINS_7LogCallINS0_INS1_INS_17VerticalEccentricEEEEEEEEENS3_INS4_INS0_INS1_INS_15FoundationStripEEEEEEEEEEEEEEE
1: [2021-09-08 21:09:00.460] [log] [info] DecoratorLogger N7jessica11LogDurationINS_12DecoratorEndINS_15FoundationStripEEEEE
1: [2021-09-08 21:09:00.460] [log] [info] duration 0.0001 ms
1: [2021-09-08 21:09:00.460] [log] [info] DecoratorLogger N7jessica11LogDurationINS_12DecoratorEndINS_17VerticalEccentricEEEEE
1: [2021-09-08 21:09:00.460] [log] [info] duration 0.0001 ms
1: [2021-09-08 21:09:00.460] [log] [info] duration 0.186502 ms
1: [2021-09-08 21:09:00.460] [log] [info] DecoratorLogger N7jessica11LogDurationINS_12DecoratorEndINS_25MeyerhofShallowFoundationINS_14DecoratorStartINS_7LogCallINS0_INS1_INS_17VerticalEccentricEEEEEEEEENS3_INS4_INS0_INS1_INS_15FoundationStripEEEEEEEEEEEEEEE
1: [2021-09-08 21:09:00.463] [log] [info] DecoratorLogger N7jessica11LogDurationINS_12DecoratorEndINS_17VerticalEccentricEEEEE
1: [2021-09-08 21:09:00.463] [log] [info] duration 0 ms
1: [2021-09-08 21:09:00.463] [log] [info] DecoratorLogger N7jessica11LogDurationINS_12DecoratorEndINS_15FoundationStripEEEEE
1: [2021-09-08 21:09:00.463] [log] [info] duration 0.0001 ms
1: [2021-09-08 21:09:00.463] [log] [info] DecoratorLogger N7jessica11LogDurationINS_12DecoratorEndINS_17VerticalEccentricEEEEE
1: [2021-09-08 21:09:00.463] [log] [info] duration 0.0001 ms
1: [2021-09-08 21:09:00.463] [log] [info] duration 0.164602 ms
1: [2021-09-08 21:09:00.463] [log] [info] DecoratorLogger N7jessica11LogDurationINS_12DecoratorEndINS_25MeyerhofShallowFoundationINS_14DecoratorStartINS_7LogCallINS0_INS1_INS_17VerticalEccentricEEEEEEEEENS3_INS4_INS0_INS1_INS_15FoundationStripEEEEEEEEEEEEEEE
1: [2021-09-08 21:09:00.463] [log] [info] DecoratorLogger N7jessica11LogDurationINS_12DecoratorEndINS_15FoundationStripEEEEE
1: [2021-09-08 21:09:00.463] [log] [info] duration 0 ms
1: [2021-09-08 21:09:00.463] [log] [info] DecoratorLogger N7jessica11LogDurationINS_12DecoratorEndINS_17VerticalEccentricEEEEE
1: [2021-09-08 21:09:00.463] [log] [info] duration 0 ms
1: [2021-09-08 21:09:00.463] [log] [info] duration 0.0607 ms
1: [2021-09-08 21:09:00.463] [log] [info] DecoratorLogger N7jessica11LogDurationINS_12DecoratorEndINS_25MeyerhofShallowFoundationINS_14DecoratorStartINS_7LogCallINS0_INS1_INS_17VerticalEccentricEEEEEEEEENS3_INS4_INS0_INS1_INS_15FoundationStripEEEEEEEEEEEEEEE
1: [2021-09-08 21:09:00.463] [log] [info] DecoratorLogger N7jessica11LogDurationINS_12DecoratorEndINS_15FoundationStripEEEEE
1: [2021-09-08 21:09:00.463] [log] [info] duration 0 ms
1: [2021-09-08 21:09:00.463] [log] [info] DecoratorLogger N7jessica11LogDurationINS_12DecoratorEndINS_17VerticalEccentricEEEEE
1: [2021-09-08 21:09:00.463] [log] [info] duration 0 ms
1: [2021-09-08 21:09:00.463] [log] [info] duration 0.059501 ms
1: [2021-09-08 21:09:00.463] [log] [info] DecoratorLogger N7jessica11LogDurationINS_12DecoratorEndINS_25MeyerhofShallowFoundationINS_14DecoratorStartINS_7LogCallINS0_INS1_INS_17VerticalEccentricEEEEEEEEENS3_INS4_INS0_INS1_INS_15FoundationStripEEEEEEEEEEEEEEE
1: [2021-09-08 21:09:00.463] [log] [info] DecoratorLogger N7jessica11LogDurationINS_12DecoratorEndINS_17VerticalEccentricEEEEE
1: [2021-09-08 21:09:00.463] [log] [info] duration 0 ms
1: [2021-09-08 21:09:00.463] [log] [info] DecoratorLogger N7jessica11LogDurationINS_12DecoratorEndINS_15FoundationStripEEEEE
1: [2021-09-08 21:09:00.463] [log] [info] duration 0 ms
1: [2021-09-08 21:09:00.463] [log] [info] DecoratorLogger N7jessica11LogDurationINS_12DecoratorEndINS_17VerticalEccentricEEEEE
1: [2021-09-08 21:09:00.463] [log] [info] duration 0.0001 ms
1: [2021-09-08 21:09:00.463] [log] [info] duration 0.110502 ms
1: [2021-09-08 21:09:00.463] [log] [info] DecoratorLogger N7jessica11LogDurationINS_12DecoratorEndINS_25MeyerhofShallowFoundationINS_14DecoratorStartINS_7LogCallINS0_INS1_INS_17VerticalEccentricEEEEEEEEENS3_INS4_INS0_INS1_INS_15FoundationStripEEEEEEEEEEEEEEE
1: [2021-09-08 21:09:00.463] [log] [info] DecoratorLogger N7jessica11LogDurationINS_12DecoratorEndINS_17VerticalEccentricEEEEE
1: [2021-09-08 21:09:00.463] [log] [info] duration 0 ms
1: [2021-09-08 21:09:00.463] [log] [info] DecoratorLogger N7jessica11LogDurationINS_12DecoratorEndINS_15FoundationStripEEEEE
1: [2021-09-08 21:09:00.463] [log] [info] duration 0.0001 ms
1: [2021-09-08 21:09:00.463] [log] [info] DecoratorLogger N7jessica11LogDurationINS_12DecoratorEndINS_17VerticalEccentricEEEEE
1: [2021-09-08 21:09:00.463] [log] [info] duration 0 ms
1: [2021-09-08 21:09:00.463] [log] [info] duration 0.089701 ms
1: [2021-09-08 21:09:00.463] [log] [info] DecoratorLogger N7jessica11LogDurationINS_12DecoratorEndINS_17VerticalEccentricEEEEE
1: [2021-09-08 21:09:00.463] [log] [info] duration 0.0009 ms
1: [2021-09-08 21:09:00.463] [log] [info] DecoratorLogger N7jessica11LogDurationINS_12DecoratorEndINS_25MeyerhofShallowFoundationINS_14DecoratorStartINS_7LogCallINS0_INS1_INS_17VerticalEccentricEEEEEEEEENS3_INS4_INS0_INS1_INS_15FoundationStripEEEEEEEEEEEEEEE
1: [2021-09-08 21:09:00.463] [log] [info] DecoratorLogger N7jessica11LogDurationINS_12DecoratorEndINS_15FoundationStripEEEEE
1: [2021-09-08 21:09:00.463] [log] [info] duration 0.0001 ms
1: [2021-09-08 21:09:00.464] [log] [info] DecoratorLogger N7jessica11LogDurationINS_12DecoratorEndINS_17VerticalEccentricEEEEE
1: [2021-09-08 21:09:00.464] [log] [info] duration 0 ms
1: [2021-09-08 21:09:00.464] [log] [info] duration 0.061601 ms
1: [2021-09-08 21:09:00.464] [log] [info] DecoratorLogger N7jessica11LogDurationINS_12DecoratorEndINS_17VerticalEccentricEEEEE
1: [2021-09-08 21:09:00.464] [log] [info] duration 0.0004 ms
1: [2021-09-08 21:09:00.464] [log] [info] DecoratorLogger N7jessica11LogDurationINS_12DecoratorEndINS_25MeyerhofShallowFoundationINS_14DecoratorStartINS_7LogCallINS0_INS1_INS_17VerticalEccentricEEEEEEEEENS3_INS4_INS0_INS1_INS_15FoundationStripEEEEEEEEEEEEEEE
1: [2021-09-08 21:09:00.464] [log] [info] DecoratorLogger N7jessica11LogDurationINS_12DecoratorEndINS_15FoundationStripEEEEE
1: [2021-09-08 21:09:00.464] [log] [info] duration 0 ms
1: [2021-09-08 21:09:00.464] [log] [info] DecoratorLogger N7jessica11LogDurationINS_12DecoratorEndINS_17VerticalEccentricEEEEE
1: [2021-09-08 21:09:00.464] [log] [info] duration 0.0001 ms
1: [2021-09-08 21:09:00.464] [log] [info] duration 0.061301 ms
1: [       OK ] data.CalcMeyehofAllDecorator (12 ms)
1: [ RUN      ] data.CalcMeyehofMainDecorator
1: [2021-09-08 21:09:00.464] [log] [info] DecoratorLogger N7jessica11LogDurationINS_12DecoratorEndINS_25MeyerhofShallowFoundationINS_17VerticalEccentricENS_15FoundationStripEEEEEEE
1: [2021-09-08 21:09:00.464] [log] [info] duration 0.0001 ms
1: [2021-09-08 21:09:00.464] [log] [info] DecoratorLogger N7jessica11LogDurationINS_12DecoratorEndINS_25MeyerhofShallowFoundationINS_17VerticalEccentricENS_15FoundationStripEEEEEEE
1: [2021-09-08 21:09:00.464] [log] [info] duration 0.0001 ms
1: [2021-09-08 21:09:00.464] [log] [info] DecoratorLogger N7jessica11LogDurationINS_12DecoratorEndINS_25MeyerhofShallowFoundationINS_17VerticalEccentricENS_15FoundationStripEEEEEEE
1: [2021-09-08 21:09:00.464] [log] [info] duration 0.0001 ms
1: [2021-09-08 21:09:00.464] [log] [info] DecoratorLogger N7jessica11LogDurationINS_12DecoratorEndINS_25MeyerhofShallowFoundationINS_17VerticalEccentricENS_15FoundationStripEEEEEEE
1: [2021-09-08 21:09:00.464] [log] [info] duration 0.0001 ms
1: [2021-09-08 21:09:00.464] [log] [info] DecoratorLogger N7jessica11LogDurationINS_12DecoratorEndINS_25MeyerhofShallowFoundationINS_17VerticalEccentricENS_15FoundationStripEEEEEEE
1: [2021-09-08 21:09:00.464] [log] [info] duration 0.0001 ms
1: [2021-09-08 21:09:00.464] [log] [info] DecoratorLogger N7jessica11LogDurationINS_12DecoratorEndINS_25MeyerhofShallowFoundationINS_17VerticalEccentricENS_15FoundationStripEEEEEEE
1: [2021-09-08 21:09:00.464] [log] [info] duration 0.0001 ms
1: [2021-09-08 21:09:00.464] [log] [info] DecoratorLogger N7jessica11LogDurationINS_12DecoratorEndINS_25MeyerhofShallowFoundationINS_17VerticalEccentricENS_15FoundationStripEEEEEEE
1: [2021-09-08 21:09:00.464] [log] [info] duration 0.0001 ms
1: [2021-09-08 21:09:00.464] [log] [info] DecoratorLogger N7jessica11LogDurationINS_12DecoratorEndINS_25MeyerhofShallowFoundationINS_17VerticalEccentricENS_15FoundationStripEEEEEEE
1: [2021-09-08 21:09:00.464] [log] [info] duration 0.0001 ms
1: [2021-09-08 21:09:00.464] [log] [info] DecoratorLogger N7jessica11LogDurationINS_12DecoratorEndINS_25MeyerhofShallowFoundationINS_17VerticalEccentricENS_15FoundationStripEEEEEEE
1: [2021-09-08 21:09:00.464] [log] [info] duration 0.0001 ms
1: [2021-09-08 21:09:00.464] [log] [info] DecoratorLogger N7jessica11LogDurationINS_12DecoratorEndINS_25MeyerhofShallowFoundationINS_17VerticalEccentricENS_15FoundationStripEEEEEEE
1: [2021-09-08 21:09:00.464] [log] [info] duration 0.0001 ms
1: [       OK ] data.CalcMeyehofMainDecorator (0 ms)
1: [ RUN      ] data.CalcMeyehofOnly
1: [2021-09-08 21:09:00.464] [log] [info] DecoratorLogger N7jessica11LogDurationINS_12DecoratorEndINS_25MeyerhofShallowFoundationINS_17VerticalEccentricENS_15FoundationStripEEEEEEE
1: [2021-09-08 21:09:00.464] [log] [info] duration 0.0017 ms
1: [2021-09-08 21:09:00.464] [log] [info] DecoratorLogger N7jessica11LogDurationINS_12DecoratorEndINS_25MeyerhofShallowFoundationINS_17VerticalEccentricENS_15FoundationStripEEEEEEE
1: [2021-09-08 21:09:00.464] [log] [info] duration 0.0012 ms
1: [2021-09-08 21:09:00.464] [log] [info] DecoratorLogger N7jessica11LogDurationINS_12DecoratorEndINS_25MeyerhofShallowFoundationINS_17VerticalEccentricENS_15FoundationStripEEEEEEE
1: [2021-09-08 21:09:00.464] [log] [info] duration 0.0012 ms
1: [2021-09-08 21:09:00.464] [log] [info] DecoratorLogger N7jessica11LogDurationINS_12DecoratorEndINS_25MeyerhofShallowFoundationINS_17VerticalEccentricENS_15FoundationStripEEEEEEE
1: [2021-09-08 21:09:00.464] [log] [info] duration 0.0001 ms
1: [2021-09-08 21:09:00.464] [log] [info] DecoratorLogger N7jessica11LogDurationINS_12DecoratorEndINS_25MeyerhofShallowFoundationINS_17VerticalEccentricENS_15FoundationStripEEEEEEE
1: [2021-09-08 21:09:00.464] [log] [info] duration 0.0001 ms
1: [2021-09-08 21:09:00.464] [log] [info] DecoratorLogger N7jessica11LogDurationINS_12DecoratorEndINS_25MeyerhofShallowFoundationINS_17VerticalEccentricENS_15FoundationStripEEEEEEE
1: [2021-09-08 21:09:00.464] [log] [info] duration 0.0001 ms
1: [2021-09-08 21:09:00.464] [log] [info] DecoratorLogger N7jessica11LogDurationINS_12DecoratorEndINS_25MeyerhofShallowFoundationINS_17VerticalEccentricENS_15FoundationStripEEEEEEE
1: [2021-09-08 21:09:00.464] [log] [info] duration 0.0001 ms
1: [2021-09-08 21:09:00.464] [log] [info] DecoratorLogger N7jessica11LogDurationINS_12DecoratorEndINS_25MeyerhofShallowFoundationINS_17VerticalEccentricENS_15FoundationStripEEEEEEE
1: [2021-09-08 21:09:00.464] [log] [info] duration 0.0002 ms
1: [       OK ] data.CalcMeyehofOnly (0 ms)
1: [----------] 4 tests from data (13 ms total)
1: 
1: [----------] Global test environment tear-down
1: [==========] 4 tests from 1 test suite ran. (14 ms total)
1: [  PASSED  ] 4 tests.
[HANDLER_OUTPUT] 
1/4 Test #1: TestCalcMeyerhof ..................
   Passed    0.02 sec
[HANDLER_VERBOSE_OUTPUT] 
test 2

[HANDLER_OUTPUT] 
    Start 2: TestGeotechnicalFoundationStrip

[HANDLER_VERBOSE_OUTPUT] 

2: Test command: /home/runner/work/jessica/jessica/build/test/backend/data/test_geotechnical_foundation_strip

2: Test timeout computed to be: 1500
2: [==========] Running 2 tests from 1 test suite.
2: [----------] Global test environment set-up.
2: [----------] 2 tests from data
2: [ RUN      ] data.FoundationStrip
2: [       OK ] data.FoundationStrip (0 ms)
2: [ RUN      ] data.FoundationStripDecorator
2: [2021-09-08 21:09:00.524] [log] [info] DecoratorLogger N7jessica11LogDurationINS_12DecoratorEndINS_15FoundationStripEEEEE
2: [2021-09-08 21:09:00.524] [log] [info] duration 0.0001 ms
2: [2021-09-08 21:09:00.525] [log] [info] DecoratorLogger N7jessica11LogDurationINS_12DecoratorEndINS_15FoundationStripEEEEE
2: [2021-09-08 21:09:00.525] [log] [info] duration 0.001 ms
2: [2021-09-08 21:09:00.526] [log] [info] DecoratorLogger N7jessica11LogDurationINS_12DecoratorEndINS_15FoundationStripEEEEE
2: [2021-09-08 21:09:00.526] [log] [info] duration 0.0001 ms
2: [2021-09-08 21:09:00.527] [log] [info] DecoratorLogger N7jessica11LogDurationINS_12DecoratorEndINS_15FoundationStripEEEEE
2: [2021-09-08 21:09:00.527] [log] [info] duration 0.0001 ms
2: [2021-09-08 21:09:00.528] [log] [info] DecoratorLogger N7jessica11LogDurationINS_12DecoratorEndINS_15FoundationStripEEEEE
2: [2021-09-08 21:09:00.528] [log] [info] duration 0.0001 ms
2: [2021-09-08 21:09:00.529] [log] [info] DecoratorLogger N7jessica11LogDurationINS_12DecoratorEndINS_15FoundationStripEEEEE
2: [2021-09-08 21:09:00.529] [log] [info] duration 0.0001 ms
2: [       OK ] data.FoundationStripDecorator (5 ms)
2: [----------] 2 tests from data (7 ms total)
2: 
2: [----------] Global test environment tear-down
2: [==========] 2 tests from 1 test suite ran. (9 ms total)
2: [  PASSED  ] 2 tests.
[HANDLER_OUTPUT] 
2/4 Test #2: TestGeotechnicalFoundationStrip ...
   Passed    0.01 sec
[HANDLER_VERBOSE_OUTPUT] 
test 3

[HANDLER_OUTPUT] 
    Start 3: TestLoadVerticalEccentric

[HANDLER_VERBOSE_OUTPUT] 

3: Test command: /home/runner/work/jessica/jessica/build/test/backend/data/test_load_vertical_eccentric

3: Test timeout computed to be: 1500
3: [==========] Running 2 tests from 1 test suite.
3: [----------] Global test environment set-up.
3: [----------] 2 tests from data
3: [ RUN      ] data.VerticalEccentric
3: [       OK ] data.VerticalEccentric (0 ms)
3: [ RUN      ] data.VerticalEccentricDecorator
3: [2021-09-08 21:09:00.537] [log] [info] DecoratorLogger N7jessica11LogDurationINS_12DecoratorEndINS_17VerticalEccentricEEEEE
3: [2021-09-08 21:09:00.537] [log] [info] duration 0.0001 ms
3: [2021-09-08 21:09:00.538] [log] [info] DecoratorLogger N7jessica11LogDurationINS_12DecoratorEndINS_17VerticalEccentricEEEEE
3: [2021-09-08 21:09:00.538] [log] [info] duration 0 ms
3: [2021-09-08 21:09:00.539] [log] [info] DecoratorLogger N7jessica11LogDurationINS_12DecoratorEndINS_17VerticalEccentricEEEEE
3: [2021-09-08 21:09:00.539] [log] [info] duration 0.001 ms
3: [2021-09-08 21:09:00.540] [log] [info] DecoratorLogger N7jessica11LogDurationINS_12DecoratorEndINS_17VerticalEccentricEEEEE
3: [2021-09-08 21:09:00.540] [log] [info] duration 0.0002 ms
3: [2021-09-08 21:09:00.540] [log] [info] DecoratorLogger N7jessica11LogDurationINS_12DecoratorEndINS_17VerticalEccentricEEEEE
3: [2021-09-08 21:09:00.541] [log] [info] duration 0.0001 ms
3: [2021-09-08 21:09:00.541] [log] [info] DecoratorLogger N7jessica11LogDurationINS_12DecoratorEndINS_17VerticalEccentricEEEEE
3: [2021-09-08 21:09:00.542] [log] [info] duration 0.0009 ms
3: [2021-09-08 21:09:00.542] [log] [info] DecoratorLogger N7jessica11LogDurationINS_12DecoratorEndINS_17VerticalEccentricEEEEE
3: [2021-09-08 21:09:00.543] [log] [info] duration 0 ms
3: [2021-09-08 21:09:00.543] [log] [info] DecoratorLogger N7jessica11LogDurationINS_12DecoratorEndINS_17VerticalEccentricEEEEE
3: [2021-09-08 21:09:00.543] [log] [info] duration 0 ms
3: [2021-09-08 21:09:00.543] [log] [info] DecoratorLogger N7jessica11LogDurationINS_12DecoratorEndINS_17VerticalEccentricEEEEE
3: [2021-09-08 21:09:00.543] [log] [info] duration 0 ms
3: [2021-09-08 21:09:00.543] [log] [info] DecoratorLogger N7jessica11LogDurationINS_12DecoratorEndINS_17VerticalEccentricEEEEE
3: [2021-09-08 21:09:00.543] [log] [info] duration 0.0001 ms
3: [2021-09-08 21:09:00.543] [log] [info] DecoratorLogger N7jessica11LogDurationINS_12DecoratorEndINS_17VerticalEccentricEEEEE
3: [2021-09-08 21:09:00.543] [log] [info] duration 0.0001 ms
3: [2021-09-08 21:09:00.543] [log] [info] DecoratorLogger N7jessica11LogDurationINS_12DecoratorEndINS_17VerticalEccentricEEEEE
3: [2021-09-08 21:09:00.543] [log] [info] duration 0 ms
3: [       OK ] data.VerticalEccentricDecorator (6 ms)
3: [----------] 2 tests from data (7 ms total)
3: 
3: [----------] Global test environment tear-down
3: [==========] 2 tests from 1 test suite ran. (8 ms total)
3: [  PASSED  ] 2 tests.
[HANDLER_OUTPUT] 
3/4 Test #3: TestLoadVerticalEccentric .........
   Passed    0.01 sec
[HANDLER_VERBOSE_OUTPUT] 
test 4

[HANDLER_OUTPUT] 
    Start 4: TestUtilDecorator

[HANDLER_VERBOSE_OUTPUT] 

4: Test command: /home/runner/work/jessica/jessica/build/test/backend/util/test_util_decorator

4: Test timeout computed to be: 1500
4: Running main() from /build/googletest-OI1WhS/googletest-1.10.0.20201025/googletest/src/gtest_main.cc
4: [==========] Running 1 test from 1 test suite.
4: [----------] Global test environment set-up.
4: [----------] 1 test from decorator
4: [ RUN      ] decorator.Test
4: DecoratorLogger N7jessica12DecoratorEndI13DecoratorTestEE
4: DecoratorLogger N7jessica12DecoratorEndI13DecoratorTestEE
4: [       OK ] decorator.Test (1 ms)
4: [----------] 1 test from decorator (2 ms total)
4: 
4: [----------] Global test environment tear-down
4: [==========] 1 test from 1 test suite ran. (5 ms total)
4: [  PASSED  ] 1 test.
[HANDLER_OUTPUT] 
4/4 Test #4: TestUtilDecorator .................
   Passed    0.01 sec

100% tests passed, 0 tests failed out of 4

Total Test time (real) =   0.15 sec
