[HANDLER_VERBOSE_OUTPUT] 
UpdateCTestConfiguration  from :/home/runner/work/jessica/jessica/build/DartConfiguration.tcl

Parse Config file:/home/runner/work/jessica/jessica/build/DartConfiguration.tcl
UpdateCTestConfiguration  from :/home/runner/work/jessica/jessica/build/DartConfiguration.tcl
Parse Config file:/home/runner/work/jessica/jessica/build/DartConfiguration.tcl
[HANDLER_OUTPUT] 
Test project /home/runner/work/jessica/jessica/build

[HANDLER_VERBOSE_OUTPUT] 
Constructing a list of tests

Done constructing a list of tests
Updating test list for fixtures
Added 0 tests to meet fixture requirements
Checking test dependency graph...
Checking test dependency graph end
test 1
[HANDLER_OUTPUT] 
    Start 1: NpmAngular

[HANDLER_VERBOSE_OUTPUT] 

1: Test command: /opt/hostedtoolcache/node/14.17.6/x64/bin/npm "run" "test" "--verbose"

1: Test timeout computed to be: 1500
1: npm verb cli [
1: npm verb cli   '/opt/hostedtoolcache/node/14.17.6/x64/bin/node',
1: npm verb cli   '/opt/hostedtoolcache/node/14.17.6/x64/bin/npm',
1: npm verb cli   'run',
1: npm verb cli   'test',
1: npm verb cli   '--verbose'
1: npm verb cli ]
1: npm info using npm@7.22.0
1: npm info using node@v14.17.6
1: npm timing npm:load:whichnode Completed in 0ms
1: npm timing config:load:defaults Completed in 1ms
1: npm timing config:load:file:/opt/hostedtoolcache/node/14.17.6/x64/lib/node_modules/npm/npmrc Completed in 7ms
1: npm timing config:load:builtin Completed in 7ms
1: npm timing config:load:cli Completed in 3ms
1: npm timing config:load:env Completed in 0ms
1: npm timing config:load:file:/home/runner/work/jessica/jessica/src/angular/.npmrc Completed in 0ms
1: npm timing config:load:project Completed in 2ms
1: npm timing config:load:file:/home/runner/.npmrc Completed in 2ms
1: npm timing config:load:user Completed in 2ms
1: npm timing config:load:file:/opt/hostedtoolcache/node/14.17.6/x64/etc/npmrc Completed in 0ms
1: npm timing config:load:global Completed in 0ms
1: npm timing config:load:validate Completed in 0ms
1: npm timing config:load:credentials Completed in 1ms
1: npm timing config:load:setEnvs Completed in 1ms
1: npm timing config:load Completed in 17ms
1: npm timing npm:load:configload Completed in 18ms
1: npm timing npm:load:setTitle Completed in 0ms
1: npm timing npm:load:setupLog Completed in 1ms
1: npm timing config:load:flatten Completed in 2ms
1: npm timing npm:load:cleanupLog Completed in 3ms
1: npm timing npm:load:configScope Completed in 0ms
1: npm timing npm:load:projectScope Completed in 0ms
1: npm timing npm:load Completed in 26ms
1: 
1: > angular@0.0.0 test
1: > ng test --no-watch --no-progress --browsers=ChromeHeadless
1: 
1: Compiling @angular/core/testing : es2015 as esm2015
1: Compiling @angular/platform-browser/testing : es2015 as esm2015
1: Compiling @angular/compiler/testing : es2015 as esm2015
1: Compiling @angular/platform-browser-dynamic/testing : es2015 as esm2015
1: 06 09 2021 19:13:00.713:INFO [karma-server]: Karma v6.3.4 server started at http://localhost:9876/
1: 06 09 2021 19:13:00.728:INFO [launcher]: Launching browsers ChromeHeadless with concurrency unlimited
1: 06 09 2021 19:13:00.733:INFO [launcher]: Starting browser ChromeHeadless
1: 06 09 2021 19:13:05.661:INFO [Chrome Headless 92.0.4515.159 (Linux x86_64)]: Connected on socket GldTGqzQsqK00CtOAAAB with id 81948449
1: Chrome Headless 92.0.4515.159 (Linux x86_64): Executed 0 of 3 SUCCESS (0 secs / 0 secs)
1: [1A[2KChrome Headless 92.0.4515.159 (Linux x86_64): Executed 1 of 3 SUCCESS (0 secs / 0.031 secs)
1: [1A[2KChrome Headless 92.0.4515.159 (Linux x86_64): Executed 2 of 3 SUCCESS (0 secs / 0.036 secs)
1: [1A[2KChrome Headless 92.0.4515.159 (Linux x86_64): Executed 3 of 3 SUCCESS (0 secs / 0.04 secs)
1: [1A[2KChrome Headless 92.0.4515.159 (Linux x86_64): Executed 3 of 3 SUCCESS (0.091 secs / 0.04 secs)
1: TOTAL: 3 SUCCESS
1: 06 09 2021 19:13:12.819:INFO [karma-server]: Karma v6.3.4 server started at http://localhost:9876/
1: 06 09 2021 19:13:12.820:INFO [launcher]: Launching browsers ChromeHeadless with concurrency unlimited
1: 06 09 2021 19:13:12.821:INFO [launcher]: Starting browser ChromeHeadless
1: 06 09 2021 19:13:19.204:INFO [Chrome Headless 92.0.4515.159 (Linux x86_64)]: Connected on socket p0S4JELU_fvKJfjeAAAD with id 41127137
1: Chrome Headless 92.0.4515.159 (Linux x86_64): Executed 0 of 7 SUCCESS (0 secs / 0 secs)
1: [1A[2KChrome Headless 92.0.4515.159 (Linux x86_64): Executed 1 of 7 SUCCESS (0 secs / 0.018 secs)
1: [1A[2KChrome Headless 92.0.4515.159 (Linux x86_64): Executed 2 of 7 SUCCESS (0 secs / 0.057 secs)
1: [1A[2KChrome Headless 92.0.4515.159 (Linux x86_64): Executed 3 of 7 SUCCESS (0 secs / 0.072 secs)
1: [1A[2KChrome Headless 92.0.4515.159 (Linux x86_64): Executed 4 of 7 SUCCESS (0 secs / 0.082 secs)
1: [1A[2KChrome Headless 92.0.4515.159 (Linux x86_64): Executed 5 of 7 SUCCESS (0 secs / 0.102 secs)
1: [1A[2KChrome Headless 92.0.4515.159 (Linux x86_64): Executed 6 of 7 SUCCESS (0 secs / 0.118 secs)
1: [1A[2KChrome Headless 92.0.4515.159 (Linux x86_64): Executed 7 of 7 SUCCESS (0 secs / 0.144 secs)
1: [1A[2KChrome Headless 92.0.4515.159 (Linux x86_64): Executed 7 of 7 SUCCESS (0.286 secs / 0.144 secs)
1: TOTAL: 7 SUCCESS
1: Compiling @angular/common/testing : es2015 as esm2015
1: Compiling @angular/router/testing : es2015 as esm2015
1: 06 09 2021 19:13:26.811:INFO [karma-server]: Karma v6.3.4 server started at http://localhost:9876/
1: 06 09 2021 19:13:26.812:INFO [launcher]: Launching browsers ChromeHeadless with concurrency unlimited
1: 06 09 2021 19:13:26.814:INFO [launcher]: Starting browser ChromeHeadless
1: 06 09 2021 19:13:29.753:INFO [Chrome Headless 92.0.4515.159 (Linux x86_64)]: Connected on socket bKTejcQgDcDepcYpAAAF with id 57414588
1: Chrome Headless 92.0.4515.159 (Linux x86_64): Executed 0 of 3 SUCCESS (0 secs / 0 secs)
1: [1A[2KChrome Headless 92.0.4515.159 (Linux x86_64): Executed 1 of 3 SUCCESS (0 secs / 0.052 secs)
1: [1A[2KChrome Headless 92.0.4515.159 (Linux x86_64): Executed 2 of 3 SUCCESS (0 secs / 0.06 secs)
1: [1A[2KChrome Headless 92.0.4515.159 (Linux x86_64): Executed 3 of 3 SUCCESS (0 secs / 0.069 secs)
1: [1A[2KChrome Headless 92.0.4515.159 (Linux x86_64): Executed 3 of 3 SUCCESS (0.09 secs / 0.069 secs)
1: TOTAL: 3 SUCCESS
1: npm timing command:run-script Completed in 44342ms
1: npm verb exit 0
1: npm timing npm Completed in 44513ms
1: npm info ok 
[HANDLER_OUTPUT] 
1/2 Test #1: NpmAngular .......................
   Passed   44.67 sec
[HANDLER_VERBOSE_OUTPUT] 
test 2

[HANDLER_OUTPUT] 
    Start 2: NpmTest

[HANDLER_VERBOSE_OUTPUT] 

2: Test command: /opt/hostedtoolcache/node/14.17.6/x64/bin/npm "run" "test" "--verbose"

2: Test timeout computed to be: 1500
2: npm verb cli [
2: npm verb cli   '/opt/hostedtoolcache/node/14.17.6/x64/bin/node',
2: npm verb cli   '/opt/hostedtoolcache/node/14.17.6/x64/bin/npm',
2: npm verb cli   'run',
2: npm verb cli   'test',
2: npm verb cli   '--verbose'
2: npm verb cli ]
2: npm info using npm@7.22.0
2: npm info using node@v14.17.6
2: npm timing npm:load:whichnode Completed in 0ms
2: npm timing config:load:defaults Completed in 2ms
2: npm timing config:load:file:/opt/hostedtoolcache/node/14.17.6/x64/lib/node_modules/npm/npmrc Completed in 11ms
2: npm timing config:load:builtin Completed in 11ms
2: npm timing config:load:cli Completed in 3ms
2: npm timing config:load:env Completed in 0ms
2: npm timing config:load:file:/home/runner/work/jessica/jessica/build/test/javascript/.npmrc Completed in 1ms
2: npm timing config:load:project Completed in 3ms
2: npm timing config:load:file:/home/runner/.npmrc Completed in 0ms
2: npm timing config:load:user Completed in 0ms
2: npm timing config:load:file:/opt/hostedtoolcache/node/14.17.6/x64/etc/npmrc Completed in 0ms
2: npm timing config:load:global Completed in 0ms
2: npm timing config:load:validate Completed in 0ms
2: npm timing config:load:credentials Completed in 1ms
2: npm timing config:load:setEnvs Completed in 1ms
2: npm timing config:load Completed in 21ms
2: npm timing npm:load:configload Completed in 21ms
2: npm timing npm:load:setTitle Completed in 0ms
2: npm timing npm:load:setupLog Completed in 1ms
2: npm timing config:load:flatten Completed in 3ms
2: npm timing npm:load:cleanupLog Completed in 2ms
2: npm timing npm:load:configScope Completed in 0ms
2: npm timing npm:load:projectScope Completed in 1ms
2: npm timing npm:load Completed in 31ms
2: 
2: > test
2: > node --trace-warnings --unhandled-rejections=strict node_modules/.bin/jest
2: 
2: PASS ./jessica.test.js
2:   âœ“ WarmUpJessica (238 ms)
2:   âœ“ VerticalEccentric (99 ms)
2:   âœ“ FoundationStrip (34 ms)
2:   âœ“ CalcMeyehof (452 ms)
2: 
2:   console.log
2:     [2021-09-06 19:13:34.808] [log] [info] DecoratorLogger N7jessica11LogDurationINS_12DecoratorEndINS_25MeyerhofShallowFoundationINS_17VerticalEccentricENS_15FoundationStripEEEEEEE
2: 
2:       at console.<anonymous> (node_modules/jest-mock/build/index.js:850:25)
2: 
2:   console.log
2:     [2021-09-06 19:13:35.207] [log] [info] duration 0.011002 ms
2: 
2:       at console.<anonymous> (node_modules/jest-mock/build/index.js:850:25)
2: 
2:   console.log
2:     [2021-09-06 19:13:35.209] [log] [info] DecoratorLogger N7jessica11LogDurationINS_12DecoratorEndINS_25MeyerhofShallowFoundationINS_17VerticalEccentricENS_15FoundationStripEEEEEEE
2: 
2:       at console.<anonymous> (node_modules/jest-mock/build/index.js:850:25)
2: 
2:   console.log
2:     [2021-09-06 19:13:35.210] [log] [info] duration 0.0065 ms
2: 
2:       at console.<anonymous> (node_modules/jest-mock/build/index.js:850:25)
2: 
2: Test Suites: 1 passed, 1 total
2: Tests:       4 passed, 4 total
2: Snapshots:   0 total
2: Time:        2.279 s
2: Ran all test suites.
2: npm timing command:run-script Completed in 2988ms
2: npm verb exit 0
2: npm timing npm Completed in 3153ms
2: npm info ok 
[HANDLER_OUTPUT] 
2/2 Test #2: NpmTest ..........................
   Passed    3.30 sec

100% tests passed, 0 tests failed out of 2

Total Test time (real) =  48.12 sec
