[HANDLER_VERBOSE_OUTPUT] 
UpdateCTestConfiguration  from :/home/runner/work/jessica/jessica/build/DartConfiguration.tcl

Parse Config file:/home/runner/work/jessica/jessica/build/DartConfiguration.tcl
UpdateCTestConfiguration  from :/home/runner/work/jessica/jessica/build/DartConfiguration.tcl
Parse Config file:/home/runner/work/jessica/jessica/build/DartConfiguration.tcl
[HANDLER_OUTPUT] 
Test project /home/runner/work/jessica/jessica/build

[HANDLER_VERBOSE_OUTPUT] 
Constructing a list of tests

Done constructing a list of tests
Updating test list for fixtures
Added 0 tests to meet fixture requirements
Checking test dependency graph...
Checking test dependency graph end
test 1
[HANDLER_OUTPUT] 
    Start 1: NpmAngular

[HANDLER_VERBOSE_OUTPUT] 

1: Test command: /opt/hostedtoolcache/node/14.18.0/x64/bin/npm "run" "test" "--verbose"

1: Test timeout computed to be: 1500
1: npm verb cli [
1: npm verb cli   '/opt/hostedtoolcache/node/14.18.0/x64/bin/node',
1: npm verb cli   '/opt/hostedtoolcache/node/14.18.0/x64/bin/npm',
1: npm verb cli   'run',
1: npm verb cli   'test',
1: npm verb cli   '--verbose'
1: npm verb cli ]
1: npm info using npm@8.1.0
1: npm info using node@v14.18.0
1: npm timing npm:load:whichnode Completed in 1ms
1: npm timing config:load:defaults Completed in 1ms
1: npm timing config:load:file:/opt/hostedtoolcache/node/14.18.0/x64/lib/node_modules/npm/npmrc Completed in 15ms
1: npm timing config:load:builtin Completed in 15ms
1: npm timing config:load:cli Completed in 2ms
1: npm timing config:load:env Completed in 0ms
1: npm timing config:load:file:/home/runner/work/jessica/jessica/src/angular/.npmrc Completed in 0ms
1: npm timing config:load:project Completed in 1ms
1: npm timing config:load:file:/home/runner/.npmrc Completed in 0ms
1: npm timing config:load:user Completed in 0ms
1: npm timing config:load:file:/opt/hostedtoolcache/node/14.18.0/x64/etc/npmrc Completed in 0ms
1: npm timing config:load:global Completed in 0ms
1: npm timing config:load:validate Completed in 0ms
1: npm timing config:load:credentials Completed in 1ms
1: npm timing config:load:setEnvs Completed in 1ms
1: npm timing config:load Completed in 21ms
1: npm timing npm:load:configload Completed in 21ms
1: npm timing npm:load:setTitle Completed in 0ms
1: npm timing npm:load:setupLog Completed in 1ms
1: npm timing config:load:flatten Completed in 2ms
1: npm timing npm:load:cleanupLog Completed in 2ms
1: npm timing npm:load:configScope Completed in 0ms
1: npm timing npm:load:projectScope Completed in 0ms
1: npm timing npm:load Completed in 35ms
1: 
1: > angular@0.0.0 test
1: > ng test --no-watch --no-progress --browsers=ChromeHeadless
1: 
1: 
1: Compiling @angular/core : es2015 as esm2015
1: 
1: Compiling @angular/core/testing : es2015 as esm2015
1: 
1: Compiling @angular/common : es2015 as esm2015
1: 
1: Compiling @angular/platform-browser : es2015 as esm2015
1: 
1: Compiling @angular/platform-browser-dynamic : es2015 as esm2015
1: 
1: Compiling @angular/platform-browser/testing : es2015 as esm2015
1: 
1: Compiling @angular/compiler/testing : es2015 as esm2015
1: 
1: Compiling @angular/platform-browser-dynamic/testing : es2015 as esm2015
1: 
1: Compiling @angular/forms : es2015 as esm2015
1: 
1: Compiling @angular/common/http : es2015 as esm2015
1: 
1: Compiling @ngx-translate/core : es2015 as esm2015
1: 15 10 2021 20:15:31.387:INFO [karma-server]: Karma v6.3.4 server started at http://localhost:9876/
1: 15 10 2021 20:15:31.389:INFO [launcher]: Launching browsers ChromeHeadless with concurrency unlimited
1: 15 10 2021 20:15:31.392:INFO [launcher]: Starting browser ChromeHeadless
1: 15 10 2021 20:15:36.924:INFO [Chrome Headless 94.0.4606.81 (Linux x86_64)]: Connected on socket Anh7f6Uvb0hk79npAAAB with id 68595878
1: Chrome Headless 94.0.4606.81 (Linux x86_64): Executed 0 of 4 SUCCESS (0 secs / 0 secs)
1: [1A[2KChrome Headless 94.0.4606.81 (Linux x86_64): Executed 1 of 4 SUCCESS (0 secs / 0.015 secs)
1: [1A[2KChrome Headless 94.0.4606.81 (Linux x86_64): Executed 2 of 4 SUCCESS (0 secs / 0.02 secs)
1: [1A[2KChrome Headless 94.0.4606.81 (Linux x86_64): Executed 3 of 4 SUCCESS (0 secs / 0.023 secs)
1: [1A[2KChrome Headless 94.0.4606.81 (Linux x86_64): Executed 4 of 4 SUCCESS (0 secs / 0.041 secs)
1: [1A[2KChrome Headless 94.0.4606.81 (Linux x86_64): Executed 4 of 4 SUCCESS (0.081 secs / 0.041 secs)
1: TOTAL: 4 SUCCESS
1: 
1: Compiling @angular/core : es2015 as esm2015
1: 
1: Compiling @angular/core/testing : es2015 as esm2015
1: 
1: Compiling @angular/common : es2015 as esm2015
1: 
1: Compiling @angular/platform-browser : es2015 as esm2015
1: 
1: Compiling @angular/platform-browser-dynamic : es2015 as esm2015
1: 
1: Compiling @angular/platform-browser/testing : es2015 as esm2015
1: 
1: Compiling @angular/compiler/testing : es2015 as esm2015
1: 
1: Compiling @angular/platform-browser-dynamic/testing : es2015 as esm2015
1: 
1: Compiling @angular/forms : es2015 as esm2015
1: 
1: Compiling @ngx-translate/core : es2015 as esm2015
1: 15 10 2021 20:15:49.531:INFO [karma-server]: Karma v6.3.4 server started at http://localhost:9876/
1: 15 10 2021 20:15:49.531:INFO [launcher]: Launching browsers ChromeHeadless with concurrency unlimited
1: 15 10 2021 20:15:49.533:INFO [launcher]: Starting browser ChromeHeadless
1: 15 10 2021 20:15:55.987:INFO [Chrome Headless 94.0.4606.81 (Linux x86_64)]: Connected on socket Q4trgU2TEEksvYTXAAAD with id 91179246
1: Chrome Headless 94.0.4606.81 (Linux x86_64): Executed 0 of 7 SUCCESS (0 secs / 0 secs)
1: [1A[2KChrome Headless 94.0.4606.81 (Linux x86_64): Executed 1 of 7 SUCCESS (0 secs / 0.018 secs)
1: [1A[2KChrome Headless 94.0.4606.81 (Linux x86_64): Executed 2 of 7 SUCCESS (0 secs / 0.023 secs)
1: [1A[2KChrome Headless 94.0.4606.81 (Linux x86_64): Executed 3 of 7 SUCCESS (0 secs / 0.06 secs)
1: [1A[2KChrome Headless 94.0.4606.81 (Linux x86_64): Executed 4 of 7 SUCCESS (0 secs / 0.08 secs)
1: [1A[2KChrome Headless 94.0.4606.81 (Linux x86_64): Executed 5 of 7 SUCCESS (0 secs / 0.095 secs)
1: [1A[2KChrome Headless 94.0.4606.81 (Linux x86_64): Executed 6 of 7 SUCCESS (0 secs / 0.099 secs)
1: [1A[2KChrome Headless 94.0.4606.81 (Linux x86_64): Executed 7 of 7 SUCCESS (0 secs / 0.11 secs)
1: [1A[2KChrome Headless 94.0.4606.81 (Linux x86_64): Executed 7 of 7 SUCCESS (0.3 secs / 0.11 secs)
1: TOTAL: 7 SUCCESS
1: Compiling @angular/core/testing : es2015 as esm2015
1: Compiling @angular/platform-browser/testing : es2015 as esm2015
1: Compiling @angular/compiler/testing : es2015 as esm2015
1: Compiling @angular/platform-browser-dynamic/testing : es2015 as esm2015
1: Compiling @angular/common/testing : es2015 as esm2015
1: Compiling @angular/router/testing : es2015 as esm2015
1: 15 10 2021 20:16:06.854:INFO [karma-server]: Karma v6.3.4 server started at http://localhost:9876/
1: 15 10 2021 20:16:06.854:INFO [launcher]: Launching browsers ChromeHeadless with concurrency unlimited
1: 15 10 2021 20:16:06.859:INFO [launcher]: Starting browser ChromeHeadless
1: 15 10 2021 20:16:12.509:INFO [Chrome Headless 94.0.4606.81 (Linux x86_64)]: Connected on socket N4tq5NwlTMPxfpHKAAAF with id 83932492
1: Chrome Headless 94.0.4606.81 (Linux x86_64): Executed 0 of 3 SUCCESS (0 secs / 0 secs)
1: [1A[2KChrome Headless 94.0.4606.81 (Linux x86_64): Executed 1 of 3 SUCCESS (0 secs / 0.05 secs)
1: [1A[2KChrome Headless 94.0.4606.81 (Linux x86_64): Executed 2 of 3 SUCCESS (0 secs / 0.085 secs)
1: [1A[2KChrome Headless 94.0.4606.81 (Linux x86_64): Executed 3 of 3 SUCCESS (0 secs / 0.106 secs)
1: [1A[2KChrome Headless 94.0.4606.81 (Linux x86_64): Executed 3 of 3 SUCCESS (0.131 secs / 0.106 secs)
1: TOTAL: 3 SUCCESS
1: npm timing command:run-script Completed in 62385ms
1: npm verb exit 0
1: npm timing npm Completed in 62543ms
1: npm info ok 
[HANDLER_OUTPUT] 
1/2 Test #1: NpmAngular .......................
   Passed   62.68 sec
[HANDLER_VERBOSE_OUTPUT] 
test 2

[HANDLER_OUTPUT] 
    Start 2: NpmTest

[HANDLER_VERBOSE_OUTPUT] 

2: Test command: /opt/hostedtoolcache/node/14.18.0/x64/bin/npm "run" "test" "--verbose"

2: Test timeout computed to be: 1500
2: npm verb cli [
2: npm verb cli   '/opt/hostedtoolcache/node/14.18.0/x64/bin/node',
2: npm verb cli   '/opt/hostedtoolcache/node/14.18.0/x64/bin/npm',
2: npm verb cli   'run',
2: npm verb cli   'test',
2: npm verb cli   '--verbose'
2: npm verb cli ]
2: npm info using npm@8.1.0
2: npm info using node@v14.18.0
2: npm timing npm:load:whichnode Completed in 2ms
2: npm timing config:load:defaults Completed in 1ms
2: npm timing config:load:file:/opt/hostedtoolcache/node/14.18.0/x64/lib/node_modules/npm/npmrc Completed in 7ms
2: npm timing config:load:builtin Completed in 7ms
2: npm timing config:load:cli Completed in 3ms
2: npm timing config:load:env Completed in 0ms
2: npm timing config:load:file:/home/runner/work/jessica/jessica/build/test/javascript/.npmrc Completed in 0ms
2: npm timing config:load:project Completed in 3ms
2: npm timing config:load:file:/home/runner/.npmrc Completed in 1ms
2: npm timing config:load:user Completed in 1ms
2: npm timing config:load:file:/opt/hostedtoolcache/node/14.18.0/x64/etc/npmrc Completed in 0ms
2: npm timing config:load:global Completed in 0ms
2: npm timing config:load:validate Completed in 0ms
2: npm timing config:load:credentials Completed in 1ms
2: npm timing config:load:setEnvs Completed in 1ms
2: npm timing config:load Completed in 17ms
2: npm timing npm:load:configload Completed in 17ms
2: npm timing npm:load:setTitle Completed in 0ms
2: npm timing npm:load:setupLog Completed in 0ms
2: npm timing config:load:flatten Completed in 3ms
2: npm timing npm:load:cleanupLog Completed in 1ms
2: npm timing npm:load:configScope Completed in 0ms
2: npm timing npm:load:projectScope Completed in 0ms
2: npm timing npm:load Completed in 26ms
2: 
2: > test
2: > node --trace-warnings --unhandled-rejections=strict node_modules/.bin/jest
2: 
2:   console.log
2:     [2021-10-15 20:16:18.179] [log] [info] DecoratorLogger N7jessica11LogDurationINS_12DecoratorEndINS_25MeyerhofShallowFoundationINS_17VerticalEccentricENS_15FoundationStripEEEEEEE
2: 
2:       at console.<anonymous> (node_modules/jest-mock/build/index.js:850:25)
2: 
2:   console.log
2:     [2021-10-15 20:16:18.466] [log] [info] duration 0.027901 ms
2: 
2:       at console.<anonymous> (node_modules/jest-mock/build/index.js:850:25)
2: 
2:   console.log
2:     [2021-10-15 20:16:18.469] [log] [info] DecoratorLogger N7jessica11LogDurationINS_12DecoratorEndINS_25MeyerhofShallowFoundationINS_17VerticalEccentricENS_15FoundationStripEEEEEEE
2: 
2:       at console.<anonymous> (node_modules/jest-mock/build/index.js:850:25)
2: 
2:   console.log
2:     [2021-10-15 20:16:18.470] [log] [info] duration 0.0074 ms
2: 
2:       at console.<anonymous> (node_modules/jest-mock/build/index.js:850:25)
2: 
2: PASS ./jessica.test.js
2:   ✓ WarmUpJessica (215 ms)
2:   ✓ VerticalEccentric (85 ms)
2:   ✓ FoundationStrip (92 ms)
2:   ✓ CalcMeyehof (351 ms)
2: 
2: Test Suites: 1 passed, 1 total
2: Tests:       4 passed, 4 total
2: Snapshots:   0 total
2: Time:        2.06 s
2: Ran all test suites.
2: npm timing command:run-script Completed in 2707ms
2: npm verb exit 0
2: npm timing npm Completed in 2853ms
2: npm info ok 
[HANDLER_OUTPUT] 
2/2 Test #2: NpmTest ..........................
   Passed    2.99 sec

100% tests passed, 0 tests failed out of 2

Total Test time (real) =  65.73 sec
