[HANDLER_VERBOSE_OUTPUT] 
UpdateCTestConfiguration  from :/home/runner/work/jessica/jessica/build/DartConfiguration.tcl

Parse Config file:/home/runner/work/jessica/jessica/build/DartConfiguration.tcl
UpdateCTestConfiguration  from :/home/runner/work/jessica/jessica/build/DartConfiguration.tcl
Parse Config file:/home/runner/work/jessica/jessica/build/DartConfiguration.tcl
[HANDLER_OUTPUT] 
Test project /home/runner/work/jessica/jessica/build

[HANDLER_VERBOSE_OUTPUT] 
Constructing a list of tests

Done constructing a list of tests
Updating test list for fixtures
Added 0 tests to meet fixture requirements
Checking test dependency graph...
Checking test dependency graph end
test 1
[HANDLER_OUTPUT] 
    Start 1: NpmAngular

[HANDLER_VERBOSE_OUTPUT] 

1: Test command: /opt/hostedtoolcache/node/16.15.1/x64/bin/npm "run" "test" "--verbose"

1: Test timeout computed to be: 1500
1: npm verb cli /opt/hostedtoolcache/node/16.15.1/x64/bin/node /opt/hostedtoolcache/node/16.15.1/x64/bin/npm
1: npm info using npm@8.11.0
1: npm info using node@v16.15.1
1: npm timing npm:load:whichnode Completed in 0ms
1: npm timing config:load:defaults Completed in 1ms
1: npm timing config:load:file:/opt/hostedtoolcache/node/16.15.1/x64/lib/node_modules/npm/npmrc Completed in 1ms
1: npm timing config:load:builtin Completed in 2ms
1: npm timing config:load:cli Completed in 1ms
1: npm timing config:load:env Completed in 0ms
1: npm timing config:load:file:/home/runner/work/jessica/jessica/src/angular/.npmrc Completed in 0ms
1: npm timing config:load:project Completed in 17ms
1: npm timing config:load:file:/home/runner/.npmrc Completed in 0ms
1: npm timing config:load:user Completed in 0ms
1: npm timing config:load:file:/opt/hostedtoolcache/node/16.15.1/x64/etc/npmrc Completed in 0ms
1: npm timing config:load:global Completed in 1ms
1: npm timing config:load:validate Completed in 0ms
1: npm timing config:load:credentials Completed in 2ms
1: npm timing config:load:setEnvs Completed in 0ms
1: npm timing config:load Completed in 27ms
1: npm timing npm:load:configload Completed in 27ms
1: npm timing npm:load:mkdirpcache Completed in 0ms
1: npm timing npm:load:mkdirplogs Completed in 0ms
1: npm verb title npm run test
1: npm verb argv "run" "test" "--loglevel" "verbose"
1: npm timing npm:load:setTitle Completed in 1ms
1: npm timing config:load:flatten Completed in 3ms
1: npm timing npm:load:display Completed in 6ms
1: npm verb logfile logs-max:10 dir:/home/runner/.npm/_logs
1: npm verb logfile /home/runner/.npm/_logs/2022-07-10T21_53_43_149Z-debug-0.log
1: npm timing npm:load:logFile Completed in 5ms
1: npm timing npm:load:timers Completed in 0ms
1: npm timing npm:load:configScope Completed in 0ms
1: npm timing npm:load Completed in 42ms
1: 
1: > angular@0.0.0 test
1: > ng test --no-watch --no-progress --browsers=ChromeHeadless
1: 
1: 10 07 2022 21:54:08.774:INFO [karma-server]: Karma v6.4.0 server started at http://localhost:9876/
1: 10 07 2022 21:54:08.777:INFO [launcher]: Launching browsers ChromeHeadless with concurrency unlimited
1: 10 07 2022 21:54:08.780:INFO [launcher]: Starting browser ChromeHeadless
1: 10 07 2022 21:54:09.476:INFO [Chrome Headless 103.0.5060.53 (Linux x86_64)]: Connected on socket hhAwum2ZZcVb5ZijAAAB with id 72116624
1: Chrome Headless 103.0.5060.53 (Linux x86_64): Executed 0 of 4 SUCCESS (0 secs / 0 secs)
1: [1A[2KChrome Headless 103.0.5060.53 (Linux x86_64): Executed 1 of 4 SUCCESS (0 secs / 0.022 secs)
1: [1A[2KChrome Headless 103.0.5060.53 (Linux x86_64): Executed 2 of 4 SUCCESS (0 secs / 0.027 secs)
1: [1A[2KChrome Headless 103.0.5060.53 (Linux x86_64): Executed 3 of 4 SUCCESS (0 secs / 0.029 secs)
1: [1A[2KChrome Headless 103.0.5060.53 (Linux x86_64): Executed 4 of 4 SUCCESS (0 secs / 0.047 secs)
1: [1A[2KChrome Headless 103.0.5060.53 (Linux x86_64): Executed 4 of 4 SUCCESS (0.062 secs / 0.047 secs)
1: TOTAL: 4 SUCCESS
1: 10 07 2022 21:54:29.351:INFO [karma-server]: Karma v6.4.0 server started at http://localhost:9876/
1: 10 07 2022 21:54:29.352:INFO [launcher]: Launching browsers ChromeHeadless with concurrency unlimited
1: 10 07 2022 21:54:29.353:INFO [launcher]: Starting browser ChromeHeadless
1: 10 07 2022 21:54:29.568:INFO [Chrome Headless 103.0.5060.53 (Linux x86_64)]: Connected on socket euEaAYHccCO9NIlrAAAD with id 44843326
1: Chrome Headless 103.0.5060.53 (Linux x86_64): Executed 0 of 7 SUCCESS (0 secs / 0 secs)
1: [1A[2KChrome Headless 103.0.5060.53 (Linux x86_64): Executed 1 of 7 SUCCESS (0 secs / 0.02 secs)
1: [1A[2KChrome Headless 103.0.5060.53 (Linux x86_64): Executed 2 of 7 SUCCESS (0 secs / 0.028 secs)
1: [1A[2KChrome Headless 103.0.5060.53 (Linux x86_64): Executed 3 of 7 SUCCESS (0 secs / 0.062 secs)
1: [1A[2KChrome Headless 103.0.5060.53 (Linux x86_64): Executed 4 of 7 SUCCESS (0 secs / 0.071 secs)
1: [1A[2KChrome Headless 103.0.5060.53 (Linux x86_64): Executed 5 of 7 SUCCESS (0 secs / 0.078 secs)
1: [1A[2KChrome Headless 103.0.5060.53 (Linux x86_64): Executed 6 of 7 SUCCESS (0 secs / 0.086 secs)
1: [1A[2KChrome Headless 103.0.5060.53 (Linux x86_64): Executed 7 of 7 SUCCESS (0 secs / 0.092 secs)
1: [1A[2KChrome Headless 103.0.5060.53 (Linux x86_64): Executed 7 of 7 SUCCESS (0.139 secs / 0.092 secs)
1: TOTAL: 7 SUCCESS
1: 10 07 2022 21:54:54.258:INFO [karma-server]: Karma v6.4.0 server started at http://localhost:9876/
1: 10 07 2022 21:54:54.268:INFO [launcher]: Launching browsers ChromeHeadless with concurrency unlimited
1: 10 07 2022 21:54:54.270:INFO [launcher]: Starting browser ChromeHeadless
1: 10 07 2022 21:54:55.201:INFO [Chrome Headless 103.0.5060.53 (Linux x86_64)]: Connected on socket ba9THP2vbGvma53jAAAF with id 80083329
1: Chrome Headless 103.0.5060.53 (Linux x86_64): Executed 0 of 3 SUCCESS (0 secs / 0 secs)
1: [1A[2KChrome Headless 103.0.5060.53 (Linux x86_64): Executed 1 of 3 SUCCESS (0 secs / 0.084 secs)
1: [1A[2KChrome Headless 103.0.5060.53 (Linux x86_64): Executed 2 of 3 SUCCESS (0 secs / 0.091 secs)
1: [1A[2KChrome Headless 103.0.5060.53 (Linux x86_64): Executed 3 of 3 SUCCESS (0 secs / 0.109 secs)
1: [1A[2KChrome Headless 103.0.5060.53 (Linux x86_64): Executed 3 of 3 SUCCESS (0.123 secs / 0.109 secs)
1: TOTAL: 3 SUCCESS
1: npm timing command:run Completed in 73933ms
1: npm verb exit 0
1: npm timing npm Completed in 73983ms
1: npm info ok 
[HANDLER_OUTPUT] 
1/2 Test #1: NpmAngular .......................
   Passed   74.46 sec
[HANDLER_VERBOSE_OUTPUT] 
test 2

[HANDLER_OUTPUT] 
    Start 2: NpmTest

[HANDLER_VERBOSE_OUTPUT] 

2: Test command: /opt/hostedtoolcache/node/16.15.1/x64/bin/npm "run" "test" "--verbose"

2: Test timeout computed to be: 1500
2: npm verb cli /opt/hostedtoolcache/node/16.15.1/x64/bin/node /opt/hostedtoolcache/node/16.15.1/x64/bin/npm
2: npm info using npm@8.11.0
2: npm info using node@v16.15.1
2: npm timing npm:load:whichnode Completed in 1ms
2: npm timing config:load:defaults Completed in 1ms
2: npm timing config:load:file:/opt/hostedtoolcache/node/16.15.1/x64/lib/node_modules/npm/npmrc Completed in 1ms
2: npm timing config:load:builtin Completed in 2ms
2: npm timing config:load:cli Completed in 2ms
2: npm timing config:load:env Completed in 0ms
2: npm timing config:load:file:/home/runner/work/jessica/jessica/build/test/javascript/.npmrc Completed in 0ms
2: npm timing config:load:project Completed in 15ms
2: npm timing config:load:file:/home/runner/.npmrc Completed in 0ms
2: npm timing config:load:user Completed in 0ms
2: npm timing config:load:file:/opt/hostedtoolcache/node/16.15.1/x64/etc/npmrc Completed in 0ms
2: npm timing config:load:global Completed in 0ms
2: npm timing config:load:validate Completed in 0ms
2: npm timing config:load:credentials Completed in 1ms
2: npm timing config:load:setEnvs Completed in 1ms
2: npm timing config:load Completed in 22ms
2: npm timing npm:load:configload Completed in 22ms
2: npm timing npm:load:mkdirpcache Completed in 1ms
2: npm timing npm:load:mkdirplogs Completed in 1ms
2: npm verb title npm run test
2: npm verb argv "run" "test" "--loglevel" "verbose"
2: npm timing npm:load:setTitle Completed in 1ms
2: npm timing config:load:flatten Completed in 2ms
2: npm timing npm:load:display Completed in 8ms
2: npm verb logfile logs-max:10 dir:/home/runner/.npm/_logs
2: npm verb logfile /home/runner/.npm/_logs/2022-07-10T21_54_57_400Z-debug-0.log
2: npm timing npm:load:logFile Completed in 4ms
2: npm timing npm:load:timers Completed in 0ms
2: npm timing npm:load:configScope Completed in 0ms
2: npm timing npm:load Completed in 39ms
2: 
2: > test
2: > node --trace-warnings --unhandled-rejections=strict node_modules/.bin/jest
2: 
2:   console.log
2:     [2022-07-10 21:54:59.411] [log] [info] DecoratorLogger N7jessica11LogDurationINS_20DecoratorEndMeyerhofINS_25MeyerhofShallowFoundationINS_17VerticalEccentricENS_15FoundationStripEEEEEEE
2: 
2:       at console.<anonymous> (node_modules/jest-mock/build/index.js:839:25)
2: 
2:   console.log
2:     [2022-07-10 21:54:59.519] [log] [info] duration 0.0173 ms
2: 
2:       at console.<anonymous> (node_modules/jest-mock/build/index.js:839:25)
2: 
2:   console.log
2:     [2022-07-10 21:54:59.522] [log] [info] DecoratorLogger N7jessica11LogDurationINS_20DecoratorEndMeyerhofINS_25MeyerhofShallowFoundationINS_17VerticalEccentricENS_15FoundationStripEEEEEEE
2: 
2:       at console.<anonymous> (node_modules/jest-mock/build/index.js:839:25)
2: 
2:   console.log
2:     [2022-07-10 21:54:59.523] [log] [info] duration 0.0046 ms
2: 
2:       at console.<anonymous> (node_modules/jest-mock/build/index.js:839:25)
2: 
2: PASS ./jessica.test.js
2:   âœ“ WarmUpJessica (81 ms)
2:   âœ“ VerticalEccentric (424 ms)
2:   âœ“ FoundationStrip (8 ms)
2:   âœ“ CalcMeyehof (125 ms)
2: 
2: Test Suites: 1 passed, 1 total
2: Tests:       4 passed, 4 total
2: Snapshots:   0 total
2: Time:        1.56 s
2: Ran all test suites.
2:   console.warn
2:     Embind found a leaked C++ instance VerticalEccentric <0x50cca0>.
2:     We'll free it automatically in this case, but this functionality is not reliable across various environments.
2:     Make sure to invoke .delete() manually once you're done with the instance instead.
2:     Originally allocated
2:         at VerticalEccentric$clone (eval at new_ (/home/runner/work/jessica/jessica/build/src/javascript/wasm/jessica-node.js:3226:27), <anonymous>:9:19)
2:         at VerticalEccentric.proto.<computed> [as clone] (/home/runner/work/jessica/jessica/build/src/javascript/wasm/jessica-node.js:2738:68)
2:         at /home/runner/work/jessica/jessica/build/test/javascript/jessica.test.js:18:25
2: 
2:       2421 |       // at run-time, not build-time.
2:       2422 |       finalizationRegistry = new FinalizationRegistry((info) => {
2:     > 2423 |           console.warn(info.leakWarning.stack.replace(/^Error: /, ''));
2:            |                   ^
2:       2424 |           releaseClassHandle(info.$$);
2:       2425 |       });
2:       2426 |       attachFinalizer = (handle) => {
2: 
2:       at warn (../../src/javascript/wasm/jessica-node.js:2423:19)
2:           at FinalizationRegistry.cleanupSome (<anonymous>)
2: 
2:   console.warn
2:     Embind found a leaked C++ instance FoundationStrip <0x50cc58>.
2:     We'll free it automatically in this case, but this functionality is not reliable across various environments.
2:     Make sure to invoke .delete() manually once you're done with the instance instead.
2:     Originally allocated
2:         at FoundationStrip$clone (eval at new_ (/home/runner/work/jessica/jessica/build/src/javascript/wasm/jessica-node.js:3226:27), <anonymous>:9:19)
2:         at FoundationStrip.proto.<computed> [as clone] (/home/runner/work/jessica/jessica/build/src/javascript/wasm/jessica-node.js:2738:68)
2:         at /home/runner/work/jessica/jessica/build/test/javascript/jessica.test.js:29:37
2: 
2:       2421 |       // at run-time, not build-time.
2:       2422 |       finalizationRegistry = new FinalizationRegistry((info) => {
2:     > 2423 |           console.warn(info.leakWarning.stack.replace(/^Error: /, ''));
2:            |                   ^
2:       2424 |           releaseClassHandle(info.$$);
2:       2425 |       });
2:       2426 |       attachFinalizer = (handle) => {
2: 
2:       at warn (../../src/javascript/wasm/jessica-node.js:2423:19)
2:           at FinalizationRegistry.cleanupSome (<anonymous>)
2: 
2: npm timing command:run Completed in 2204ms
2: npm verb exit 0
2: npm timing npm Completed in 2249ms
2: npm info ok 
[HANDLER_OUTPUT] 
2/2 Test #2: NpmTest ..........................
   Passed    2.51 sec

100% tests passed, 0 tests failed out of 2

Total Test time (real) =  76.98 sec
