[HANDLER_VERBOSE_OUTPUT] 
UpdateCTestConfiguration  from :/home/runner/work/jessica/jessica/build/DartConfiguration.tcl

Parse Config file:/home/runner/work/jessica/jessica/build/DartConfiguration.tcl
UpdateCTestConfiguration  from :/home/runner/work/jessica/jessica/build/DartConfiguration.tcl
Parse Config file:/home/runner/work/jessica/jessica/build/DartConfiguration.tcl
[HANDLER_OUTPUT] 
Test project /home/runner/work/jessica/jessica/build

[HANDLER_VERBOSE_OUTPUT] 
Constructing a list of tests

Done constructing a list of tests
Updating test list for fixtures
Added 0 tests to meet fixture requirements
Checking test dependency graph...
Checking test dependency graph end
test 1
[HANDLER_OUTPUT] 
    Start 1: NpmAngular

[HANDLER_VERBOSE_OUTPUT] 

1: Test command: /opt/hostedtoolcache/node/14.19.3/x64/bin/npm "run" "test" "--verbose"

1: Test timeout computed to be: 1500
1: npm info it worked if it ends with ok
1: npm verb cli [
1: npm verb cli   '/opt/hostedtoolcache/node/14.19.3/x64/bin/node',
1: npm verb cli   '/opt/hostedtoolcache/node/14.19.3/x64/bin/npm',
1: npm verb cli   'run',
1: npm verb cli   'test',
1: npm verb cli   '--verbose'
1: npm verb cli ]
1: npm info using npm@6.14.17
1: npm info using node@v14.19.3
1: npm verb run-script [ 'pretest', 'test', 'posttest' ]
1: npm info lifecycle angular@0.0.0~pretest: angular@0.0.0
1: npm info lifecycle angular@0.0.0~test: angular@0.0.0
1: 
1: > angular@0.0.0 test /home/runner/work/jessica/jessica/src/angular
1: > ng test --no-watch --no-progress --browsers=ChromeHeadless
1: 
1: 03 07 2022 22:32:32.151:INFO [karma-server]: Karma v6.3.17 server started at http://localhost:9876/
1: 03 07 2022 22:32:32.153:INFO [launcher]: Launching browsers ChromeHeadless with concurrency unlimited
1: 03 07 2022 22:32:32.155:INFO [launcher]: Starting browser ChromeHeadless
1: 03 07 2022 22:32:32.651:INFO [Chrome Headless 103.0.5060.53 (Linux x86_64)]: Connected on socket v5L-iuuTlj35aWA3AAAB with id 57266682
1: Chrome Headless 103.0.5060.53 (Linux x86_64): Executed 0 of 4 SUCCESS (0 secs / 0 secs)
1: [1A[2KChrome Headless 103.0.5060.53 (Linux x86_64): Executed 1 of 4 SUCCESS (0 secs / 0.028 secs)
1: [1A[2KChrome Headless 103.0.5060.53 (Linux x86_64): Executed 2 of 4 SUCCESS (0 secs / 0.031 secs)
1: [1A[2KChrome Headless 103.0.5060.53 (Linux x86_64): Executed 3 of 4 SUCCESS (0 secs / 0.034 secs)
1: [1A[2KChrome Headless 103.0.5060.53 (Linux x86_64): Executed 4 of 4 SUCCESS (0 secs / 0.038 secs)
1: [1A[2KChrome Headless 103.0.5060.53 (Linux x86_64): Executed 4 of 4 SUCCESS (0.046 secs / 0.038 secs)
1: TOTAL: 4 SUCCESS
1: 03 07 2022 22:32:46.924:INFO [karma-server]: Karma v6.3.17 server started at http://localhost:9876/
1: 03 07 2022 22:32:46.925:INFO [launcher]: Launching browsers ChromeHeadless with concurrency unlimited
1: 03 07 2022 22:32:46.926:INFO [launcher]: Starting browser ChromeHeadless
1: 03 07 2022 22:32:47.109:INFO [Chrome Headless 103.0.5060.53 (Linux x86_64)]: Connected on socket ZUqCh6PFVtlYsMtkAAAD with id 96125666
1: Chrome Headless 103.0.5060.53 (Linux x86_64): Executed 0 of 7 SUCCESS (0 secs / 0 secs)
1: [1A[2KChrome Headless 103.0.5060.53 (Linux x86_64): Executed 1 of 7 SUCCESS (0 secs / 0.045 secs)
1: [1A[2KChrome Headless 103.0.5060.53 (Linux x86_64): Executed 2 of 7 SUCCESS (0 secs / 0.054 secs)
1: [1A[2KChrome Headless 103.0.5060.53 (Linux x86_64): Executed 3 of 7 SUCCESS (0 secs / 0.062 secs)
1: [1A[2KChrome Headless 103.0.5060.53 (Linux x86_64): Executed 4 of 7 SUCCESS (0 secs / 0.07 secs)
1: [1A[2KChrome Headless 103.0.5060.53 (Linux x86_64): Executed 5 of 7 SUCCESS (0 secs / 0.072 secs)
1: [1A[2KChrome Headless 103.0.5060.53 (Linux x86_64): Executed 6 of 7 SUCCESS (0 secs / 0.078 secs)
1: [1A[2KChrome Headless 103.0.5060.53 (Linux x86_64): Executed 7 of 7 SUCCESS (0 secs / 0.08 secs)
1: [1A[2KChrome Headless 103.0.5060.53 (Linux x86_64): Executed 7 of 7 SUCCESS (0.1 secs / 0.08 secs)
1: TOTAL: 7 SUCCESS
1: 03 07 2022 22:32:48.418:WARN [proxy]: failed to proxy /base/assets/jessica-web.wasm (socket hang up)
1: 03 07 2022 22:33:00.843:INFO [karma-server]: Karma v6.3.17 server started at http://localhost:9876/
1: 03 07 2022 22:33:00.844:INFO [launcher]: Launching browsers ChromeHeadless with concurrency unlimited
1: 03 07 2022 22:33:00.845:INFO [launcher]: Starting browser ChromeHeadless
1: 03 07 2022 22:33:01.031:INFO [Chrome Headless 103.0.5060.53 (Linux x86_64)]: Connected on socket -rCxzJ8-9Xrig9R6AAAF with id 30877856
1: Chrome Headless 103.0.5060.53 (Linux x86_64): Executed 0 of 3 SUCCESS (0 secs / 0 secs)
1: [1A[2KChrome Headless 103.0.5060.53 (Linux x86_64): Executed 1 of 3 SUCCESS (0 secs / 0.048 secs)
1: [1A[2KChrome Headless 103.0.5060.53 (Linux x86_64): Executed 2 of 3 SUCCESS (0 secs / 0.077 secs)
1: [1A[2KChrome Headless 103.0.5060.53 (Linux x86_64): Executed 3 of 3 SUCCESS (0 secs / 0.094 secs)
1: [1A[2KChrome Headless 103.0.5060.53 (Linux x86_64): Executed 3 of 3 SUCCESS (0.105 secs / 0.094 secs)
1: TOTAL: 3 SUCCESS
1: npm verb lifecycle angular@0.0.0~test: unsafe-perm in lifecycle true
1: npm verb lifecycle angular@0.0.0~test: PATH: /opt/hostedtoolcache/node/14.19.3/x64/lib/node_modules/npm/node_modules/npm-lifecycle/node-gyp-bin:/home/runner/work/jessica/jessica/src/angular/node_modules/.bin:/home/runner/work/jessica/jessica/emsdk/upstream/emscripten:/home/runner/work/jessica/jessica/emsdk:/opt/hostedtoolcache/node/14.19.3/x64/bin:/home/linuxbrew/.linuxbrew/bin:/home/linuxbrew/.linuxbrew/sbin:/home/runner/.local/bin:/opt/pipx_bin:/home/runner/.cargo/bin:/home/runner/.config/composer/vendor/bin:/usr/local/.ghcup/bin:/home/runner/.dotnet/tools:/snap/bin:/usr/local/sbin:/usr/local/bin:/usr/sbin:/usr/bin:/sbin:/bin:/usr/games:/usr/local/games:/snap/bin
1: npm verb lifecycle angular@0.0.0~test: CWD: /home/runner/work/jessica/jessica/src/angular
1: npm info lifecycle angular@0.0.0~posttest: angular@0.0.0
1: npm verb exit [ 0, true ]
1: npm timing npm Completed in 46660ms
1: npm info ok 
[HANDLER_OUTPUT] 
1/2 Test #1: NpmAngular .......................
   Passed   46.87 sec
[HANDLER_VERBOSE_OUTPUT] 
test 2

[HANDLER_OUTPUT] 
    Start 2: NpmTest

[HANDLER_VERBOSE_OUTPUT] 

2: Test command: /opt/hostedtoolcache/node/14.19.3/x64/bin/npm "run" "test" "--verbose"

2: Test timeout computed to be: 1500
2: npm info it worked if it ends with ok
2: npm verb cli [
2: npm verb cli   '/opt/hostedtoolcache/node/14.19.3/x64/bin/node',
2: npm verb cli   '/opt/hostedtoolcache/node/14.19.3/x64/bin/npm',
2: npm verb cli   'run',
2: npm verb cli   'test',
2: npm verb cli   '--verbose'
2: npm verb cli ]
2: npm info using npm@6.14.17
2: npm info using node@v14.19.3
2: npm verb run-script [ 'pretest', 'test', 'posttest' ]
2: npm info lifecycle @~pretest: @
2: npm info lifecycle @~test: @
2: 
2: > @ test /home/runner/work/jessica/jessica/build/test/javascript
2: > node --trace-warnings --unhandled-rejections=strict node_modules/.bin/jest
2: 
2:   console.log
2:     [2022-07-03 22:33:04.102] [log] [info] DecoratorLogger N7jessica11LogDurationINS_20DecoratorEndMeyerhofINS_25MeyerhofShallowFoundationINS_17VerticalEccentricENS_15FoundationStripEEEEEEE
2: 
2:       at console.<anonymous> (node_modules/jest-mock/build/index.js:839:25)
2: 
2:   console.log
2:     [2022-07-03 22:33:04.386] [log] [info] duration 0.015701 ms
2: 
2:       at console.<anonymous> (node_modules/jest-mock/build/index.js:839:25)
2: 
2:   console.log
2:     [2022-07-03 22:33:04.389] [log] [info] DecoratorLogger N7jessica11LogDurationINS_20DecoratorEndMeyerhofINS_25MeyerhofShallowFoundationINS_17VerticalEccentricENS_15FoundationStripEEEEEEE
2: 
2:       at console.<anonymous> (node_modules/jest-mock/build/index.js:839:25)
2: 
2:   console.log
2:     [2022-07-03 22:33:04.390] [log] [info] duration 0.005701 ms
2: 
2:       at console.<anonymous> (node_modules/jest-mock/build/index.js:839:25)
2: 
2: PASS ./jessica.test.js
2:   âœ“ WarmUpJessica (93 ms)
2:   âœ“ VerticalEccentric (62 ms)
2:   âœ“ FoundationStrip (48 ms)
2:   âœ“ CalcMeyehof (350 ms)
2: 
2: Test Suites: 1 passed, 1 total
2: Tests:       4 passed, 4 total
2: Snapshots:   0 total
2: Time:        1.409 s
2: Ran all test suites.
2:   console.warn
2:     Embind found a leaked C++ instance VerticalEccentric <0x50cca0>.
2:     We'll free it automatically in this case, but this functionality is not reliable across various environments.
2:     Make sure to invoke .delete() manually once you're done with the instance instead.
2:     Originally allocated
2:         at VerticalEccentric$clone (eval at new_ (/home/runner/work/jessica/jessica/build/src/javascript/wasm/jessica-node.js:3226:27), <anonymous>:9:19)
2:         at VerticalEccentric.proto.<computed> [as clone] (/home/runner/work/jessica/jessica/build/src/javascript/wasm/jessica-node.js:2738:68)
2:         at /home/runner/work/jessica/jessica/build/test/javascript/jessica.test.js:18:25
2: 
2:       2421 |       // at run-time, not build-time.
2:       2422 |       finalizationRegistry = new FinalizationRegistry((info) => {
2:     > 2423 |           console.warn(info.leakWarning.stack.replace(/^Error: /, ''));
2:            |                   ^
2:       2424 |           releaseClassHandle(info.$$);
2:       2425 |       });
2:       2426 |       attachFinalizer = (handle) => {
2: 
2:       at warn (../../src/javascript/wasm/jessica-node.js:2423:19)
2:           at FinalizationRegistry.cleanupSome (<anonymous>)
2: 
2:   console.warn
2:     Embind found a leaked C++ instance FoundationStrip <0x50cc58>.
2:     We'll free it automatically in this case, but this functionality is not reliable across various environments.
2:     Make sure to invoke .delete() manually once you're done with the instance instead.
2:     Originally allocated
2:         at FoundationStrip$clone (eval at new_ (/home/runner/work/jessica/jessica/build/src/javascript/wasm/jessica-node.js:3226:27), <anonymous>:9:19)
2:         at FoundationStrip.proto.<computed> [as clone] (/home/runner/work/jessica/jessica/build/src/javascript/wasm/jessica-node.js:2738:68)
2:         at /home/runner/work/jessica/jessica/build/test/javascript/jessica.test.js:29:37
2: 
2:       2421 |       // at run-time, not build-time.
2:       2422 |       finalizationRegistry = new FinalizationRegistry((info) => {
2:     > 2423 |           console.warn(info.leakWarning.stack.replace(/^Error: /, ''));
2:            |                   ^
2:       2424 |           releaseClassHandle(info.$$);
2:       2425 |       });
2:       2426 |       attachFinalizer = (handle) => {
2: 
2:       at warn (../../src/javascript/wasm/jessica-node.js:2423:19)
2:           at FinalizationRegistry.cleanupSome (<anonymous>)
2: 
2: npm verb lifecycle @~test: unsafe-perm in lifecycle true
2: npm verb lifecycle @~test: PATH: /opt/hostedtoolcache/node/14.19.3/x64/lib/node_modules/npm/node_modules/npm-lifecycle/node-gyp-bin:/home/runner/work/jessica/jessica/build/test/javascript/node_modules/.bin:/home/runner/work/jessica/jessica/emsdk/upstream/emscripten:/home/runner/work/jessica/jessica/emsdk:/opt/hostedtoolcache/node/14.19.3/x64/bin:/home/linuxbrew/.linuxbrew/bin:/home/linuxbrew/.linuxbrew/sbin:/home/runner/.local/bin:/opt/pipx_bin:/home/runner/.cargo/bin:/home/runner/.config/composer/vendor/bin:/usr/local/.ghcup/bin:/home/runner/.dotnet/tools:/snap/bin:/usr/local/sbin:/usr/local/bin:/usr/sbin:/usr/bin:/sbin:/bin:/usr/games:/usr/local/games:/snap/bin
2: npm verb lifecycle @~test: CWD: /home/runner/work/jessica/jessica/build/test/javascript
2: npm info lifecycle @~posttest: @
2: npm verb exit [ 0, true ]
2: npm timing npm Completed in 1977ms
2: npm info ok 
[HANDLER_OUTPUT] 
2/2 Test #2: NpmTest ..........................
   Passed    2.11 sec

100% tests passed, 0 tests failed out of 2

Total Test time (real) =  48.99 sec
