[HANDLER_VERBOSE_OUTPUT] 
UpdateCTestConfiguration  from :D:/a/jessica/jessica/build/DartConfiguration.tcl

Parse Config file:D:/a/jessica/jessica/build/DartConfiguration.tcl
UpdateCTestConfiguration  from :D:/a/jessica/jessica/build/DartConfiguration.tcl
Parse Config file:D:/a/jessica/jessica/build/DartConfiguration.tcl
[HANDLER_OUTPUT] 
Test project D:/a/jessica/jessica/build

[HANDLER_VERBOSE_OUTPUT] 
Constructing a list of tests

Done constructing a list of tests
Updating test list for fixtures
Added 0 tests to meet fixture requirements
Checking test dependency graph...
Checking test dependency graph end
test 1
[HANDLER_OUTPUT] 
    Start 1: TestCalcMeyerhof

[HANDLER_VERBOSE_OUTPUT] 

1: Test command: D:\a\jessica\jessica\build\test\backend\calc\geotechnical\Debug\test_calc_meyerhof.exe

1: Test timeout computed to be: 1500
1: [==========] Running 4 tests from 1 test suite.
1: [----------] Global test environment set-up.
1: [----------] 4 tests from data
1: [ RUN      ] data.CalcMeyehof
1: [       OK ] data.CalcMeyehof (13 ms)
1: [ RUN      ] data.CalcMeyehofAllDecorator
1: [2021-12-05 09:10:32.670] [log] [info] DecoratorLogger class jessica::LogDuration<class jessica::DecoratorEndFoundationStrip<class jessica::FoundationStrip> >
1: [2021-12-05 09:10:32.717] [log] [info] duration 0.0061 ms
1: [2021-12-05 09:10:32.718] [log] [info] DecoratorLogger class jessica::LogDuration<class jessica::DecoratorEndVerticalEccentric<class jessica::VerticalEccentric> >
1: [2021-12-05 09:10:32.718] [log] [info] duration 0.0023 ms
1: [2021-12-05 09:10:32.718] [log] [info] DecoratorLogger class jessica::LogDuration<class jessica::DecoratorEndVerticalEccentric<class jessica::VerticalEccentric> >
1: [2021-12-05 09:10:32.718] [log] [info] duration 0.0013 ms
1: [2021-12-05 09:10:32.718] [log] [info] DecoratorLogger class jessica::LogDuration<class jessica::DecoratorEndMeyerhof<class jessica::MeyerhofShallowFoundation<class jessica::DecoratorStartVerticalEccentric<class jessica::LogCall<class jessica::LogDuration<class jessica::DecoratorEndVerticalEccentric<class jessica::VerticalEccentric> > > >,class jessica::DecoratorStartFoundationStrip<class jessica::LogCall<class jessica::LogDuration<class jessica::DecoratorEndFoundationStrip<class jessica::FoundationStrip> > > > > > >
1: [2021-12-05 09:10:32.718] [log] [info] DecoratorLogger class jessica::LogDuration<class jessica::DecoratorEndFoundationStrip<class jessica::FoundationStrip> >
1: [2021-12-05 09:10:32.718] [log] [info] duration 0.0003 ms
1: [2021-12-05 09:10:32.718] [log] [info] DecoratorLogger class jessica::LogDuration<class jessica::DecoratorEndVerticalEccentric<class jessica::VerticalEccentric> >
1: [2021-12-05 09:10:32.718] [log] [info] duration 0.0004 ms
1: [2021-12-05 09:10:32.718] [log] [info] duration 0.0844 ms
1: [2021-12-05 09:10:32.718] [log] [info] DecoratorLogger class jessica::LogDuration<class jessica::DecoratorEndMeyerhof<class jessica::MeyerhofShallowFoundation<class jessica::DecoratorStartVerticalEccentric<class jessica::LogCall<class jessica::LogDuration<class jessica::DecoratorEndVerticalEccentric<class jessica::VerticalEccentric> > > >,class jessica::DecoratorStartFoundationStrip<class jessica::LogCall<class jessica::LogDuration<class jessica::DecoratorEndFoundationStrip<class jessica::FoundationStrip> > > > > > >
1: [2021-12-05 09:10:32.718] [log] [info] DecoratorLogger class jessica::LogDuration<class jessica::DecoratorEndVerticalEccentric<class jessica::VerticalEccentric> >
1: [2021-12-05 09:10:32.718] [log] [info] duration 0.0004 ms
1: [2021-12-05 09:10:32.718] [log] [info] DecoratorLogger class jessica::LogDuration<class jessica::DecoratorEndFoundationStrip<class jessica::FoundationStrip> >
1: [2021-12-05 09:10:32.718] [log] [info] duration 0.0002 ms
1: [2021-12-05 09:10:32.718] [log] [info] DecoratorLogger class jessica::LogDuration<class jessica::DecoratorEndVerticalEccentric<class jessica::VerticalEccentric> >
1: [2021-12-05 09:10:32.718] [log] [info] duration 0.0002 ms
1: [2021-12-05 09:10:32.718] [log] [info] duration 0.11 ms
1: [2021-12-05 09:10:32.718] [log] [info] DecoratorLogger class jessica::LogDuration<class jessica::DecoratorEndVerticalEccentric<class jessica::VerticalEccentric> >
1: [2021-12-05 09:10:32.718] [log] [info] duration 0.0012 ms
1: [2021-12-05 09:10:32.718] [log] [info] DecoratorLogger class jessica::LogDuration<class jessica::DecoratorEndMeyerhof<class jessica::MeyerhofShallowFoundation<class jessica::DecoratorStartVerticalEccentric<class jessica::LogCall<class jessica::LogDuration<class jessica::DecoratorEndVerticalEccentric<class jessica::VerticalEccentric> > > >,class jessica::DecoratorStartFoundationStrip<class jessica::LogCall<class jessica::LogDuration<class jessica::DecoratorEndFoundationStrip<class jessica::FoundationStrip> > > > > > >
1: [2021-12-05 09:10:32.718] [log] [info] DecoratorLogger class jessica::LogDuration<class jessica::DecoratorEndFoundationStrip<class jessica::FoundationStrip> >
1: [2021-12-05 09:10:32.718] [log] [info] duration 0.0001 ms
1: [2021-12-05 09:10:32.718] [log] [info] DecoratorLogger class jessica::LogDuration<class jessica::DecoratorEndVerticalEccentric<class jessica::VerticalEccentric> >
1: [2021-12-05 09:10:32.718] [log] [info] duration 0.0002 ms
1: [2021-12-05 09:10:32.718] [log] [info] duration 0.0591 ms
1: [2021-12-05 09:10:32.718] [log] [info] DecoratorLogger class jessica::LogDuration<class jessica::DecoratorEndMeyerhof<class jessica::MeyerhofShallowFoundation<class jessica::DecoratorStartVerticalEccentric<class jessica::LogCall<class jessica::LogDuration<class jessica::DecoratorEndVerticalEccentric<class jessica::VerticalEccentric> > > >,class jessica::DecoratorStartFoundationStrip<class jessica::LogCall<class jessica::LogDuration<class jessica::DecoratorEndFoundationStrip<class jessica::FoundationStrip> > > > > > >
1: [2021-12-05 09:10:32.718] [log] [info] DecoratorLogger class jessica::LogDuration<class jessica::DecoratorEndVerticalEccentric<class jessica::VerticalEccentric> >
1: [2021-12-05 09:10:32.718] [log] [info] duration 0.0002 ms
1: [2021-12-05 09:10:32.718] [log] [info] DecoratorLogger class jessica::LogDuration<class jessica::DecoratorEndFoundationStrip<class jessica::FoundationStrip> >
1: [2021-12-05 09:10:32.718] [log] [info] duration 0.0001 ms
1: [2021-12-05 09:10:32.718] [log] [info] DecoratorLogger class jessica::LogDuration<class jessica::DecoratorEndVerticalEccentric<class jessica::VerticalEccentric> >
1: [2021-12-05 09:10:32.718] [log] [info] duration 0.0001 ms
1: [2021-12-05 09:10:32.718] [log] [info] duration 0.0934 ms
1: [2021-12-05 09:10:32.718] [log] [info] DecoratorLogger class jessica::LogDuration<class jessica::DecoratorEndMeyerhof<class jessica::MeyerhofShallowFoundation<class jessica::DecoratorStartVerticalEccentric<class jessica::LogCall<class jessica::LogDuration<class jessica::DecoratorEndVerticalEccentric<class jessica::VerticalEccentric> > > >,class jessica::DecoratorStartFoundationStrip<class jessica::LogCall<class jessica::LogDuration<class jessica::DecoratorEndFoundationStrip<class jessica::FoundationStrip> > > > > > >
1: [2021-12-05 09:10:32.718] [log] [info] DecoratorLogger class jessica::LogDuration<class jessica::DecoratorEndFoundationStrip<class jessica::FoundationStrip> >
1: [2021-12-05 09:10:32.718] [log] [info] duration 0.0001 ms
1: [2021-12-05 09:10:32.718] [log] [info] DecoratorLogger class jessica::LogDuration<class jessica::DecoratorEndVerticalEccentric<class jessica::VerticalEccentric> >
1: [2021-12-05 09:10:32.718] [log] [info] duration 0.0001 ms
1: [2021-12-05 09:10:32.718] [log] [info] duration 0.0627 ms
1: [2021-12-05 09:10:32.718] [log] [info] DecoratorLogger class jessica::LogDuration<class jessica::DecoratorEndMeyerhof<class jessica::MeyerhofShallowFoundation<class jessica::DecoratorStartVerticalEccentric<class jessica::LogCall<class jessica::LogDuration<class jessica::DecoratorEndVerticalEccentric<class jessica::VerticalEccentric> > > >,class jessica::DecoratorStartFoundationStrip<class jessica::LogCall<class jessica::LogDuration<class jessica::DecoratorEndFoundationStrip<class jessica::FoundationStrip> > > > > > >
1: [2021-12-05 09:10:32.718] [log] [info] DecoratorLogger class jessica::LogDuration<class jessica::DecoratorEndFoundationStrip<class jessica::FoundationStrip> >
1: [2021-12-05 09:10:32.719] [log] [info] duration 0.0001 ms
1: [2021-12-05 09:10:32.719] [log] [info] DecoratorLogger class jessica::LogDuration<class jessica::DecoratorEndVerticalEccentric<class jessica::VerticalEccentric> >
1: [2021-12-05 09:10:32.719] [log] [info] duration 0.0001 ms
1: [2021-12-05 09:10:32.719] [log] [info] duration 0.1086 ms
1: [2021-12-05 09:10:32.719] [log] [info] DecoratorLogger class jessica::LogDuration<class jessica::DecoratorEndMeyerhof<class jessica::MeyerhofShallowFoundation<class jessica::DecoratorStartVerticalEccentric<class jessica::LogCall<class jessica::LogDuration<class jessica::DecoratorEndVerticalEccentric<class jessica::VerticalEccentric> > > >,class jessica::DecoratorStartFoundationStrip<class jessica::LogCall<class jessica::LogDuration<class jessica::DecoratorEndFoundationStrip<class jessica::FoundationStrip> > > > > > >
1: [2021-12-05 09:10:32.719] [log] [info] DecoratorLogger class jessica::LogDuration<class jessica::DecoratorEndVerticalEccentric<class jessica::VerticalEccentric> >
1: [2021-12-05 09:10:32.719] [log] [info] duration 0.0002 ms
1: [2021-12-05 09:10:32.719] [log] [info] DecoratorLogger class jessica::LogDuration<class jessica::DecoratorEndFoundationStrip<class jessica::FoundationStrip> >
1: [2021-12-05 09:10:32.719] [log] [info] duration 0.0002 ms
1: [2021-12-05 09:10:32.719] [log] [info] DecoratorLogger class jessica::LogDuration<class jessica::DecoratorEndVerticalEccentric<class jessica::VerticalEccentric> >
1: [2021-12-05 09:10:32.719] [log] [info] duration 0.0002 ms
1: [2021-12-05 09:10:32.719] [log] [info] duration 0.0924 ms
1: [2021-12-05 09:10:32.719] [log] [info] DecoratorLogger class jessica::LogDuration<class jessica::DecoratorEndMeyerhof<class jessica::MeyerhofShallowFoundation<class jessica::DecoratorStartVerticalEccentric<class jessica::LogCall<class jessica::LogDuration<class jessica::DecoratorEndVerticalEccentric<class jessica::VerticalEccentric> > > >,class jessica::DecoratorStartFoundationStrip<class jessica::LogCall<class jessica::LogDuration<class jessica::DecoratorEndFoundationStrip<class jessica::FoundationStrip> > > > > > >
1: [2021-12-05 09:10:32.719] [log] [info] DecoratorLogger class jessica::LogDuration<class jessica::DecoratorEndVerticalEccentric<class jessica::VerticalEccentric> >
1: [2021-12-05 09:10:32.719] [log] [info] duration 0.0003 ms
1: [2021-12-05 09:10:32.719] [log] [info] DecoratorLogger class jessica::LogDuration<class jessica::DecoratorEndFoundationStrip<class jessica::FoundationStrip> >
1: [2021-12-05 09:10:32.719] [log] [info] duration 0.0002 ms
1: [2021-12-05 09:10:32.719] [log] [info] DecoratorLogger class jessica::LogDuration<class jessica::DecoratorEndVerticalEccentric<class jessica::VerticalEccentric> >
1: [2021-12-05 09:10:32.719] [log] [info] duration 0.0002 ms
1: [2021-12-05 09:10:32.719] [log] [info] duration 0.1175 ms
1: [2021-12-05 09:10:32.719] [log] [info] DecoratorLogger class jessica::LogDuration<class jessica::DecoratorEndVerticalEccentric<class jessica::VerticalEccentric> >
1: [2021-12-05 09:10:32.719] [log] [info] duration 0.0014 ms
1: [2021-12-05 09:10:32.719] [log] [info] DecoratorLogger class jessica::LogDuration<class jessica::DecoratorEndMeyerhof<class jessica::MeyerhofShallowFoundation<class jessica::DecoratorStartVerticalEccentric<class jessica::LogCall<class jessica::LogDuration<class jessica::DecoratorEndVerticalEccentric<class jessica::VerticalEccentric> > > >,class jessica::DecoratorStartFoundationStrip<class jessica::LogCall<class jessica::LogDuration<class jessica::DecoratorEndFoundationStrip<class jessica::FoundationStrip> > > > > > >
1: [2021-12-05 09:10:32.719] [log] [info] DecoratorLogger class jessica::LogDuration<class jessica::DecoratorEndFoundationStrip<class jessica::FoundationStrip> >
1: [2021-12-05 09:10:32.719] [log] [info] duration 0.0001 ms
1: [2021-12-05 09:10:32.719] [log] [info] DecoratorLogger class jessica::LogDuration<class jessica::DecoratorEndVerticalEccentric<class jessica::VerticalEccentric> >
1: [2021-12-05 09:10:32.719] [log] [info] duration 0.0002 ms
1: [2021-12-05 09:10:32.719] [log] [info] duration 0.0606 ms
1: [2021-12-05 09:10:32.719] [log] [info] DecoratorLogger class jessica::LogDuration<class jessica::DecoratorEndVerticalEccentric<class jessica::VerticalEccentric> >
1: [2021-12-05 09:10:32.719] [log] [info] duration 0.0011 ms
1: [2021-12-05 09:10:32.719] [log] [info] DecoratorLogger class jessica::LogDuration<class jessica::DecoratorEndMeyerhof<class jessica::MeyerhofShallowFoundation<class jessica::DecoratorStartVerticalEccentric<class jessica::LogCall<class jessica::LogDuration<class jessica::DecoratorEndVerticalEccentric<class jessica::VerticalEccentric> > > >,class jessica::DecoratorStartFoundationStrip<class jessica::LogCall<class jessica::LogDuration<class jessica::DecoratorEndFoundationStrip<class jessica::FoundationStrip> > > > > > >
1: [2021-12-05 09:10:32.719] [log] [info] DecoratorLogger class jessica::LogDuration<class jessica::DecoratorEndFoundationStrip<class jessica::FoundationStrip> >
1: [2021-12-05 09:10:32.719] [log] [info] duration 0.0001 ms
1: [2021-12-05 09:10:32.719] [log] [info] DecoratorLogger class jessica::LogDuration<class jessica::DecoratorEndVerticalEccentric<class jessica::VerticalEccentric> >
1: [2021-12-05 09:10:32.719] [log] [info] duration 0.0001 ms
1: [2021-12-05 09:10:32.719] [log] [info] duration 0.0586 ms
1: [       OK ] data.CalcMeyehofAllDecorator (50 ms)
1: [ RUN      ] data.CalcMeyehofMainDecorator
1: [2021-12-05 09:10:32.720] [log] [info] DecoratorLogger class jessica::LogDuration<class jessica::DecoratorEndMeyerhof<class jessica::MeyerhofShallowFoundation<class jessica::VerticalEccentric,class jessica::FoundationStrip> > >
1: [2021-12-05 09:10:32.720] [log] [info] duration 0.0005 ms
1: [2021-12-05 09:10:32.720] [log] [info] DecoratorLogger class jessica::LogDuration<class jessica::DecoratorEndMeyerhof<class jessica::MeyerhofShallowFoundation<class jessica::VerticalEccentric,class jessica::FoundationStrip> > >
1: [2021-12-05 09:10:32.720] [log] [info] duration 0.0005 ms
1: [2021-12-05 09:10:32.720] [log] [info] DecoratorLogger class jessica::LogDuration<class jessica::DecoratorEndMeyerhof<class jessica::MeyerhofShallowFoundation<class jessica::VerticalEccentric,class jessica::FoundationStrip> > >
1: [2021-12-05 09:10:32.721] [log] [info] duration 0.001 ms
1: [2021-12-05 09:10:32.721] [log] [info] DecoratorLogger class jessica::LogDuration<class jessica::DecoratorEndMeyerhof<class jessica::MeyerhofShallowFoundation<class jessica::VerticalEccentric,class jessica::FoundationStrip> > >
1: [2021-12-05 09:10:32.721] [log] [info] duration 0.0004 ms
1: [2021-12-05 09:10:32.721] [log] [info] DecoratorLogger class jessica::LogDuration<class jessica::DecoratorEndMeyerhof<class jessica::MeyerhofShallowFoundation<class jessica::VerticalEccentric,class jessica::FoundationStrip> > >
1: [2021-12-05 09:10:32.721] [log] [info] duration 0.0003 ms
1: [2021-12-05 09:10:32.721] [log] [info] DecoratorLogger class jessica::LogDuration<class jessica::DecoratorEndMeyerhof<class jessica::MeyerhofShallowFoundation<class jessica::VerticalEccentric,class jessica::FoundationStrip> > >
1: [2021-12-05 09:10:32.721] [log] [info] duration 0.0003 ms
1: [2021-12-05 09:10:32.721] [log] [info] DecoratorLogger class jessica::LogDuration<class jessica::DecoratorEndMeyerhof<class jessica::MeyerhofShallowFoundation<class jessica::VerticalEccentric,class jessica::FoundationStrip> > >
1: [2021-12-05 09:10:32.721] [log] [info] duration 0.0003 ms
1: [2021-12-05 09:10:32.721] [log] [info] DecoratorLogger class jessica::LogDuration<class jessica::DecoratorEndMeyerhof<class jessica::MeyerhofShallowFoundation<class jessica::VerticalEccentric,class jessica::FoundationStrip> > >
1: [2021-12-05 09:10:32.721] [log] [info] duration 0.0003 ms
1: [2021-12-05 09:10:32.721] [log] [info] DecoratorLogger class jessica::LogDuration<class jessica::DecoratorEndMeyerhof<class jessica::MeyerhofShallowFoundation<class jessica::VerticalEccentric,class jessica::FoundationStrip> > >
1: [2021-12-05 09:10:32.721] [log] [info] duration 0.0003 ms
1: [2021-12-05 09:10:32.721] [log] [info] DecoratorLogger class jessica::LogDuration<class jessica::DecoratorEndMeyerhof<class jessica::MeyerhofShallowFoundation<class jessica::VerticalEccentric,class jessica::FoundationStrip> > >
1: [2021-12-05 09:10:32.721] [log] [info] duration 0.0003 ms
1: [2021-12-05 09:10:32.722] [log] [info] DecoratorLogger class jessica::LogDuration<class jessica::DecoratorEndMeyerhof<class jessica::MeyerhofShallowFoundation<class jessica::VerticalEccentric,class jessica::FoundationStrip> > >
1: [2021-12-05 09:10:32.722] [log] [info] duration 0.0005 ms
1: [2021-12-05 09:10:32.722] [log] [info] DecoratorLogger class jessica::LogDuration<class jessica::DecoratorEndMeyerhof<class jessica::MeyerhofShallowFoundation<class jessica::VerticalEccentric,class jessica::FoundationStrip> > >
1: [2021-12-05 09:10:32.722] [log] [info] duration 0.0004 ms
1: [2021-12-05 09:10:32.722] [log] [info] DecoratorLogger class jessica::LogDuration<class jessica::DecoratorEndMeyerhof<class jessica::MeyerhofShallowFoundation<class jessica::VerticalEccentric,class jessica::FoundationStrip> > >
1: [2021-12-05 09:10:32.722] [log] [info] duration 0.0004 ms
1: [2021-12-05 09:10:32.722] [log] [info] DecoratorLogger class jessica::LogDuration<class jessica::DecoratorEndMeyerhof<class jessica::MeyerhofShallowFoundation<class jessica::VerticalEccentric,class jessica::FoundationStrip> > >
1: [2021-12-05 09:10:32.722] [log] [info] duration 0.0003 ms
1: [       OK ] data.CalcMeyehofMainDecorator (1 ms)
1: [ RUN      ] data.CalcMeyehofChildrenAccess
1: [2021-12-05 09:10:32.722] [log] [info] DecoratorLogger class jessica::LogDuration<class jessica::DecoratorEndMeyerhof<class jessica::MeyerhofShallowFoundation<class jessica::VerticalEccentric,class jessica::FoundationStrip> > >
1: [2021-12-05 09:10:32.722] [log] [info] duration 0.0028 ms
1: [2021-12-05 09:10:32.722] [log] [info] DecoratorLogger class jessica::LogDuration<class jessica::DecoratorEndMeyerhof<class jessica::MeyerhofShallowFoundation<class jessica::VerticalEccentric,class jessica::FoundationStrip> > >
1: [2021-12-05 09:10:32.722] [log] [info] duration 0.0021 ms
1: [2021-12-05 09:10:32.722] [log] [info] DecoratorLogger class jessica::LogDuration<class jessica::DecoratorEndMeyerhof<class jessica::MeyerhofShallowFoundation<class jessica::VerticalEccentric,class jessica::FoundationStrip> > >
1: [2021-12-05 09:10:32.722] [log] [info] duration 0.0025 ms
1: [2021-12-05 09:10:32.722] [log] [info] DecoratorLogger class jessica::LogDuration<class jessica::DecoratorEndMeyerhof<class jessica::MeyerhofShallowFoundation<class jessica::VerticalEccentric,class jessica::FoundationStrip> > >
1: [2021-12-05 09:10:32.722] [log] [info] duration 0.0004 ms
1: [2021-12-05 09:10:32.722] [log] [info] DecoratorLogger class jessica::LogDuration<class jessica::DecoratorEndMeyerhof<class jessica::MeyerhofShallowFoundation<class jessica::VerticalEccentric,class jessica::FoundationStrip> > >
1: [2021-12-05 09:10:32.722] [log] [info] duration 0.0003 ms
1: [2021-12-05 09:10:32.722] [log] [info] DecoratorLogger class jessica::LogDuration<class jessica::DecoratorEndMeyerhof<class jessica::MeyerhofShallowFoundation<class jessica::VerticalEccentric,class jessica::FoundationStrip> > >
1: [2021-12-05 09:10:32.722] [log] [info] duration 0.0004 ms
1: [2021-12-05 09:10:32.722] [log] [info] DecoratorLogger class jessica::LogDuration<class jessica::DecoratorEndMeyerhof<class jessica::MeyerhofShallowFoundation<class jessica::VerticalEccentric,class jessica::FoundationStrip> > >
1: [2021-12-05 09:10:32.722] [log] [info] duration 0.0003 ms
1: [2021-12-05 09:10:32.722] [log] [info] DecoratorLogger class jessica::LogDuration<class jessica::DecoratorEndMeyerhof<class jessica::MeyerhofShallowFoundation<class jessica::VerticalEccentric,class jessica::FoundationStrip> > >
1: [2021-12-05 09:10:32.722] [log] [info] duration 0.0004 ms
1: [2021-12-05 09:10:32.723] [log] [info] DecoratorLogger class jessica::LogDuration<class jessica::DecoratorEndMeyerhof<class jessica::MeyerhofShallowFoundation<class jessica::VerticalEccentric,class jessica::FoundationStrip> > >
1: [2021-12-05 09:10:32.723] [log] [info] duration 0.0007 ms
1: [2021-12-05 09:10:32.723] [log] [info] DecoratorLogger class jessica::LogDuration<class jessica::DecoratorEndMeyerhof<class jessica::MeyerhofShallowFoundation<class jessica::VerticalEccentric,class jessica::FoundationStrip> > >
1: [2021-12-05 09:10:32.723] [log] [info] duration 0.0003 ms
1: [2021-12-05 09:10:32.723] [log] [info] DecoratorLogger class jessica::LogDuration<class jessica::DecoratorEndMeyerhof<class jessica::MeyerhofShallowFoundation<class jessica::VerticalEccentric,class jessica::FoundationStrip> > >
1: [2021-12-05 09:10:32.723] [log] [info] duration 0.0004 ms
1: [2021-12-05 09:10:32.723] [log] [info] DecoratorLogger class jessica::LogDuration<class jessica::DecoratorEndMeyerhof<class jessica::MeyerhofShallowFoundation<class jessica::VerticalEccentric,class jessica::FoundationStrip> > >
1: [2021-12-05 09:10:32.723] [log] [info] duration 0.0003 ms
1: [       OK ] data.CalcMeyehofChildrenAccess (1 ms)
1: [----------] 4 tests from data (67 ms total)
1: 
1: [----------] Global test environment tear-down
1: [==========] 4 tests from 1 test suite ran. (117 ms total)
1: [  PASSED  ] 4 tests.
[HANDLER_OUTPUT] 
1/4 Test #1: TestCalcMeyerhof ..................
   Passed    0.59 sec
[HANDLER_VERBOSE_OUTPUT] 
test 2

[HANDLER_OUTPUT] 
    Start 2: TestGeotechnicalFoundationStrip

[HANDLER_VERBOSE_OUTPUT] 

2: Test command: D:\a\jessica\jessica\build\test\backend\data\Debug\test_geotechnical_foundation_strip.exe

2: Test timeout computed to be: 1500
2: [==========] Running 2 tests from 1 test suite.
2: [----------] Global test environment set-up.
2: [----------] 2 tests from data
2: [ RUN      ] data.FoundationStrip
2: [       OK ] data.FoundationStrip (1 ms)
2: [ RUN      ] data.FoundationStripDecorator
2: [2021-12-05 09:10:32.772] [log] [info] DecoratorLogger class jessica::LogDuration<class jessica::DecoratorEndFoundationStrip<class jessica::FoundationStrip> >
2: [2021-12-05 09:10:32.773] [log] [info] duration 0.0004 ms
2: [2021-12-05 09:10:32.773] [log] [info] DecoratorLogger class jessica::LogDuration<class jessica::DecoratorEndFoundationStrip<class jessica::FoundationStrip> >
2: [2021-12-05 09:10:32.773] [log] [info] duration 0.0029 ms
2: [2021-12-05 09:10:32.773] [log] [info] DecoratorLogger class jessica::LogDuration<class jessica::DecoratorEndFoundationStrip<class jessica::FoundationStrip> >
2: [2021-12-05 09:10:32.773] [log] [info] duration 0.0003 ms
2: [2021-12-05 09:10:32.773] [log] [info] DecoratorLogger class jessica::LogDuration<class jessica::DecoratorEndFoundationStrip<class jessica::FoundationStrip> >
2: [2021-12-05 09:10:32.773] [log] [info] duration 0.0003 ms
2: [2021-12-05 09:10:32.773] [log] [info] DecoratorLogger class jessica::LogDuration<class jessica::DecoratorEndFoundationStrip<class jessica::FoundationStrip> >
2: [2021-12-05 09:10:32.773] [log] [info] duration 0.0002 ms
2: [2021-12-05 09:10:32.773] [log] [info] DecoratorLogger class jessica::LogDuration<class jessica::DecoratorEndFoundationStrip<class jessica::FoundationStrip> >
2: [2021-12-05 09:10:32.773] [log] [info] duration 0.0002 ms
2: [2021-12-05 09:10:32.774] [log] [info] DecoratorLogger class jessica::LogDuration<class jessica::DecoratorEndFoundationStrip<class jessica::FoundationStrip> >
2: [2021-12-05 09:10:32.774] [log] [info] duration 0.0003 ms
2: [2021-12-05 09:10:32.774] [log] [info] DecoratorLogger class jessica::LogDuration<class jessica::DecoratorEndFoundationStrip<class jessica::FoundationStrip> >
2: [2021-12-05 09:10:32.774] [log] [info] duration 0.0006 ms
2: [       OK ] data.FoundationStripDecorator (2 ms)
2: [----------] 2 tests from data (4 ms total)
2: 
2: [----------] Global test environment tear-down
2: [==========] 2 tests from 1 test suite ran. (4 ms total)
2: [  PASSED  ] 2 tests.
[HANDLER_OUTPUT] 
2/4 Test #2: TestGeotechnicalFoundationStrip ...
   Passed    0.02 sec
[HANDLER_VERBOSE_OUTPUT] 
test 3

[HANDLER_OUTPUT] 
    Start 3: TestLoadVerticalEccentric

[HANDLER_VERBOSE_OUTPUT] 

3: Test command: D:\a\jessica\jessica\build\test\backend\data\Debug\test_load_vertical_eccentric.exe

3: Test timeout computed to be: 1500
3: [==========] Running 2 tests from 1 test suite.
3: [----------] Global test environment set-up.
3: [----------] 2 tests from data
3: [ RUN      ] data.VerticalEccentric
3: [       OK ] data.VerticalEccentric (1 ms)
3: [ RUN      ] data.VerticalEccentricDecorator
3: [2021-12-05 09:10:32.794] [log] [info] DecoratorLogger class jessica::LogDuration<class jessica::DecoratorEndVerticalEccentric<class jessica::VerticalEccentric> >
3: [2021-12-05 09:10:32.795] [log] [info] duration 0.0005 ms
3: [2021-12-05 09:10:32.796] [log] [info] DecoratorLogger class jessica::LogDuration<class jessica::DecoratorEndVerticalEccentric<class jessica::VerticalEccentric> >
3: [2021-12-05 09:10:32.796] [log] [info] duration 0.0004 ms
3: [2021-12-05 09:10:32.796] [log] [info] DecoratorLogger class jessica::LogDuration<class jessica::DecoratorEndVerticalEccentric<class jessica::VerticalEccentric> >
3: [2021-12-05 09:10:32.796] [log] [info] duration 0.0015 ms
3: [2021-12-05 09:10:32.796] [log] [info] DecoratorLogger class jessica::LogDuration<class jessica::DecoratorEndVerticalEccentric<class jessica::VerticalEccentric> >
3: [2021-12-05 09:10:32.796] [log] [info] duration 0.0003 ms
3: [2021-12-05 09:10:32.796] [log] [info] DecoratorLogger class jessica::LogDuration<class jessica::DecoratorEndVerticalEccentric<class jessica::VerticalEccentric> >
3: [2021-12-05 09:10:32.796] [log] [info] duration 0.0003 ms
3: [2021-12-05 09:10:32.796] [log] [info] DecoratorLogger class jessica::LogDuration<class jessica::DecoratorEndVerticalEccentric<class jessica::VerticalEccentric> >
3: [2021-12-05 09:10:32.796] [log] [info] duration 0.0013 ms
3: [2021-12-05 09:10:32.796] [log] [info] DecoratorLogger class jessica::LogDuration<class jessica::DecoratorEndVerticalEccentric<class jessica::VerticalEccentric> >
3: [2021-12-05 09:10:32.796] [log] [info] duration 0.0003 ms
3: [2021-12-05 09:10:32.796] [log] [info] DecoratorLogger class jessica::LogDuration<class jessica::DecoratorEndVerticalEccentric<class jessica::VerticalEccentric> >
3: [2021-12-05 09:10:32.796] [log] [info] duration 0.0002 ms
3: [2021-12-05 09:10:32.796] [log] [info] DecoratorLogger class jessica::LogDuration<class jessica::DecoratorEndVerticalEccentric<class jessica::VerticalEccentric> >
3: [2021-12-05 09:10:32.796] [log] [info] duration 0.0004 ms
3: [2021-12-05 09:10:32.796] [log] [info] DecoratorLogger class jessica::LogDuration<class jessica::DecoratorEndVerticalEccentric<class jessica::VerticalEccentric> >
3: [2021-12-05 09:10:32.796] [log] [info] duration 0.0001 ms
3: [2021-12-05 09:10:32.797] [log] [info] DecoratorLogger class jessica::LogDuration<class jessica::DecoratorEndVerticalEccentric<class jessica::VerticalEccentric> >
3: [2021-12-05 09:10:32.797] [log] [info] duration 0.0005 ms
3: [2021-12-05 09:10:32.797] [log] [info] DecoratorLogger class jessica::LogDuration<class jessica::DecoratorEndVerticalEccentric<class jessica::VerticalEccentric> >
3: [2021-12-05 09:10:32.797] [log] [info] duration 0.0002 ms
3: [2021-12-05 09:10:32.797] [log] [info] DecoratorLogger class jessica::LogDuration<class jessica::DecoratorEndVerticalEccentric<class jessica::VerticalEccentric> >
3: [2021-12-05 09:10:32.798] [log] [info] duration 0.0002 ms
3: [2021-12-05 09:10:32.798] [log] [info] DecoratorLogger class jessica::LogDuration<class jessica::DecoratorEndVerticalEccentric<class jessica::VerticalEccentric> >
3: [2021-12-05 09:10:32.798] [log] [info] duration 0.0004 ms
3: [2021-12-05 09:10:32.798] [log] [info] DecoratorLogger class jessica::LogDuration<class jessica::DecoratorEndVerticalEccentric<class jessica::VerticalEccentric> >
3: [2021-12-05 09:10:32.798] [log] [info] duration 0.0003 ms
3: [2021-12-05 09:10:32.798] [log] [info] DecoratorLogger class jessica::LogDuration<class jessica::DecoratorEndVerticalEccentric<class jessica::VerticalEccentric> >
3: [2021-12-05 09:10:32.798] [log] [info] duration 0.0002 ms
3: [       OK ] data.VerticalEccentricDecorator (4 ms)
3: [----------] 2 tests from data (5 ms total)
3: 
3: [----------] Global test environment tear-down
3: [==========] 2 tests from 1 test suite ran. (5 ms total)
3: [  PASSED  ] 2 tests.
[HANDLER_OUTPUT] 
3/4 Test #3: TestLoadVerticalEccentric .........
   Passed    0.02 sec
[HANDLER_VERBOSE_OUTPUT] 
test 4

[HANDLER_OUTPUT] 
    Start 4: TestUtilDecorator

[HANDLER_VERBOSE_OUTPUT] 

4: Test command: D:\a\jessica\jessica\build\test\backend\util\Debug\test_util_decorator.exe

4: Test timeout computed to be: 1500
4: Running main() from D:\a\jessica\jessica\vcpkg\buildtrees\gtest\src\ase-1.11.0-7d339f16d4.clean\googletest\src\gtest_main.cc
4: [==========] Running 1 test from 1 test suite.
4: [----------] Global test environment set-up.
4: [----------] 1 test from decorator
4: [ RUN      ] decorator.Test
4: DecoratorLogger class DecoratorEndTest<class DecoratorTest>
4: DecoratorLogger class DecoratorEndTest<class DecoratorTest>
4: [       OK ] decorator.Test (0 ms)
4: [----------] 1 test from decorator (0 ms total)
4: 
4: [----------] Global test environment tear-down
4: [==========] 1 test from 1 test suite ran. (1 ms total)
4: [  PASSED  ] 1 test.
[HANDLER_OUTPUT] 
4/4 Test #4: TestUtilDecorator .................
   Passed    0.02 sec

100% tests passed, 0 tests failed out of 4

Total Test time (real) =   0.72 sec
