[HANDLER_VERBOSE_OUTPUT] 
UpdateCTestConfiguration  from :D:/a/jessica/jessica/build/DartConfiguration.tcl

Parse Config file:D:/a/jessica/jessica/build/DartConfiguration.tcl
UpdateCTestConfiguration  from :D:/a/jessica/jessica/build/DartConfiguration.tcl
Parse Config file:D:/a/jessica/jessica/build/DartConfiguration.tcl
[HANDLER_OUTPUT] 
Test project D:/a/jessica/jessica/build

[HANDLER_VERBOSE_OUTPUT] 
Constructing a list of tests

Done constructing a list of tests
Updating test list for fixtures
Added 0 tests to meet fixture requirements
Checking test dependency graph...
Checking test dependency graph end
test 1
[HANDLER_OUTPUT] 
    Start 1: TestCalcMeyerhof

[HANDLER_VERBOSE_OUTPUT] 

1: Test command: D:\a\jessica\jessica\build\test\backend\calc\geotechnical\Debug\test_calc_meyerhof.exe

1: Test timeout computed to be: 1500
1: [==========] Running 4 tests from 1 test suite.
1: [----------] Global test environment set-up.
1: [----------] 4 tests from data
1: [ RUN      ] data.CalcMeyehof
1: [       OK ] data.CalcMeyehof (25 ms)
1: [ RUN      ] data.CalcMeyehofAllDecorator
1: [2021-11-13 21:20:52.713] [log] [info] DecoratorLogger class jessica::LogDuration<class jessica::DecoratorEndFoundationStrip<class jessica::FoundationStrip> >
1: [2021-11-13 21:20:52.748] [log] [info] duration 0.0239 ms
1: [2021-11-13 21:20:52.748] [log] [info] DecoratorLogger class jessica::LogDuration<class jessica::DecoratorEndVerticalEccentric<class jessica::VerticalEccentric> >
1: [2021-11-13 21:20:52.748] [log] [info] duration 0.0018 ms
1: [2021-11-13 21:20:52.748] [log] [info] DecoratorLogger class jessica::LogDuration<class jessica::DecoratorEndVerticalEccentric<class jessica::VerticalEccentric> >
1: [2021-11-13 21:20:52.748] [log] [info] duration 0.0013 ms
1: [2021-11-13 21:20:52.749] [log] [info] DecoratorLogger class jessica::LogDuration<class jessica::DecoratorEndMeyerhof<class jessica::MeyerhofShallowFoundation<class jessica::DecoratorStartVerticalEccentric<class jessica::LogCall<class jessica::LogDuration<class jessica::DecoratorEndVerticalEccentric<class jessica::VerticalEccentric> > > >,class jessica::DecoratorStartFoundationStrip<class jessica::LogCall<class jessica::LogDuration<class jessica::DecoratorEndFoundationStrip<class jessica::FoundationStrip> > > > > > >
1: [2021-11-13 21:20:52.751] [log] [info] DecoratorLogger class jessica::LogDuration<class jessica::DecoratorEndFoundationStrip<class jessica::FoundationStrip> >
1: [2021-11-13 21:20:52.751] [log] [info] duration 0.0009 ms
1: [2021-11-13 21:20:52.751] [log] [info] DecoratorLogger class jessica::LogDuration<class jessica::DecoratorEndVerticalEccentric<class jessica::VerticalEccentric> >
1: [2021-11-13 21:20:52.751] [log] [info] duration 0.0003 ms
1: [2021-11-13 21:20:52.752] [log] [info] duration 2.1794 ms
1: [2021-11-13 21:20:52.752] [log] [info] DecoratorLogger class jessica::LogDuration<class jessica::DecoratorEndMeyerhof<class jessica::MeyerhofShallowFoundation<class jessica::DecoratorStartVerticalEccentric<class jessica::LogCall<class jessica::LogDuration<class jessica::DecoratorEndVerticalEccentric<class jessica::VerticalEccentric> > > >,class jessica::DecoratorStartFoundationStrip<class jessica::LogCall<class jessica::LogDuration<class jessica::DecoratorEndFoundationStrip<class jessica::FoundationStrip> > > > > > >
1: [2021-11-13 21:20:52.752] [log] [info] DecoratorLogger class jessica::LogDuration<class jessica::DecoratorEndVerticalEccentric<class jessica::VerticalEccentric> >
1: [2021-11-13 21:20:52.752] [log] [info] duration 0.0004 ms
1: [2021-11-13 21:20:52.752] [log] [info] DecoratorLogger class jessica::LogDuration<class jessica::DecoratorEndFoundationStrip<class jessica::FoundationStrip> >
1: [2021-11-13 21:20:52.752] [log] [info] duration 0.0002 ms
1: [2021-11-13 21:20:52.752] [log] [info] DecoratorLogger class jessica::LogDuration<class jessica::DecoratorEndVerticalEccentric<class jessica::VerticalEccentric> >
1: [2021-11-13 21:20:52.752] [log] [info] duration 0.0002 ms
1: [2021-11-13 21:20:52.752] [log] [info] duration 0.1293 ms
1: [2021-11-13 21:20:52.752] [log] [info] DecoratorLogger class jessica::LogDuration<class jessica::DecoratorEndVerticalEccentric<class jessica::VerticalEccentric> >
1: [2021-11-13 21:20:52.752] [log] [info] duration 0.0024 ms
1: [2021-11-13 21:20:52.752] [log] [info] DecoratorLogger class jessica::LogDuration<class jessica::DecoratorEndMeyerhof<class jessica::MeyerhofShallowFoundation<class jessica::DecoratorStartVerticalEccentric<class jessica::LogCall<class jessica::LogDuration<class jessica::DecoratorEndVerticalEccentric<class jessica::VerticalEccentric> > > >,class jessica::DecoratorStartFoundationStrip<class jessica::LogCall<class jessica::LogDuration<class jessica::DecoratorEndFoundationStrip<class jessica::FoundationStrip> > > > > > >
1: [2021-11-13 21:20:52.752] [log] [info] DecoratorLogger class jessica::LogDuration<class jessica::DecoratorEndFoundationStrip<class jessica::FoundationStrip> >
1: [2021-11-13 21:20:52.752] [log] [info] duration 0.0001 ms
1: [2021-11-13 21:20:52.752] [log] [info] DecoratorLogger class jessica::LogDuration<class jessica::DecoratorEndVerticalEccentric<class jessica::VerticalEccentric> >
1: [2021-11-13 21:20:52.752] [log] [info] duration 0.0002 ms
1: [2021-11-13 21:20:52.752] [log] [info] duration 0.0569 ms
1: [2021-11-13 21:20:52.752] [log] [info] DecoratorLogger class jessica::LogDuration<class jessica::DecoratorEndMeyerhof<class jessica::MeyerhofShallowFoundation<class jessica::DecoratorStartVerticalEccentric<class jessica::LogCall<class jessica::LogDuration<class jessica::DecoratorEndVerticalEccentric<class jessica::VerticalEccentric> > > >,class jessica::DecoratorStartFoundationStrip<class jessica::LogCall<class jessica::LogDuration<class jessica::DecoratorEndFoundationStrip<class jessica::FoundationStrip> > > > > > >
1: [2021-11-13 21:20:52.752] [log] [info] DecoratorLogger class jessica::LogDuration<class jessica::DecoratorEndVerticalEccentric<class jessica::VerticalEccentric> >
1: [2021-11-13 21:20:52.752] [log] [info] duration 0.0002 ms
1: [2021-11-13 21:20:52.752] [log] [info] DecoratorLogger class jessica::LogDuration<class jessica::DecoratorEndFoundationStrip<class jessica::FoundationStrip> >
1: [2021-11-13 21:20:52.752] [log] [info] duration 0.0001 ms
1: [2021-11-13 21:20:52.752] [log] [info] DecoratorLogger class jessica::LogDuration<class jessica::DecoratorEndVerticalEccentric<class jessica::VerticalEccentric> >
1: [2021-11-13 21:20:52.752] [log] [info] duration 0.0001 ms
1: [2021-11-13 21:20:52.752] [log] [info] duration 0.0802 ms
1: [2021-11-13 21:20:52.752] [log] [info] DecoratorLogger class jessica::LogDuration<class jessica::DecoratorEndMeyerhof<class jessica::MeyerhofShallowFoundation<class jessica::DecoratorStartVerticalEccentric<class jessica::LogCall<class jessica::LogDuration<class jessica::DecoratorEndVerticalEccentric<class jessica::VerticalEccentric> > > >,class jessica::DecoratorStartFoundationStrip<class jessica::LogCall<class jessica::LogDuration<class jessica::DecoratorEndFoundationStrip<class jessica::FoundationStrip> > > > > > >
1: [2021-11-13 21:20:52.752] [log] [info] DecoratorLogger class jessica::LogDuration<class jessica::DecoratorEndFoundationStrip<class jessica::FoundationStrip> >
1: [2021-11-13 21:20:52.753] [log] [info] duration 0.0001 ms
1: [2021-11-13 21:20:52.753] [log] [info] DecoratorLogger class jessica::LogDuration<class jessica::DecoratorEndVerticalEccentric<class jessica::VerticalEccentric> >
1: [2021-11-13 21:20:52.753] [log] [info] duration 0.0001 ms
1: [2021-11-13 21:20:52.753] [log] [info] duration 0.056 ms
1: [2021-11-13 21:20:52.753] [log] [info] DecoratorLogger class jessica::LogDuration<class jessica::DecoratorEndMeyerhof<class jessica::MeyerhofShallowFoundation<class jessica::DecoratorStartVerticalEccentric<class jessica::LogCall<class jessica::LogDuration<class jessica::DecoratorEndVerticalEccentric<class jessica::VerticalEccentric> > > >,class jessica::DecoratorStartFoundationStrip<class jessica::LogCall<class jessica::LogDuration<class jessica::DecoratorEndFoundationStrip<class jessica::FoundationStrip> > > > > > >
1: [2021-11-13 21:20:52.753] [log] [info] DecoratorLogger class jessica::LogDuration<class jessica::DecoratorEndFoundationStrip<class jessica::FoundationStrip> >
1: [2021-11-13 21:20:52.753] [log] [info] duration 0.0001 ms
1: [2021-11-13 21:20:52.753] [log] [info] DecoratorLogger class jessica::LogDuration<class jessica::DecoratorEndVerticalEccentric<class jessica::VerticalEccentric> >
1: [2021-11-13 21:20:52.753] [log] [info] duration 0.0001 ms
1: [2021-11-13 21:20:52.753] [log] [info] duration 0.0544 ms
1: [2021-11-13 21:20:52.753] [log] [info] DecoratorLogger class jessica::LogDuration<class jessica::DecoratorEndMeyerhof<class jessica::MeyerhofShallowFoundation<class jessica::DecoratorStartVerticalEccentric<class jessica::LogCall<class jessica::LogDuration<class jessica::DecoratorEndVerticalEccentric<class jessica::VerticalEccentric> > > >,class jessica::DecoratorStartFoundationStrip<class jessica::LogCall<class jessica::LogDuration<class jessica::DecoratorEndFoundationStrip<class jessica::FoundationStrip> > > > > > >
1: [2021-11-13 21:20:52.753] [log] [info] DecoratorLogger class jessica::LogDuration<class jessica::DecoratorEndVerticalEccentric<class jessica::VerticalEccentric> >
1: [2021-11-13 21:20:52.753] [log] [info] duration 0.0001 ms
1: [2021-11-13 21:20:52.753] [log] [info] DecoratorLogger class jessica::LogDuration<class jessica::DecoratorEndFoundationStrip<class jessica::FoundationStrip> >
1: [2021-11-13 21:20:52.753] [log] [info] duration 0.0001 ms
1: [2021-11-13 21:20:52.753] [log] [info] DecoratorLogger class jessica::LogDuration<class jessica::DecoratorEndVerticalEccentric<class jessica::VerticalEccentric> >
1: [2021-11-13 21:20:52.753] [log] [info] duration 0.0001 ms
1: [2021-11-13 21:20:52.753] [log] [info] duration 0.0799 ms
1: [2021-11-13 21:20:52.753] [log] [info] DecoratorLogger class jessica::LogDuration<class jessica::DecoratorEndMeyerhof<class jessica::MeyerhofShallowFoundation<class jessica::DecoratorStartVerticalEccentric<class jessica::LogCall<class jessica::LogDuration<class jessica::DecoratorEndVerticalEccentric<class jessica::VerticalEccentric> > > >,class jessica::DecoratorStartFoundationStrip<class jessica::LogCall<class jessica::LogDuration<class jessica::DecoratorEndFoundationStrip<class jessica::FoundationStrip> > > > > > >
1: [2021-11-13 21:20:53.203] [log] [info] DecoratorLogger class jessica::LogDuration<class jessica::DecoratorEndVerticalEccentric<class jessica::VerticalEccentric> >
1: [2021-11-13 21:20:53.203] [log] [info] duration 0.0007 ms
1: [2021-11-13 21:20:53.203] [log] [info] DecoratorLogger class jessica::LogDuration<class jessica::DecoratorEndFoundationStrip<class jessica::FoundationStrip> >
1: [2021-11-13 21:20:53.203] [log] [info] duration 0.0003 ms
1: [2021-11-13 21:20:53.203] [log] [info] DecoratorLogger class jessica::LogDuration<class jessica::DecoratorEndVerticalEccentric<class jessica::VerticalEccentric> >
1: [2021-11-13 21:20:53.203] [log] [info] duration 0.0003 ms
1: [2021-11-13 21:20:53.203] [log] [info] duration 0.1842 ms
1: [2021-11-13 21:20:53.203] [log] [info] DecoratorLogger class jessica::LogDuration<class jessica::DecoratorEndVerticalEccentric<class jessica::VerticalEccentric> >
1: [2021-11-13 21:20:53.203] [log] [info] duration 0.003 ms
1: [2021-11-13 21:20:53.203] [log] [info] DecoratorLogger class jessica::LogDuration<class jessica::DecoratorEndMeyerhof<class jessica::MeyerhofShallowFoundation<class jessica::DecoratorStartVerticalEccentric<class jessica::LogCall<class jessica::LogDuration<class jessica::DecoratorEndVerticalEccentric<class jessica::VerticalEccentric> > > >,class jessica::DecoratorStartFoundationStrip<class jessica::LogCall<class jessica::LogDuration<class jessica::DecoratorEndFoundationStrip<class jessica::FoundationStrip> > > > > > >
1: [2021-11-13 21:20:53.203] [log] [info] DecoratorLogger class jessica::LogDuration<class jessica::DecoratorEndFoundationStrip<class jessica::FoundationStrip> >
1: [2021-11-13 21:20:53.203] [log] [info] duration 0.0001 ms
1: [2021-11-13 21:20:53.203] [log] [info] DecoratorLogger class jessica::LogDuration<class jessica::DecoratorEndVerticalEccentric<class jessica::VerticalEccentric> >
1: [2021-11-13 21:20:53.203] [log] [info] duration 0.0002 ms
1: [2021-11-13 21:20:53.203] [log] [info] duration 0.0531 ms
1: [2021-11-13 21:20:53.203] [log] [info] DecoratorLogger class jessica::LogDuration<class jessica::DecoratorEndVerticalEccentric<class jessica::VerticalEccentric> >
1: [2021-11-13 21:20:53.203] [log] [info] duration 0.0009 ms
1: [2021-11-13 21:20:53.203] [log] [info] DecoratorLogger class jessica::LogDuration<class jessica::DecoratorEndMeyerhof<class jessica::MeyerhofShallowFoundation<class jessica::DecoratorStartVerticalEccentric<class jessica::LogCall<class jessica::LogDuration<class jessica::DecoratorEndVerticalEccentric<class jessica::VerticalEccentric> > > >,class jessica::DecoratorStartFoundationStrip<class jessica::LogCall<class jessica::LogDuration<class jessica::DecoratorEndFoundationStrip<class jessica::FoundationStrip> > > > > > >
1: [2021-11-13 21:20:53.203] [log] [info] DecoratorLogger class jessica::LogDuration<class jessica::DecoratorEndFoundationStrip<class jessica::FoundationStrip> >
1: [2021-11-13 21:20:53.203] [log] [info] duration 0.0001 ms
1: [2021-11-13 21:20:53.203] [log] [info] DecoratorLogger class jessica::LogDuration<class jessica::DecoratorEndVerticalEccentric<class jessica::VerticalEccentric> >
1: [2021-11-13 21:20:53.203] [log] [info] duration 0.0001 ms
1: [2021-11-13 21:20:53.203] [log] [info] duration 0.063 ms
1: [       OK ] data.CalcMeyehofAllDecorator (491 ms)
1: [ RUN      ] data.CalcMeyehofMainDecorator
1: [2021-11-13 21:20:53.204] [log] [info] DecoratorLogger class jessica::LogDuration<class jessica::DecoratorEndMeyerhof<class jessica::MeyerhofShallowFoundation<class jessica::VerticalEccentric,class jessica::FoundationStrip> > >
1: [2021-11-13 21:20:53.204] [log] [info] duration 0.0005 ms
1: [2021-11-13 21:20:53.204] [log] [info] DecoratorLogger class jessica::LogDuration<class jessica::DecoratorEndMeyerhof<class jessica::MeyerhofShallowFoundation<class jessica::VerticalEccentric,class jessica::FoundationStrip> > >
1: [2021-11-13 21:20:53.204] [log] [info] duration 0.0004 ms
1: [2021-11-13 21:20:53.204] [log] [info] DecoratorLogger class jessica::LogDuration<class jessica::DecoratorEndMeyerhof<class jessica::MeyerhofShallowFoundation<class jessica::VerticalEccentric,class jessica::FoundationStrip> > >
1: [2021-11-13 21:20:53.212] [log] [info] duration 0.0008 ms
1: [2021-11-13 21:20:53.212] [log] [info] DecoratorLogger class jessica::LogDuration<class jessica::DecoratorEndMeyerhof<class jessica::MeyerhofShallowFoundation<class jessica::VerticalEccentric,class jessica::FoundationStrip> > >
1: [2021-11-13 21:20:53.212] [log] [info] duration 0.0005 ms
1: [2021-11-13 21:20:53.212] [log] [info] DecoratorLogger class jessica::LogDuration<class jessica::DecoratorEndMeyerhof<class jessica::MeyerhofShallowFoundation<class jessica::VerticalEccentric,class jessica::FoundationStrip> > >
1: [2021-11-13 21:20:53.212] [log] [info] duration 0.0003 ms
1: [2021-11-13 21:20:53.212] [log] [info] DecoratorLogger class jessica::LogDuration<class jessica::DecoratorEndMeyerhof<class jessica::MeyerhofShallowFoundation<class jessica::VerticalEccentric,class jessica::FoundationStrip> > >
1: [2021-11-13 21:20:53.212] [log] [info] duration 0.0002 ms
1: [2021-11-13 21:20:53.212] [log] [info] DecoratorLogger class jessica::LogDuration<class jessica::DecoratorEndMeyerhof<class jessica::MeyerhofShallowFoundation<class jessica::VerticalEccentric,class jessica::FoundationStrip> > >
1: [2021-11-13 21:20:53.212] [log] [info] duration 0.0002 ms
1: [2021-11-13 21:20:53.212] [log] [info] DecoratorLogger class jessica::LogDuration<class jessica::DecoratorEndMeyerhof<class jessica::MeyerhofShallowFoundation<class jessica::VerticalEccentric,class jessica::FoundationStrip> > >
1: [2021-11-13 21:20:53.212] [log] [info] duration 0.0003 ms
1: [2021-11-13 21:20:53.212] [log] [info] DecoratorLogger class jessica::LogDuration<class jessica::DecoratorEndMeyerhof<class jessica::MeyerhofShallowFoundation<class jessica::VerticalEccentric,class jessica::FoundationStrip> > >
1: [2021-11-13 21:20:53.212] [log] [info] duration 0.0003 ms
1: [2021-11-13 21:20:53.212] [log] [info] DecoratorLogger class jessica::LogDuration<class jessica::DecoratorEndMeyerhof<class jessica::MeyerhofShallowFoundation<class jessica::VerticalEccentric,class jessica::FoundationStrip> > >
1: [2021-11-13 21:20:53.212] [log] [info] duration 0.0002 ms
1: [2021-11-13 21:20:53.212] [log] [info] DecoratorLogger class jessica::LogDuration<class jessica::DecoratorEndMeyerhof<class jessica::MeyerhofShallowFoundation<class jessica::VerticalEccentric,class jessica::FoundationStrip> > >
1: [2021-11-13 21:20:53.212] [log] [info] duration 0.0004 ms
1: [2021-11-13 21:20:53.212] [log] [info] DecoratorLogger class jessica::LogDuration<class jessica::DecoratorEndMeyerhof<class jessica::MeyerhofShallowFoundation<class jessica::VerticalEccentric,class jessica::FoundationStrip> > >
1: [2021-11-13 21:20:53.212] [log] [info] duration 0.0004 ms
1: [2021-11-13 21:20:53.212] [log] [info] DecoratorLogger class jessica::LogDuration<class jessica::DecoratorEndMeyerhof<class jessica::MeyerhofShallowFoundation<class jessica::VerticalEccentric,class jessica::FoundationStrip> > >
1: [2021-11-13 21:20:53.213] [log] [info] duration 0.0004 ms
1: [2021-11-13 21:20:53.213] [log] [info] DecoratorLogger class jessica::LogDuration<class jessica::DecoratorEndMeyerhof<class jessica::MeyerhofShallowFoundation<class jessica::VerticalEccentric,class jessica::FoundationStrip> > >
1: [2021-11-13 21:20:53.213] [log] [info] duration 0.0003 ms
1: [       OK ] data.CalcMeyehofMainDecorator (8 ms)
1: [ RUN      ] data.CalcMeyehofChildrenAccess
1: [2021-11-13 21:20:53.213] [log] [info] DecoratorLogger class jessica::LogDuration<class jessica::DecoratorEndMeyerhof<class jessica::MeyerhofShallowFoundation<class jessica::VerticalEccentric,class jessica::FoundationStrip> > >
1: [2021-11-13 21:20:53.213] [log] [info] duration 0.0025 ms
1: [2021-11-13 21:20:53.213] [log] [info] DecoratorLogger class jessica::LogDuration<class jessica::DecoratorEndMeyerhof<class jessica::MeyerhofShallowFoundation<class jessica::VerticalEccentric,class jessica::FoundationStrip> > >
1: [2021-11-13 21:20:53.213] [log] [info] duration 0.0018 ms
1: [2021-11-13 21:20:53.213] [log] [info] DecoratorLogger class jessica::LogDuration<class jessica::DecoratorEndMeyerhof<class jessica::MeyerhofShallowFoundation<class jessica::VerticalEccentric,class jessica::FoundationStrip> > >
1: [2021-11-13 21:20:53.213] [log] [info] duration 0.0023 ms
1: [2021-11-13 21:20:53.213] [log] [info] DecoratorLogger class jessica::LogDuration<class jessica::DecoratorEndMeyerhof<class jessica::MeyerhofShallowFoundation<class jessica::VerticalEccentric,class jessica::FoundationStrip> > >
1: [2021-11-13 21:20:53.213] [log] [info] duration 0.0003 ms
1: [2021-11-13 21:20:53.213] [log] [info] DecoratorLogger class jessica::LogDuration<class jessica::DecoratorEndMeyerhof<class jessica::MeyerhofShallowFoundation<class jessica::VerticalEccentric,class jessica::FoundationStrip> > >
1: [2021-11-13 21:20:53.213] [log] [info] duration 0.0002 ms
1: [2021-11-13 21:20:53.213] [log] [info] DecoratorLogger class jessica::LogDuration<class jessica::DecoratorEndMeyerhof<class jessica::MeyerhofShallowFoundation<class jessica::VerticalEccentric,class jessica::FoundationStrip> > >
1: [2021-11-13 21:20:53.213] [log] [info] duration 0.0003 ms
1: [2021-11-13 21:20:53.213] [log] [info] DecoratorLogger class jessica::LogDuration<class jessica::DecoratorEndMeyerhof<class jessica::MeyerhofShallowFoundation<class jessica::VerticalEccentric,class jessica::FoundationStrip> > >
1: [2021-11-13 21:20:53.213] [log] [info] duration 0.0003 ms
1: [2021-11-13 21:20:53.213] [log] [info] DecoratorLogger class jessica::LogDuration<class jessica::DecoratorEndMeyerhof<class jessica::MeyerhofShallowFoundation<class jessica::VerticalEccentric,class jessica::FoundationStrip> > >
1: [2021-11-13 21:20:53.213] [log] [info] duration 0.0003 ms
1: [2021-11-13 21:20:53.214] [log] [info] DecoratorLogger class jessica::LogDuration<class jessica::DecoratorEndMeyerhof<class jessica::MeyerhofShallowFoundation<class jessica::VerticalEccentric,class jessica::FoundationStrip> > >
1: [2021-11-13 21:20:53.214] [log] [info] duration 0.0005 ms
1: [2021-11-13 21:20:53.214] [log] [info] DecoratorLogger class jessica::LogDuration<class jessica::DecoratorEndMeyerhof<class jessica::MeyerhofShallowFoundation<class jessica::VerticalEccentric,class jessica::FoundationStrip> > >
1: [2021-11-13 21:20:53.214] [log] [info] duration 0.0003 ms
1: [2021-11-13 21:20:53.220] [log] [info] DecoratorLogger class jessica::LogDuration<class jessica::DecoratorEndMeyerhof<class jessica::MeyerhofShallowFoundation<class jessica::VerticalEccentric,class jessica::FoundationStrip> > >
1: [2021-11-13 21:20:53.220] [log] [info] duration 0.0009 ms
1: [2021-11-13 21:20:53.220] [log] [info] DecoratorLogger class jessica::LogDuration<class jessica::DecoratorEndMeyerhof<class jessica::MeyerhofShallowFoundation<class jessica::VerticalEccentric,class jessica::FoundationStrip> > >
1: [2021-11-13 21:20:53.220] [log] [info] duration 0.0005 ms
1: [       OK ] data.CalcMeyehofChildrenAccess (7 ms)
1: [----------] 4 tests from data (533 ms total)
1: 
1: [----------] Global test environment tear-down
1: [==========] 4 tests from 1 test suite ran. (549 ms total)
1: [  PASSED  ] 4 tests.
[HANDLER_OUTPUT] 
1/4 Test #1: TestCalcMeyerhof ..................
   Passed    0.96 sec
[HANDLER_VERBOSE_OUTPUT] 
test 2

[HANDLER_OUTPUT] 
    Start 2: TestGeotechnicalFoundationStrip

[HANDLER_VERBOSE_OUTPUT] 

2: Test command: D:\a\jessica\jessica\build\test\backend\data\Debug\test_geotechnical_foundation_strip.exe

2: Test timeout computed to be: 1500
2: [==========] Running 2 tests from 1 test suite.
2: [----------] Global test environment set-up.
2: [----------] 2 tests from data
2: [ RUN      ] data.FoundationStrip
2: [       OK ] data.FoundationStrip (0 ms)
2: [ RUN      ] data.FoundationStripDecorator
2: [2021-11-13 21:20:53.255] [log] [info] DecoratorLogger class jessica::LogDuration<class jessica::DecoratorEndFoundationStrip<class jessica::FoundationStrip> >
2: [2021-11-13 21:20:53.261] [log] [info] duration 0.0008 ms
2: [2021-11-13 21:20:53.261] [log] [info] DecoratorLogger class jessica::LogDuration<class jessica::DecoratorEndFoundationStrip<class jessica::FoundationStrip> >
2: [2021-11-13 21:20:53.261] [log] [info] duration 0.0024 ms
2: [2021-11-13 21:20:53.261] [log] [info] DecoratorLogger class jessica::LogDuration<class jessica::DecoratorEndFoundationStrip<class jessica::FoundationStrip> >
2: [2021-11-13 21:20:53.261] [log] [info] duration 0.0004 ms
2: [2021-11-13 21:20:53.261] [log] [info] DecoratorLogger class jessica::LogDuration<class jessica::DecoratorEndFoundationStrip<class jessica::FoundationStrip> >
2: [2021-11-13 21:20:53.261] [log] [info] duration 0.0003 ms
2: [2021-11-13 21:20:53.261] [log] [info] DecoratorLogger class jessica::LogDuration<class jessica::DecoratorEndFoundationStrip<class jessica::FoundationStrip> >
2: [2021-11-13 21:20:53.261] [log] [info] duration 0.0002 ms
2: [2021-11-13 21:20:53.261] [log] [info] DecoratorLogger class jessica::LogDuration<class jessica::DecoratorEndFoundationStrip<class jessica::FoundationStrip> >
2: [2021-11-13 21:20:53.261] [log] [info] duration 0.0002 ms
2: [2021-11-13 21:20:53.262] [log] [info] DecoratorLogger class jessica::LogDuration<class jessica::DecoratorEndFoundationStrip<class jessica::FoundationStrip> >
2: [2021-11-13 21:20:53.262] [log] [info] duration 0.0003 ms
2: [2021-11-13 21:20:53.262] [log] [info] DecoratorLogger class jessica::LogDuration<class jessica::DecoratorEndFoundationStrip<class jessica::FoundationStrip> >
2: [2021-11-13 21:20:53.262] [log] [info] duration 0.0003 ms
2: [       OK ] data.FoundationStripDecorator (7 ms)
2: [----------] 2 tests from data (8 ms total)
2: 
2: [----------] Global test environment tear-down
2: [==========] 2 tests from 1 test suite ran. (9 ms total)
2: [  PASSED  ] 2 tests.
[HANDLER_OUTPUT] 
2/4 Test #2: TestGeotechnicalFoundationStrip ...
   Passed    0.03 sec
[HANDLER_VERBOSE_OUTPUT] 
test 3

[HANDLER_OUTPUT] 
    Start 3: TestLoadVerticalEccentric

[HANDLER_VERBOSE_OUTPUT] 

3: Test command: D:\a\jessica\jessica\build\test\backend\data\Debug\test_load_vertical_eccentric.exe

3: Test timeout computed to be: 1500
3: [==========] Running 2 tests from 1 test suite.
3: [----------] Global test environment set-up.
3: [----------] 2 tests from data
3: [ RUN      ] data.VerticalEccentric
3: [       OK ] data.VerticalEccentric (1 ms)
3: [ RUN      ] data.VerticalEccentricDecorator
3: [2021-11-13 21:20:53.284] [log] [info] DecoratorLogger class jessica::LogDuration<class jessica::DecoratorEndVerticalEccentric<class jessica::VerticalEccentric> >
3: [2021-11-13 21:20:53.285] [log] [info] duration 0.0003 ms
3: [2021-11-13 21:20:53.285] [log] [info] DecoratorLogger class jessica::LogDuration<class jessica::DecoratorEndVerticalEccentric<class jessica::VerticalEccentric> >
3: [2021-11-13 21:20:53.286] [log] [info] duration 0.0003 ms
3: [2021-11-13 21:20:53.286] [log] [info] DecoratorLogger class jessica::LogDuration<class jessica::DecoratorEndVerticalEccentric<class jessica::VerticalEccentric> >
3: [2021-11-13 21:20:53.286] [log] [info] duration 0.0017 ms
3: [2021-11-13 21:20:53.286] [log] [info] DecoratorLogger class jessica::LogDuration<class jessica::DecoratorEndVerticalEccentric<class jessica::VerticalEccentric> >
3: [2021-11-13 21:20:53.286] [log] [info] duration 0.0004 ms
3: [2021-11-13 21:20:53.286] [log] [info] DecoratorLogger class jessica::LogDuration<class jessica::DecoratorEndVerticalEccentric<class jessica::VerticalEccentric> >
3: [2021-11-13 21:20:53.286] [log] [info] duration 0.0003 ms
3: [2021-11-13 21:20:53.286] [log] [info] DecoratorLogger class jessica::LogDuration<class jessica::DecoratorEndVerticalEccentric<class jessica::VerticalEccentric> >
3: [2021-11-13 21:20:53.286] [log] [info] duration 0.0019 ms
3: [2021-11-13 21:20:53.287] [log] [info] DecoratorLogger class jessica::LogDuration<class jessica::DecoratorEndVerticalEccentric<class jessica::VerticalEccentric> >
3: [2021-11-13 21:20:53.287] [log] [info] duration 0.0003 ms
3: [2021-11-13 21:20:53.287] [log] [info] DecoratorLogger class jessica::LogDuration<class jessica::DecoratorEndVerticalEccentric<class jessica::VerticalEccentric> >
3: [2021-11-13 21:20:53.287] [log] [info] duration 0.0003 ms
3: [2021-11-13 21:20:53.287] [log] [info] DecoratorLogger class jessica::LogDuration<class jessica::DecoratorEndVerticalEccentric<class jessica::VerticalEccentric> >
3: [2021-11-13 21:20:53.287] [log] [info] duration 0.0003 ms
3: [2021-11-13 21:20:53.287] [log] [info] DecoratorLogger class jessica::LogDuration<class jessica::DecoratorEndVerticalEccentric<class jessica::VerticalEccentric> >
3: [2021-11-13 21:20:53.287] [log] [info] duration 0.0002 ms
3: [2021-11-13 21:20:53.287] [log] [info] DecoratorLogger class jessica::LogDuration<class jessica::DecoratorEndVerticalEccentric<class jessica::VerticalEccentric> >
3: [2021-11-13 21:20:53.287] [log] [info] duration 0.0002 ms
3: [2021-11-13 21:20:53.287] [log] [info] DecoratorLogger class jessica::LogDuration<class jessica::DecoratorEndVerticalEccentric<class jessica::VerticalEccentric> >
3: [2021-11-13 21:20:53.287] [log] [info] duration 0.0003 ms
3: [2021-11-13 21:20:53.288] [log] [info] DecoratorLogger class jessica::LogDuration<class jessica::DecoratorEndVerticalEccentric<class jessica::VerticalEccentric> >
3: [2021-11-13 21:20:53.288] [log] [info] duration 0.0003 ms
3: [2021-11-13 21:20:53.288] [log] [info] DecoratorLogger class jessica::LogDuration<class jessica::DecoratorEndVerticalEccentric<class jessica::VerticalEccentric> >
3: [2021-11-13 21:20:53.288] [log] [info] duration 0.0005 ms
3: [2021-11-13 21:20:53.288] [log] [info] DecoratorLogger class jessica::LogDuration<class jessica::DecoratorEndVerticalEccentric<class jessica::VerticalEccentric> >
3: [2021-11-13 21:20:53.288] [log] [info] duration 0.0003 ms
3: [2021-11-13 21:20:53.288] [log] [info] DecoratorLogger class jessica::LogDuration<class jessica::DecoratorEndVerticalEccentric<class jessica::VerticalEccentric> >
3: [2021-11-13 21:20:53.289] [log] [info] duration 0.0002 ms
3: [       OK ] data.VerticalEccentricDecorator (4 ms)
3: [----------] 2 tests from data (5 ms total)
3: 
3: [----------] Global test environment tear-down
3: [==========] 2 tests from 1 test suite ran. (6 ms total)
3: [  PASSED  ] 2 tests.
[HANDLER_OUTPUT] 
3/4 Test #3: TestLoadVerticalEccentric .........
   Passed    0.02 sec
[HANDLER_VERBOSE_OUTPUT] 
test 4

[HANDLER_OUTPUT] 
    Start 4: TestUtilDecorator

[HANDLER_VERBOSE_OUTPUT] 

4: Test command: D:\a\jessica\jessica\build\test\backend\util\Debug\test_util_decorator.exe

4: Test timeout computed to be: 1500
4: Running main() from D:\a\jessica\jessica\vcpkg\buildtrees\gtest\src\ase-1.11.0-7d339f16d4.clean\googletest\src\gtest_main.cc
4: [==========] Running 1 test from 1 test suite.
4: [----------] Global test environment set-up.
4: [----------] 1 test from decorator
4: [ RUN      ] decorator.Test
4: DecoratorLogger class DecoratorEndTest<class DecoratorTest>
4: DecoratorLogger class DecoratorEndTest<class DecoratorTest>
4: [       OK ] decorator.Test (0 ms)
4: [----------] 1 test from decorator (0 ms total)
4: 
4: [----------] Global test environment tear-down
4: [==========] 1 test from 1 test suite ran. (0 ms total)
4: [  PASSED  ] 1 test.
[HANDLER_OUTPUT] 
4/4 Test #4: TestUtilDecorator .................
   Passed    0.02 sec

100% tests passed, 0 tests failed out of 4

Total Test time (real) =   1.10 sec
