[HANDLER_OUTPUT] 
Test project /home/runner/work/jessica/jessica/build

    Start 1: NpmTest
1/1 Test #1: NpmTest ..........................   Passed   13.99 sec

100% tests passed, 0 tests failed out of 1

Total Test time (real) =  14.03 sec
