[HANDLER_VERBOSE_OUTPUT] 
UpdateCTestConfiguration  from :/home/runner/work/jessica/jessica/build/DartConfiguration.tcl

Parse Config file:/home/runner/work/jessica/jessica/build/DartConfiguration.tcl
UpdateCTestConfiguration  from :/home/runner/work/jessica/jessica/build/DartConfiguration.tcl
Parse Config file:/home/runner/work/jessica/jessica/build/DartConfiguration.tcl
[HANDLER_OUTPUT] 
Test project /home/runner/work/jessica/jessica/build

[HANDLER_VERBOSE_OUTPUT] 
Constructing a list of tests

Done constructing a list of tests
Updating test list for fixtures
Added 0 tests to meet fixture requirements
Checking test dependency graph...
Checking test dependency graph end
test 1
[HANDLER_OUTPUT] 
    Start 1: test_calc_meyerhof

[HANDLER_VERBOSE_OUTPUT] 

1: Test command: /home/runner/work/jessica/jessica/build/test/backend/calc/geotechnical/test_calc_meyerhof

1: Working Directory: /home/runner/work/jessica/jessica/build/test/backend/calc/geotechnical
1: Test timeout computed to be: 1500
1: [==========] Running 6 tests from 1 test suite.
1: [----------] Global test environment set-up.
1: [----------] 6 tests from data
1: [ RUN      ] data.CalcMeyehof
1: [       OK ] data.CalcMeyehof (0 ms)
1: [ RUN      ] data.CalcMeyehofAllDecorator
1: [2022-12-18 22:12:28.810] [log] [info] DecoratorLogger N7jessica11LogDurationINS_27DecoratorEndFoundationStripINS_15FoundationStripEEEEE
1: [2022-12-18 22:12:28.810] [log] [info] duration 0.0005 ms
1: [2022-12-18 22:12:28.810] [log] [info] DecoratorLogger N7jessica11LogDurationINS_29DecoratorEndVerticalEccentricINS_17VerticalEccentricEEEEE
1: [2022-12-18 22:12:28.810] [log] [info] duration 0.0004 ms
1: [2022-12-18 22:12:28.810] [log] [info] DecoratorLogger N7jessica11LogDurationINS_29DecoratorEndVerticalEccentricINS_17VerticalEccentricEEEEE
1: [2022-12-18 22:12:28.810] [log] [info] duration 0.0004 ms
1: [2022-12-18 22:12:28.810] [log] [info] DecoratorLogger N7jessica11LogDurationINS_20DecoratorEndMeyerhofINS_25MeyerhofShallowFoundationINS_31DecoratorStartVerticalEccentricINS_7LogCallINS0_INS_29DecoratorEndVerticalEccentricINS_17VerticalEccentricEEEEEEEEENS_29DecoratorStartFoundationStripINS4_INS0_INS_27DecoratorEndFoundationStripINS_15FoundationStripEEEEEEEEEEEEEEE
1: [2022-12-18 22:12:28.810] [log] [info] DecoratorLogger N7jessica11LogDurationINS_27DecoratorEndFoundationStripINS_15FoundationStripEEEEE
1: [2022-12-18 22:12:28.810] [log] [info] duration 0.0001 ms
1: [2022-12-18 22:12:28.810] [log] [info] DecoratorLogger N7jessica11LogDurationINS_29DecoratorEndVerticalEccentricINS_17VerticalEccentricEEEEE
1: [2022-12-18 22:12:28.810] [log] [info] duration 0.0002 ms
1: [2022-12-18 22:12:28.810] [log] [info] duration 0.063901 ms
1: [2022-12-18 22:12:28.810] [log] [info] DecoratorLogger N7jessica11LogDurationINS_20DecoratorEndMeyerhofINS_25MeyerhofShallowFoundationINS_31DecoratorStartVerticalEccentricINS_7LogCallINS0_INS_29DecoratorEndVerticalEccentricINS_17VerticalEccentricEEEEEEEEENS_29DecoratorStartFoundationStripINS4_INS0_INS_27DecoratorEndFoundationStripINS_15FoundationStripEEEEEEEEEEEEEEE
1: [2022-12-18 22:12:28.810] [log] [info] DecoratorLogger N7jessica11LogDurationINS_29DecoratorEndVerticalEccentricINS_17VerticalEccentricEEEEE
1: [2022-12-18 22:12:28.810] [log] [info] duration 0.0001 ms
1: [2022-12-18 22:12:28.810] [log] [info] DecoratorLogger N7jessica11LogDurationINS_27DecoratorEndFoundationStripINS_15FoundationStripEEEEE
1: [2022-12-18 22:12:28.810] [log] [info] duration 0 ms
1: [2022-12-18 22:12:28.810] [log] [info] DecoratorLogger N7jessica11LogDurationINS_29DecoratorEndVerticalEccentricINS_17VerticalEccentricEEEEE
1: [2022-12-18 22:12:28.810] [log] [info] duration 0.0001 ms
1: [2022-12-18 22:12:28.810] [log] [info] duration 0.087401 ms
1: [2022-12-18 22:12:28.810] [log] [info] DecoratorLogger N7jessica11LogDurationINS_29DecoratorEndVerticalEccentricINS_17VerticalEccentricEEEEE
1: [2022-12-18 22:12:28.810] [log] [info] duration 0.0003 ms
1: [2022-12-18 22:12:28.810] [log] [info] DecoratorLogger N7jessica11LogDurationINS_20DecoratorEndMeyerhofINS_25MeyerhofShallowFoundationINS_31DecoratorStartVerticalEccentricINS_7LogCallINS0_INS_29DecoratorEndVerticalEccentricINS_17VerticalEccentricEEEEEEEEENS_29DecoratorStartFoundationStripINS4_INS0_INS_27DecoratorEndFoundationStripINS_15FoundationStripEEEEEEEEEEEEEEE
1: [2022-12-18 22:12:28.810] [log] [info] DecoratorLogger N7jessica11LogDurationINS_27DecoratorEndFoundationStripINS_15FoundationStripEEEEE
1: [2022-12-18 22:12:28.810] [log] [info] duration 0 ms
1: [2022-12-18 22:12:28.810] [log] [info] DecoratorLogger N7jessica11LogDurationINS_29DecoratorEndVerticalEccentricINS_17VerticalEccentricEEEEE
1: [2022-12-18 22:12:28.810] [log] [info] duration 0.0001 ms
1: [2022-12-18 22:12:28.810] [log] [info] duration 0.060601 ms
1: [2022-12-18 22:12:28.810] [log] [info] DecoratorLogger N7jessica11LogDurationINS_20DecoratorEndMeyerhofINS_25MeyerhofShallowFoundationINS_31DecoratorStartVerticalEccentricINS_7LogCallINS0_INS_29DecoratorEndVerticalEccentricINS_17VerticalEccentricEEEEEEEEENS_29DecoratorStartFoundationStripINS4_INS0_INS_27DecoratorEndFoundationStripINS_15FoundationStripEEEEEEEEEEEEEEE
1: [2022-12-18 22:12:28.810] [log] [info] DecoratorLogger N7jessica11LogDurationINS_29DecoratorEndVerticalEccentricINS_17VerticalEccentricEEEEE
1: [2022-12-18 22:12:28.810] [log] [info] duration 0.0001 ms
1: [2022-12-18 22:12:28.810] [log] [info] DecoratorLogger N7jessica11LogDurationINS_27DecoratorEndFoundationStripINS_15FoundationStripEEEEE
1: [2022-12-18 22:12:28.810] [log] [info] duration 0.0001 ms
1: [2022-12-18 22:12:28.810] [log] [info] DecoratorLogger N7jessica11LogDurationINS_29DecoratorEndVerticalEccentricINS_17VerticalEccentricEEEEE
1: [2022-12-18 22:12:28.810] [log] [info] duration 0.0001 ms
1: [2022-12-18 22:12:28.810] [log] [info] duration 0.085301 ms
1: [2022-12-18 22:12:28.810] [log] [info] DecoratorLogger N7jessica11LogDurationINS_20DecoratorEndMeyerhofINS_25MeyerhofShallowFoundationINS_31DecoratorStartVerticalEccentricINS_7LogCallINS0_INS_29DecoratorEndVerticalEccentricINS_17VerticalEccentricEEEEEEEEENS_29DecoratorStartFoundationStripINS4_INS0_INS_27DecoratorEndFoundationStripINS_15FoundationStripEEEEEEEEEEEEEEE
1: [2022-12-18 22:12:28.810] [log] [info] DecoratorLogger N7jessica11LogDurationINS_27DecoratorEndFoundationStripINS_15FoundationStripEEEEE
1: [2022-12-18 22:12:28.810] [log] [info] duration 0.0001 ms
1: [2022-12-18 22:12:28.810] [log] [info] DecoratorLogger N7jessica11LogDurationINS_29DecoratorEndVerticalEccentricINS_17VerticalEccentricEEEEE
1: [2022-12-18 22:12:28.810] [log] [info] duration 0.0001 ms
1: [2022-12-18 22:12:28.810] [log] [info] duration 0.056701 ms
1: [2022-12-18 22:12:28.810] [log] [info] DecoratorLogger N7jessica11LogDurationINS_20DecoratorEndMeyerhofINS_25MeyerhofShallowFoundationINS_31DecoratorStartVerticalEccentricINS_7LogCallINS0_INS_29DecoratorEndVerticalEccentricINS_17VerticalEccentricEEEEEEEEENS_29DecoratorStartFoundationStripINS4_INS0_INS_27DecoratorEndFoundationStripINS_15FoundationStripEEEEEEEEEEEEEEE
1: [2022-12-18 22:12:28.810] [log] [info] DecoratorLogger N7jessica11LogDurationINS_27DecoratorEndFoundationStripINS_15FoundationStripEEEEE
1: [2022-12-18 22:12:28.810] [log] [info] duration 0 ms
1: [2022-12-18 22:12:28.810] [log] [info] DecoratorLogger N7jessica11LogDurationINS_29DecoratorEndVerticalEccentricINS_17VerticalEccentricEEEEE
1: [2022-12-18 22:12:28.810] [log] [info] duration 0.0001 ms
1: [2022-12-18 22:12:28.810] [log] [info] duration 0.056301 ms
1: [2022-12-18 22:12:28.810] [log] [info] DecoratorLogger N7jessica11LogDurationINS_20DecoratorEndMeyerhofINS_25MeyerhofShallowFoundationINS_31DecoratorStartVerticalEccentricINS_7LogCallINS0_INS_29DecoratorEndVerticalEccentricINS_17VerticalEccentricEEEEEEEEENS_29DecoratorStartFoundationStripINS4_INS0_INS_27DecoratorEndFoundationStripINS_15FoundationStripEEEEEEEEEEEEEEE
1: [2022-12-18 22:12:28.810] [log] [info] DecoratorLogger N7jessica11LogDurationINS_29DecoratorEndVerticalEccentricINS_17VerticalEccentricEEEEE
1: [2022-12-18 22:12:28.811] [log] [info] duration 0 ms
1: [2022-12-18 22:12:28.811] [log] [info] DecoratorLogger N7jessica11LogDurationINS_27DecoratorEndFoundationStripINS_15FoundationStripEEEEE
1: [2022-12-18 22:12:28.811] [log] [info] duration 0 ms
1: [2022-12-18 22:12:28.811] [log] [info] DecoratorLogger N7jessica11LogDurationINS_29DecoratorEndVerticalEccentricINS_17VerticalEccentricEEEEE
1: [2022-12-18 22:12:28.811] [log] [info] duration 0 ms
1: [2022-12-18 22:12:28.811] [log] [info] duration 0.088501 ms
1: [2022-12-18 22:12:28.811] [log] [info] DecoratorLogger N7jessica11LogDurationINS_20DecoratorEndMeyerhofINS_25MeyerhofShallowFoundationINS_31DecoratorStartVerticalEccentricINS_7LogCallINS0_INS_29DecoratorEndVerticalEccentricINS_17VerticalEccentricEEEEEEEEENS_29DecoratorStartFoundationStripINS4_INS0_INS_27DecoratorEndFoundationStripINS_15FoundationStripEEEEEEEEEEEEEEE
1: [2022-12-18 22:12:28.811] [log] [info] DecoratorLogger N7jessica11LogDurationINS_29DecoratorEndVerticalEccentricINS_17VerticalEccentricEEEEE
1: [2022-12-18 22:12:28.811] [log] [info] duration 0.0001 ms
1: [2022-12-18 22:12:28.811] [log] [info] DecoratorLogger N7jessica11LogDurationINS_27DecoratorEndFoundationStripINS_15FoundationStripEEEEE
1: [2022-12-18 22:12:28.811] [log] [info] duration 0 ms
1: [2022-12-18 22:12:28.811] [log] [info] DecoratorLogger N7jessica11LogDurationINS_29DecoratorEndVerticalEccentricINS_17VerticalEccentricEEEEE
1: [2022-12-18 22:12:28.811] [log] [info] duration 0 ms
1: [2022-12-18 22:12:28.811] [log] [info] duration 0.094602 ms
1: [2022-12-18 22:12:28.811] [log] [info] DecoratorLogger N7jessica11LogDurationINS_29DecoratorEndVerticalEccentricINS_17VerticalEccentricEEEEE
1: [2022-12-18 22:12:28.811] [log] [info] duration 0.0003 ms
1: [2022-12-18 22:12:28.811] [log] [info] DecoratorLogger N7jessica11LogDurationINS_20DecoratorEndMeyerhofINS_25MeyerhofShallowFoundationINS_31DecoratorStartVerticalEccentricINS_7LogCallINS0_INS_29DecoratorEndVerticalEccentricINS_17VerticalEccentricEEEEEEEEENS_29DecoratorStartFoundationStripINS4_INS0_INS_27DecoratorEndFoundationStripINS_15FoundationStripEEEEEEEEEEEEEEE
1: [2022-12-18 22:12:28.811] [log] [info] DecoratorLogger N7jessica11LogDurationINS_27DecoratorEndFoundationStripINS_15FoundationStripEEEEE
1: [2022-12-18 22:12:28.811] [log] [info] duration 0.0001 ms
1: [2022-12-18 22:12:28.811] [log] [info] DecoratorLogger N7jessica11LogDurationINS_29DecoratorEndVerticalEccentricINS_17VerticalEccentricEEEEE
1: [2022-12-18 22:12:28.811] [log] [info] duration 0 ms
1: [2022-12-18 22:12:28.811] [log] [info] duration 0.056401 ms
1: [2022-12-18 22:12:28.811] [log] [info] DecoratorLogger N7jessica11LogDurationINS_29DecoratorEndVerticalEccentricINS_17VerticalEccentricEEEEE
1: [2022-12-18 22:12:28.811] [log] [info] duration 0.0003 ms
1: [2022-12-18 22:12:28.811] [log] [info] DecoratorLogger N7jessica11LogDurationINS_20DecoratorEndMeyerhofINS_25MeyerhofShallowFoundationINS_31DecoratorStartVerticalEccentricINS_7LogCallINS0_INS_29DecoratorEndVerticalEccentricINS_17VerticalEccentricEEEEEEEEENS_29DecoratorStartFoundationStripINS4_INS0_INS_27DecoratorEndFoundationStripINS_15FoundationStripEEEEEEEEEEEEEEE
1: [2022-12-18 22:12:28.811] [log] [info] DecoratorLogger N7jessica11LogDurationINS_27DecoratorEndFoundationStripINS_15FoundationStripEEEEE
1: [2022-12-18 22:12:28.811] [log] [info] duration 0.0001 ms
1: [2022-12-18 22:12:28.811] [log] [info] DecoratorLogger N7jessica11LogDurationINS_29DecoratorEndVerticalEccentricINS_17VerticalEccentricEEEEE
1: [2022-12-18 22:12:28.811] [log] [info] duration 0 ms
1: [2022-12-18 22:12:28.811] [log] [info] duration 0.056401 ms
1: [       OK ] data.CalcMeyehofAllDecorator (1 ms)
1: [ RUN      ] data.CalcMeyehofMainDecorator
1: [2022-12-18 22:12:28.811] [log] [info] DecoratorLogger N7jessica11LogDurationINS_20DecoratorEndMeyerhofINS_25MeyerhofShallowFoundationINS_17VerticalEccentricENS_15FoundationStripEEEEEEE
1: [2022-12-18 22:12:28.811] [log] [info] duration 0.0001 ms
1: [2022-12-18 22:12:28.811] [log] [info] DecoratorLogger N7jessica11LogDurationINS_20DecoratorEndMeyerhofINS_25MeyerhofShallowFoundationINS_17VerticalEccentricENS_15FoundationStripEEEEEEE
1: [2022-12-18 22:12:28.811] [log] [info] duration 0.0002 ms
1: [2022-12-18 22:12:28.811] [log] [info] DecoratorLogger N7jessica11LogDurationINS_20DecoratorEndMeyerhofINS_25MeyerhofShallowFoundationINS_17VerticalEccentricENS_15FoundationStripEEEEEEE
1: [2022-12-18 22:12:28.811] [log] [info] duration 0.0001 ms
1: [2022-12-18 22:12:28.811] [log] [info] DecoratorLogger N7jessica11LogDurationINS_20DecoratorEndMeyerhofINS_25MeyerhofShallowFoundationINS_17VerticalEccentricENS_15FoundationStripEEEEEEE
1: [2022-12-18 22:12:28.811] [log] [info] duration 0.0002 ms
1: [2022-12-18 22:12:28.811] [log] [info] DecoratorLogger N7jessica11LogDurationINS_20DecoratorEndMeyerhofINS_25MeyerhofShallowFoundationINS_17VerticalEccentricENS_15FoundationStripEEEEEEE
1: [2022-12-18 22:12:28.811] [log] [info] duration 0.0001 ms
1: [2022-12-18 22:12:28.811] [log] [info] DecoratorLogger N7jessica11LogDurationINS_20DecoratorEndMeyerhofINS_25MeyerhofShallowFoundationINS_17VerticalEccentricENS_15FoundationStripEEEEEEE
1: [2022-12-18 22:12:28.811] [log] [info] duration 0.0001 ms
1: [2022-12-18 22:12:28.811] [log] [info] DecoratorLogger N7jessica11LogDurationINS_20DecoratorEndMeyerhofINS_25MeyerhofShallowFoundationINS_17VerticalEccentricENS_15FoundationStripEEEEEEE
1: [2022-12-18 22:12:28.811] [log] [info] duration 0.0001 ms
1: [2022-12-18 22:12:28.811] [log] [info] DecoratorLogger N7jessica11LogDurationINS_20DecoratorEndMeyerhofINS_25MeyerhofShallowFoundationINS_17VerticalEccentricENS_15FoundationStripEEEEEEE
1: [2022-12-18 22:12:28.811] [log] [info] duration 0.0001 ms
1: [2022-12-18 22:12:28.811] [log] [info] DecoratorLogger N7jessica11LogDurationINS_20DecoratorEndMeyerhofINS_25MeyerhofShallowFoundationINS_17VerticalEccentricENS_15FoundationStripEEEEEEE
1: [2022-12-18 22:12:28.811] [log] [info] duration 0.0001 ms
1: [2022-12-18 22:12:28.811] [log] [info] DecoratorLogger N7jessica11LogDurationINS_20DecoratorEndMeyerhofINS_25MeyerhofShallowFoundationINS_17VerticalEccentricENS_15FoundationStripEEEEEEE
1: [2022-12-18 22:12:28.811] [log] [info] duration 0.0001 ms
1: [2022-12-18 22:12:28.812] [log] [info] DecoratorLogger N7jessica11LogDurationINS_20DecoratorEndMeyerhofINS_25MeyerhofShallowFoundationINS_17VerticalEccentricENS_15FoundationStripEEEEEEE
1: [2022-12-18 22:12:28.812] [log] [info] duration 0.0001 ms
1: [2022-12-18 22:12:28.812] [log] [info] DecoratorLogger N7jessica11LogDurationINS_20DecoratorEndMeyerhofINS_25MeyerhofShallowFoundationINS_17VerticalEccentricENS_15FoundationStripEEEEEEE
1: [2022-12-18 22:12:28.812] [log] [info] duration 0.0001 ms
1: [2022-12-18 22:12:28.812] [log] [info] DecoratorLogger N7jessica11LogDurationINS_20DecoratorEndMeyerhofINS_25MeyerhofShallowFoundationINS_17VerticalEccentricENS_15FoundationStripEEEEEEE
1: [2022-12-18 22:12:28.812] [log] [info] duration 0.0001 ms
1: [2022-12-18 22:12:28.812] [log] [info] DecoratorLogger N7jessica11LogDurationINS_20DecoratorEndMeyerhofINS_25MeyerhofShallowFoundationINS_17VerticalEccentricENS_15FoundationStripEEEEEEE
1: [2022-12-18 22:12:28.812] [log] [info] duration 0.0002 ms
1: [       OK ] data.CalcMeyehofMainDecorator (0 ms)
1: [ RUN      ] data.CalcMeyehofChildrenAccess
1: [2022-12-18 22:12:28.812] [log] [info] DecoratorLogger N7jessica11LogDurationINS_20DecoratorEndMeyerhofINS_25MeyerhofShallowFoundationINS_17VerticalEccentricENS_15FoundationStripEEEEEEE
1: [2022-12-18 22:12:28.812] [log] [info] duration 0.001 ms
1: [2022-12-18 22:12:28.812] [log] [info] DecoratorLogger N7jessica11LogDurationINS_20DecoratorEndMeyerhofINS_25MeyerhofShallowFoundationINS_17VerticalEccentricENS_15FoundationStripEEEEEEE
1: [2022-12-18 22:12:28.812] [log] [info] duration 0.0006 ms
1: [2022-12-18 22:12:28.812] [log] [info] DecoratorLogger N7jessica11LogDurationINS_20DecoratorEndMeyerhofINS_25MeyerhofShallowFoundationINS_17VerticalEccentricENS_15FoundationStripEEEEEEE
1: [2022-12-18 22:12:28.812] [log] [info] duration 0.0009 ms
1: [2022-12-18 22:12:28.812] [log] [info] DecoratorLogger N7jessica11LogDurationINS_20DecoratorEndMeyerhofINS_25MeyerhofShallowFoundationINS_17VerticalEccentricENS_15FoundationStripEEEEEEE
1: [2022-12-18 22:12:28.812] [log] [info] duration 0.0001 ms
1: [2022-12-18 22:12:28.812] [log] [info] DecoratorLogger N7jessica11LogDurationINS_20DecoratorEndMeyerhofINS_25MeyerhofShallowFoundationINS_17VerticalEccentricENS_15FoundationStripEEEEEEE
1: [2022-12-18 22:12:28.812] [log] [info] duration 0.0001 ms
1: [2022-12-18 22:12:28.812] [log] [info] DecoratorLogger N7jessica11LogDurationINS_20DecoratorEndMeyerhofINS_25MeyerhofShallowFoundationINS_17VerticalEccentricENS_15FoundationStripEEEEEEE
1: [2022-12-18 22:12:28.812] [log] [info] duration 0.0001 ms
1: [2022-12-18 22:12:28.812] [log] [info] DecoratorLogger N7jessica11LogDurationINS_20DecoratorEndMeyerhofINS_25MeyerhofShallowFoundationINS_17VerticalEccentricENS_15FoundationStripEEEEEEE
1: [2022-12-18 22:12:28.812] [log] [info] duration 0.0001 ms
1: [2022-12-18 22:12:28.812] [log] [info] DecoratorLogger N7jessica11LogDurationINS_20DecoratorEndMeyerhofINS_25MeyerhofShallowFoundationINS_17VerticalEccentricENS_15FoundationStripEEEEEEE
1: [2022-12-18 22:12:28.812] [log] [info] duration 0.0002 ms
1: [2022-12-18 22:12:28.812] [log] [info] DecoratorLogger N7jessica11LogDurationINS_20DecoratorEndMeyerhofINS_25MeyerhofShallowFoundationINS_17VerticalEccentricENS_15FoundationStripEEEEEEE
1: [2022-12-18 22:12:28.812] [log] [info] duration 0.0001 ms
1: [2022-12-18 22:12:28.812] [log] [info] DecoratorLogger N7jessica11LogDurationINS_20DecoratorEndMeyerhofINS_25MeyerhofShallowFoundationINS_17VerticalEccentricENS_15FoundationStripEEEEEEE
1: [2022-12-18 22:12:28.812] [log] [info] duration 0.0001 ms
1: [2022-12-18 22:12:28.812] [log] [info] DecoratorLogger N7jessica11LogDurationINS_20DecoratorEndMeyerhofINS_25MeyerhofShallowFoundationINS_17VerticalEccentricENS_15FoundationStripEEEEEEE
1: [2022-12-18 22:12:28.813] [log] [info] duration 0.0001 ms
1: [2022-12-18 22:12:28.813] [log] [info] DecoratorLogger N7jessica11LogDurationINS_20DecoratorEndMeyerhofINS_25MeyerhofShallowFoundationINS_17VerticalEccentricENS_15FoundationStripEEEEEEE
1: [2022-12-18 22:12:28.813] [log] [info] duration 0.0002 ms
1: [       OK ] data.CalcMeyehofChildrenAccess (0 ms)
1: [ RUN      ] data.MeyerhofShallowFoundationWebServicesRestBed
1: [       OK ] data.MeyerhofShallowFoundationWebServicesRestBed (21 ms)
1: [ RUN      ] data.MeyerhofShallowFoundationWebServicesDrogon
1: [       OK ] data.MeyerhofShallowFoundationWebServicesDrogon (40 ms)
1: [----------] 6 tests from data (65 ms total)
1: 
1: [----------] Global test environment tear-down
1: [==========] 6 tests from 1 test suite ran. (65 ms total)
1: [  PASSED  ] 6 tests.
[HANDLER_OUTPUT] 
1/4 Test #1: test_calc_meyerhof ...................
   Passed    0.10 sec
[HANDLER_VERBOSE_OUTPUT] 
test 2

[HANDLER_OUTPUT] 
    Start 2: test_geotechnical_foundation_strip

[HANDLER_VERBOSE_OUTPUT] 

2: Test command: /home/runner/work/jessica/jessica/build/test/backend/data/test_geotechnical_foundation_strip

2: Working Directory: /home/runner/work/jessica/jessica/build/test/backend/data
2: Test timeout computed to be: 1500
2: [==========] Running 4 tests from 1 test suite.
2: [----------] Global test environment set-up.
2: [----------] 4 tests from data
2: [ RUN      ] data.FoundationStrip
2: [       OK ] data.FoundationStrip (0 ms)
2: [ RUN      ] data.FoundationStripDecorator
2: [2022-12-18 22:12:28.914] [log] [info] DecoratorLogger N7jessica11LogDurationINS_27DecoratorEndFoundationStripINS_15FoundationStripEEEEE
2: [2022-12-18 22:12:28.915] [log] [info] duration 0.0002 ms
2: [2022-12-18 22:12:28.915] [log] [info] DecoratorLogger N7jessica11LogDurationINS_27DecoratorEndFoundationStripINS_15FoundationStripEEEEE
2: [2022-12-18 22:12:28.916] [log] [info] duration 0.0006 ms
2: [2022-12-18 22:12:28.916] [log] [info] DecoratorLogger N7jessica11LogDurationINS_27DecoratorEndFoundationStripINS_15FoundationStripEEEEE
2: [2022-12-18 22:12:28.916] [log] [info] duration 0.0001 ms
2: [2022-12-18 22:12:28.917] [log] [info] DecoratorLogger N7jessica11LogDurationINS_27DecoratorEndFoundationStripINS_15FoundationStripEEEEE
2: [2022-12-18 22:12:28.917] [log] [info] duration 0.0001 ms
2: [2022-12-18 22:12:28.917] [log] [info] DecoratorLogger N7jessica11LogDurationINS_27DecoratorEndFoundationStripINS_15FoundationStripEEEEE
2: [2022-12-18 22:12:28.918] [log] [info] duration 0.0001 ms
2: [2022-12-18 22:12:28.918] [log] [info] DecoratorLogger N7jessica11LogDurationINS_27DecoratorEndFoundationStripINS_15FoundationStripEEEEE
2: [2022-12-18 22:12:28.919] [log] [info] duration 0.0001 ms
2: [2022-12-18 22:12:28.919] [log] [info] DecoratorLogger N7jessica11LogDurationINS_27DecoratorEndFoundationStripINS_15FoundationStripEEEEE
2: [2022-12-18 22:12:28.919] [log] [info] duration 0.0001 ms
2: [2022-12-18 22:12:28.920] [log] [info] DecoratorLogger N7jessica11LogDurationINS_27DecoratorEndFoundationStripINS_15FoundationStripEEEEE
2: [2022-12-18 22:12:28.920] [log] [info] duration 0.0001 ms
2: [       OK ] data.FoundationStripDecorator (6 ms)
2: [ RUN      ] data.FoundationStripWebServicesRestBed
2: [       OK ] data.FoundationStripWebServicesRestBed (14 ms)
2: [ RUN      ] data.FoundationStripWebServicesDrogon
2: [       OK ] data.FoundationStripWebServicesDrogon (70 ms)
2: [----------] 4 tests from data (92 ms total)
2: 
2: [----------] Global test environment tear-down
2: [==========] 4 tests from 1 test suite ran. (94 ms total)
2: [  PASSED  ] 4 tests.
[HANDLER_OUTPUT] 
2/4 Test #2: test_geotechnical_foundation_strip ...
   Passed    0.11 sec
[HANDLER_VERBOSE_OUTPUT] 
test 3

[HANDLER_OUTPUT] 
    Start 3: test_load_vertical_eccentric

[HANDLER_VERBOSE_OUTPUT] 

3: Test command: /home/runner/work/jessica/jessica/build/test/backend/data/test_load_vertical_eccentric

3: Working Directory: /home/runner/work/jessica/jessica/build/test/backend/data
3: Test timeout computed to be: 1500
3: [==========] Running 4 tests from 1 test suite.
3: [----------] Global test environment set-up.
3: [----------] 4 tests from data
3: [ RUN      ] data.VerticalEccentric
3: [       OK ] data.VerticalEccentric (0 ms)
3: [ RUN      ] data.VerticalEccentricDecorator
3: [2022-12-18 22:12:29.025] [log] [info] DecoratorLogger N7jessica11LogDurationINS_29DecoratorEndVerticalEccentricINS_17VerticalEccentricEEEEE
3: [2022-12-18 22:12:29.025] [log] [info] duration 0.0002 ms
3: [2022-12-18 22:12:29.026] [log] [info] DecoratorLogger N7jessica11LogDurationINS_29DecoratorEndVerticalEccentricINS_17VerticalEccentricEEEEE
3: [2022-12-18 22:12:29.026] [log] [info] duration 0.0001 ms
3: [2022-12-18 22:12:29.026] [log] [info] DecoratorLogger N7jessica11LogDurationINS_29DecoratorEndVerticalEccentricINS_17VerticalEccentricEEEEE
3: [2022-12-18 22:12:29.027] [log] [info] duration 0.0006 ms
3: [2022-12-18 22:12:29.027] [log] [info] DecoratorLogger N7jessica11LogDurationINS_29DecoratorEndVerticalEccentricINS_17VerticalEccentricEEEEE
3: [2022-12-18 22:12:29.028] [log] [info] duration 0.0001 ms
3: [2022-12-18 22:12:29.028] [log] [info] DecoratorLogger N7jessica11LogDurationINS_29DecoratorEndVerticalEccentricINS_17VerticalEccentricEEEEE
3: [2022-12-18 22:12:29.028] [log] [info] duration 0.0001 ms
3: [2022-12-18 22:12:29.029] [log] [info] DecoratorLogger N7jessica11LogDurationINS_29DecoratorEndVerticalEccentricINS_17VerticalEccentricEEEEE
3: [2022-12-18 22:12:29.029] [log] [info] duration 0.0007 ms
3: [2022-12-18 22:12:29.030] [log] [info] DecoratorLogger N7jessica11LogDurationINS_29DecoratorEndVerticalEccentricINS_17VerticalEccentricEEEEE
3: [2022-12-18 22:12:29.030] [log] [info] duration 0.0001 ms
3: [2022-12-18 22:12:29.030] [log] [info] DecoratorLogger N7jessica11LogDurationINS_29DecoratorEndVerticalEccentricINS_17VerticalEccentricEEEEE
3: [2022-12-18 22:12:29.031] [log] [info] duration 0.0001 ms
3: [2022-12-18 22:12:29.031] [log] [info] DecoratorLogger N7jessica11LogDurationINS_29DecoratorEndVerticalEccentricINS_17VerticalEccentricEEEEE
3: [2022-12-18 22:12:29.031] [log] [info] duration 0.0001 ms
3: [2022-12-18 22:12:29.031] [log] [info] DecoratorLogger N7jessica11LogDurationINS_29DecoratorEndVerticalEccentricINS_17VerticalEccentricEEEEE
3: [2022-12-18 22:12:29.032] [log] [info] duration 0.0001 ms
3: [2022-12-18 22:12:29.032] [log] [info] DecoratorLogger N7jessica11LogDurationINS_29DecoratorEndVerticalEccentricINS_17VerticalEccentricEEEEE
3: [2022-12-18 22:12:29.032] [log] [info] duration 0 ms
3: [2022-12-18 22:12:29.033] [log] [info] DecoratorLogger N7jessica11LogDurationINS_29DecoratorEndVerticalEccentricINS_17VerticalEccentricEEEEE
3: [2022-12-18 22:12:29.033] [log] [info] duration 0.0001 ms
3: [2022-12-18 22:12:29.033] [log] [info] DecoratorLogger N7jessica11LogDurationINS_29DecoratorEndVerticalEccentricINS_17VerticalEccentricEEEEE
3: [2022-12-18 22:12:29.034] [log] [info] duration 0.0001 ms
3: [2022-12-18 22:12:29.034] [log] [info] DecoratorLogger N7jessica11LogDurationINS_29DecoratorEndVerticalEccentricINS_17VerticalEccentricEEEEE
3: [2022-12-18 22:12:29.034] [log] [info] duration 0.0001 ms
3: [2022-12-18 22:12:29.034] [log] [info] DecoratorLogger N7jessica11LogDurationINS_29DecoratorEndVerticalEccentricINS_17VerticalEccentricEEEEE
3: [2022-12-18 22:12:29.035] [log] [info] duration 0.0001 ms
3: [2022-12-18 22:12:29.035] [log] [info] DecoratorLogger N7jessica11LogDurationINS_29DecoratorEndVerticalEccentricINS_17VerticalEccentricEEEEE
3: [2022-12-18 22:12:29.035] [log] [info] duration 0.0001 ms
3: [       OK ] data.VerticalEccentricDecorator (10 ms)
3: [ RUN      ] data.VerticalEccentricWebServicesRestBed
3: [       OK ] data.VerticalEccentricWebServicesRestBed (15 ms)
3: [ RUN      ] data.VerticalEccentricWebServicesDrogon
3: [       OK ] data.VerticalEccentricWebServicesDrogon (28 ms)
3: [----------] 4 tests from data (57 ms total)
3: 
3: [----------] Global test environment tear-down
3: [==========] 4 tests from 1 test suite ran. (58 ms total)
3: [  PASSED  ] 4 tests.
[HANDLER_OUTPUT] 
3/4 Test #3: test_load_vertical_eccentric .........
   Passed    0.07 sec
[HANDLER_VERBOSE_OUTPUT] 
test 4

[HANDLER_OUTPUT] 
    Start 4: test_util_decorator

[HANDLER_VERBOSE_OUTPUT] 

4: Test command: /home/runner/work/jessica/jessica/build/test/backend/util/test_util_decorator

4: Working Directory: /home/runner/work/jessica/jessica/build/test/backend/util
4: Test timeout computed to be: 1500
4: Running main() from ./googletest/src/gtest_main.cc
4: [==========] Running 1 test from 1 test suite.
4: [----------] Global test environment set-up.
4: [----------] 1 test from decorator
4: [ RUN      ] decorator.Test
4: DecoratorLogger 16DecoratorEndTestI13DecoratorTestE
4: DecoratorLogger 16DecoratorEndTestI13DecoratorTestE
4: [       OK ] decorator.Test (0 ms)
4: [----------] 1 test from decorator (0 ms total)
4: 
4: [----------] Global test environment tear-down
4: [==========] 1 test from 1 test suite ran. (0 ms total)
4: [  PASSED  ] 1 test.
[HANDLER_OUTPUT] 
4/4 Test #4: test_util_decorator ..................
   Passed    0.01 sec

100% tests passed, 0 tests failed out of 4

Total Test time (real) =   0.30 sec
