[HANDLER_VERBOSE_OUTPUT] 
UpdateCTestConfiguration  from :/home/runner/work/jessica/jessica/build/DartConfiguration.tcl

Parse Config file:/home/runner/work/jessica/jessica/build/DartConfiguration.tcl
UpdateCTestConfiguration  from :/home/runner/work/jessica/jessica/build/DartConfiguration.tcl
Parse Config file:/home/runner/work/jessica/jessica/build/DartConfiguration.tcl
[HANDLER_OUTPUT] 
Test project /home/runner/work/jessica/jessica/build

[HANDLER_VERBOSE_OUTPUT] 
Constructing a list of tests

Done constructing a list of tests
Updating test list for fixtures
Added 0 tests to meet fixture requirements
Checking test dependency graph...
Checking test dependency graph end
test 1
[HANDLER_OUTPUT] 
    Start 1: TestCalcMeyerhof

[HANDLER_VERBOSE_OUTPUT] 

1: Test command: /home/runner/work/jessica/jessica/build/test/backend/calc/geotechnical/test_calc_meyerhof

1: Test timeout computed to be: 1500
1: [==========] Running 4 tests from 1 test suite.
1: [----------] Global test environment set-up.
1: [----------] 4 tests from data
1: [ RUN      ] data.CalcMeyehof
1: [       OK ] data.CalcMeyehof (0 ms)
1: [ RUN      ] data.CalcMeyehofAllDecorator
1: [2021-11-14 15:43:43.615] [log] [info] DecoratorLogger N7jessica11LogDurationINS_27DecoratorEndFoundationStripINS_15FoundationStripEEEEE
1: [2021-11-14 15:43:43.616] [log] [info] duration 0.001001 ms
1: [2021-11-14 15:43:43.616] [log] [info] DecoratorLogger N7jessica11LogDurationINS_29DecoratorEndVerticalEccentricINS_17VerticalEccentricEEEEE
1: [2021-11-14 15:43:43.616] [log] [info] duration 0.0005 ms
1: [2021-11-14 15:43:43.616] [log] [info] DecoratorLogger N7jessica11LogDurationINS_29DecoratorEndVerticalEccentricINS_17VerticalEccentricEEEEE
1: [2021-11-14 15:43:43.616] [log] [info] duration 0.0003 ms
1: [2021-11-14 15:43:43.616] [log] [info] DecoratorLogger N7jessica11LogDurationINS_20DecoratorEndMeyerhofINS_25MeyerhofShallowFoundationINS_31DecoratorStartVerticalEccentricINS_7LogCallINS0_INS_29DecoratorEndVerticalEccentricINS_17VerticalEccentricEEEEEEEEENS_29DecoratorStartFoundationStripINS4_INS0_INS_27DecoratorEndFoundationStripINS_15FoundationStripEEEEEEEEEEEEEEE
1: [2021-11-14 15:43:43.616] [log] [info] DecoratorLogger N7jessica11LogDurationINS_27DecoratorEndFoundationStripINS_15FoundationStripEEEEE
1: [2021-11-14 15:43:43.616] [log] [info] duration 0.0001 ms
1: [2021-11-14 15:43:43.616] [log] [info] DecoratorLogger N7jessica11LogDurationINS_29DecoratorEndVerticalEccentricINS_17VerticalEccentricEEEEE
1: [2021-11-14 15:43:43.616] [log] [info] duration 0.0001 ms
1: [2021-11-14 15:43:43.616] [log] [info] duration 0.014901 ms
1: [2021-11-14 15:43:43.616] [log] [info] DecoratorLogger N7jessica11LogDurationINS_20DecoratorEndMeyerhofINS_25MeyerhofShallowFoundationINS_31DecoratorStartVerticalEccentricINS_7LogCallINS0_INS_29DecoratorEndVerticalEccentricINS_17VerticalEccentricEEEEEEEEENS_29DecoratorStartFoundationStripINS4_INS0_INS_27DecoratorEndFoundationStripINS_15FoundationStripEEEEEEEEEEEEEEE
1: [2021-11-14 15:43:43.616] [log] [info] DecoratorLogger N7jessica11LogDurationINS_29DecoratorEndVerticalEccentricINS_17VerticalEccentricEEEEE
1: [2021-11-14 15:43:43.616] [log] [info] duration 0.0001 ms
1: [2021-11-14 15:43:43.616] [log] [info] DecoratorLogger N7jessica11LogDurationINS_27DecoratorEndFoundationStripINS_15FoundationStripEEEEE
1: [2021-11-14 15:43:43.616] [log] [info] duration 0.0001 ms
1: [2021-11-14 15:43:43.616] [log] [info] DecoratorLogger N7jessica11LogDurationINS_29DecoratorEndVerticalEccentricINS_17VerticalEccentricEEEEE
1: [2021-11-14 15:43:43.616] [log] [info] duration 0 ms
1: [2021-11-14 15:43:43.616] [log] [info] duration 0.021 ms
1: [2021-11-14 15:43:43.616] [log] [info] DecoratorLogger N7jessica11LogDurationINS_29DecoratorEndVerticalEccentricINS_17VerticalEccentricEEEEE
1: [2021-11-14 15:43:43.616] [log] [info] duration 0.0003 ms
1: [2021-11-14 15:43:43.616] [log] [info] DecoratorLogger N7jessica11LogDurationINS_20DecoratorEndMeyerhofINS_25MeyerhofShallowFoundationINS_31DecoratorStartVerticalEccentricINS_7LogCallINS0_INS_29DecoratorEndVerticalEccentricINS_17VerticalEccentricEEEEEEEEENS_29DecoratorStartFoundationStripINS4_INS0_INS_27DecoratorEndFoundationStripINS_15FoundationStripEEEEEEEEEEEEEEE
1: [2021-11-14 15:43:43.616] [log] [info] DecoratorLogger N7jessica11LogDurationINS_27DecoratorEndFoundationStripINS_15FoundationStripEEEEE
1: [2021-11-14 15:43:43.616] [log] [info] duration 0 ms
1: [2021-11-14 15:43:43.616] [log] [info] DecoratorLogger N7jessica11LogDurationINS_29DecoratorEndVerticalEccentricINS_17VerticalEccentricEEEEE
1: [2021-11-14 15:43:43.616] [log] [info] duration 0.0001 ms
1: [2021-11-14 15:43:43.616] [log] [info] duration 0.0141 ms
1: [2021-11-14 15:43:43.616] [log] [info] DecoratorLogger N7jessica11LogDurationINS_20DecoratorEndMeyerhofINS_25MeyerhofShallowFoundationINS_31DecoratorStartVerticalEccentricINS_7LogCallINS0_INS_29DecoratorEndVerticalEccentricINS_17VerticalEccentricEEEEEEEEENS_29DecoratorStartFoundationStripINS4_INS0_INS_27DecoratorEndFoundationStripINS_15FoundationStripEEEEEEEEEEEEEEE
1: [2021-11-14 15:43:43.616] [log] [info] DecoratorLogger N7jessica11LogDurationINS_29DecoratorEndVerticalEccentricINS_17VerticalEccentricEEEEE
1: [2021-11-14 15:43:43.616] [log] [info] duration 0.0001 ms
1: [2021-11-14 15:43:43.616] [log] [info] DecoratorLogger N7jessica11LogDurationINS_27DecoratorEndFoundationStripINS_15FoundationStripEEEEE
1: [2021-11-14 15:43:43.616] [log] [info] duration 0 ms
1: [2021-11-14 15:43:43.616] [log] [info] DecoratorLogger N7jessica11LogDurationINS_29DecoratorEndVerticalEccentricINS_17VerticalEccentricEEEEE
1: [2021-11-14 15:43:43.616] [log] [info] duration 0.0001 ms
1: [2021-11-14 15:43:43.616] [log] [info] duration 0.0195 ms
1: [2021-11-14 15:43:43.616] [log] [info] DecoratorLogger N7jessica11LogDurationINS_20DecoratorEndMeyerhofINS_25MeyerhofShallowFoundationINS_31DecoratorStartVerticalEccentricINS_7LogCallINS0_INS_29DecoratorEndVerticalEccentricINS_17VerticalEccentricEEEEEEEEENS_29DecoratorStartFoundationStripINS4_INS0_INS_27DecoratorEndFoundationStripINS_15FoundationStripEEEEEEEEEEEEEEE
1: [2021-11-14 15:43:43.616] [log] [info] DecoratorLogger N7jessica11LogDurationINS_27DecoratorEndFoundationStripINS_15FoundationStripEEEEE
1: [2021-11-14 15:43:43.616] [log] [info] duration 0.0001 ms
1: [2021-11-14 15:43:43.616] [log] [info] DecoratorLogger N7jessica11LogDurationINS_29DecoratorEndVerticalEccentricINS_17VerticalEccentricEEEEE
1: [2021-11-14 15:43:43.616] [log] [info] duration 0.0001 ms
1: [2021-11-14 15:43:43.616] [log] [info] duration 0.0163 ms
1: [2021-11-14 15:43:43.616] [log] [info] DecoratorLogger N7jessica11LogDurationINS_20DecoratorEndMeyerhofINS_25MeyerhofShallowFoundationINS_31DecoratorStartVerticalEccentricINS_7LogCallINS0_INS_29DecoratorEndVerticalEccentricINS_17VerticalEccentricEEEEEEEEENS_29DecoratorStartFoundationStripINS4_INS0_INS_27DecoratorEndFoundationStripINS_15FoundationStripEEEEEEEEEEEEEEE
1: [2021-11-14 15:43:43.616] [log] [info] DecoratorLogger N7jessica11LogDurationINS_27DecoratorEndFoundationStripINS_15FoundationStripEEEEE
1: [2021-11-14 15:43:43.616] [log] [info] duration 0.0001 ms
1: [2021-11-14 15:43:43.616] [log] [info] DecoratorLogger N7jessica11LogDurationINS_29DecoratorEndVerticalEccentricINS_17VerticalEccentricEEEEE
1: [2021-11-14 15:43:43.616] [log] [info] duration 0 ms
1: [2021-11-14 15:43:43.616] [log] [info] duration 0.013 ms
1: [2021-11-14 15:43:43.616] [log] [info] DecoratorLogger N7jessica11LogDurationINS_20DecoratorEndMeyerhofINS_25MeyerhofShallowFoundationINS_31DecoratorStartVerticalEccentricINS_7LogCallINS0_INS_29DecoratorEndVerticalEccentricINS_17VerticalEccentricEEEEEEEEENS_29DecoratorStartFoundationStripINS4_INS0_INS_27DecoratorEndFoundationStripINS_15FoundationStripEEEEEEEEEEEEEEE
1: [2021-11-14 15:43:43.616] [log] [info] DecoratorLogger N7jessica11LogDurationINS_29DecoratorEndVerticalEccentricINS_17VerticalEccentricEEEEE
1: [2021-11-14 15:43:43.616] [log] [info] duration 0.0001 ms
1: [2021-11-14 15:43:43.616] [log] [info] DecoratorLogger N7jessica11LogDurationINS_27DecoratorEndFoundationStripINS_15FoundationStripEEEEE
1: [2021-11-14 15:43:43.616] [log] [info] duration 0.0001 ms
1: [2021-11-14 15:43:43.616] [log] [info] DecoratorLogger N7jessica11LogDurationINS_29DecoratorEndVerticalEccentricINS_17VerticalEccentricEEEEE
1: [2021-11-14 15:43:43.616] [log] [info] duration 0 ms
1: [2021-11-14 15:43:43.616] [log] [info] duration 0.0191 ms
1: [2021-11-14 15:43:43.616] [log] [info] DecoratorLogger N7jessica11LogDurationINS_20DecoratorEndMeyerhofINS_25MeyerhofShallowFoundationINS_31DecoratorStartVerticalEccentricINS_7LogCallINS0_INS_29DecoratorEndVerticalEccentricINS_17VerticalEccentricEEEEEEEEENS_29DecoratorStartFoundationStripINS4_INS0_INS_27DecoratorEndFoundationStripINS_15FoundationStripEEEEEEEEEEEEEEE
1: [2021-11-14 15:43:43.616] [log] [info] DecoratorLogger N7jessica11LogDurationINS_29DecoratorEndVerticalEccentricINS_17VerticalEccentricEEEEE
1: [2021-11-14 15:43:43.616] [log] [info] duration 0.0001 ms
1: [2021-11-14 15:43:43.616] [log] [info] DecoratorLogger N7jessica11LogDurationINS_27DecoratorEndFoundationStripINS_15FoundationStripEEEEE
1: [2021-11-14 15:43:43.616] [log] [info] duration 0 ms
1: [2021-11-14 15:43:43.616] [log] [info] DecoratorLogger N7jessica11LogDurationINS_29DecoratorEndVerticalEccentricINS_17VerticalEccentricEEEEE
1: [2021-11-14 15:43:43.616] [log] [info] duration 0.0001 ms
1: [2021-11-14 15:43:43.616] [log] [info] duration 0.0196 ms
1: [2021-11-14 15:43:43.616] [log] [info] DecoratorLogger N7jessica11LogDurationINS_29DecoratorEndVerticalEccentricINS_17VerticalEccentricEEEEE
1: [2021-11-14 15:43:43.616] [log] [info] duration 0.0003 ms
1: [2021-11-14 15:43:43.616] [log] [info] DecoratorLogger N7jessica11LogDurationINS_20DecoratorEndMeyerhofINS_25MeyerhofShallowFoundationINS_31DecoratorStartVerticalEccentricINS_7LogCallINS0_INS_29DecoratorEndVerticalEccentricINS_17VerticalEccentricEEEEEEEEENS_29DecoratorStartFoundationStripINS4_INS0_INS_27DecoratorEndFoundationStripINS_15FoundationStripEEEEEEEEEEEEEEE
1: [2021-11-14 15:43:43.616] [log] [info] DecoratorLogger N7jessica11LogDurationINS_27DecoratorEndFoundationStripINS_15FoundationStripEEEEE
1: [2021-11-14 15:43:43.616] [log] [info] duration 0 ms
1: [2021-11-14 15:43:43.616] [log] [info] DecoratorLogger N7jessica11LogDurationINS_29DecoratorEndVerticalEccentricINS_17VerticalEccentricEEEEE
1: [2021-11-14 15:43:43.616] [log] [info] duration 0 ms
1: [2021-11-14 15:43:43.616] [log] [info] duration 0.012601 ms
1: [2021-11-14 15:43:43.616] [log] [info] DecoratorLogger N7jessica11LogDurationINS_29DecoratorEndVerticalEccentricINS_17VerticalEccentricEEEEE
1: [2021-11-14 15:43:43.616] [log] [info] duration 0.0003 ms
1: [2021-11-14 15:43:43.616] [log] [info] DecoratorLogger N7jessica11LogDurationINS_20DecoratorEndMeyerhofINS_25MeyerhofShallowFoundationINS_31DecoratorStartVerticalEccentricINS_7LogCallINS0_INS_29DecoratorEndVerticalEccentricINS_17VerticalEccentricEEEEEEEEENS_29DecoratorStartFoundationStripINS4_INS0_INS_27DecoratorEndFoundationStripINS_15FoundationStripEEEEEEEEEEEEEEE
1: [2021-11-14 15:43:43.616] [log] [info] DecoratorLogger N7jessica11LogDurationINS_27DecoratorEndFoundationStripINS_15FoundationStripEEEEE
1: [2021-11-14 15:43:43.616] [log] [info] duration 0 ms
1: [2021-11-14 15:43:43.616] [log] [info] DecoratorLogger N7jessica11LogDurationINS_29DecoratorEndVerticalEccentricINS_17VerticalEccentricEEEEE
1: [2021-11-14 15:43:43.616] [log] [info] duration 0.0001 ms
1: [2021-11-14 15:43:43.616] [log] [info] duration 0.0138 ms
1: [       OK ] data.CalcMeyehofAllDecorator (1 ms)
1: [ RUN      ] data.CalcMeyehofMainDecorator
1: [2021-11-14 15:43:43.616] [log] [info] DecoratorLogger N7jessica11LogDurationINS_20DecoratorEndMeyerhofINS_25MeyerhofShallowFoundationINS_17VerticalEccentricENS_15FoundationStripEEEEEEE
1: [2021-11-14 15:43:43.616] [log] [info] duration 0.0001 ms
1: [2021-11-14 15:43:43.616] [log] [info] DecoratorLogger N7jessica11LogDurationINS_20DecoratorEndMeyerhofINS_25MeyerhofShallowFoundationINS_17VerticalEccentricENS_15FoundationStripEEEEEEE
1: [2021-11-14 15:43:43.616] [log] [info] duration 0.0002 ms
1: [2021-11-14 15:43:43.616] [log] [info] DecoratorLogger N7jessica11LogDurationINS_20DecoratorEndMeyerhofINS_25MeyerhofShallowFoundationINS_17VerticalEccentricENS_15FoundationStripEEEEEEE
1: [2021-11-14 15:43:43.616] [log] [info] duration 0.0001 ms
1: [2021-11-14 15:43:43.616] [log] [info] DecoratorLogger N7jessica11LogDurationINS_20DecoratorEndMeyerhofINS_25MeyerhofShallowFoundationINS_17VerticalEccentricENS_15FoundationStripEEEEEEE
1: [2021-11-14 15:43:43.616] [log] [info] duration 0.0001 ms
1: [2021-11-14 15:43:43.616] [log] [info] DecoratorLogger N7jessica11LogDurationINS_20DecoratorEndMeyerhofINS_25MeyerhofShallowFoundationINS_17VerticalEccentricENS_15FoundationStripEEEEEEE
1: [2021-11-14 15:43:43.616] [log] [info] duration 0.0001 ms
1: [2021-11-14 15:43:43.616] [log] [info] DecoratorLogger N7jessica11LogDurationINS_20DecoratorEndMeyerhofINS_25MeyerhofShallowFoundationINS_17VerticalEccentricENS_15FoundationStripEEEEEEE
1: [2021-11-14 15:43:43.616] [log] [info] duration 0 ms
1: [2021-11-14 15:43:43.616] [log] [info] DecoratorLogger N7jessica11LogDurationINS_20DecoratorEndMeyerhofINS_25MeyerhofShallowFoundationINS_17VerticalEccentricENS_15FoundationStripEEEEEEE
1: [2021-11-14 15:43:43.616] [log] [info] duration 0.0001 ms
1: [2021-11-14 15:43:43.616] [log] [info] DecoratorLogger N7jessica11LogDurationINS_20DecoratorEndMeyerhofINS_25MeyerhofShallowFoundationINS_17VerticalEccentricENS_15FoundationStripEEEEEEE
1: [2021-11-14 15:43:43.616] [log] [info] duration 0.0001 ms
1: [2021-11-14 15:43:43.616] [log] [info] DecoratorLogger N7jessica11LogDurationINS_20DecoratorEndMeyerhofINS_25MeyerhofShallowFoundationINS_17VerticalEccentricENS_15FoundationStripEEEEEEE
1: [2021-11-14 15:43:43.616] [log] [info] duration 0.0001 ms
1: [2021-11-14 15:43:43.616] [log] [info] DecoratorLogger N7jessica11LogDurationINS_20DecoratorEndMeyerhofINS_25MeyerhofShallowFoundationINS_17VerticalEccentricENS_15FoundationStripEEEEEEE
1: [2021-11-14 15:43:43.616] [log] [info] duration 0.0001 ms
1: [2021-11-14 15:43:43.617] [log] [info] DecoratorLogger N7jessica11LogDurationINS_20DecoratorEndMeyerhofINS_25MeyerhofShallowFoundationINS_17VerticalEccentricENS_15FoundationStripEEEEEEE
1: [2021-11-14 15:43:43.617] [log] [info] duration 0.0002 ms
1: [2021-11-14 15:43:43.617] [log] [info] DecoratorLogger N7jessica11LogDurationINS_20DecoratorEndMeyerhofINS_25MeyerhofShallowFoundationINS_17VerticalEccentricENS_15FoundationStripEEEEEEE
1: [2021-11-14 15:43:43.617] [log] [info] duration 0.0001 ms
1: [2021-11-14 15:43:43.617] [log] [info] DecoratorLogger N7jessica11LogDurationINS_20DecoratorEndMeyerhofINS_25MeyerhofShallowFoundationINS_17VerticalEccentricENS_15FoundationStripEEEEEEE
1: [2021-11-14 15:43:43.617] [log] [info] duration 0.0001 ms
1: [2021-11-14 15:43:43.617] [log] [info] DecoratorLogger N7jessica11LogDurationINS_20DecoratorEndMeyerhofINS_25MeyerhofShallowFoundationINS_17VerticalEccentricENS_15FoundationStripEEEEEEE
1: [2021-11-14 15:43:43.617] [log] [info] duration 0.0001 ms
1: [       OK ] data.CalcMeyehofMainDecorator (1 ms)
1: [ RUN      ] data.CalcMeyehofChildrenAccess
1: [2021-11-14 15:43:43.617] [log] [info] DecoratorLogger N7jessica11LogDurationINS_20DecoratorEndMeyerhofINS_25MeyerhofShallowFoundationINS_17VerticalEccentricENS_15FoundationStripEEEEEEE
1: [2021-11-14 15:43:43.617] [log] [info] duration 0.0011 ms
1: [2021-11-14 15:43:43.617] [log] [info] DecoratorLogger N7jessica11LogDurationINS_20DecoratorEndMeyerhofINS_25MeyerhofShallowFoundationINS_17VerticalEccentricENS_15FoundationStripEEEEEEE
1: [2021-11-14 15:43:43.617] [log] [info] duration 0.0007 ms
1: [2021-11-14 15:43:43.617] [log] [info] DecoratorLogger N7jessica11LogDurationINS_20DecoratorEndMeyerhofINS_25MeyerhofShallowFoundationINS_17VerticalEccentricENS_15FoundationStripEEEEEEE
1: [2021-11-14 15:43:43.617] [log] [info] duration 0.001 ms
1: [2021-11-14 15:43:43.617] [log] [info] DecoratorLogger N7jessica11LogDurationINS_20DecoratorEndMeyerhofINS_25MeyerhofShallowFoundationINS_17VerticalEccentricENS_15FoundationStripEEEEEEE
1: [2021-11-14 15:43:43.617] [log] [info] duration 0.0001 ms
1: [2021-11-14 15:43:43.617] [log] [info] DecoratorLogger N7jessica11LogDurationINS_20DecoratorEndMeyerhofINS_25MeyerhofShallowFoundationINS_17VerticalEccentricENS_15FoundationStripEEEEEEE
1: [2021-11-14 15:43:43.617] [log] [info] duration 0 ms
1: [2021-11-14 15:43:43.617] [log] [info] DecoratorLogger N7jessica11LogDurationINS_20DecoratorEndMeyerhofINS_25MeyerhofShallowFoundationINS_17VerticalEccentricENS_15FoundationStripEEEEEEE
1: [2021-11-14 15:43:43.617] [log] [info] duration 0.0001 ms
1: [2021-11-14 15:43:43.617] [log] [info] DecoratorLogger N7jessica11LogDurationINS_20DecoratorEndMeyerhofINS_25MeyerhofShallowFoundationINS_17VerticalEccentricENS_15FoundationStripEEEEEEE
1: [2021-11-14 15:43:43.617] [log] [info] duration 0.0001 ms
1: [2021-11-14 15:43:43.617] [log] [info] DecoratorLogger N7jessica11LogDurationINS_20DecoratorEndMeyerhofINS_25MeyerhofShallowFoundationINS_17VerticalEccentricENS_15FoundationStripEEEEEEE
1: [2021-11-14 15:43:43.617] [log] [info] duration 0.0001 ms
1: [2021-11-14 15:43:43.617] [log] [info] DecoratorLogger N7jessica11LogDurationINS_20DecoratorEndMeyerhofINS_25MeyerhofShallowFoundationINS_17VerticalEccentricENS_15FoundationStripEEEEEEE
1: [2021-11-14 15:43:43.617] [log] [info] duration 0.0001 ms
1: [2021-11-14 15:43:43.617] [log] [info] DecoratorLogger N7jessica11LogDurationINS_20DecoratorEndMeyerhofINS_25MeyerhofShallowFoundationINS_17VerticalEccentricENS_15FoundationStripEEEEEEE
1: [2021-11-14 15:43:43.617] [log] [info] duration 0.0001 ms
1: [2021-11-14 15:43:43.617] [log] [info] DecoratorLogger N7jessica11LogDurationINS_20DecoratorEndMeyerhofINS_25MeyerhofShallowFoundationINS_17VerticalEccentricENS_15FoundationStripEEEEEEE
1: [2021-11-14 15:43:43.617] [log] [info] duration 0.0001 ms
1: [2021-11-14 15:43:43.617] [log] [info] DecoratorLogger N7jessica11LogDurationINS_20DecoratorEndMeyerhofINS_25MeyerhofShallowFoundationINS_17VerticalEccentricENS_15FoundationStripEEEEEEE
1: [2021-11-14 15:43:43.617] [log] [info] duration 0 ms
1: [       OK ] data.CalcMeyehofChildrenAccess (0 ms)
1: [----------] 4 tests from data (2 ms total)
1: 
1: [----------] Global test environment tear-down
1: [==========] 4 tests from 1 test suite ran. (2 ms total)
1: [  PASSED  ] 4 tests.
[HANDLER_OUTPUT] 
1/4 Test #1: TestCalcMeyerhof ..................
   Passed    0.01 sec
[HANDLER_VERBOSE_OUTPUT] 
test 2

[HANDLER_OUTPUT] 
    Start 2: TestGeotechnicalFoundationStrip

[HANDLER_VERBOSE_OUTPUT] 

2: Test command: /home/runner/work/jessica/jessica/build/test/backend/data/test_geotechnical_foundation_strip

2: Test timeout computed to be: 1500
2: [==========] Running 2 tests from 1 test suite.
2: [----------] Global test environment set-up.
2: [----------] 2 tests from data
2: [ RUN      ] data.FoundationStrip
2: [       OK ] data.FoundationStrip (0 ms)
2: [ RUN      ] data.FoundationStripDecorator
2: [2021-11-14 15:43:43.644] [log] [info] DecoratorLogger N7jessica11LogDurationINS_27DecoratorEndFoundationStripINS_15FoundationStripEEEEE
2: [2021-11-14 15:43:43.645] [log] [info] duration 0.0001 ms
2: [2021-11-14 15:43:43.645] [log] [info] DecoratorLogger N7jessica11LogDurationINS_27DecoratorEndFoundationStripINS_15FoundationStripEEEEE
2: [2021-11-14 15:43:43.645] [log] [info] duration 0.001 ms
2: [2021-11-14 15:43:43.645] [log] [info] DecoratorLogger N7jessica11LogDurationINS_27DecoratorEndFoundationStripINS_15FoundationStripEEEEE
2: [2021-11-14 15:43:43.645] [log] [info] duration 0.0001 ms
2: [2021-11-14 15:43:43.645] [log] [info] DecoratorLogger N7jessica11LogDurationINS_27DecoratorEndFoundationStripINS_15FoundationStripEEEEE
2: [2021-11-14 15:43:43.645] [log] [info] duration 0 ms
2: [2021-11-14 15:43:43.645] [log] [info] DecoratorLogger N7jessica11LogDurationINS_27DecoratorEndFoundationStripINS_15FoundationStripEEEEE
2: [2021-11-14 15:43:43.645] [log] [info] duration 0.0001 ms
2: [2021-11-14 15:43:43.645] [log] [info] DecoratorLogger N7jessica11LogDurationINS_27DecoratorEndFoundationStripINS_15FoundationStripEEEEE
2: [2021-11-14 15:43:43.645] [log] [info] duration 0.0001 ms
2: [2021-11-14 15:43:43.645] [log] [info] DecoratorLogger N7jessica11LogDurationINS_27DecoratorEndFoundationStripINS_15FoundationStripEEEEE
2: [2021-11-14 15:43:43.645] [log] [info] duration 0.0001 ms
2: [2021-11-14 15:43:43.645] [log] [info] DecoratorLogger N7jessica11LogDurationINS_27DecoratorEndFoundationStripINS_15FoundationStripEEEEE
2: [2021-11-14 15:43:43.645] [log] [info] duration 0.0001 ms
2: [       OK ] data.FoundationStripDecorator (1 ms)
2: [----------] 2 tests from data (1 ms total)
2: 
2: [----------] Global test environment tear-down
2: [==========] 2 tests from 1 test suite ran. (1 ms total)
2: [  PASSED  ] 2 tests.
[HANDLER_OUTPUT] 
2/4 Test #2: TestGeotechnicalFoundationStrip ...
   Passed    0.00 sec
[HANDLER_VERBOSE_OUTPUT] 
test 3

[HANDLER_OUTPUT] 
    Start 3: TestLoadVerticalEccentric

[HANDLER_VERBOSE_OUTPUT] 

3: Test command: /home/runner/work/jessica/jessica/build/test/backend/data/test_load_vertical_eccentric

3: Test timeout computed to be: 1500
3: [==========] Running 2 tests from 1 test suite.
3: [----------] Global test environment set-up.
3: [----------] 2 tests from data
3: [ RUN      ] data.VerticalEccentric
3: [       OK ] data.VerticalEccentric (0 ms)
3: [ RUN      ] data.VerticalEccentricDecorator
3: [2021-11-14 15:43:43.649] [log] [info] DecoratorLogger N7jessica11LogDurationINS_29DecoratorEndVerticalEccentricINS_17VerticalEccentricEEEEE
3: [2021-11-14 15:43:43.649] [log] [info] duration 0.0001 ms
3: [2021-11-14 15:43:43.649] [log] [info] DecoratorLogger N7jessica11LogDurationINS_29DecoratorEndVerticalEccentricINS_17VerticalEccentricEEEEE
3: [2021-11-14 15:43:43.649] [log] [info] duration 0.0001 ms
3: [2021-11-14 15:43:43.649] [log] [info] DecoratorLogger N7jessica11LogDurationINS_29DecoratorEndVerticalEccentricINS_17VerticalEccentricEEEEE
3: [2021-11-14 15:43:43.649] [log] [info] duration 0.0012 ms
3: [2021-11-14 15:43:43.649] [log] [info] DecoratorLogger N7jessica11LogDurationINS_29DecoratorEndVerticalEccentricINS_17VerticalEccentricEEEEE
3: [2021-11-14 15:43:43.649] [log] [info] duration 0.0001 ms
3: [2021-11-14 15:43:43.649] [log] [info] DecoratorLogger N7jessica11LogDurationINS_29DecoratorEndVerticalEccentricINS_17VerticalEccentricEEEEE
3: [2021-11-14 15:43:43.649] [log] [info] duration 0.0001 ms
3: [2021-11-14 15:43:43.649] [log] [info] DecoratorLogger N7jessica11LogDurationINS_29DecoratorEndVerticalEccentricINS_17VerticalEccentricEEEEE
3: [2021-11-14 15:43:43.649] [log] [info] duration 0.0009 ms
3: [2021-11-14 15:43:43.649] [log] [info] DecoratorLogger N7jessica11LogDurationINS_29DecoratorEndVerticalEccentricINS_17VerticalEccentricEEEEE
3: [2021-11-14 15:43:43.649] [log] [info] duration 0.0001 ms
3: [2021-11-14 15:43:43.649] [log] [info] DecoratorLogger N7jessica11LogDurationINS_29DecoratorEndVerticalEccentricINS_17VerticalEccentricEEEEE
3: [2021-11-14 15:43:43.650] [log] [info] duration 0.0001 ms
3: [2021-11-14 15:43:43.650] [log] [info] DecoratorLogger N7jessica11LogDurationINS_29DecoratorEndVerticalEccentricINS_17VerticalEccentricEEEEE
3: [2021-11-14 15:43:43.650] [log] [info] duration 0.0001 ms
3: [2021-11-14 15:43:43.650] [log] [info] DecoratorLogger N7jessica11LogDurationINS_29DecoratorEndVerticalEccentricINS_17VerticalEccentricEEEEE
3: [2021-11-14 15:43:43.650] [log] [info] duration 0.0001 ms
3: [2021-11-14 15:43:43.650] [log] [info] DecoratorLogger N7jessica11LogDurationINS_29DecoratorEndVerticalEccentricINS_17VerticalEccentricEEEEE
3: [2021-11-14 15:43:43.650] [log] [info] duration 0.0001 ms
3: [2021-11-14 15:43:43.650] [log] [info] DecoratorLogger N7jessica11LogDurationINS_29DecoratorEndVerticalEccentricINS_17VerticalEccentricEEEEE
3: [2021-11-14 15:43:43.650] [log] [info] duration 0.0001 ms
3: [2021-11-14 15:43:43.650] [log] [info] DecoratorLogger N7jessica11LogDurationINS_29DecoratorEndVerticalEccentricINS_17VerticalEccentricEEEEE
3: [2021-11-14 15:43:43.650] [log] [info] duration 0.0001 ms
3: [2021-11-14 15:43:43.650] [log] [info] DecoratorLogger N7jessica11LogDurationINS_29DecoratorEndVerticalEccentricINS_17VerticalEccentricEEEEE
3: [2021-11-14 15:43:43.650] [log] [info] duration 0 ms
3: [2021-11-14 15:43:43.650] [log] [info] DecoratorLogger N7jessica11LogDurationINS_29DecoratorEndVerticalEccentricINS_17VerticalEccentricEEEEE
3: [2021-11-14 15:43:43.650] [log] [info] duration 0 ms
3: [2021-11-14 15:43:43.650] [log] [info] DecoratorLogger N7jessica11LogDurationINS_29DecoratorEndVerticalEccentricINS_17VerticalEccentricEEEEE
3: [2021-11-14 15:43:43.650] [log] [info] duration 0.0001 ms
3: [       OK ] data.VerticalEccentricDecorator (1 ms)
3: [----------] 2 tests from data (1 ms total)
3: 
3: [----------] Global test environment tear-down
3: [==========] 2 tests from 1 test suite ran. (2 ms total)
3: [  PASSED  ] 2 tests.
[HANDLER_OUTPUT] 
3/4 Test #3: TestLoadVerticalEccentric .........
   Passed    0.00 sec
[HANDLER_VERBOSE_OUTPUT] 
test 4

[HANDLER_OUTPUT] 
    Start 4: TestUtilDecorator

[HANDLER_VERBOSE_OUTPUT] 

4: Test command: /home/runner/work/jessica/jessica/build/test/backend/util/test_util_decorator

4: Test timeout computed to be: 1500
4: Running main() from /build/googletest-OI1WhS/googletest-1.10.0.20201025/googletest/src/gtest_main.cc
4: [==========] Running 1 test from 1 test suite.
4: [----------] Global test environment set-up.
4: [----------] 1 test from decorator
4: [ RUN      ] decorator.Test
4: DecoratorLogger 16DecoratorEndTestI13DecoratorTestE
4: DecoratorLogger 16DecoratorEndTestI13DecoratorTestE
4: [       OK ] decorator.Test (0 ms)
4: [----------] 1 test from decorator (0 ms total)
4: 
4: [----------] Global test environment tear-down
4: [==========] 1 test from 1 test suite ran. (0 ms total)
4: [  PASSED  ] 1 test.
[HANDLER_OUTPUT] 
4/4 Test #4: TestUtilDecorator .................
   Passed    0.00 sec

100% tests passed, 0 tests failed out of 4

Total Test time (real) =   0.09 sec
