[HANDLER_VERBOSE_OUTPUT] 
UpdateCTestConfiguration  from :/home/runner/work/jessica/jessica/build/DartConfiguration.tcl

Parse Config file:/home/runner/work/jessica/jessica/build/DartConfiguration.tcl
UpdateCTestConfiguration  from :/home/runner/work/jessica/jessica/build/DartConfiguration.tcl
Parse Config file:/home/runner/work/jessica/jessica/build/DartConfiguration.tcl
[HANDLER_OUTPUT] 
Test project /home/runner/work/jessica/jessica/build

[HANDLER_VERBOSE_OUTPUT] 
Constructing a list of tests

Done constructing a list of tests
Updating test list for fixtures
Added 0 tests to meet fixture requirements
Checking test dependency graph...
Checking test dependency graph end
test 1
[HANDLER_OUTPUT] 
    Start 1: TestCalcMeyerhof

[HANDLER_VERBOSE_OUTPUT] 

1: Test command: /home/runner/work/jessica/jessica/build/test/backend/calc/geotechnical/test_calc_meyerhof

1: Test timeout computed to be: 1500
1: [==========] Running 6 tests from 1 test suite.
1: [----------] Global test environment set-up.
1: [----------] 6 tests from data
1: [ RUN      ] data.CalcMeyehof
1: [       OK ] data.CalcMeyehof (0 ms)
1: [ RUN      ] data.CalcMeyehofAllDecorator
1: [2022-07-10 21:07:40.028] [log] [info] DecoratorLogger N7jessica11LogDurationINS_27DecoratorEndFoundationStripINS_15FoundationStripEEEEE
1: [2022-07-10 21:07:40.029] [log] [info] duration 0.0008 ms
1: [2022-07-10 21:07:40.029] [log] [info] DecoratorLogger N7jessica11LogDurationINS_29DecoratorEndVerticalEccentricINS_17VerticalEccentricEEEEE
1: [2022-07-10 21:07:40.029] [log] [info] duration 0.0007 ms
1: [2022-07-10 21:07:40.029] [log] [info] DecoratorLogger N7jessica11LogDurationINS_29DecoratorEndVerticalEccentricINS_17VerticalEccentricEEEEE
1: [2022-07-10 21:07:40.029] [log] [info] duration 0.0007 ms
1: [2022-07-10 21:07:40.029] [log] [info] DecoratorLogger N7jessica11LogDurationINS_20DecoratorEndMeyerhofINS_25MeyerhofShallowFoundationINS_31DecoratorStartVerticalEccentricINS_7LogCallINS0_INS_29DecoratorEndVerticalEccentricINS_17VerticalEccentricEEEEEEEEENS_29DecoratorStartFoundationStripINS4_INS0_INS_27DecoratorEndFoundationStripINS_15FoundationStripEEEEEEEEEEEEEEE
1: [2022-07-10 21:07:40.029] [log] [info] DecoratorLogger N7jessica11LogDurationINS_27DecoratorEndFoundationStripINS_15FoundationStripEEEEE
1: [2022-07-10 21:07:40.030] [log] [info] duration 0 ms
1: [2022-07-10 21:07:40.030] [log] [info] DecoratorLogger N7jessica11LogDurationINS_29DecoratorEndVerticalEccentricINS_17VerticalEccentricEEEEE
1: [2022-07-10 21:07:40.030] [log] [info] duration 0.0001 ms
1: [2022-07-10 21:07:40.030] [log] [info] duration 0.595697 ms
1: [2022-07-10 21:07:40.030] [log] [info] DecoratorLogger N7jessica11LogDurationINS_20DecoratorEndMeyerhofINS_25MeyerhofShallowFoundationINS_31DecoratorStartVerticalEccentricINS_7LogCallINS0_INS_29DecoratorEndVerticalEccentricINS_17VerticalEccentricEEEEEEEEENS_29DecoratorStartFoundationStripINS4_INS0_INS_27DecoratorEndFoundationStripINS_15FoundationStripEEEEEEEEEEEEEEE
1: [2022-07-10 21:07:40.030] [log] [info] DecoratorLogger N7jessica11LogDurationINS_29DecoratorEndVerticalEccentricINS_17VerticalEccentricEEEEE
1: [2022-07-10 21:07:40.030] [log] [info] duration 0 ms
1: [2022-07-10 21:07:40.030] [log] [info] DecoratorLogger N7jessica11LogDurationINS_27DecoratorEndFoundationStripINS_15FoundationStripEEEEE
1: [2022-07-10 21:07:40.030] [log] [info] duration 0.0001 ms
1: [2022-07-10 21:07:40.030] [log] [info] DecoratorLogger N7jessica11LogDurationINS_29DecoratorEndVerticalEccentricINS_17VerticalEccentricEEEEE
1: [2022-07-10 21:07:40.030] [log] [info] duration 0.0001 ms
1: [2022-07-10 21:07:40.030] [log] [info] duration 0.0838 ms
1: [2022-07-10 21:07:40.030] [log] [info] DecoratorLogger N7jessica11LogDurationINS_29DecoratorEndVerticalEccentricINS_17VerticalEccentricEEEEE
1: [2022-07-10 21:07:40.030] [log] [info] duration 0.0007 ms
1: [2022-07-10 21:07:40.030] [log] [info] DecoratorLogger N7jessica11LogDurationINS_20DecoratorEndMeyerhofINS_25MeyerhofShallowFoundationINS_31DecoratorStartVerticalEccentricINS_7LogCallINS0_INS_29DecoratorEndVerticalEccentricINS_17VerticalEccentricEEEEEEEEENS_29DecoratorStartFoundationStripINS4_INS0_INS_27DecoratorEndFoundationStripINS_15FoundationStripEEEEEEEEEEEEEEE
1: [2022-07-10 21:07:40.030] [log] [info] DecoratorLogger N7jessica11LogDurationINS_27DecoratorEndFoundationStripINS_15FoundationStripEEEEE
1: [2022-07-10 21:07:40.030] [log] [info] duration 0.0001 ms
1: [2022-07-10 21:07:40.031] [log] [info] DecoratorLogger N7jessica11LogDurationINS_29DecoratorEndVerticalEccentricINS_17VerticalEccentricEEEEE
1: [2022-07-10 21:07:40.031] [log] [info] duration 0 ms
1: [2022-07-10 21:07:40.031] [log] [info] duration 0.878696 ms
1: [2022-07-10 21:07:40.031] [log] [info] DecoratorLogger N7jessica11LogDurationINS_20DecoratorEndMeyerhofINS_25MeyerhofShallowFoundationINS_31DecoratorStartVerticalEccentricINS_7LogCallINS0_INS_29DecoratorEndVerticalEccentricINS_17VerticalEccentricEEEEEEEEENS_29DecoratorStartFoundationStripINS4_INS0_INS_27DecoratorEndFoundationStripINS_15FoundationStripEEEEEEEEEEEEEEE
1: [2022-07-10 21:07:40.032] [log] [info] DecoratorLogger N7jessica11LogDurationINS_29DecoratorEndVerticalEccentricINS_17VerticalEccentricEEEEE
1: [2022-07-10 21:07:40.032] [log] [info] duration 0.0001 ms
1: [2022-07-10 21:07:40.032] [log] [info] DecoratorLogger N7jessica11LogDurationINS_27DecoratorEndFoundationStripINS_15FoundationStripEEEEE
1: [2022-07-10 21:07:40.032] [log] [info] duration 0.0001 ms
1: [2022-07-10 21:07:40.033] [log] [info] DecoratorLogger N7jessica11LogDurationINS_29DecoratorEndVerticalEccentricINS_17VerticalEccentricEEEEE
1: [2022-07-10 21:07:40.033] [log] [info] duration 0 ms
1: [2022-07-10 21:07:40.033] [log] [info] duration 1.45679 ms
1: [2022-07-10 21:07:40.033] [log] [info] DecoratorLogger N7jessica11LogDurationINS_20DecoratorEndMeyerhofINS_25MeyerhofShallowFoundationINS_31DecoratorStartVerticalEccentricINS_7LogCallINS0_INS_29DecoratorEndVerticalEccentricINS_17VerticalEccentricEEEEEEEEENS_29DecoratorStartFoundationStripINS4_INS0_INS_27DecoratorEndFoundationStripINS_15FoundationStripEEEEEEEEEEEEEEE
1: [2022-07-10 21:07:40.033] [log] [info] DecoratorLogger N7jessica11LogDurationINS_27DecoratorEndFoundationStripINS_15FoundationStripEEEEE
1: [2022-07-10 21:07:40.033] [log] [info] duration 0.0001 ms
1: [2022-07-10 21:07:40.033] [log] [info] DecoratorLogger N7jessica11LogDurationINS_29DecoratorEndVerticalEccentricINS_17VerticalEccentricEEEEE
1: [2022-07-10 21:07:40.033] [log] [info] duration 0.0001 ms
1: [2022-07-10 21:07:40.033] [log] [info] duration 0.078799 ms
1: [2022-07-10 21:07:40.033] [log] [info] DecoratorLogger N7jessica11LogDurationINS_20DecoratorEndMeyerhofINS_25MeyerhofShallowFoundationINS_31DecoratorStartVerticalEccentricINS_7LogCallINS0_INS_29DecoratorEndVerticalEccentricINS_17VerticalEccentricEEEEEEEEENS_29DecoratorStartFoundationStripINS4_INS0_INS_27DecoratorEndFoundationStripINS_15FoundationStripEEEEEEEEEEEEEEE
1: [2022-07-10 21:07:40.033] [log] [info] DecoratorLogger N7jessica11LogDurationINS_27DecoratorEndFoundationStripINS_15FoundationStripEEEEE
1: [2022-07-10 21:07:40.033] [log] [info] duration 0.0001 ms
1: [2022-07-10 21:07:40.033] [log] [info] DecoratorLogger N7jessica11LogDurationINS_29DecoratorEndVerticalEccentricINS_17VerticalEccentricEEEEE
1: [2022-07-10 21:07:40.033] [log] [info] duration 0 ms
1: [2022-07-10 21:07:40.033] [log] [info] duration 0.0542 ms
1: [2022-07-10 21:07:40.033] [log] [info] DecoratorLogger N7jessica11LogDurationINS_20DecoratorEndMeyerhofINS_25MeyerhofShallowFoundationINS_31DecoratorStartVerticalEccentricINS_7LogCallINS0_INS_29DecoratorEndVerticalEccentricINS_17VerticalEccentricEEEEEEEEENS_29DecoratorStartFoundationStripINS4_INS0_INS_27DecoratorEndFoundationStripINS_15FoundationStripEEEEEEEEEEEEEEE
1: [2022-07-10 21:07:40.033] [log] [info] DecoratorLogger N7jessica11LogDurationINS_29DecoratorEndVerticalEccentricINS_17VerticalEccentricEEEEE
1: [2022-07-10 21:07:40.033] [log] [info] duration 0.0001 ms
1: [2022-07-10 21:07:40.033] [log] [info] DecoratorLogger N7jessica11LogDurationINS_27DecoratorEndFoundationStripINS_15FoundationStripEEEEE
1: [2022-07-10 21:07:40.033] [log] [info] duration 0 ms
1: [2022-07-10 21:07:40.033] [log] [info] DecoratorLogger N7jessica11LogDurationINS_29DecoratorEndVerticalEccentricINS_17VerticalEccentricEEEEE
1: [2022-07-10 21:07:40.033] [log] [info] duration 0.0001 ms
1: [2022-07-10 21:07:40.033] [log] [info] duration 0.086899 ms
1: [2022-07-10 21:07:40.033] [log] [info] DecoratorLogger N7jessica11LogDurationINS_20DecoratorEndMeyerhofINS_25MeyerhofShallowFoundationINS_31DecoratorStartVerticalEccentricINS_7LogCallINS0_INS_29DecoratorEndVerticalEccentricINS_17VerticalEccentricEEEEEEEEENS_29DecoratorStartFoundationStripINS4_INS0_INS_27DecoratorEndFoundationStripINS_15FoundationStripEEEEEEEEEEEEEEE
1: [2022-07-10 21:07:40.033] [log] [info] DecoratorLogger N7jessica11LogDurationINS_29DecoratorEndVerticalEccentricINS_17VerticalEccentricEEEEE
1: [2022-07-10 21:07:40.033] [log] [info] duration 0 ms
1: [2022-07-10 21:07:40.033] [log] [info] DecoratorLogger N7jessica11LogDurationINS_27DecoratorEndFoundationStripINS_15FoundationStripEEEEE
1: [2022-07-10 21:07:40.033] [log] [info] duration 0 ms
1: [2022-07-10 21:07:40.033] [log] [info] DecoratorLogger N7jessica11LogDurationINS_29DecoratorEndVerticalEccentricINS_17VerticalEccentricEEEEE
1: [2022-07-10 21:07:40.034] [log] [info] duration 0 ms
1: [2022-07-10 21:07:40.034] [log] [info] duration 0.0881 ms
1: [2022-07-10 21:07:40.034] [log] [info] DecoratorLogger N7jessica11LogDurationINS_29DecoratorEndVerticalEccentricINS_17VerticalEccentricEEEEE
1: [2022-07-10 21:07:40.034] [log] [info] duration 0.0007 ms
1: [2022-07-10 21:07:40.034] [log] [info] DecoratorLogger N7jessica11LogDurationINS_20DecoratorEndMeyerhofINS_25MeyerhofShallowFoundationINS_31DecoratorStartVerticalEccentricINS_7LogCallINS0_INS_29DecoratorEndVerticalEccentricINS_17VerticalEccentricEEEEEEEEENS_29DecoratorStartFoundationStripINS4_INS0_INS_27DecoratorEndFoundationStripINS_15FoundationStripEEEEEEEEEEEEEEE
1: [2022-07-10 21:07:40.034] [log] [info] DecoratorLogger N7jessica11LogDurationINS_27DecoratorEndFoundationStripINS_15FoundationStripEEEEE
1: [2022-07-10 21:07:40.034] [log] [info] duration 0.0001 ms
1: [2022-07-10 21:07:40.034] [log] [info] DecoratorLogger N7jessica11LogDurationINS_29DecoratorEndVerticalEccentricINS_17VerticalEccentricEEEEE
1: [2022-07-10 21:07:40.034] [log] [info] duration 0 ms
1: [2022-07-10 21:07:40.034] [log] [info] duration 0.0551 ms
1: [2022-07-10 21:07:40.034] [log] [info] DecoratorLogger N7jessica11LogDurationINS_29DecoratorEndVerticalEccentricINS_17VerticalEccentricEEEEE
1: [2022-07-10 21:07:40.034] [log] [info] duration 0.0004 ms
1: [2022-07-10 21:07:40.034] [log] [info] DecoratorLogger N7jessica11LogDurationINS_20DecoratorEndMeyerhofINS_25MeyerhofShallowFoundationINS_31DecoratorStartVerticalEccentricINS_7LogCallINS0_INS_29DecoratorEndVerticalEccentricINS_17VerticalEccentricEEEEEEEEENS_29DecoratorStartFoundationStripINS4_INS0_INS_27DecoratorEndFoundationStripINS_15FoundationStripEEEEEEEEEEEEEEE
1: [2022-07-10 21:07:40.034] [log] [info] DecoratorLogger N7jessica11LogDurationINS_27DecoratorEndFoundationStripINS_15FoundationStripEEEEE
1: [2022-07-10 21:07:40.034] [log] [info] duration 0 ms
1: [2022-07-10 21:07:40.034] [log] [info] DecoratorLogger N7jessica11LogDurationINS_29DecoratorEndVerticalEccentricINS_17VerticalEccentricEEEEE
1: [2022-07-10 21:07:40.034] [log] [info] duration 0.0001 ms
1: [2022-07-10 21:07:40.034] [log] [info] duration 0.055 ms
1: [       OK ] data.CalcMeyehofAllDecorator (5 ms)
1: [ RUN      ] data.CalcMeyehofMainDecorator
1: [2022-07-10 21:07:40.034] [log] [info] DecoratorLogger N7jessica11LogDurationINS_20DecoratorEndMeyerhofINS_25MeyerhofShallowFoundationINS_17VerticalEccentricENS_15FoundationStripEEEEEEE
1: [2022-07-10 21:07:40.034] [log] [info] duration 0.0002 ms
1: [2022-07-10 21:07:40.034] [log] [info] DecoratorLogger N7jessica11LogDurationINS_20DecoratorEndMeyerhofINS_25MeyerhofShallowFoundationINS_17VerticalEccentricENS_15FoundationStripEEEEEEE
1: [2022-07-10 21:07:40.034] [log] [info] duration 0.0002 ms
1: [2022-07-10 21:07:40.034] [log] [info] DecoratorLogger N7jessica11LogDurationINS_20DecoratorEndMeyerhofINS_25MeyerhofShallowFoundationINS_17VerticalEccentricENS_15FoundationStripEEEEEEE
1: [2022-07-10 21:07:40.034] [log] [info] duration 0.0002 ms
1: [2022-07-10 21:07:40.034] [log] [info] DecoratorLogger N7jessica11LogDurationINS_20DecoratorEndMeyerhofINS_25MeyerhofShallowFoundationINS_17VerticalEccentricENS_15FoundationStripEEEEEEE
1: [2022-07-10 21:07:40.034] [log] [info] duration 0.0001 ms
1: [2022-07-10 21:07:40.034] [log] [info] DecoratorLogger N7jessica11LogDurationINS_20DecoratorEndMeyerhofINS_25MeyerhofShallowFoundationINS_17VerticalEccentricENS_15FoundationStripEEEEEEE
1: [2022-07-10 21:07:40.034] [log] [info] duration 0.0001 ms
1: [2022-07-10 21:07:40.034] [log] [info] DecoratorLogger N7jessica11LogDurationINS_20DecoratorEndMeyerhofINS_25MeyerhofShallowFoundationINS_17VerticalEccentricENS_15FoundationStripEEEEEEE
1: [2022-07-10 21:07:40.034] [log] [info] duration 0.0001 ms
1: [2022-07-10 21:07:40.034] [log] [info] DecoratorLogger N7jessica11LogDurationINS_20DecoratorEndMeyerhofINS_25MeyerhofShallowFoundationINS_17VerticalEccentricENS_15FoundationStripEEEEEEE
1: [2022-07-10 21:07:40.034] [log] [info] duration 0.0001 ms
1: [2022-07-10 21:07:40.034] [log] [info] DecoratorLogger N7jessica11LogDurationINS_20DecoratorEndMeyerhofINS_25MeyerhofShallowFoundationINS_17VerticalEccentricENS_15FoundationStripEEEEEEE
1: [2022-07-10 21:07:40.034] [log] [info] duration 0.0001 ms
1: [2022-07-10 21:07:40.034] [log] [info] DecoratorLogger N7jessica11LogDurationINS_20DecoratorEndMeyerhofINS_25MeyerhofShallowFoundationINS_17VerticalEccentricENS_15FoundationStripEEEEEEE
1: [2022-07-10 21:07:40.034] [log] [info] duration 0.0001 ms
1: [2022-07-10 21:07:40.034] [log] [info] DecoratorLogger N7jessica11LogDurationINS_20DecoratorEndMeyerhofINS_25MeyerhofShallowFoundationINS_17VerticalEccentricENS_15FoundationStripEEEEEEE
1: [2022-07-10 21:07:40.035] [log] [info] duration 0.0004 ms
1: [2022-07-10 21:07:40.035] [log] [info] DecoratorLogger N7jessica11LogDurationINS_20DecoratorEndMeyerhofINS_25MeyerhofShallowFoundationINS_17VerticalEccentricENS_15FoundationStripEEEEEEE
1: [2022-07-10 21:07:40.035] [log] [info] duration 0.0002 ms
1: [2022-07-10 21:07:40.035] [log] [info] DecoratorLogger N7jessica11LogDurationINS_20DecoratorEndMeyerhofINS_25MeyerhofShallowFoundationINS_17VerticalEccentricENS_15FoundationStripEEEEEEE
1: [2022-07-10 21:07:40.035] [log] [info] duration 0.0002 ms
1: [2022-07-10 21:07:40.035] [log] [info] DecoratorLogger N7jessica11LogDurationINS_20DecoratorEndMeyerhofINS_25MeyerhofShallowFoundationINS_17VerticalEccentricENS_15FoundationStripEEEEEEE
1: [2022-07-10 21:07:40.035] [log] [info] duration 0.0003 ms
1: [2022-07-10 21:07:40.036] [log] [info] DecoratorLogger N7jessica11LogDurationINS_20DecoratorEndMeyerhofINS_25MeyerhofShallowFoundationINS_17VerticalEccentricENS_15FoundationStripEEEEEEE
1: [2022-07-10 21:07:40.036] [log] [info] duration 0.0002 ms
1: [       OK ] data.CalcMeyehofMainDecorator (2 ms)
1: [ RUN      ] data.CalcMeyehofChildrenAccess
1: [2022-07-10 21:07:40.036] [log] [info] DecoratorLogger N7jessica11LogDurationINS_20DecoratorEndMeyerhofINS_25MeyerhofShallowFoundationINS_17VerticalEccentricENS_15FoundationStripEEEEEEE
1: [2022-07-10 21:07:40.036] [log] [info] duration 0.0017 ms
1: [2022-07-10 21:07:40.036] [log] [info] DecoratorLogger N7jessica11LogDurationINS_20DecoratorEndMeyerhofINS_25MeyerhofShallowFoundationINS_17VerticalEccentricENS_15FoundationStripEEEEEEE
1: [2022-07-10 21:07:40.036] [log] [info] duration 0.0009 ms
1: [2022-07-10 21:07:40.036] [log] [info] DecoratorLogger N7jessica11LogDurationINS_20DecoratorEndMeyerhofINS_25MeyerhofShallowFoundationINS_17VerticalEccentricENS_15FoundationStripEEEEEEE
1: [2022-07-10 21:07:40.036] [log] [info] duration 0.0013 ms
1: [2022-07-10 21:07:40.036] [log] [info] DecoratorLogger N7jessica11LogDurationINS_20DecoratorEndMeyerhofINS_25MeyerhofShallowFoundationINS_17VerticalEccentricENS_15FoundationStripEEEEEEE
1: [2022-07-10 21:07:40.036] [log] [info] duration 0.0002 ms
1: [2022-07-10 21:07:40.036] [log] [info] DecoratorLogger N7jessica11LogDurationINS_20DecoratorEndMeyerhofINS_25MeyerhofShallowFoundationINS_17VerticalEccentricENS_15FoundationStripEEEEEEE
1: [2022-07-10 21:07:40.036] [log] [info] duration 0.0001 ms
1: [2022-07-10 21:07:40.036] [log] [info] DecoratorLogger N7jessica11LogDurationINS_20DecoratorEndMeyerhofINS_25MeyerhofShallowFoundationINS_17VerticalEccentricENS_15FoundationStripEEEEEEE
1: [2022-07-10 21:07:40.036] [log] [info] duration 0.0001 ms
1: [2022-07-10 21:07:40.036] [log] [info] DecoratorLogger N7jessica11LogDurationINS_20DecoratorEndMeyerhofINS_25MeyerhofShallowFoundationINS_17VerticalEccentricENS_15FoundationStripEEEEEEE
1: [2022-07-10 21:07:40.036] [log] [info] duration 0.0001 ms
1: [2022-07-10 21:07:40.036] [log] [info] DecoratorLogger N7jessica11LogDurationINS_20DecoratorEndMeyerhofINS_25MeyerhofShallowFoundationINS_17VerticalEccentricENS_15FoundationStripEEEEEEE
1: [2022-07-10 21:07:40.036] [log] [info] duration 0.0002 ms
1: [2022-07-10 21:07:40.036] [log] [info] DecoratorLogger N7jessica11LogDurationINS_20DecoratorEndMeyerhofINS_25MeyerhofShallowFoundationINS_17VerticalEccentricENS_15FoundationStripEEEEEEE
1: [2022-07-10 21:07:40.037] [log] [info] duration 0.0002 ms
1: [2022-07-10 21:07:40.037] [log] [info] DecoratorLogger N7jessica11LogDurationINS_20DecoratorEndMeyerhofINS_25MeyerhofShallowFoundationINS_17VerticalEccentricENS_15FoundationStripEEEEEEE
1: [2022-07-10 21:07:40.037] [log] [info] duration 0.0001 ms
1: [2022-07-10 21:07:40.037] [log] [info] DecoratorLogger N7jessica11LogDurationINS_20DecoratorEndMeyerhofINS_25MeyerhofShallowFoundationINS_17VerticalEccentricENS_15FoundationStripEEEEEEE
1: [2022-07-10 21:07:40.037] [log] [info] duration 0.0001 ms
1: [2022-07-10 21:07:40.037] [log] [info] DecoratorLogger N7jessica11LogDurationINS_20DecoratorEndMeyerhofINS_25MeyerhofShallowFoundationINS_17VerticalEccentricENS_15FoundationStripEEEEEEE
1: [2022-07-10 21:07:40.037] [log] [info] duration 0.0001 ms
1: [       OK ] data.CalcMeyehofChildrenAccess (0 ms)
1: [ RUN      ] data.MeyerhofShallowFoundationWebServicesRestBed
1: [       OK ] data.MeyerhofShallowFoundationWebServicesRestBed (20 ms)
1: [ RUN      ] data.MeyerhofShallowFoundationWebServicesDrogon
1: [       OK ] data.MeyerhofShallowFoundationWebServicesDrogon (38 ms)
1: [----------] 6 tests from data (68 ms total)
1: 
1: [----------] Global test environment tear-down
1: [==========] 6 tests from 1 test suite ran. (68 ms total)
1: [  PASSED  ] 6 tests.
[HANDLER_OUTPUT] 
1/4 Test #1: TestCalcMeyerhof ..................
   Passed    0.10 sec
[HANDLER_VERBOSE_OUTPUT] 
test 2

[HANDLER_OUTPUT] 
    Start 2: TestGeotechnicalFoundationStrip

[HANDLER_VERBOSE_OUTPUT] 

2: Test command: /home/runner/work/jessica/jessica/build/test/backend/data/test_geotechnical_foundation_strip

2: Test timeout computed to be: 1500
2: [==========] Running 4 tests from 1 test suite.
2: [----------] Global test environment set-up.
2: [----------] 4 tests from data
2: [ RUN      ] data.FoundationStrip
2: [       OK ] data.FoundationStrip (0 ms)
2: [ RUN      ] data.FoundationStripDecorator
2: [2022-07-10 21:07:40.131] [log] [info] DecoratorLogger N7jessica11LogDurationINS_27DecoratorEndFoundationStripINS_15FoundationStripEEEEE
2: [2022-07-10 21:07:40.131] [log] [info] duration 0 ms
2: [2022-07-10 21:07:40.131] [log] [info] DecoratorLogger N7jessica11LogDurationINS_27DecoratorEndFoundationStripINS_15FoundationStripEEEEE
2: [2022-07-10 21:07:40.131] [log] [info] duration 0.0006 ms
2: [2022-07-10 21:07:40.131] [log] [info] DecoratorLogger N7jessica11LogDurationINS_27DecoratorEndFoundationStripINS_15FoundationStripEEEEE
2: [2022-07-10 21:07:40.131] [log] [info] duration 0.0001 ms
2: [2022-07-10 21:07:40.131] [log] [info] DecoratorLogger N7jessica11LogDurationINS_27DecoratorEndFoundationStripINS_15FoundationStripEEEEE
2: [2022-07-10 21:07:40.131] [log] [info] duration 0 ms
2: [2022-07-10 21:07:40.131] [log] [info] DecoratorLogger N7jessica11LogDurationINS_27DecoratorEndFoundationStripINS_15FoundationStripEEEEE
2: [2022-07-10 21:07:40.131] [log] [info] duration 0.0001 ms
2: [2022-07-10 21:07:40.131] [log] [info] DecoratorLogger N7jessica11LogDurationINS_27DecoratorEndFoundationStripINS_15FoundationStripEEEEE
2: [2022-07-10 21:07:40.131] [log] [info] duration 0.0001 ms
2: [2022-07-10 21:07:40.131] [log] [info] DecoratorLogger N7jessica11LogDurationINS_27DecoratorEndFoundationStripINS_15FoundationStripEEEEE
2: [2022-07-10 21:07:40.131] [log] [info] duration 0.0001 ms
2: [2022-07-10 21:07:40.131] [log] [info] DecoratorLogger N7jessica11LogDurationINS_27DecoratorEndFoundationStripINS_15FoundationStripEEEEE
2: [2022-07-10 21:07:40.131] [log] [info] duration 0 ms
2: [       OK ] data.FoundationStripDecorator (0 ms)
2: [ RUN      ] data.FoundationStripWebServicesRestBed
2: [       OK ] data.FoundationStripWebServicesRestBed (15 ms)
2: [ RUN      ] data.FoundationStripWebServicesDrogon
2: [       OK ] data.FoundationStripWebServicesDrogon (30 ms)
2: [----------] 4 tests from data (47 ms total)
2: 
2: [----------] Global test environment tear-down
2: [==========] 4 tests from 1 test suite ran. (47 ms total)
2: [  PASSED  ] 4 tests.
[HANDLER_OUTPUT] 
2/4 Test #2: TestGeotechnicalFoundationStrip ...
   Passed    0.05 sec
[HANDLER_VERBOSE_OUTPUT] 
test 3

[HANDLER_OUTPUT] 
    Start 3: TestLoadVerticalEccentric

[HANDLER_VERBOSE_OUTPUT] 

3: Test command: /home/runner/work/jessica/jessica/build/test/backend/data/test_load_vertical_eccentric

3: Test timeout computed to be: 1500
3: [==========] Running 4 tests from 1 test suite.
3: [----------] Global test environment set-up.
3: [----------] 4 tests from data
3: [ RUN      ] data.VerticalEccentric
3: [       OK ] data.VerticalEccentric (0 ms)
3: [ RUN      ] data.VerticalEccentricDecorator
3: [2022-07-10 21:07:40.186] [log] [info] DecoratorLogger N7jessica11LogDurationINS_29DecoratorEndVerticalEccentricINS_17VerticalEccentricEEEEE
3: [2022-07-10 21:07:40.186] [log] [info] duration 0.0001 ms
3: [2022-07-10 21:07:40.186] [log] [info] DecoratorLogger N7jessica11LogDurationINS_29DecoratorEndVerticalEccentricINS_17VerticalEccentricEEEEE
3: [2022-07-10 21:07:40.186] [log] [info] duration 0.0001 ms
3: [2022-07-10 21:07:40.186] [log] [info] DecoratorLogger N7jessica11LogDurationINS_29DecoratorEndVerticalEccentricINS_17VerticalEccentricEEEEE
3: [2022-07-10 21:07:40.186] [log] [info] duration 0.0006 ms
3: [2022-07-10 21:07:40.186] [log] [info] DecoratorLogger N7jessica11LogDurationINS_29DecoratorEndVerticalEccentricINS_17VerticalEccentricEEEEE
3: [2022-07-10 21:07:40.186] [log] [info] duration 0 ms
3: [2022-07-10 21:07:40.186] [log] [info] DecoratorLogger N7jessica11LogDurationINS_29DecoratorEndVerticalEccentricINS_17VerticalEccentricEEEEE
3: [2022-07-10 21:07:40.186] [log] [info] duration 0 ms
3: [2022-07-10 21:07:40.186] [log] [info] DecoratorLogger N7jessica11LogDurationINS_29DecoratorEndVerticalEccentricINS_17VerticalEccentricEEEEE
3: [2022-07-10 21:07:40.186] [log] [info] duration 0.0003 ms
3: [2022-07-10 21:07:40.186] [log] [info] DecoratorLogger N7jessica11LogDurationINS_29DecoratorEndVerticalEccentricINS_17VerticalEccentricEEEEE
3: [2022-07-10 21:07:40.186] [log] [info] duration 0 ms
3: [2022-07-10 21:07:40.186] [log] [info] DecoratorLogger N7jessica11LogDurationINS_29DecoratorEndVerticalEccentricINS_17VerticalEccentricEEEEE
3: [2022-07-10 21:07:40.186] [log] [info] duration 0 ms
3: [2022-07-10 21:07:40.186] [log] [info] DecoratorLogger N7jessica11LogDurationINS_29DecoratorEndVerticalEccentricINS_17VerticalEccentricEEEEE
3: [2022-07-10 21:07:40.186] [log] [info] duration 0 ms
3: [2022-07-10 21:07:40.186] [log] [info] DecoratorLogger N7jessica11LogDurationINS_29DecoratorEndVerticalEccentricINS_17VerticalEccentricEEEEE
3: [2022-07-10 21:07:40.186] [log] [info] duration 0 ms
3: [2022-07-10 21:07:40.186] [log] [info] DecoratorLogger N7jessica11LogDurationINS_29DecoratorEndVerticalEccentricINS_17VerticalEccentricEEEEE
3: [2022-07-10 21:07:40.186] [log] [info] duration 0.0001 ms
3: [2022-07-10 21:07:40.186] [log] [info] DecoratorLogger N7jessica11LogDurationINS_29DecoratorEndVerticalEccentricINS_17VerticalEccentricEEEEE
3: [2022-07-10 21:07:40.186] [log] [info] duration 0 ms
3: [2022-07-10 21:07:40.186] [log] [info] DecoratorLogger N7jessica11LogDurationINS_29DecoratorEndVerticalEccentricINS_17VerticalEccentricEEEEE
3: [2022-07-10 21:07:40.186] [log] [info] duration 0 ms
3: [2022-07-10 21:07:40.186] [log] [info] DecoratorLogger N7jessica11LogDurationINS_29DecoratorEndVerticalEccentricINS_17VerticalEccentricEEEEE
3: [2022-07-10 21:07:40.186] [log] [info] duration 0.0001 ms
3: [2022-07-10 21:07:40.186] [log] [info] DecoratorLogger N7jessica11LogDurationINS_29DecoratorEndVerticalEccentricINS_17VerticalEccentricEEEEE
3: [2022-07-10 21:07:40.186] [log] [info] duration 0.0001 ms
3: [2022-07-10 21:07:40.186] [log] [info] DecoratorLogger N7jessica11LogDurationINS_29DecoratorEndVerticalEccentricINS_17VerticalEccentricEEEEE
3: [2022-07-10 21:07:40.186] [log] [info] duration 0 ms
3: [       OK ] data.VerticalEccentricDecorator (0 ms)
3: [ RUN      ] data.VerticalEccentricWebServicesRestBed
3: [       OK ] data.VerticalEccentricWebServicesRestBed (16 ms)
3: [ RUN      ] data.VerticalEccentricWebServicesDrogon
3: [       OK ] data.VerticalEccentricWebServicesDrogon (28 ms)
3: [----------] 4 tests from data (45 ms total)
3: 
3: [----------] Global test environment tear-down
3: [==========] 4 tests from 1 test suite ran. (45 ms total)
3: [  PASSED  ] 4 tests.
[HANDLER_OUTPUT] 
3/4 Test #3: TestLoadVerticalEccentric .........
   Passed    0.05 sec
[HANDLER_VERBOSE_OUTPUT] 
test 4

[HANDLER_OUTPUT] 
    Start 4: TestUtilDecorator

[HANDLER_VERBOSE_OUTPUT] 

4: Test command: /home/runner/work/jessica/jessica/build/test/backend/util/test_util_decorator

4: Test timeout computed to be: 1500
4: Running main() from ./googletest/src/gtest_main.cc
4: [==========] Running 1 test from 1 test suite.
4: [----------] Global test environment set-up.
4: [----------] 1 test from decorator
4: [ RUN      ] decorator.Test
4: DecoratorLogger 16DecoratorEndTestI13DecoratorTestE
4: DecoratorLogger 16DecoratorEndTestI13DecoratorTestE
4: [       OK ] decorator.Test (0 ms)
4: [----------] 1 test from decorator (0 ms total)
4: 
4: [----------] Global test environment tear-down
4: [==========] 1 test from 1 test suite ran. (0 ms total)
4: [  PASSED  ] 1 test.
[HANDLER_OUTPUT] 
4/4 Test #4: TestUtilDecorator .................
   Passed    0.01 sec

100% tests passed, 0 tests failed out of 4

Total Test time (real) =   0.22 sec
