[HANDLER_VERBOSE_OUTPUT] 
UpdateCTestConfiguration  from :D:/a/jessica/jessica/build/DartConfiguration.tcl

Parse Config file:D:/a/jessica/jessica/build/DartConfiguration.tcl
UpdateCTestConfiguration  from :D:/a/jessica/jessica/build/DartConfiguration.tcl
Parse Config file:D:/a/jessica/jessica/build/DartConfiguration.tcl
[HANDLER_OUTPUT] 
Test project D:/a/jessica/jessica/build

[HANDLER_VERBOSE_OUTPUT] 
Constructing a list of tests

Done constructing a list of tests
Updating test list for fixtures
Added 0 tests to meet fixture requirements
Checking test dependency graph...
Checking test dependency graph end
test 1
[HANDLER_OUTPUT] 
    Start 1: TestCalcMeyerhof

[HANDLER_VERBOSE_OUTPUT] 

1: Test command: D:\a\jessica\jessica\build\test\backend\calc\geotechnical\Debug\test_calc_meyerhof.exe

1: Working Directory: D:/a/jessica/jessica/build/test/backend/calc/geotechnical
1: Test timeout computed to be: 1500
1: [==========] Running 6 tests from 1 test suite.
1: [----------] Global test environment set-up.
1: [----------] 6 tests from data
1: [ RUN      ] data.CalcMeyehof
1: [       OK ] data.CalcMeyehof (103 ms)
1: [ RUN      ] data.CalcMeyehofAllDecorator
1: [2022-11-23 21:59:23.590] [log] [info] DecoratorLogger class jessica::LogDuration<class jessica::DecoratorEndFoundationStrip<class jessica::FoundationStrip> >
1: [2022-11-23 21:59:23.650] [log] [info] duration 0.007 ms
1: [2022-11-23 21:59:23.650] [log] [info] DecoratorLogger class jessica::LogDuration<class jessica::DecoratorEndVerticalEccentric<class jessica::VerticalEccentric> >
1: [2022-11-23 21:59:23.650] [log] [info] duration 0.0018 ms
1: [2022-11-23 21:59:23.650] [log] [info] DecoratorLogger class jessica::LogDuration<class jessica::DecoratorEndVerticalEccentric<class jessica::VerticalEccentric> >
1: [2022-11-23 21:59:23.650] [log] [info] duration 0.0009 ms
1: [2022-11-23 21:59:23.650] [log] [info] DecoratorLogger class jessica::LogDuration<class jessica::DecoratorEndMeyerhof<class jessica::MeyerhofShallowFoundation<class jessica::DecoratorStartVerticalEccentric<class jessica::LogCall<class jessica::LogDuration<class jessica::DecoratorEndVerticalEccentric<class jessica::VerticalEccentric> > > >,class jessica::DecoratorStartFoundationStrip<class jessica::LogCall<class jessica::LogDuration<class jessica::DecoratorEndFoundationStrip<class jessica::FoundationStrip> > > > > > >
1: [2022-11-23 21:59:23.650] [log] [info] DecoratorLogger class jessica::LogDuration<class jessica::DecoratorEndFoundationStrip<class jessica::FoundationStrip> >
1: [2022-11-23 21:59:23.650] [log] [info] duration 0.0003 ms
1: [2022-11-23 21:59:23.650] [log] [info] DecoratorLogger class jessica::LogDuration<class jessica::DecoratorEndVerticalEccentric<class jessica::VerticalEccentric> >
1: [2022-11-23 21:59:23.650] [log] [info] duration 0.0002 ms
1: [2022-11-23 21:59:23.650] [log] [info] duration 0.0671 ms
1: [2022-11-23 21:59:23.650] [log] [info] DecoratorLogger class jessica::LogDuration<class jessica::DecoratorEndMeyerhof<class jessica::MeyerhofShallowFoundation<class jessica::DecoratorStartVerticalEccentric<class jessica::LogCall<class jessica::LogDuration<class jessica::DecoratorEndVerticalEccentric<class jessica::VerticalEccentric> > > >,class jessica::DecoratorStartFoundationStrip<class jessica::LogCall<class jessica::LogDuration<class jessica::DecoratorEndFoundationStrip<class jessica::FoundationStrip> > > > > > >
1: [2022-11-23 21:59:23.650] [log] [info] DecoratorLogger class jessica::LogDuration<class jessica::DecoratorEndVerticalEccentric<class jessica::VerticalEccentric> >
1: [2022-11-23 21:59:23.650] [log] [info] duration 0.0002 ms
1: [2022-11-23 21:59:23.650] [log] [info] DecoratorLogger class jessica::LogDuration<class jessica::DecoratorEndFoundationStrip<class jessica::FoundationStrip> >
1: [2022-11-23 21:59:23.650] [log] [info] duration 0.0001 ms
1: [2022-11-23 21:59:23.650] [log] [info] DecoratorLogger class jessica::LogDuration<class jessica::DecoratorEndVerticalEccentric<class jessica::VerticalEccentric> >
1: [2022-11-23 21:59:23.650] [log] [info] duration 0.0001 ms
1: [2022-11-23 21:59:23.650] [log] [info] duration 0.0863 ms
1: [2022-11-23 21:59:23.650] [log] [info] DecoratorLogger class jessica::LogDuration<class jessica::DecoratorEndVerticalEccentric<class jessica::VerticalEccentric> >
1: [2022-11-23 21:59:23.650] [log] [info] duration 0.0009 ms
1: [2022-11-23 21:59:23.650] [log] [info] DecoratorLogger class jessica::LogDuration<class jessica::DecoratorEndMeyerhof<class jessica::MeyerhofShallowFoundation<class jessica::DecoratorStartVerticalEccentric<class jessica::LogCall<class jessica::LogDuration<class jessica::DecoratorEndVerticalEccentric<class jessica::VerticalEccentric> > > >,class jessica::DecoratorStartFoundationStrip<class jessica::LogCall<class jessica::LogDuration<class jessica::DecoratorEndFoundationStrip<class jessica::FoundationStrip> > > > > > >
1: [2022-11-23 21:59:23.650] [log] [info] DecoratorLogger class jessica::LogDuration<class jessica::DecoratorEndFoundationStrip<class jessica::FoundationStrip> >
1: [2022-11-23 21:59:23.650] [log] [info] duration 0.0001 ms
1: [2022-11-23 21:59:23.650] [log] [info] DecoratorLogger class jessica::LogDuration<class jessica::DecoratorEndVerticalEccentric<class jessica::VerticalEccentric> >
1: [2022-11-23 21:59:23.650] [log] [info] duration 0.0001 ms
1: [2022-11-23 21:59:23.650] [log] [info] duration 0.0512 ms
1: [2022-11-23 21:59:23.650] [log] [info] DecoratorLogger class jessica::LogDuration<class jessica::DecoratorEndMeyerhof<class jessica::MeyerhofShallowFoundation<class jessica::DecoratorStartVerticalEccentric<class jessica::LogCall<class jessica::LogDuration<class jessica::DecoratorEndVerticalEccentric<class jessica::VerticalEccentric> > > >,class jessica::DecoratorStartFoundationStrip<class jessica::LogCall<class jessica::LogDuration<class jessica::DecoratorEndFoundationStrip<class jessica::FoundationStrip> > > > > > >
1: [2022-11-23 21:59:23.650] [log] [info] DecoratorLogger class jessica::LogDuration<class jessica::DecoratorEndVerticalEccentric<class jessica::VerticalEccentric> >
1: [2022-11-23 21:59:23.650] [log] [info] duration 0.0001 ms
1: [2022-11-23 21:59:23.651] [log] [info] DecoratorLogger class jessica::LogDuration<class jessica::DecoratorEndFoundationStrip<class jessica::FoundationStrip> >
1: [2022-11-23 21:59:23.651] [log] [info] duration 0.0001 ms
1: [2022-11-23 21:59:23.651] [log] [info] DecoratorLogger class jessica::LogDuration<class jessica::DecoratorEndVerticalEccentric<class jessica::VerticalEccentric> >
1: [2022-11-23 21:59:23.651] [log] [info] duration 0.0001 ms
1: [2022-11-23 21:59:23.651] [log] [info] duration 0.0744 ms
1: [2022-11-23 21:59:23.651] [log] [info] DecoratorLogger class jessica::LogDuration<class jessica::DecoratorEndMeyerhof<class jessica::MeyerhofShallowFoundation<class jessica::DecoratorStartVerticalEccentric<class jessica::LogCall<class jessica::LogDuration<class jessica::DecoratorEndVerticalEccentric<class jessica::VerticalEccentric> > > >,class jessica::DecoratorStartFoundationStrip<class jessica::LogCall<class jessica::LogDuration<class jessica::DecoratorEndFoundationStrip<class jessica::FoundationStrip> > > > > > >
1: [2022-11-23 21:59:23.651] [log] [info] DecoratorLogger class jessica::LogDuration<class jessica::DecoratorEndFoundationStrip<class jessica::FoundationStrip> >
1: [2022-11-23 21:59:23.651] [log] [info] duration 0.0001 ms
1: [2022-11-23 21:59:23.651] [log] [info] DecoratorLogger class jessica::LogDuration<class jessica::DecoratorEndVerticalEccentric<class jessica::VerticalEccentric> >
1: [2022-11-23 21:59:23.651] [log] [info] duration 0.0001 ms
1: [2022-11-23 21:59:23.651] [log] [info] duration 0.0551 ms
1: [2022-11-23 21:59:23.651] [log] [info] DecoratorLogger class jessica::LogDuration<class jessica::DecoratorEndMeyerhof<class jessica::MeyerhofShallowFoundation<class jessica::DecoratorStartVerticalEccentric<class jessica::LogCall<class jessica::LogDuration<class jessica::DecoratorEndVerticalEccentric<class jessica::VerticalEccentric> > > >,class jessica::DecoratorStartFoundationStrip<class jessica::LogCall<class jessica::LogDuration<class jessica::DecoratorEndFoundationStrip<class jessica::FoundationStrip> > > > > > >
1: [2022-11-23 21:59:23.651] [log] [info] DecoratorLogger class jessica::LogDuration<class jessica::DecoratorEndFoundationStrip<class jessica::FoundationStrip> >
1: [2022-11-23 21:59:23.651] [log] [info] duration 0.0001 ms
1: [2022-11-23 21:59:23.651] [log] [info] DecoratorLogger class jessica::LogDuration<class jessica::DecoratorEndVerticalEccentric<class jessica::VerticalEccentric> >
1: [2022-11-23 21:59:23.651] [log] [info] duration 0.0001 ms
1: [2022-11-23 21:59:23.651] [log] [info] duration 0.0488 ms
1: [2022-11-23 21:59:23.651] [log] [info] DecoratorLogger class jessica::LogDuration<class jessica::DecoratorEndMeyerhof<class jessica::MeyerhofShallowFoundation<class jessica::DecoratorStartVerticalEccentric<class jessica::LogCall<class jessica::LogDuration<class jessica::DecoratorEndVerticalEccentric<class jessica::VerticalEccentric> > > >,class jessica::DecoratorStartFoundationStrip<class jessica::LogCall<class jessica::LogDuration<class jessica::DecoratorEndFoundationStrip<class jessica::FoundationStrip> > > > > > >
1: [2022-11-23 21:59:23.651] [log] [info] DecoratorLogger class jessica::LogDuration<class jessica::DecoratorEndVerticalEccentric<class jessica::VerticalEccentric> >
1: [2022-11-23 21:59:23.651] [log] [info] duration 0 ms
1: [2022-11-23 21:59:23.651] [log] [info] DecoratorLogger class jessica::LogDuration<class jessica::DecoratorEndFoundationStrip<class jessica::FoundationStrip> >
1: [2022-11-23 21:59:23.651] [log] [info] duration 0.0002 ms
1: [2022-11-23 21:59:23.651] [log] [info] DecoratorLogger class jessica::LogDuration<class jessica::DecoratorEndVerticalEccentric<class jessica::VerticalEccentric> >
1: [2022-11-23 21:59:23.651] [log] [info] duration 0.0002 ms
1: [2022-11-23 21:59:23.651] [log] [info] duration 0.2479 ms
1: [2022-11-23 21:59:23.651] [log] [info] DecoratorLogger class jessica::LogDuration<class jessica::DecoratorEndMeyerhof<class jessica::MeyerhofShallowFoundation<class jessica::DecoratorStartVerticalEccentric<class jessica::LogCall<class jessica::LogDuration<class jessica::DecoratorEndVerticalEccentric<class jessica::VerticalEccentric> > > >,class jessica::DecoratorStartFoundationStrip<class jessica::LogCall<class jessica::LogDuration<class jessica::DecoratorEndFoundationStrip<class jessica::FoundationStrip> > > > > > >
1: [2022-11-23 21:59:23.651] [log] [info] DecoratorLogger class jessica::LogDuration<class jessica::DecoratorEndVerticalEccentric<class jessica::VerticalEccentric> >
1: [2022-11-23 21:59:23.651] [log] [info] duration 0.0001 ms
1: [2022-11-23 21:59:23.651] [log] [info] DecoratorLogger class jessica::LogDuration<class jessica::DecoratorEndFoundationStrip<class jessica::FoundationStrip> >
1: [2022-11-23 21:59:23.651] [log] [info] duration 0.0001 ms
1: [2022-11-23 21:59:23.651] [log] [info] DecoratorLogger class jessica::LogDuration<class jessica::DecoratorEndVerticalEccentric<class jessica::VerticalEccentric> >
1: [2022-11-23 21:59:23.651] [log] [info] duration 0.0001 ms
1: [2022-11-23 21:59:23.651] [log] [info] duration 0.0759 ms
1: [2022-11-23 21:59:23.651] [log] [info] DecoratorLogger class jessica::LogDuration<class jessica::DecoratorEndVerticalEccentric<class jessica::VerticalEccentric> >
1: [2022-11-23 21:59:23.651] [log] [info] duration 0.0011 ms
1: [2022-11-23 21:59:23.651] [log] [info] DecoratorLogger class jessica::LogDuration<class jessica::DecoratorEndMeyerhof<class jessica::MeyerhofShallowFoundation<class jessica::DecoratorStartVerticalEccentric<class jessica::LogCall<class jessica::LogDuration<class jessica::DecoratorEndVerticalEccentric<class jessica::VerticalEccentric> > > >,class jessica::DecoratorStartFoundationStrip<class jessica::LogCall<class jessica::LogDuration<class jessica::DecoratorEndFoundationStrip<class jessica::FoundationStrip> > > > > > >
1: [2022-11-23 21:59:23.651] [log] [info] DecoratorLogger class jessica::LogDuration<class jessica::DecoratorEndFoundationStrip<class jessica::FoundationStrip> >
1: [2022-11-23 21:59:23.651] [log] [info] duration 0.0002 ms
1: [2022-11-23 21:59:23.651] [log] [info] DecoratorLogger class jessica::LogDuration<class jessica::DecoratorEndVerticalEccentric<class jessica::VerticalEccentric> >
1: [2022-11-23 21:59:23.651] [log] [info] duration 0.0002 ms
1: [2022-11-23 21:59:23.651] [log] [info] duration 0.0597 ms
1: [2022-11-23 21:59:23.651] [log] [info] DecoratorLogger class jessica::LogDuration<class jessica::DecoratorEndVerticalEccentric<class jessica::VerticalEccentric> >
1: [2022-11-23 21:59:23.651] [log] [info] duration 0.0014 ms
1: [2022-11-23 21:59:23.651] [log] [info] DecoratorLogger class jessica::LogDuration<class jessica::DecoratorEndMeyerhof<class jessica::MeyerhofShallowFoundation<class jessica::DecoratorStartVerticalEccentric<class jessica::LogCall<class jessica::LogDuration<class jessica::DecoratorEndVerticalEccentric<class jessica::VerticalEccentric> > > >,class jessica::DecoratorStartFoundationStrip<class jessica::LogCall<class jessica::LogDuration<class jessica::DecoratorEndFoundationStrip<class jessica::FoundationStrip> > > > > > >
1: [2022-11-23 21:59:23.651] [log] [info] DecoratorLogger class jessica::LogDuration<class jessica::DecoratorEndFoundationStrip<class jessica::FoundationStrip> >
1: [2022-11-23 21:59:23.651] [log] [info] duration 0.0001 ms
1: [2022-11-23 21:59:23.651] [log] [info] DecoratorLogger class jessica::LogDuration<class jessica::DecoratorEndVerticalEccentric<class jessica::VerticalEccentric> >
1: [2022-11-23 21:59:23.651] [log] [info] duration 0.0001 ms
1: [2022-11-23 21:59:23.651] [log] [info] duration 0.0509 ms
1: [       OK ] data.CalcMeyehofAllDecorator (62 ms)
1: [ RUN      ] data.CalcMeyehofMainDecorator
1: [2022-11-23 21:59:23.652] [log] [info] DecoratorLogger class jessica::LogDuration<class jessica::DecoratorEndMeyerhof<class jessica::MeyerhofShallowFoundation<class jessica::VerticalEccentric,class jessica::FoundationStrip> > >
1: [2022-11-23 21:59:23.652] [log] [info] duration 0.0004 ms
1: [2022-11-23 21:59:23.652] [log] [info] DecoratorLogger class jessica::LogDuration<class jessica::DecoratorEndMeyerhof<class jessica::MeyerhofShallowFoundation<class jessica::VerticalEccentric,class jessica::FoundationStrip> > >
1: [2022-11-23 21:59:23.652] [log] [info] duration 0.0004 ms
1: [2022-11-23 21:59:23.652] [log] [info] DecoratorLogger class jessica::LogDuration<class jessica::DecoratorEndMeyerhof<class jessica::MeyerhofShallowFoundation<class jessica::VerticalEccentric,class jessica::FoundationStrip> > >
1: [2022-11-23 21:59:23.652] [log] [info] duration 0.0002 ms
1: [2022-11-23 21:59:23.652] [log] [info] DecoratorLogger class jessica::LogDuration<class jessica::DecoratorEndMeyerhof<class jessica::MeyerhofShallowFoundation<class jessica::VerticalEccentric,class jessica::FoundationStrip> > >
1: [2022-11-23 21:59:23.652] [log] [info] duration 0.0003 ms
1: [2022-11-23 21:59:23.652] [log] [info] DecoratorLogger class jessica::LogDuration<class jessica::DecoratorEndMeyerhof<class jessica::MeyerhofShallowFoundation<class jessica::VerticalEccentric,class jessica::FoundationStrip> > >
1: [2022-11-23 21:59:23.652] [log] [info] duration 0.0001 ms
1: [2022-11-23 21:59:23.652] [log] [info] DecoratorLogger class jessica::LogDuration<class jessica::DecoratorEndMeyerhof<class jessica::MeyerhofShallowFoundation<class jessica::VerticalEccentric,class jessica::FoundationStrip> > >
1: [2022-11-23 21:59:23.652] [log] [info] duration 0.0002 ms
1: [2022-11-23 21:59:23.653] [log] [info] DecoratorLogger class jessica::LogDuration<class jessica::DecoratorEndMeyerhof<class jessica::MeyerhofShallowFoundation<class jessica::VerticalEccentric,class jessica::FoundationStrip> > >
1: [2022-11-23 21:59:23.653] [log] [info] duration 0.0005 ms
1: [2022-11-23 21:59:23.653] [log] [info] DecoratorLogger class jessica::LogDuration<class jessica::DecoratorEndMeyerhof<class jessica::MeyerhofShallowFoundation<class jessica::VerticalEccentric,class jessica::FoundationStrip> > >
1: [2022-11-23 21:59:23.653] [log] [info] duration 0.0002 ms
1: [2022-11-23 21:59:23.653] [log] [info] DecoratorLogger class jessica::LogDuration<class jessica::DecoratorEndMeyerhof<class jessica::MeyerhofShallowFoundation<class jessica::VerticalEccentric,class jessica::FoundationStrip> > >
1: [2022-11-23 21:59:23.653] [log] [info] duration 0.0002 ms
1: [2022-11-23 21:59:23.653] [log] [info] DecoratorLogger class jessica::LogDuration<class jessica::DecoratorEndMeyerhof<class jessica::MeyerhofShallowFoundation<class jessica::VerticalEccentric,class jessica::FoundationStrip> > >
1: [2022-11-23 21:59:23.653] [log] [info] duration 0.0001 ms
1: [2022-11-23 21:59:23.653] [log] [info] DecoratorLogger class jessica::LogDuration<class jessica::DecoratorEndMeyerhof<class jessica::MeyerhofShallowFoundation<class jessica::VerticalEccentric,class jessica::FoundationStrip> > >
1: [2022-11-23 21:59:23.653] [log] [info] duration 0.0004 ms
1: [2022-11-23 21:59:23.653] [log] [info] DecoratorLogger class jessica::LogDuration<class jessica::DecoratorEndMeyerhof<class jessica::MeyerhofShallowFoundation<class jessica::VerticalEccentric,class jessica::FoundationStrip> > >
1: [2022-11-23 21:59:23.653] [log] [info] duration 0.0001 ms
1: [2022-11-23 21:59:23.653] [log] [info] DecoratorLogger class jessica::LogDuration<class jessica::DecoratorEndMeyerhof<class jessica::MeyerhofShallowFoundation<class jessica::VerticalEccentric,class jessica::FoundationStrip> > >
1: [2022-11-23 21:59:23.653] [log] [info] duration 0.0003 ms
1: [2022-11-23 21:59:23.654] [log] [info] DecoratorLogger class jessica::LogDuration<class jessica::DecoratorEndMeyerhof<class jessica::MeyerhofShallowFoundation<class jessica::VerticalEccentric,class jessica::FoundationStrip> > >
1: [2022-11-23 21:59:23.654] [log] [info] duration 0.0002 ms
1: [       OK ] data.CalcMeyehofMainDecorator (2 ms)
1: [ RUN      ] data.CalcMeyehofChildrenAccess
1: [2022-11-23 21:59:23.655] [log] [info] DecoratorLogger class jessica::LogDuration<class jessica::DecoratorEndMeyerhof<class jessica::MeyerhofShallowFoundation<class jessica::VerticalEccentric,class jessica::FoundationStrip> > >
1: [2022-11-23 21:59:23.655] [log] [info] duration 0.0023 ms
1: [2022-11-23 21:59:23.655] [log] [info] DecoratorLogger class jessica::LogDuration<class jessica::DecoratorEndMeyerhof<class jessica::MeyerhofShallowFoundation<class jessica::VerticalEccentric,class jessica::FoundationStrip> > >
1: [2022-11-23 21:59:23.655] [log] [info] duration 0.0016 ms
1: [2022-11-23 21:59:23.655] [log] [info] DecoratorLogger class jessica::LogDuration<class jessica::DecoratorEndMeyerhof<class jessica::MeyerhofShallowFoundation<class jessica::VerticalEccentric,class jessica::FoundationStrip> > >
1: [2022-11-23 21:59:23.655] [log] [info] duration 0.0021 ms
1: [2022-11-23 21:59:23.655] [log] [info] DecoratorLogger class jessica::LogDuration<class jessica::DecoratorEndMeyerhof<class jessica::MeyerhofShallowFoundation<class jessica::VerticalEccentric,class jessica::FoundationStrip> > >
1: [2022-11-23 21:59:23.655] [log] [info] duration 0.0003 ms
1: [2022-11-23 21:59:23.655] [log] [info] DecoratorLogger class jessica::LogDuration<class jessica::DecoratorEndMeyerhof<class jessica::MeyerhofShallowFoundation<class jessica::VerticalEccentric,class jessica::FoundationStrip> > >
1: [2022-11-23 21:59:23.655] [log] [info] duration 0.0001 ms
1: [2022-11-23 21:59:23.655] [log] [info] DecoratorLogger class jessica::LogDuration<class jessica::DecoratorEndMeyerhof<class jessica::MeyerhofShallowFoundation<class jessica::VerticalEccentric,class jessica::FoundationStrip> > >
1: [2022-11-23 21:59:23.655] [log] [info] duration 0.0003 ms
1: [2022-11-23 21:59:23.655] [log] [info] DecoratorLogger class jessica::LogDuration<class jessica::DecoratorEndMeyerhof<class jessica::MeyerhofShallowFoundation<class jessica::VerticalEccentric,class jessica::FoundationStrip> > >
1: [2022-11-23 21:59:23.655] [log] [info] duration 0.0002 ms
1: [2022-11-23 21:59:23.655] [log] [info] DecoratorLogger class jessica::LogDuration<class jessica::DecoratorEndMeyerhof<class jessica::MeyerhofShallowFoundation<class jessica::VerticalEccentric,class jessica::FoundationStrip> > >
1: [2022-11-23 21:59:23.655] [log] [info] duration 0.0002 ms
1: [2022-11-23 21:59:23.656] [log] [info] DecoratorLogger class jessica::LogDuration<class jessica::DecoratorEndMeyerhof<class jessica::MeyerhofShallowFoundation<class jessica::VerticalEccentric,class jessica::FoundationStrip> > >
1: [2022-11-23 21:59:23.656] [log] [info] duration 0.0004 ms
1: [2022-11-23 21:59:23.656] [log] [info] DecoratorLogger class jessica::LogDuration<class jessica::DecoratorEndMeyerhof<class jessica::MeyerhofShallowFoundation<class jessica::VerticalEccentric,class jessica::FoundationStrip> > >
1: [2022-11-23 21:59:23.656] [log] [info] duration 0.0001 ms
1: [2022-11-23 21:59:23.656] [log] [info] DecoratorLogger class jessica::LogDuration<class jessica::DecoratorEndMeyerhof<class jessica::MeyerhofShallowFoundation<class jessica::VerticalEccentric,class jessica::FoundationStrip> > >
1: [2022-11-23 21:59:23.656] [log] [info] duration 0.0003 ms
1: [2022-11-23 21:59:23.656] [log] [info] DecoratorLogger class jessica::LogDuration<class jessica::DecoratorEndMeyerhof<class jessica::MeyerhofShallowFoundation<class jessica::VerticalEccentric,class jessica::FoundationStrip> > >
1: [2022-11-23 21:59:23.656] [log] [info] duration 0.0002 ms
1: [       OK ] data.CalcMeyehofChildrenAccess (2 ms)
1: [ RUN      ] data.MeyerhofShallowFoundationWebServicesRestBed
1: [       OK ] data.MeyerhofShallowFoundationWebServicesRestBed (57 ms)
1: [ RUN      ] data.MeyerhofShallowFoundationWebServicesDrogon
1: [       OK ] data.MeyerhofShallowFoundationWebServicesDrogon (65 ms)
1: [----------] 6 tests from data (293 ms total)
1: 
1: [----------] Global test environment tear-down
1: [==========] 6 tests from 1 test suite ran. (316 ms total)
1: [  PASSED  ] 6 tests.
[HANDLER_OUTPUT] 
1/4 Test #1: TestCalcMeyerhof ..................
   Passed    0.93 sec
[HANDLER_VERBOSE_OUTPUT] 
test 2

[HANDLER_OUTPUT] 
    Start 2: TestGeotechnicalFoundationStrip

[HANDLER_VERBOSE_OUTPUT] 

2: Test command: D:\a\jessica\jessica\build\test\backend\data\Debug\test_geotechnical_foundation_strip.exe

2: Working Directory: D:/a/jessica/jessica/build/test/backend/data
2: Test timeout computed to be: 1500
2: [==========] Running 4 tests from 1 test suite.
2: [----------] Global test environment set-up.
2: [----------] 4 tests from data
2: [ RUN      ] data.FoundationStrip
2: [       OK ] data.FoundationStrip (1 ms)
2: [ RUN      ] data.FoundationStripDecorator
2: [2022-11-23 21:59:23.834] [log] [info] DecoratorLogger class jessica::LogDuration<class jessica::DecoratorEndFoundationStrip<class jessica::FoundationStrip> >
2: [2022-11-23 21:59:23.835] [log] [info] duration 0.0002 ms
2: [2022-11-23 21:59:23.835] [log] [info] DecoratorLogger class jessica::LogDuration<class jessica::DecoratorEndFoundationStrip<class jessica::FoundationStrip> >
2: [2022-11-23 21:59:23.835] [log] [info] duration 0.0015 ms
2: [2022-11-23 21:59:23.835] [log] [info] DecoratorLogger class jessica::LogDuration<class jessica::DecoratorEndFoundationStrip<class jessica::FoundationStrip> >
2: [2022-11-23 21:59:23.835] [log] [info] duration 0.0001 ms
2: [2022-11-23 21:59:23.835] [log] [info] DecoratorLogger class jessica::LogDuration<class jessica::DecoratorEndFoundationStrip<class jessica::FoundationStrip> >
2: [2022-11-23 21:59:23.835] [log] [info] duration 0.0001 ms
2: [2022-11-23 21:59:23.835] [log] [info] DecoratorLogger class jessica::LogDuration<class jessica::DecoratorEndFoundationStrip<class jessica::FoundationStrip> >
2: [2022-11-23 21:59:23.835] [log] [info] duration 0 ms
2: [2022-11-23 21:59:23.835] [log] [info] DecoratorLogger class jessica::LogDuration<class jessica::DecoratorEndFoundationStrip<class jessica::FoundationStrip> >
2: [2022-11-23 21:59:23.835] [log] [info] duration 0.0001 ms
2: [2022-11-23 21:59:23.835] [log] [info] DecoratorLogger class jessica::LogDuration<class jessica::DecoratorEndFoundationStrip<class jessica::FoundationStrip> >
2: [2022-11-23 21:59:23.835] [log] [info] duration 0.0001 ms
2: [2022-11-23 21:59:23.835] [log] [info] DecoratorLogger class jessica::LogDuration<class jessica::DecoratorEndFoundationStrip<class jessica::FoundationStrip> >
2: [2022-11-23 21:59:23.835] [log] [info] duration 0 ms
2: [       OK ] data.FoundationStripDecorator (1 ms)
2: [ RUN      ] data.FoundationStripWebServicesRestBed
2: [       OK ] data.FoundationStripWebServicesRestBed (20 ms)
2: [ RUN      ] data.FoundationStripWebServicesDrogon
2: [       OK ] data.FoundationStripWebServicesDrogon (64 ms)
2: [----------] 4 tests from data (88 ms total)
2: 
2: [----------] Global test environment tear-down
2: [==========] 4 tests from 1 test suite ran. (89 ms total)
2: [  PASSED  ] 4 tests.
[HANDLER_OUTPUT] 
2/4 Test #2: TestGeotechnicalFoundationStrip ...
   Passed    0.12 sec
[HANDLER_VERBOSE_OUTPUT] 
test 3

[HANDLER_OUTPUT] 
    Start 3: TestLoadVerticalEccentric

[HANDLER_VERBOSE_OUTPUT] 

3: Test command: D:\a\jessica\jessica\build\test\backend\data\Debug\test_load_vertical_eccentric.exe

3: Working Directory: D:/a/jessica/jessica/build/test/backend/data
3: Test timeout computed to be: 1500
3: [==========] Running 4 tests from 1 test suite.
3: [----------] Global test environment set-up.
3: [----------] 4 tests from data
3: [ RUN      ] data.VerticalEccentric
3: [       OK ] data.VerticalEccentric (1 ms)
3: [ RUN      ] data.VerticalEccentricDecorator
3: [2022-11-23 21:59:23.950] [log] [info] DecoratorLogger class jessica::LogDuration<class jessica::DecoratorEndVerticalEccentric<class jessica::VerticalEccentric> >
3: [2022-11-23 21:59:23.950] [log] [info] duration 0.0003 ms
3: [2022-11-23 21:59:23.951] [log] [info] DecoratorLogger class jessica::LogDuration<class jessica::DecoratorEndVerticalEccentric<class jessica::VerticalEccentric> >
3: [2022-11-23 21:59:23.951] [log] [info] duration 0.0002 ms
3: [2022-11-23 21:59:23.951] [log] [info] DecoratorLogger class jessica::LogDuration<class jessica::DecoratorEndVerticalEccentric<class jessica::VerticalEccentric> >
3: [2022-11-23 21:59:23.951] [log] [info] duration 0.0014 ms
3: [2022-11-23 21:59:23.951] [log] [info] DecoratorLogger class jessica::LogDuration<class jessica::DecoratorEndVerticalEccentric<class jessica::VerticalEccentric> >
3: [2022-11-23 21:59:23.951] [log] [info] duration 0.0001 ms
3: [2022-11-23 21:59:23.951] [log] [info] DecoratorLogger class jessica::LogDuration<class jessica::DecoratorEndVerticalEccentric<class jessica::VerticalEccentric> >
3: [2022-11-23 21:59:23.951] [log] [info] duration 0.0001 ms
3: [2022-11-23 21:59:23.951] [log] [info] DecoratorLogger class jessica::LogDuration<class jessica::DecoratorEndVerticalEccentric<class jessica::VerticalEccentric> >
3: [2022-11-23 21:59:23.951] [log] [info] duration 0.0009 ms
3: [2022-11-23 21:59:23.951] [log] [info] DecoratorLogger class jessica::LogDuration<class jessica::DecoratorEndVerticalEccentric<class jessica::VerticalEccentric> >
3: [2022-11-23 21:59:23.951] [log] [info] duration 0 ms
3: [2022-11-23 21:59:23.951] [log] [info] DecoratorLogger class jessica::LogDuration<class jessica::DecoratorEndVerticalEccentric<class jessica::VerticalEccentric> >
3: [2022-11-23 21:59:23.951] [log] [info] duration 0.0001 ms
3: [2022-11-23 21:59:23.951] [log] [info] DecoratorLogger class jessica::LogDuration<class jessica::DecoratorEndVerticalEccentric<class jessica::VerticalEccentric> >
3: [2022-11-23 21:59:23.951] [log] [info] duration 0.0001 ms
3: [2022-11-23 21:59:23.951] [log] [info] DecoratorLogger class jessica::LogDuration<class jessica::DecoratorEndVerticalEccentric<class jessica::VerticalEccentric> >
3: [2022-11-23 21:59:23.951] [log] [info] duration 0.0001 ms
3: [2022-11-23 21:59:23.951] [log] [info] DecoratorLogger class jessica::LogDuration<class jessica::DecoratorEndVerticalEccentric<class jessica::VerticalEccentric> >
3: [2022-11-23 21:59:23.951] [log] [info] duration 0.0001 ms
3: [2022-11-23 21:59:23.951] [log] [info] DecoratorLogger class jessica::LogDuration<class jessica::DecoratorEndVerticalEccentric<class jessica::VerticalEccentric> >
3: [2022-11-23 21:59:23.951] [log] [info] duration 0.0001 ms
3: [2022-11-23 21:59:23.951] [log] [info] DecoratorLogger class jessica::LogDuration<class jessica::DecoratorEndVerticalEccentric<class jessica::VerticalEccentric> >
3: [2022-11-23 21:59:23.951] [log] [info] duration 0.0002 ms
3: [2022-11-23 21:59:23.951] [log] [info] DecoratorLogger class jessica::LogDuration<class jessica::DecoratorEndVerticalEccentric<class jessica::VerticalEccentric> >
3: [2022-11-23 21:59:23.951] [log] [info] duration 0.0001 ms
3: [2022-11-23 21:59:23.951] [log] [info] DecoratorLogger class jessica::LogDuration<class jessica::DecoratorEndVerticalEccentric<class jessica::VerticalEccentric> >
3: [2022-11-23 21:59:23.951] [log] [info] duration 0.0001 ms
3: [2022-11-23 21:59:23.951] [log] [info] DecoratorLogger class jessica::LogDuration<class jessica::DecoratorEndVerticalEccentric<class jessica::VerticalEccentric> >
3: [2022-11-23 21:59:23.951] [log] [info] duration 0.0001 ms
3: [       OK ] data.VerticalEccentricDecorator (2 ms)
3: [ RUN      ] data.VerticalEccentricWebServicesRestBed
3: [       OK ] data.VerticalEccentricWebServicesRestBed (20 ms)
3: [ RUN      ] data.VerticalEccentricWebServicesDrogon
3: [       OK ] data.VerticalEccentricWebServicesDrogon (56 ms)
3: [----------] 4 tests from data (81 ms total)
3: 
3: [----------] Global test environment tear-down
3: [==========] 4 tests from 1 test suite ran. (82 ms total)
3: [  PASSED  ] 4 tests.
[HANDLER_OUTPUT] 
3/4 Test #3: TestLoadVerticalEccentric .........
   Passed    0.66 sec
[HANDLER_VERBOSE_OUTPUT] 
test 4

[HANDLER_OUTPUT] 
    Start 4: TestUtilDecorator

[HANDLER_VERBOSE_OUTPUT] 

4: Test command: D:\a\jessica\jessica\build\test\backend\util\Debug\test_util_decorator.exe

4: Working Directory: D:/a/jessica/jessica/build/test/backend/util
4: Test timeout computed to be: 1500
4: Running main() from D:\a\jessica\jessica\vcpkg\buildtrees\gtest\src\ase-1.12.1-edf1a9f963.clean\googletest\src\gtest_main.cc
4: [==========] Running 1 test from 1 test suite.
4: [----------] Global test environment set-up.
4: [----------] 1 test from decorator
4: [ RUN      ] decorator.Test
4: DecoratorLogger class DecoratorEndTest<class DecoratorTest>
4: DecoratorLogger class DecoratorEndTest<class DecoratorTest>
4: [       OK ] decorator.Test (0 ms)
4: [----------] 1 test from decorator (0 ms total)
4: 
4: [----------] Global test environment tear-down
4: [==========] 1 test from 1 test suite ran. (0 ms total)
4: [  PASSED  ] 1 test.
[HANDLER_OUTPUT] 
4/4 Test #4: TestUtilDecorator .................
   Passed    0.02 sec

100% tests passed, 0 tests failed out of 4

Total Test time (real) =   1.86 sec
