[HANDLER_VERBOSE_OUTPUT] 
UpdateCTestConfiguration  from :/home/runner/work/jessica/jessica/build/DartConfiguration.tcl

Parse Config file:/home/runner/work/jessica/jessica/build/DartConfiguration.tcl
UpdateCTestConfiguration  from :/home/runner/work/jessica/jessica/build/DartConfiguration.tcl
Parse Config file:/home/runner/work/jessica/jessica/build/DartConfiguration.tcl
[HANDLER_OUTPUT] 
Test project /home/runner/work/jessica/jessica/build

[HANDLER_VERBOSE_OUTPUT] 
Constructing a list of tests

Done constructing a list of tests
Updating test list for fixtures
Added 0 tests to meet fixture requirements
Checking test dependency graph...
Checking test dependency graph end
test 1
[HANDLER_OUTPUT] 
    Start 1: test_calc_meyerhof

[HANDLER_VERBOSE_OUTPUT] 

1: Test command: /home/runner/work/jessica/jessica/build/test/backend/calc/geotechnical/test_calc_meyerhof

1: Working Directory: /home/runner/work/jessica/jessica/build/test/backend/calc/geotechnical
1: Test timeout computed to be: 1500
1: [==========] Running 6 tests from 1 test suite.
1: [----------] Global test environment set-up.
1: [----------] 6 tests from data
1: [ RUN      ] data.CalcMeyehof
1: [       OK ] data.CalcMeyehof (0 ms)
1: [ RUN      ] data.CalcMeyehofAllDecorator
1: [2022-12-18 22:45:07.165] [log] [info] DecoratorLogger N7jessica11LogDurationINS_27DecoratorEndFoundationStripINS_15FoundationStripEEEEE
1: [2022-12-18 22:45:07.165] [log] [info] duration 0.0013 ms
1: [2022-12-18 22:45:07.166] [log] [info] DecoratorLogger N7jessica11LogDurationINS_29DecoratorEndVerticalEccentricINS_17VerticalEccentricEEEEE
1: [2022-12-18 22:45:07.166] [log] [info] duration 0.0013 ms
1: [2022-12-18 22:45:07.166] [log] [info] DecoratorLogger N7jessica11LogDurationINS_29DecoratorEndVerticalEccentricINS_17VerticalEccentricEEEEE
1: [2022-12-18 22:45:07.167] [log] [info] duration 0.0015 ms
1: [2022-12-18 22:45:07.168] [log] [info] DecoratorLogger N7jessica11LogDurationINS_20DecoratorEndMeyerhofINS_25MeyerhofShallowFoundationINS_31DecoratorStartVerticalEccentricINS_7LogCallINS0_INS_29DecoratorEndVerticalEccentricINS_17VerticalEccentricEEEEEEEEENS_29DecoratorStartFoundationStripINS4_INS0_INS_27DecoratorEndFoundationStripINS_15FoundationStripEEEEEEEEEEEEEEE
1: [2022-12-18 22:45:07.169] [log] [info] DecoratorLogger N7jessica11LogDurationINS_27DecoratorEndFoundationStripINS_15FoundationStripEEEEE
1: [2022-12-18 22:45:07.169] [log] [info] duration 0.0002 ms
1: [2022-12-18 22:45:07.170] [log] [info] DecoratorLogger N7jessica11LogDurationINS_29DecoratorEndVerticalEccentricINS_17VerticalEccentricEEEEE
1: [2022-12-18 22:45:07.171] [log] [info] duration 0.0002 ms
1: [2022-12-18 22:45:07.171] [log] [info] duration 2.43843 ms
1: [2022-12-18 22:45:07.172] [log] [info] DecoratorLogger N7jessica11LogDurationINS_20DecoratorEndMeyerhofINS_25MeyerhofShallowFoundationINS_31DecoratorStartVerticalEccentricINS_7LogCallINS0_INS_29DecoratorEndVerticalEccentricINS_17VerticalEccentricEEEEEEEEENS_29DecoratorStartFoundationStripINS4_INS0_INS_27DecoratorEndFoundationStripINS_15FoundationStripEEEEEEEEEEEEEEE
1: [2022-12-18 22:45:07.173] [log] [info] DecoratorLogger N7jessica11LogDurationINS_29DecoratorEndVerticalEccentricINS_17VerticalEccentricEEEEE
1: [2022-12-18 22:45:07.173] [log] [info] duration 0.0002 ms
1: [2022-12-18 22:45:07.174] [log] [info] DecoratorLogger N7jessica11LogDurationINS_27DecoratorEndFoundationStripINS_15FoundationStripEEEEE
1: [2022-12-18 22:45:07.174] [log] [info] duration 0.0001 ms
1: [2022-12-18 22:45:07.175] [log] [info] DecoratorLogger N7jessica11LogDurationINS_29DecoratorEndVerticalEccentricINS_17VerticalEccentricEEEEE
1: [2022-12-18 22:45:07.175] [log] [info] duration 0.0001 ms
1: [2022-12-18 22:45:07.175] [log] [info] duration 2.43693 ms
1: [2022-12-18 22:45:07.176] [log] [info] DecoratorLogger N7jessica11LogDurationINS_29DecoratorEndVerticalEccentricINS_17VerticalEccentricEEEEE
1: [2022-12-18 22:45:07.176] [log] [info] duration 0.0014 ms
1: [2022-12-18 22:45:07.176] [log] [info] DecoratorLogger N7jessica11LogDurationINS_20DecoratorEndMeyerhofINS_25MeyerhofShallowFoundationINS_31DecoratorStartVerticalEccentricINS_7LogCallINS0_INS_29DecoratorEndVerticalEccentricINS_17VerticalEccentricEEEEEEEEENS_29DecoratorStartFoundationStripINS4_INS0_INS_27DecoratorEndFoundationStripINS_15FoundationStripEEEEEEEEEEEEEEE
1: [2022-12-18 22:45:07.177] [log] [info] DecoratorLogger N7jessica11LogDurationINS_27DecoratorEndFoundationStripINS_15FoundationStripEEEEE
1: [2022-12-18 22:45:07.177] [log] [info] duration 0.0001 ms
1: [2022-12-18 22:45:07.177] [log] [info] DecoratorLogger N7jessica11LogDurationINS_29DecoratorEndVerticalEccentricINS_17VerticalEccentricEEEEE
1: [2022-12-18 22:45:07.178] [log] [info] duration 0.0001 ms
1: [2022-12-18 22:45:07.178] [log] [info] duration 0.95141 ms
1: [2022-12-18 22:45:07.178] [log] [info] DecoratorLogger N7jessica11LogDurationINS_20DecoratorEndMeyerhofINS_25MeyerhofShallowFoundationINS_31DecoratorStartVerticalEccentricINS_7LogCallINS0_INS_29DecoratorEndVerticalEccentricINS_17VerticalEccentricEEEEEEEEENS_29DecoratorStartFoundationStripINS4_INS0_INS_27DecoratorEndFoundationStripINS_15FoundationStripEEEEEEEEEEEEEEE
1: [2022-12-18 22:45:07.178] [log] [info] DecoratorLogger N7jessica11LogDurationINS_29DecoratorEndVerticalEccentricINS_17VerticalEccentricEEEEE
1: [2022-12-18 22:45:07.178] [log] [info] duration 0.0001 ms
1: [2022-12-18 22:45:07.178] [log] [info] DecoratorLogger N7jessica11LogDurationINS_27DecoratorEndFoundationStripINS_15FoundationStripEEEEE
1: [2022-12-18 22:45:07.178] [log] [info] duration 0.0001 ms
1: [2022-12-18 22:45:07.178] [log] [info] DecoratorLogger N7jessica11LogDurationINS_29DecoratorEndVerticalEccentricINS_17VerticalEccentricEEEEE
1: [2022-12-18 22:45:07.178] [log] [info] duration 0.0001 ms
1: [2022-12-18 22:45:07.179] [log] [info] duration 1.68312 ms
1: [2022-12-18 22:45:07.179] [log] [info] DecoratorLogger N7jessica11LogDurationINS_20DecoratorEndMeyerhofINS_25MeyerhofShallowFoundationINS_31DecoratorStartVerticalEccentricINS_7LogCallINS0_INS_29DecoratorEndVerticalEccentricINS_17VerticalEccentricEEEEEEEEENS_29DecoratorStartFoundationStripINS4_INS0_INS_27DecoratorEndFoundationStripINS_15FoundationStripEEEEEEEEEEEEEEE
1: [2022-12-18 22:45:07.179] [log] [info] DecoratorLogger N7jessica11LogDurationINS_27DecoratorEndFoundationStripINS_15FoundationStripEEEEE
1: [2022-12-18 22:45:07.179] [log] [info] duration 0.0001 ms
1: [2022-12-18 22:45:07.179] [log] [info] DecoratorLogger N7jessica11LogDurationINS_29DecoratorEndVerticalEccentricINS_17VerticalEccentricEEEEE
1: [2022-12-18 22:45:07.179] [log] [info] duration 0.0001 ms
1: [2022-12-18 22:45:07.179] [log] [info] duration 0.074901 ms
1: [2022-12-18 22:45:07.180] [log] [info] DecoratorLogger N7jessica11LogDurationINS_20DecoratorEndMeyerhofINS_25MeyerhofShallowFoundationINS_31DecoratorStartVerticalEccentricINS_7LogCallINS0_INS_29DecoratorEndVerticalEccentricINS_17VerticalEccentricEEEEEEEEENS_29DecoratorStartFoundationStripINS4_INS0_INS_27DecoratorEndFoundationStripINS_15FoundationStripEEEEEEEEEEEEEEE
1: [2022-12-18 22:45:07.180] [log] [info] DecoratorLogger N7jessica11LogDurationINS_27DecoratorEndFoundationStripINS_15FoundationStripEEEEE
1: [2022-12-18 22:45:07.180] [log] [info] duration 0 ms
1: [2022-12-18 22:45:07.180] [log] [info] DecoratorLogger N7jessica11LogDurationINS_29DecoratorEndVerticalEccentricINS_17VerticalEccentricEEEEE
1: [2022-12-18 22:45:07.180] [log] [info] duration 0 ms
1: [2022-12-18 22:45:07.180] [log] [info] duration 0.065901 ms
1: [2022-12-18 22:45:07.180] [log] [info] DecoratorLogger N7jessica11LogDurationINS_20DecoratorEndMeyerhofINS_25MeyerhofShallowFoundationINS_31DecoratorStartVerticalEccentricINS_7LogCallINS0_INS_29DecoratorEndVerticalEccentricINS_17VerticalEccentricEEEEEEEEENS_29DecoratorStartFoundationStripINS4_INS0_INS_27DecoratorEndFoundationStripINS_15FoundationStripEEEEEEEEEEEEEEE
1: [2022-12-18 22:45:07.180] [log] [info] DecoratorLogger N7jessica11LogDurationINS_29DecoratorEndVerticalEccentricINS_17VerticalEccentricEEEEE
1: [2022-12-18 22:45:07.180] [log] [info] duration 0.0001 ms
1: [2022-12-18 22:45:07.180] [log] [info] DecoratorLogger N7jessica11LogDurationINS_27DecoratorEndFoundationStripINS_15FoundationStripEEEEE
1: [2022-12-18 22:45:07.180] [log] [info] duration 0.0001 ms
1: [2022-12-18 22:45:07.180] [log] [info] DecoratorLogger N7jessica11LogDurationINS_29DecoratorEndVerticalEccentricINS_17VerticalEccentricEEEEE
1: [2022-12-18 22:45:07.180] [log] [info] duration 0 ms
1: [2022-12-18 22:45:07.180] [log] [info] duration 0.111002 ms
1: [2022-12-18 22:45:07.180] [log] [info] DecoratorLogger N7jessica11LogDurationINS_20DecoratorEndMeyerhofINS_25MeyerhofShallowFoundationINS_31DecoratorStartVerticalEccentricINS_7LogCallINS0_INS_29DecoratorEndVerticalEccentricINS_17VerticalEccentricEEEEEEEEENS_29DecoratorStartFoundationStripINS4_INS0_INS_27DecoratorEndFoundationStripINS_15FoundationStripEEEEEEEEEEEEEEE
1: [2022-12-18 22:45:07.180] [log] [info] DecoratorLogger N7jessica11LogDurationINS_29DecoratorEndVerticalEccentricINS_17VerticalEccentricEEEEE
1: [2022-12-18 22:45:07.180] [log] [info] duration 0.0001 ms
1: [2022-12-18 22:45:07.180] [log] [info] DecoratorLogger N7jessica11LogDurationINS_27DecoratorEndFoundationStripINS_15FoundationStripEEEEE
1: [2022-12-18 22:45:07.180] [log] [info] duration 0.0001 ms
1: [2022-12-18 22:45:07.180] [log] [info] DecoratorLogger N7jessica11LogDurationINS_29DecoratorEndVerticalEccentricINS_17VerticalEccentricEEEEE
1: [2022-12-18 22:45:07.180] [log] [info] duration 0.0001 ms
1: [2022-12-18 22:45:07.180] [log] [info] duration 0.117301 ms
1: [2022-12-18 22:45:07.180] [log] [info] DecoratorLogger N7jessica11LogDurationINS_29DecoratorEndVerticalEccentricINS_17VerticalEccentricEEEEE
1: [2022-12-18 22:45:07.180] [log] [info] duration 0.001 ms
1: [2022-12-18 22:45:07.180] [log] [info] DecoratorLogger N7jessica11LogDurationINS_20DecoratorEndMeyerhofINS_25MeyerhofShallowFoundationINS_31DecoratorStartVerticalEccentricINS_7LogCallINS0_INS_29DecoratorEndVerticalEccentricINS_17VerticalEccentricEEEEEEEEENS_29DecoratorStartFoundationStripINS4_INS0_INS_27DecoratorEndFoundationStripINS_15FoundationStripEEEEEEEEEEEEEEE
1: [2022-12-18 22:45:07.180] [log] [info] DecoratorLogger N7jessica11LogDurationINS_27DecoratorEndFoundationStripINS_15FoundationStripEEEEE
1: [2022-12-18 22:45:07.180] [log] [info] duration 0.0001 ms
1: [2022-12-18 22:45:07.180] [log] [info] DecoratorLogger N7jessica11LogDurationINS_29DecoratorEndVerticalEccentricINS_17VerticalEccentricEEEEE
1: [2022-12-18 22:45:07.180] [log] [info] duration 0.0002 ms
1: [2022-12-18 22:45:07.180] [log] [info] duration 0.069601 ms
1: [2022-12-18 22:45:07.180] [log] [info] DecoratorLogger N7jessica11LogDurationINS_29DecoratorEndVerticalEccentricINS_17VerticalEccentricEEEEE
1: [2022-12-18 22:45:07.180] [log] [info] duration 0.0005 ms
1: [2022-12-18 22:45:07.180] [log] [info] DecoratorLogger N7jessica11LogDurationINS_20DecoratorEndMeyerhofINS_25MeyerhofShallowFoundationINS_31DecoratorStartVerticalEccentricINS_7LogCallINS0_INS_29DecoratorEndVerticalEccentricINS_17VerticalEccentricEEEEEEEEENS_29DecoratorStartFoundationStripINS4_INS0_INS_27DecoratorEndFoundationStripINS_15FoundationStripEEEEEEEEEEEEEEE
1: [2022-12-18 22:45:07.180] [log] [info] DecoratorLogger N7jessica11LogDurationINS_27DecoratorEndFoundationStripINS_15FoundationStripEEEEE
1: [2022-12-18 22:45:07.180] [log] [info] duration 0.0001 ms
1: [2022-12-18 22:45:07.180] [log] [info] DecoratorLogger N7jessica11LogDurationINS_29DecoratorEndVerticalEccentricINS_17VerticalEccentricEEEEE
1: [2022-12-18 22:45:07.180] [log] [info] duration 0 ms
1: [2022-12-18 22:45:07.180] [log] [info] duration 0.068701 ms
1: [       OK ] data.CalcMeyehofAllDecorator (15 ms)
1: [ RUN      ] data.CalcMeyehofMainDecorator
1: [2022-12-18 22:45:07.180] [log] [info] DecoratorLogger N7jessica11LogDurationINS_20DecoratorEndMeyerhofINS_25MeyerhofShallowFoundationINS_17VerticalEccentricENS_15FoundationStripEEEEEEE
1: [2022-12-18 22:45:07.180] [log] [info] duration 0.0002 ms
1: [2022-12-18 22:45:07.180] [log] [info] DecoratorLogger N7jessica11LogDurationINS_20DecoratorEndMeyerhofINS_25MeyerhofShallowFoundationINS_17VerticalEccentricENS_15FoundationStripEEEEEEE
1: [2022-12-18 22:45:07.180] [log] [info] duration 0.0002 ms
1: [2022-12-18 22:45:07.180] [log] [info] DecoratorLogger N7jessica11LogDurationINS_20DecoratorEndMeyerhofINS_25MeyerhofShallowFoundationINS_17VerticalEccentricENS_15FoundationStripEEEEEEE
1: [2022-12-18 22:45:07.180] [log] [info] duration 0.0001 ms
1: [2022-12-18 22:45:07.181] [log] [info] DecoratorLogger N7jessica11LogDurationINS_20DecoratorEndMeyerhofINS_25MeyerhofShallowFoundationINS_17VerticalEccentricENS_15FoundationStripEEEEEEE
1: [2022-12-18 22:45:07.181] [log] [info] duration 0.0002 ms
1: [2022-12-18 22:45:07.181] [log] [info] DecoratorLogger N7jessica11LogDurationINS_20DecoratorEndMeyerhofINS_25MeyerhofShallowFoundationINS_17VerticalEccentricENS_15FoundationStripEEEEEEE
1: [2022-12-18 22:45:07.181] [log] [info] duration 0.0001 ms
1: [2022-12-18 22:45:07.181] [log] [info] DecoratorLogger N7jessica11LogDurationINS_20DecoratorEndMeyerhofINS_25MeyerhofShallowFoundationINS_17VerticalEccentricENS_15FoundationStripEEEEEEE
1: [2022-12-18 22:45:07.181] [log] [info] duration 0.0001 ms
1: [2022-12-18 22:45:07.181] [log] [info] DecoratorLogger N7jessica11LogDurationINS_20DecoratorEndMeyerhofINS_25MeyerhofShallowFoundationINS_17VerticalEccentricENS_15FoundationStripEEEEEEE
1: [2022-12-18 22:45:07.181] [log] [info] duration 0.0001 ms
1: [2022-12-18 22:45:07.181] [log] [info] DecoratorLogger N7jessica11LogDurationINS_20DecoratorEndMeyerhofINS_25MeyerhofShallowFoundationINS_17VerticalEccentricENS_15FoundationStripEEEEEEE
1: [2022-12-18 22:45:07.181] [log] [info] duration 0.0002 ms
1: [2022-12-18 22:45:07.181] [log] [info] DecoratorLogger N7jessica11LogDurationINS_20DecoratorEndMeyerhofINS_25MeyerhofShallowFoundationINS_17VerticalEccentricENS_15FoundationStripEEEEEEE
1: [2022-12-18 22:45:07.181] [log] [info] duration 0.0001 ms
1: [2022-12-18 22:45:07.181] [log] [info] DecoratorLogger N7jessica11LogDurationINS_20DecoratorEndMeyerhofINS_25MeyerhofShallowFoundationINS_17VerticalEccentricENS_15FoundationStripEEEEEEE
1: [2022-12-18 22:45:07.181] [log] [info] duration 0.0001 ms
1: [2022-12-18 22:45:07.181] [log] [info] DecoratorLogger N7jessica11LogDurationINS_20DecoratorEndMeyerhofINS_25MeyerhofShallowFoundationINS_17VerticalEccentricENS_15FoundationStripEEEEEEE
1: [2022-12-18 22:45:07.181] [log] [info] duration 0.0003 ms
1: [2022-12-18 22:45:07.181] [log] [info] DecoratorLogger N7jessica11LogDurationINS_20DecoratorEndMeyerhofINS_25MeyerhofShallowFoundationINS_17VerticalEccentricENS_15FoundationStripEEEEEEE
1: [2022-12-18 22:45:07.181] [log] [info] duration 0.0001 ms
1: [2022-12-18 22:45:07.181] [log] [info] DecoratorLogger N7jessica11LogDurationINS_20DecoratorEndMeyerhofINS_25MeyerhofShallowFoundationINS_17VerticalEccentricENS_15FoundationStripEEEEEEE
1: [2022-12-18 22:45:07.181] [log] [info] duration 0.0002 ms
1: [2022-12-18 22:45:07.181] [log] [info] DecoratorLogger N7jessica11LogDurationINS_20DecoratorEndMeyerhofINS_25MeyerhofShallowFoundationINS_17VerticalEccentricENS_15FoundationStripEEEEEEE
1: [2022-12-18 22:45:07.181] [log] [info] duration 0.0001 ms
1: [       OK ] data.CalcMeyehofMainDecorator (1 ms)
1: [ RUN      ] data.CalcMeyehofChildrenAccess
1: [2022-12-18 22:45:07.191] [log] [info] DecoratorLogger N7jessica11LogDurationINS_20DecoratorEndMeyerhofINS_25MeyerhofShallowFoundationINS_17VerticalEccentricENS_15FoundationStripEEEEEEE
1: [2022-12-18 22:45:07.192] [log] [info] duration 0.0028 ms
1: [2022-12-18 22:45:07.192] [log] [info] DecoratorLogger N7jessica11LogDurationINS_20DecoratorEndMeyerhofINS_25MeyerhofShallowFoundationINS_17VerticalEccentricENS_15FoundationStripEEEEEEE
1: [2022-12-18 22:45:07.192] [log] [info] duration 0.0022 ms
1: [2022-12-18 22:45:07.192] [log] [info] DecoratorLogger N7jessica11LogDurationINS_20DecoratorEndMeyerhofINS_25MeyerhofShallowFoundationINS_17VerticalEccentricENS_15FoundationStripEEEEEEE
1: [2022-12-18 22:45:07.193] [log] [info] duration 0.0025 ms
1: [2022-12-18 22:45:07.193] [log] [info] DecoratorLogger N7jessica11LogDurationINS_20DecoratorEndMeyerhofINS_25MeyerhofShallowFoundationINS_17VerticalEccentricENS_15FoundationStripEEEEEEE
1: [2022-12-18 22:45:07.193] [log] [info] duration 0.0001 ms
1: [2022-12-18 22:45:07.194] [log] [info] DecoratorLogger N7jessica11LogDurationINS_20DecoratorEndMeyerhofINS_25MeyerhofShallowFoundationINS_17VerticalEccentricENS_15FoundationStripEEEEEEE
1: [2022-12-18 22:45:07.194] [log] [info] duration 0.0001 ms
1: [2022-12-18 22:45:07.194] [log] [info] DecoratorLogger N7jessica11LogDurationINS_20DecoratorEndMeyerhofINS_25MeyerhofShallowFoundationINS_17VerticalEccentricENS_15FoundationStripEEEEEEE
1: [2022-12-18 22:45:07.194] [log] [info] duration 0.0002 ms
1: [2022-12-18 22:45:07.195] [log] [info] DecoratorLogger N7jessica11LogDurationINS_20DecoratorEndMeyerhofINS_25MeyerhofShallowFoundationINS_17VerticalEccentricENS_15FoundationStripEEEEEEE
1: [2022-12-18 22:45:07.195] [log] [info] duration 0.0003 ms
1: [2022-12-18 22:45:07.195] [log] [info] DecoratorLogger N7jessica11LogDurationINS_20DecoratorEndMeyerhofINS_25MeyerhofShallowFoundationINS_17VerticalEccentricENS_15FoundationStripEEEEEEE
1: [2022-12-18 22:45:07.195] [log] [info] duration 0.0003 ms
1: [2022-12-18 22:45:07.196] [log] [info] DecoratorLogger N7jessica11LogDurationINS_20DecoratorEndMeyerhofINS_25MeyerhofShallowFoundationINS_17VerticalEccentricENS_15FoundationStripEEEEEEE
1: [2022-12-18 22:45:07.196] [log] [info] duration 0.0003 ms
1: [2022-12-18 22:45:07.196] [log] [info] DecoratorLogger N7jessica11LogDurationINS_20DecoratorEndMeyerhofINS_25MeyerhofShallowFoundationINS_17VerticalEccentricENS_15FoundationStripEEEEEEE
1: [2022-12-18 22:45:07.197] [log] [info] duration 0.0003 ms
1: [2022-12-18 22:45:07.197] [log] [info] DecoratorLogger N7jessica11LogDurationINS_20DecoratorEndMeyerhofINS_25MeyerhofShallowFoundationINS_17VerticalEccentricENS_15FoundationStripEEEEEEE
1: [2022-12-18 22:45:07.197] [log] [info] duration 0.0005 ms
1: [2022-12-18 22:45:07.198] [log] [info] DecoratorLogger N7jessica11LogDurationINS_20DecoratorEndMeyerhofINS_25MeyerhofShallowFoundationINS_17VerticalEccentricENS_15FoundationStripEEEEEEE
1: [2022-12-18 22:45:07.198] [log] [info] duration 0.0002 ms
1: [       OK ] data.CalcMeyehofChildrenAccess (7 ms)
1: [ RUN      ] data.MeyerhofShallowFoundationWebServicesRestBed
1: [       OK ] data.MeyerhofShallowFoundationWebServicesRestBed (23 ms)
1: [ RUN      ] data.MeyerhofShallowFoundationWebServicesDrogon
1: [       OK ] data.MeyerhofShallowFoundationWebServicesDrogon (46 ms)
1: [----------] 6 tests from data (106 ms total)
1: 
1: [----------] Global test environment tear-down
1: [==========] 6 tests from 1 test suite ran. (108 ms total)
1: [  PASSED  ] 6 tests.
[HANDLER_OUTPUT] 
1/4 Test #1: test_calc_meyerhof ...................
   Passed    0.15 sec
[HANDLER_VERBOSE_OUTPUT] 
test 2

[HANDLER_OUTPUT] 
    Start 2: test_geotechnical_foundation_strip

[HANDLER_VERBOSE_OUTPUT] 

2: Test command: /home/runner/work/jessica/jessica/build/test/backend/data/test_geotechnical_foundation_strip

2: Working Directory: /home/runner/work/jessica/jessica/build/test/backend/data
2: Test timeout computed to be: 1500
2: [==========] Running 4 tests from 1 test suite.
2: [----------] Global test environment set-up.
2: [----------] 4 tests from data
2: [ RUN      ] data.FoundationStrip
2: [       OK ] data.FoundationStrip (0 ms)
2: [ RUN      ] data.FoundationStripDecorator
2: [2022-12-18 22:45:07.310] [log] [info] DecoratorLogger N7jessica11LogDurationINS_27DecoratorEndFoundationStripINS_15FoundationStripEEEEE
2: [2022-12-18 22:45:07.310] [log] [info] duration 0.0001 ms
2: [2022-12-18 22:45:07.310] [log] [info] DecoratorLogger N7jessica11LogDurationINS_27DecoratorEndFoundationStripINS_15FoundationStripEEEEE
2: [2022-12-18 22:45:07.310] [log] [info] duration 0.0007 ms
2: [2022-12-18 22:45:07.310] [log] [info] DecoratorLogger N7jessica11LogDurationINS_27DecoratorEndFoundationStripINS_15FoundationStripEEEEE
2: [2022-12-18 22:45:07.310] [log] [info] duration 0.0001 ms
2: [2022-12-18 22:45:07.310] [log] [info] DecoratorLogger N7jessica11LogDurationINS_27DecoratorEndFoundationStripINS_15FoundationStripEEEEE
2: [2022-12-18 22:45:07.310] [log] [info] duration 0.0001 ms
2: [2022-12-18 22:45:07.310] [log] [info] DecoratorLogger N7jessica11LogDurationINS_27DecoratorEndFoundationStripINS_15FoundationStripEEEEE
2: [2022-12-18 22:45:07.310] [log] [info] duration 0.0001 ms
2: [2022-12-18 22:45:07.310] [log] [info] DecoratorLogger N7jessica11LogDurationINS_27DecoratorEndFoundationStripINS_15FoundationStripEEEEE
2: [2022-12-18 22:45:07.310] [log] [info] duration 0.0001 ms
2: [2022-12-18 22:45:07.310] [log] [info] DecoratorLogger N7jessica11LogDurationINS_27DecoratorEndFoundationStripINS_15FoundationStripEEEEE
2: [2022-12-18 22:45:07.310] [log] [info] duration 0.0001 ms
2: [2022-12-18 22:45:07.310] [log] [info] DecoratorLogger N7jessica11LogDurationINS_27DecoratorEndFoundationStripINS_15FoundationStripEEEEE
2: [2022-12-18 22:45:07.310] [log] [info] duration 0 ms
2: [       OK ] data.FoundationStripDecorator (0 ms)
2: [ RUN      ] data.FoundationStripWebServicesRestBed
2: [       OK ] data.FoundationStripWebServicesRestBed (16 ms)
2: [ RUN      ] data.FoundationStripWebServicesDrogon
2: [       OK ] data.FoundationStripWebServicesDrogon (30 ms)
2: [----------] 4 tests from data (47 ms total)
2: 
2: [----------] Global test environment tear-down
2: [==========] 4 tests from 1 test suite ran. (47 ms total)
2: [  PASSED  ] 4 tests.
[HANDLER_OUTPUT] 
2/4 Test #2: test_geotechnical_foundation_strip ...
   Passed    0.06 sec
[HANDLER_VERBOSE_OUTPUT] 
test 3

[HANDLER_OUTPUT] 
    Start 3: test_load_vertical_eccentric

[HANDLER_VERBOSE_OUTPUT] 

3: Test command: /home/runner/work/jessica/jessica/build/test/backend/data/test_load_vertical_eccentric

3: Working Directory: /home/runner/work/jessica/jessica/build/test/backend/data
3: Test timeout computed to be: 1500
3: [==========] Running 4 tests from 1 test suite.
3: [----------] Global test environment set-up.
3: [----------] 4 tests from data
3: [ RUN      ] data.VerticalEccentric
3: [       OK ] data.VerticalEccentric (0 ms)
3: [ RUN      ] data.VerticalEccentricDecorator
3: [2022-12-18 22:45:07.368] [log] [info] DecoratorLogger N7jessica11LogDurationINS_29DecoratorEndVerticalEccentricINS_17VerticalEccentricEEEEE
3: [2022-12-18 22:45:07.368] [log] [info] duration 0.0001 ms
3: [2022-12-18 22:45:07.368] [log] [info] DecoratorLogger N7jessica11LogDurationINS_29DecoratorEndVerticalEccentricINS_17VerticalEccentricEEEEE
3: [2022-12-18 22:45:07.368] [log] [info] duration 0.0001 ms
3: [2022-12-18 22:45:07.368] [log] [info] DecoratorLogger N7jessica11LogDurationINS_29DecoratorEndVerticalEccentricINS_17VerticalEccentricEEEEE
3: [2022-12-18 22:45:07.368] [log] [info] duration 0.0007 ms
3: [2022-12-18 22:45:07.368] [log] [info] DecoratorLogger N7jessica11LogDurationINS_29DecoratorEndVerticalEccentricINS_17VerticalEccentricEEEEE
3: [2022-12-18 22:45:07.368] [log] [info] duration 0 ms
3: [2022-12-18 22:45:07.368] [log] [info] DecoratorLogger N7jessica11LogDurationINS_29DecoratorEndVerticalEccentricINS_17VerticalEccentricEEEEE
3: [2022-12-18 22:45:07.368] [log] [info] duration 0.0001 ms
3: [2022-12-18 22:45:07.368] [log] [info] DecoratorLogger N7jessica11LogDurationINS_29DecoratorEndVerticalEccentricINS_17VerticalEccentricEEEEE
3: [2022-12-18 22:45:07.368] [log] [info] duration 0.0003 ms
3: [2022-12-18 22:45:07.368] [log] [info] DecoratorLogger N7jessica11LogDurationINS_29DecoratorEndVerticalEccentricINS_17VerticalEccentricEEEEE
3: [2022-12-18 22:45:07.368] [log] [info] duration 0.0001 ms
3: [2022-12-18 22:45:07.368] [log] [info] DecoratorLogger N7jessica11LogDurationINS_29DecoratorEndVerticalEccentricINS_17VerticalEccentricEEEEE
3: [2022-12-18 22:45:07.368] [log] [info] duration 0.0001 ms
3: [2022-12-18 22:45:07.368] [log] [info] DecoratorLogger N7jessica11LogDurationINS_29DecoratorEndVerticalEccentricINS_17VerticalEccentricEEEEE
3: [2022-12-18 22:45:07.368] [log] [info] duration 0 ms
3: [2022-12-18 22:45:07.368] [log] [info] DecoratorLogger N7jessica11LogDurationINS_29DecoratorEndVerticalEccentricINS_17VerticalEccentricEEEEE
3: [2022-12-18 22:45:07.368] [log] [info] duration 0.0001 ms
3: [2022-12-18 22:45:07.368] [log] [info] DecoratorLogger N7jessica11LogDurationINS_29DecoratorEndVerticalEccentricINS_17VerticalEccentricEEEEE
3: [2022-12-18 22:45:07.368] [log] [info] duration 0 ms
3: [2022-12-18 22:45:07.368] [log] [info] DecoratorLogger N7jessica11LogDurationINS_29DecoratorEndVerticalEccentricINS_17VerticalEccentricEEEEE
3: [2022-12-18 22:45:07.368] [log] [info] duration 0 ms
3: [2022-12-18 22:45:07.368] [log] [info] DecoratorLogger N7jessica11LogDurationINS_29DecoratorEndVerticalEccentricINS_17VerticalEccentricEEEEE
3: [2022-12-18 22:45:07.368] [log] [info] duration 0 ms
3: [2022-12-18 22:45:07.368] [log] [info] DecoratorLogger N7jessica11LogDurationINS_29DecoratorEndVerticalEccentricINS_17VerticalEccentricEEEEE
3: [2022-12-18 22:45:07.368] [log] [info] duration 0 ms
3: [2022-12-18 22:45:07.368] [log] [info] DecoratorLogger N7jessica11LogDurationINS_29DecoratorEndVerticalEccentricINS_17VerticalEccentricEEEEE
3: [2022-12-18 22:45:07.368] [log] [info] duration 0.0001 ms
3: [2022-12-18 22:45:07.368] [log] [info] DecoratorLogger N7jessica11LogDurationINS_29DecoratorEndVerticalEccentricINS_17VerticalEccentricEEEEE
3: [2022-12-18 22:45:07.368] [log] [info] duration 0.0001 ms
3: [       OK ] data.VerticalEccentricDecorator (0 ms)
3: [ RUN      ] data.VerticalEccentricWebServicesRestBed
3: [       OK ] data.VerticalEccentricWebServicesRestBed (10 ms)
3: [ RUN      ] data.VerticalEccentricWebServicesDrogon
3: [       OK ] data.VerticalEccentricWebServicesDrogon (27 ms)
3: [----------] 4 tests from data (39 ms total)
3: 
3: [----------] Global test environment tear-down
3: [==========] 4 tests from 1 test suite ran. (39 ms total)
3: [  PASSED  ] 4 tests.
[HANDLER_OUTPUT] 
3/4 Test #3: test_load_vertical_eccentric .........
   Passed    0.05 sec
[HANDLER_VERBOSE_OUTPUT] 
test 4

[HANDLER_OUTPUT] 
    Start 4: test_util_decorator

[HANDLER_VERBOSE_OUTPUT] 

4: Test command: /home/runner/work/jessica/jessica/build/test/backend/util/test_util_decorator

4: Working Directory: /home/runner/work/jessica/jessica/build/test/backend/util
4: Test timeout computed to be: 1500
4: Running main() from ./googletest/src/gtest_main.cc
4: [==========] Running 1 test from 1 test suite.
4: [----------] Global test environment set-up.
4: [----------] 1 test from decorator
4: [ RUN      ] decorator.Test
4: DecoratorLogger 16DecoratorEndTestI13DecoratorTestE
4: DecoratorLogger 16DecoratorEndTestI13DecoratorTestE
4: [       OK ] decorator.Test (0 ms)
4: [----------] 1 test from decorator (0 ms total)
4: 
4: [----------] Global test environment tear-down
4: [==========] 1 test from 1 test suite ran. (0 ms total)
4: [  PASSED  ] 1 test.
[HANDLER_OUTPUT] 
4/4 Test #4: test_util_decorator ..................
   Passed    0.01 sec

100% tests passed, 0 tests failed out of 4

Total Test time (real) =   0.31 sec
