[HANDLER_VERBOSE_OUTPUT] 
UpdateCTestConfiguration  from :/home/runner/work/jessica/jessica/build/DartConfiguration.tcl

Parse Config file:/home/runner/work/jessica/jessica/build/DartConfiguration.tcl
UpdateCTestConfiguration  from :/home/runner/work/jessica/jessica/build/DartConfiguration.tcl
Parse Config file:/home/runner/work/jessica/jessica/build/DartConfiguration.tcl
[HANDLER_OUTPUT] 
Test project /home/runner/work/jessica/jessica/build

[HANDLER_VERBOSE_OUTPUT] 
Constructing a list of tests

Done constructing a list of tests
Updating test list for fixtures
Added 0 tests to meet fixture requirements
Checking test dependency graph...
Checking test dependency graph end
test 1
[HANDLER_OUTPUT] 
    Start 1: TestCalcMeyerhof

[HANDLER_VERBOSE_OUTPUT] 

1: Test command: /home/runner/work/jessica/jessica/build/test/backend/calc/geotechnical/test_calc_meyerhof

1: Test timeout computed to be: 1500
1: [==========] Running 5 tests from 1 test suite.
1: [----------] Global test environment set-up.
1: [----------] 5 tests from data
1: [ RUN      ] data.CalcMeyehof
1: [       OK ] data.CalcMeyehof (0 ms)
1: [ RUN      ] data.CalcMeyehofAllDecorator
1: [2021-12-19 08:37:02.040] [log] [info] DecoratorLogger N7jessica11LogDurationINS_27DecoratorEndFoundationStripINS_15FoundationStripEEEEE
1: [2021-12-19 08:37:02.040] [log] [info] duration 0.0005 ms
1: [2021-12-19 08:37:02.040] [log] [info] DecoratorLogger N7jessica11LogDurationINS_29DecoratorEndVerticalEccentricINS_17VerticalEccentricEEEEE
1: [2021-12-19 08:37:02.040] [log] [info] duration 0.0005 ms
1: [2021-12-19 08:37:02.040] [log] [info] DecoratorLogger N7jessica11LogDurationINS_29DecoratorEndVerticalEccentricINS_17VerticalEccentricEEEEE
1: [2021-12-19 08:37:02.040] [log] [info] duration 0.0003 ms
1: [2021-12-19 08:37:02.040] [log] [info] DecoratorLogger N7jessica11LogDurationINS_20DecoratorEndMeyerhofINS_25MeyerhofShallowFoundationINS_31DecoratorStartVerticalEccentricINS_7LogCallINS0_INS_29DecoratorEndVerticalEccentricINS_17VerticalEccentricEEEEEEEEENS_29DecoratorStartFoundationStripINS4_INS0_INS_27DecoratorEndFoundationStripINS_15FoundationStripEEEEEEEEEEEEEEE
1: [2021-12-19 08:37:02.040] [log] [info] DecoratorLogger N7jessica11LogDurationINS_27DecoratorEndFoundationStripINS_15FoundationStripEEEEE
1: [2021-12-19 08:37:02.040] [log] [info] duration 0.0001 ms
1: [2021-12-19 08:37:02.040] [log] [info] DecoratorLogger N7jessica11LogDurationINS_29DecoratorEndVerticalEccentricINS_17VerticalEccentricEEEEE
1: [2021-12-19 08:37:02.040] [log] [info] duration 0 ms
1: [2021-12-19 08:37:02.040] [log] [info] duration 0.0153 ms
1: [2021-12-19 08:37:02.040] [log] [info] DecoratorLogger N7jessica11LogDurationINS_20DecoratorEndMeyerhofINS_25MeyerhofShallowFoundationINS_31DecoratorStartVerticalEccentricINS_7LogCallINS0_INS_29DecoratorEndVerticalEccentricINS_17VerticalEccentricEEEEEEEEENS_29DecoratorStartFoundationStripINS4_INS0_INS_27DecoratorEndFoundationStripINS_15FoundationStripEEEEEEEEEEEEEEE
1: [2021-12-19 08:37:02.040] [log] [info] DecoratorLogger N7jessica11LogDurationINS_29DecoratorEndVerticalEccentricINS_17VerticalEccentricEEEEE
1: [2021-12-19 08:37:02.040] [log] [info] duration 0.0001 ms
1: [2021-12-19 08:37:02.040] [log] [info] DecoratorLogger N7jessica11LogDurationINS_27DecoratorEndFoundationStripINS_15FoundationStripEEEEE
1: [2021-12-19 08:37:02.040] [log] [info] duration 0.0001 ms
1: [2021-12-19 08:37:02.040] [log] [info] DecoratorLogger N7jessica11LogDurationINS_29DecoratorEndVerticalEccentricINS_17VerticalEccentricEEEEE
1: [2021-12-19 08:37:02.040] [log] [info] duration 0 ms
1: [2021-12-19 08:37:02.040] [log] [info] duration 0.0199 ms
1: [2021-12-19 08:37:02.040] [log] [info] DecoratorLogger N7jessica11LogDurationINS_29DecoratorEndVerticalEccentricINS_17VerticalEccentricEEEEE
1: [2021-12-19 08:37:02.040] [log] [info] duration 0.0003 ms
1: [2021-12-19 08:37:02.040] [log] [info] DecoratorLogger N7jessica11LogDurationINS_20DecoratorEndMeyerhofINS_25MeyerhofShallowFoundationINS_31DecoratorStartVerticalEccentricINS_7LogCallINS0_INS_29DecoratorEndVerticalEccentricINS_17VerticalEccentricEEEEEEEEENS_29DecoratorStartFoundationStripINS4_INS0_INS_27DecoratorEndFoundationStripINS_15FoundationStripEEEEEEEEEEEEEEE
1: [2021-12-19 08:37:02.040] [log] [info] DecoratorLogger N7jessica11LogDurationINS_27DecoratorEndFoundationStripINS_15FoundationStripEEEEE
1: [2021-12-19 08:37:02.040] [log] [info] duration 0 ms
1: [2021-12-19 08:37:02.040] [log] [info] DecoratorLogger N7jessica11LogDurationINS_29DecoratorEndVerticalEccentricINS_17VerticalEccentricEEEEE
1: [2021-12-19 08:37:02.040] [log] [info] duration 0 ms
1: [2021-12-19 08:37:02.040] [log] [info] duration 0.013 ms
1: [2021-12-19 08:37:02.041] [log] [info] DecoratorLogger N7jessica11LogDurationINS_20DecoratorEndMeyerhofINS_25MeyerhofShallowFoundationINS_31DecoratorStartVerticalEccentricINS_7LogCallINS0_INS_29DecoratorEndVerticalEccentricINS_17VerticalEccentricEEEEEEEEENS_29DecoratorStartFoundationStripINS4_INS0_INS_27DecoratorEndFoundationStripINS_15FoundationStripEEEEEEEEEEEEEEE
1: [2021-12-19 08:37:02.041] [log] [info] DecoratorLogger N7jessica11LogDurationINS_29DecoratorEndVerticalEccentricINS_17VerticalEccentricEEEEE
1: [2021-12-19 08:37:02.041] [log] [info] duration 0.0001 ms
1: [2021-12-19 08:37:02.041] [log] [info] DecoratorLogger N7jessica11LogDurationINS_27DecoratorEndFoundationStripINS_15FoundationStripEEEEE
1: [2021-12-19 08:37:02.041] [log] [info] duration 0 ms
1: [2021-12-19 08:37:02.041] [log] [info] DecoratorLogger N7jessica11LogDurationINS_29DecoratorEndVerticalEccentricINS_17VerticalEccentricEEEEE
1: [2021-12-19 08:37:02.041] [log] [info] duration 0.0001 ms
1: [2021-12-19 08:37:02.041] [log] [info] duration 0.0217 ms
1: [2021-12-19 08:37:02.041] [log] [info] DecoratorLogger N7jessica11LogDurationINS_20DecoratorEndMeyerhofINS_25MeyerhofShallowFoundationINS_31DecoratorStartVerticalEccentricINS_7LogCallINS0_INS_29DecoratorEndVerticalEccentricINS_17VerticalEccentricEEEEEEEEENS_29DecoratorStartFoundationStripINS4_INS0_INS_27DecoratorEndFoundationStripINS_15FoundationStripEEEEEEEEEEEEEEE
1: [2021-12-19 08:37:02.041] [log] [info] DecoratorLogger N7jessica11LogDurationINS_27DecoratorEndFoundationStripINS_15FoundationStripEEEEE
1: [2021-12-19 08:37:02.041] [log] [info] duration 0.0001 ms
1: [2021-12-19 08:37:02.041] [log] [info] DecoratorLogger N7jessica11LogDurationINS_29DecoratorEndVerticalEccentricINS_17VerticalEccentricEEEEE
1: [2021-12-19 08:37:02.041] [log] [info] duration 0 ms
1: [2021-12-19 08:37:02.041] [log] [info] duration 0.0128 ms
1: [2021-12-19 08:37:02.041] [log] [info] DecoratorLogger N7jessica11LogDurationINS_20DecoratorEndMeyerhofINS_25MeyerhofShallowFoundationINS_31DecoratorStartVerticalEccentricINS_7LogCallINS0_INS_29DecoratorEndVerticalEccentricINS_17VerticalEccentricEEEEEEEEENS_29DecoratorStartFoundationStripINS4_INS0_INS_27DecoratorEndFoundationStripINS_15FoundationStripEEEEEEEEEEEEEEE
1: [2021-12-19 08:37:02.041] [log] [info] DecoratorLogger N7jessica11LogDurationINS_27DecoratorEndFoundationStripINS_15FoundationStripEEEEE
1: [2021-12-19 08:37:02.041] [log] [info] duration 0 ms
1: [2021-12-19 08:37:02.041] [log] [info] DecoratorLogger N7jessica11LogDurationINS_29DecoratorEndVerticalEccentricINS_17VerticalEccentricEEEEE
1: [2021-12-19 08:37:02.041] [log] [info] duration 0.0001 ms
1: [2021-12-19 08:37:02.041] [log] [info] duration 0.0126 ms
1: [2021-12-19 08:37:02.041] [log] [info] DecoratorLogger N7jessica11LogDurationINS_20DecoratorEndMeyerhofINS_25MeyerhofShallowFoundationINS_31DecoratorStartVerticalEccentricINS_7LogCallINS0_INS_29DecoratorEndVerticalEccentricINS_17VerticalEccentricEEEEEEEEENS_29DecoratorStartFoundationStripINS4_INS0_INS_27DecoratorEndFoundationStripINS_15FoundationStripEEEEEEEEEEEEEEE
1: [2021-12-19 08:37:02.041] [log] [info] DecoratorLogger N7jessica11LogDurationINS_29DecoratorEndVerticalEccentricINS_17VerticalEccentricEEEEE
1: [2021-12-19 08:37:02.041] [log] [info] duration 0 ms
1: [2021-12-19 08:37:02.041] [log] [info] DecoratorLogger N7jessica11LogDurationINS_27DecoratorEndFoundationStripINS_15FoundationStripEEEEE
1: [2021-12-19 08:37:02.041] [log] [info] duration 0 ms
1: [2021-12-19 08:37:02.041] [log] [info] DecoratorLogger N7jessica11LogDurationINS_29DecoratorEndVerticalEccentricINS_17VerticalEccentricEEEEE
1: [2021-12-19 08:37:02.041] [log] [info] duration 0.0001 ms
1: [2021-12-19 08:37:02.041] [log] [info] duration 0.0189 ms
1: [2021-12-19 08:37:02.041] [log] [info] DecoratorLogger N7jessica11LogDurationINS_20DecoratorEndMeyerhofINS_25MeyerhofShallowFoundationINS_31DecoratorStartVerticalEccentricINS_7LogCallINS0_INS_29DecoratorEndVerticalEccentricINS_17VerticalEccentricEEEEEEEEENS_29DecoratorStartFoundationStripINS4_INS0_INS_27DecoratorEndFoundationStripINS_15FoundationStripEEEEEEEEEEEEEEE
1: [2021-12-19 08:37:02.041] [log] [info] DecoratorLogger N7jessica11LogDurationINS_29DecoratorEndVerticalEccentricINS_17VerticalEccentricEEEEE
1: [2021-12-19 08:37:02.041] [log] [info] duration 0.0001 ms
1: [2021-12-19 08:37:02.041] [log] [info] DecoratorLogger N7jessica11LogDurationINS_27DecoratorEndFoundationStripINS_15FoundationStripEEEEE
1: [2021-12-19 08:37:02.041] [log] [info] duration 0.0001 ms
1: [2021-12-19 08:37:02.041] [log] [info] DecoratorLogger N7jessica11LogDurationINS_29DecoratorEndVerticalEccentricINS_17VerticalEccentricEEEEE
1: [2021-12-19 08:37:02.041] [log] [info] duration 0.0001 ms
1: [2021-12-19 08:37:02.041] [log] [info] duration 0.0207 ms
1: [2021-12-19 08:37:02.041] [log] [info] DecoratorLogger N7jessica11LogDurationINS_29DecoratorEndVerticalEccentricINS_17VerticalEccentricEEEEE
1: [2021-12-19 08:37:02.041] [log] [info] duration 0.0003 ms
1: [2021-12-19 08:37:02.041] [log] [info] DecoratorLogger N7jessica11LogDurationINS_20DecoratorEndMeyerhofINS_25MeyerhofShallowFoundationINS_31DecoratorStartVerticalEccentricINS_7LogCallINS0_INS_29DecoratorEndVerticalEccentricINS_17VerticalEccentricEEEEEEEEENS_29DecoratorStartFoundationStripINS4_INS0_INS_27DecoratorEndFoundationStripINS_15FoundationStripEEEEEEEEEEEEEEE
1: [2021-12-19 08:37:02.041] [log] [info] DecoratorLogger N7jessica11LogDurationINS_27DecoratorEndFoundationStripINS_15FoundationStripEEEEE
1: [2021-12-19 08:37:02.041] [log] [info] duration 0.0001 ms
1: [2021-12-19 08:37:02.041] [log] [info] DecoratorLogger N7jessica11LogDurationINS_29DecoratorEndVerticalEccentricINS_17VerticalEccentricEEEEE
1: [2021-12-19 08:37:02.041] [log] [info] duration 0.0001 ms
1: [2021-12-19 08:37:02.041] [log] [info] duration 0.0132 ms
1: [2021-12-19 08:37:02.041] [log] [info] DecoratorLogger N7jessica11LogDurationINS_29DecoratorEndVerticalEccentricINS_17VerticalEccentricEEEEE
1: [2021-12-19 08:37:02.041] [log] [info] duration 0.0004 ms
1: [2021-12-19 08:37:02.041] [log] [info] DecoratorLogger N7jessica11LogDurationINS_20DecoratorEndMeyerhofINS_25MeyerhofShallowFoundationINS_31DecoratorStartVerticalEccentricINS_7LogCallINS0_INS_29DecoratorEndVerticalEccentricINS_17VerticalEccentricEEEEEEEEENS_29DecoratorStartFoundationStripINS4_INS0_INS_27DecoratorEndFoundationStripINS_15FoundationStripEEEEEEEEEEEEEEE
1: [2021-12-19 08:37:02.041] [log] [info] DecoratorLogger N7jessica11LogDurationINS_27DecoratorEndFoundationStripINS_15FoundationStripEEEEE
1: [2021-12-19 08:37:02.041] [log] [info] duration 0 ms
1: [2021-12-19 08:37:02.041] [log] [info] DecoratorLogger N7jessica11LogDurationINS_29DecoratorEndVerticalEccentricINS_17VerticalEccentricEEEEE
1: [2021-12-19 08:37:02.041] [log] [info] duration 0.0001 ms
1: [2021-12-19 08:37:02.041] [log] [info] duration 0.0129 ms
1: [       OK ] data.CalcMeyehofAllDecorator (1 ms)
1: [ RUN      ] data.CalcMeyehofMainDecorator
1: [2021-12-19 08:37:02.041] [log] [info] DecoratorLogger N7jessica11LogDurationINS_20DecoratorEndMeyerhofINS_25MeyerhofShallowFoundationINS_17VerticalEccentricENS_15FoundationStripEEEEEEE
1: [2021-12-19 08:37:02.041] [log] [info] duration 0.0002 ms
1: [2021-12-19 08:37:02.041] [log] [info] DecoratorLogger N7jessica11LogDurationINS_20DecoratorEndMeyerhofINS_25MeyerhofShallowFoundationINS_17VerticalEccentricENS_15FoundationStripEEEEEEE
1: [2021-12-19 08:37:02.041] [log] [info] duration 0.0001 ms
1: [2021-12-19 08:37:02.041] [log] [info] DecoratorLogger N7jessica11LogDurationINS_20DecoratorEndMeyerhofINS_25MeyerhofShallowFoundationINS_17VerticalEccentricENS_15FoundationStripEEEEEEE
1: [2021-12-19 08:37:02.041] [log] [info] duration 0.0001 ms
1: [2021-12-19 08:37:02.041] [log] [info] DecoratorLogger N7jessica11LogDurationINS_20DecoratorEndMeyerhofINS_25MeyerhofShallowFoundationINS_17VerticalEccentricENS_15FoundationStripEEEEEEE
1: [2021-12-19 08:37:02.041] [log] [info] duration 0.0001 ms
1: [2021-12-19 08:37:02.041] [log] [info] DecoratorLogger N7jessica11LogDurationINS_20DecoratorEndMeyerhofINS_25MeyerhofShallowFoundationINS_17VerticalEccentricENS_15FoundationStripEEEEEEE
1: [2021-12-19 08:37:02.041] [log] [info] duration 0 ms
1: [2021-12-19 08:37:02.041] [log] [info] DecoratorLogger N7jessica11LogDurationINS_20DecoratorEndMeyerhofINS_25MeyerhofShallowFoundationINS_17VerticalEccentricENS_15FoundationStripEEEEEEE
1: [2021-12-19 08:37:02.041] [log] [info] duration 0.0001 ms
1: [2021-12-19 08:37:02.041] [log] [info] DecoratorLogger N7jessica11LogDurationINS_20DecoratorEndMeyerhofINS_25MeyerhofShallowFoundationINS_17VerticalEccentricENS_15FoundationStripEEEEEEE
1: [2021-12-19 08:37:02.041] [log] [info] duration 0.0001 ms
1: [2021-12-19 08:37:02.041] [log] [info] DecoratorLogger N7jessica11LogDurationINS_20DecoratorEndMeyerhofINS_25MeyerhofShallowFoundationINS_17VerticalEccentricENS_15FoundationStripEEEEEEE
1: [2021-12-19 08:37:02.041] [log] [info] duration 0.0001 ms
1: [2021-12-19 08:37:02.041] [log] [info] DecoratorLogger N7jessica11LogDurationINS_20DecoratorEndMeyerhofINS_25MeyerhofShallowFoundationINS_17VerticalEccentricENS_15FoundationStripEEEEEEE
1: [2021-12-19 08:37:02.041] [log] [info] duration 0.0001 ms
1: [2021-12-19 08:37:02.041] [log] [info] DecoratorLogger N7jessica11LogDurationINS_20DecoratorEndMeyerhofINS_25MeyerhofShallowFoundationINS_17VerticalEccentricENS_15FoundationStripEEEEEEE
1: [2021-12-19 08:37:02.041] [log] [info] duration 0.0001 ms
1: [2021-12-19 08:37:02.041] [log] [info] DecoratorLogger N7jessica11LogDurationINS_20DecoratorEndMeyerhofINS_25MeyerhofShallowFoundationINS_17VerticalEccentricENS_15FoundationStripEEEEEEE
1: [2021-12-19 08:37:02.041] [log] [info] duration 0.0002 ms
1: [2021-12-19 08:37:02.041] [log] [info] DecoratorLogger N7jessica11LogDurationINS_20DecoratorEndMeyerhofINS_25MeyerhofShallowFoundationINS_17VerticalEccentricENS_15FoundationStripEEEEEEE
1: [2021-12-19 08:37:02.041] [log] [info] duration 0.0001 ms
1: [2021-12-19 08:37:02.041] [log] [info] DecoratorLogger N7jessica11LogDurationINS_20DecoratorEndMeyerhofINS_25MeyerhofShallowFoundationINS_17VerticalEccentricENS_15FoundationStripEEEEEEE
1: [2021-12-19 08:37:02.041] [log] [info] duration 0.0001 ms
1: [2021-12-19 08:37:02.041] [log] [info] DecoratorLogger N7jessica11LogDurationINS_20DecoratorEndMeyerhofINS_25MeyerhofShallowFoundationINS_17VerticalEccentricENS_15FoundationStripEEEEEEE
1: [2021-12-19 08:37:02.041] [log] [info] duration 0.0001 ms
1: [       OK ] data.CalcMeyehofMainDecorator (0 ms)
1: [ RUN      ] data.CalcMeyehofChildrenAccess
1: [2021-12-19 08:37:02.041] [log] [info] DecoratorLogger N7jessica11LogDurationINS_20DecoratorEndMeyerhofINS_25MeyerhofShallowFoundationINS_17VerticalEccentricENS_15FoundationStripEEEEEEE
1: [2021-12-19 08:37:02.041] [log] [info] duration 0.0011 ms
1: [2021-12-19 08:37:02.041] [log] [info] DecoratorLogger N7jessica11LogDurationINS_20DecoratorEndMeyerhofINS_25MeyerhofShallowFoundationINS_17VerticalEccentricENS_15FoundationStripEEEEEEE
1: [2021-12-19 08:37:02.041] [log] [info] duration 0.0006 ms
1: [2021-12-19 08:37:02.041] [log] [info] DecoratorLogger N7jessica11LogDurationINS_20DecoratorEndMeyerhofINS_25MeyerhofShallowFoundationINS_17VerticalEccentricENS_15FoundationStripEEEEEEE
1: [2021-12-19 08:37:02.041] [log] [info] duration 0.0011 ms
1: [2021-12-19 08:37:02.041] [log] [info] DecoratorLogger N7jessica11LogDurationINS_20DecoratorEndMeyerhofINS_25MeyerhofShallowFoundationINS_17VerticalEccentricENS_15FoundationStripEEEEEEE
1: [2021-12-19 08:37:02.041] [log] [info] duration 0.0001 ms
1: [2021-12-19 08:37:02.041] [log] [info] DecoratorLogger N7jessica11LogDurationINS_20DecoratorEndMeyerhofINS_25MeyerhofShallowFoundationINS_17VerticalEccentricENS_15FoundationStripEEEEEEE
1: [2021-12-19 08:37:02.041] [log] [info] duration 0.0001 ms
1: [2021-12-19 08:37:02.041] [log] [info] DecoratorLogger N7jessica11LogDurationINS_20DecoratorEndMeyerhofINS_25MeyerhofShallowFoundationINS_17VerticalEccentricENS_15FoundationStripEEEEEEE
1: [2021-12-19 08:37:02.041] [log] [info] duration 0.0001 ms
1: [2021-12-19 08:37:02.041] [log] [info] DecoratorLogger N7jessica11LogDurationINS_20DecoratorEndMeyerhofINS_25MeyerhofShallowFoundationINS_17VerticalEccentricENS_15FoundationStripEEEEEEE
1: [2021-12-19 08:37:02.041] [log] [info] duration 0.0001 ms
1: [2021-12-19 08:37:02.041] [log] [info] DecoratorLogger N7jessica11LogDurationINS_20DecoratorEndMeyerhofINS_25MeyerhofShallowFoundationINS_17VerticalEccentricENS_15FoundationStripEEEEEEE
1: [2021-12-19 08:37:02.041] [log] [info] duration 0.0001 ms
1: [2021-12-19 08:37:02.042] [log] [info] DecoratorLogger N7jessica11LogDurationINS_20DecoratorEndMeyerhofINS_25MeyerhofShallowFoundationINS_17VerticalEccentricENS_15FoundationStripEEEEEEE
1: [2021-12-19 08:37:02.042] [log] [info] duration 0.0001 ms
1: [2021-12-19 08:37:02.042] [log] [info] DecoratorLogger N7jessica11LogDurationINS_20DecoratorEndMeyerhofINS_25MeyerhofShallowFoundationINS_17VerticalEccentricENS_15FoundationStripEEEEEEE
1: [2021-12-19 08:37:02.042] [log] [info] duration 0.0001 ms
1: [2021-12-19 08:37:02.042] [log] [info] DecoratorLogger N7jessica11LogDurationINS_20DecoratorEndMeyerhofINS_25MeyerhofShallowFoundationINS_17VerticalEccentricENS_15FoundationStripEEEEEEE
1: [2021-12-19 08:37:02.042] [log] [info] duration 0.0001 ms
1: [2021-12-19 08:37:02.042] [log] [info] DecoratorLogger N7jessica11LogDurationINS_20DecoratorEndMeyerhofINS_25MeyerhofShallowFoundationINS_17VerticalEccentricENS_15FoundationStripEEEEEEE
1: [2021-12-19 08:37:02.042] [log] [info] duration 0.0001 ms
1: [       OK ] data.CalcMeyehofChildrenAccess (1 ms)
1: [ RUN      ] data.MeyerhofShallowFoundationWebServicesRestBed
1: [       OK ] data.MeyerhofShallowFoundationWebServicesRestBed (5011 ms)
1: [----------] 5 tests from data (5013 ms total)
1: 
1: [----------] Global test environment tear-down
1: [==========] 5 tests from 1 test suite ran. (5014 ms total)
1: [  PASSED  ] 5 tests.
[HANDLER_OUTPUT] 
1/4 Test #1: TestCalcMeyerhof ..................
   Passed    5.02 sec
[HANDLER_VERBOSE_OUTPUT] 
test 2

[HANDLER_OUTPUT] 
    Start 2: TestGeotechnicalFoundationStrip

[HANDLER_VERBOSE_OUTPUT] 

2: Test command: /home/runner/work/jessica/jessica/build/test/backend/data/test_geotechnical_foundation_strip

2: Test timeout computed to be: 1500
2: [==========] Running 3 tests from 1 test suite.
2: [----------] Global test environment set-up.
2: [----------] 3 tests from data
2: [ RUN      ] data.FoundationStrip
2: [       OK ] data.FoundationStrip (0 ms)
2: [ RUN      ] data.FoundationStripDecorator
2: [2021-12-19 08:37:07.086] [log] [info] DecoratorLogger N7jessica11LogDurationINS_27DecoratorEndFoundationStripINS_15FoundationStripEEEEE
2: [2021-12-19 08:37:07.087] [log] [info] duration 0.0001 ms
2: [2021-12-19 08:37:07.087] [log] [info] DecoratorLogger N7jessica11LogDurationINS_27DecoratorEndFoundationStripINS_15FoundationStripEEEEE
2: [2021-12-19 08:37:07.087] [log] [info] duration 0.0006 ms
2: [2021-12-19 08:37:07.087] [log] [info] DecoratorLogger N7jessica11LogDurationINS_27DecoratorEndFoundationStripINS_15FoundationStripEEEEE
2: [2021-12-19 08:37:07.087] [log] [info] duration 0.0001 ms
2: [2021-12-19 08:37:07.087] [log] [info] DecoratorLogger N7jessica11LogDurationINS_27DecoratorEndFoundationStripINS_15FoundationStripEEEEE
2: [2021-12-19 08:37:07.087] [log] [info] duration 0 ms
2: [2021-12-19 08:37:07.087] [log] [info] DecoratorLogger N7jessica11LogDurationINS_27DecoratorEndFoundationStripINS_15FoundationStripEEEEE
2: [2021-12-19 08:37:07.088] [log] [info] duration 0.0001 ms
2: [2021-12-19 08:37:07.088] [log] [info] DecoratorLogger N7jessica11LogDurationINS_27DecoratorEndFoundationStripINS_15FoundationStripEEEEE
2: [2021-12-19 08:37:07.088] [log] [info] duration 0.0001 ms
2: [2021-12-19 08:37:07.088] [log] [info] DecoratorLogger N7jessica11LogDurationINS_27DecoratorEndFoundationStripINS_15FoundationStripEEEEE
2: [2021-12-19 08:37:07.088] [log] [info] duration 0.0001 ms
2: [2021-12-19 08:37:07.088] [log] [info] DecoratorLogger N7jessica11LogDurationINS_27DecoratorEndFoundationStripINS_15FoundationStripEEEEE
2: [2021-12-19 08:37:07.089] [log] [info] duration 0.0001 ms
2: [       OK ] data.FoundationStripDecorator (3 ms)
2: [ RUN      ] data.FoundationStripWebServicesRestBed
2: [       OK ] data.FoundationStripWebServicesRestBed (5012 ms)
2: [----------] 3 tests from data (5015 ms total)
2: 
2: [----------] Global test environment tear-down
2: [==========] 3 tests from 1 test suite ran. (5015 ms total)
2: [  PASSED  ] 3 tests.
[HANDLER_OUTPUT] 
2/4 Test #2: TestGeotechnicalFoundationStrip ...
   Passed    5.02 sec
[HANDLER_VERBOSE_OUTPUT] 
test 3

[HANDLER_OUTPUT] 
    Start 3: TestLoadVerticalEccentric

[HANDLER_VERBOSE_OUTPUT] 

3: Test command: /home/runner/work/jessica/jessica/build/test/backend/data/test_load_vertical_eccentric

3: Test timeout computed to be: 1500
3: [==========] Running 3 tests from 1 test suite.
3: [----------] Global test environment set-up.
3: [----------] 3 tests from data
3: [ RUN      ] data.VerticalEccentric
3: [       OK ] data.VerticalEccentric (1 ms)
3: [ RUN      ] data.VerticalEccentricDecorator
3: [2021-12-19 08:37:12.107] [log] [info] DecoratorLogger N7jessica11LogDurationINS_29DecoratorEndVerticalEccentricINS_17VerticalEccentricEEEEE
3: [2021-12-19 08:37:12.107] [log] [info] duration 0.0001 ms
3: [2021-12-19 08:37:12.107] [log] [info] DecoratorLogger N7jessica11LogDurationINS_29DecoratorEndVerticalEccentricINS_17VerticalEccentricEEEEE
3: [2021-12-19 08:37:12.107] [log] [info] duration 0 ms
3: [2021-12-19 08:37:12.107] [log] [info] DecoratorLogger N7jessica11LogDurationINS_29DecoratorEndVerticalEccentricINS_17VerticalEccentricEEEEE
3: [2021-12-19 08:37:12.107] [log] [info] duration 0.0005 ms
3: [2021-12-19 08:37:12.107] [log] [info] DecoratorLogger N7jessica11LogDurationINS_29DecoratorEndVerticalEccentricINS_17VerticalEccentricEEEEE
3: [2021-12-19 08:37:12.107] [log] [info] duration 0.0001 ms
3: [2021-12-19 08:37:12.107] [log] [info] DecoratorLogger N7jessica11LogDurationINS_29DecoratorEndVerticalEccentricINS_17VerticalEccentricEEEEE
3: [2021-12-19 08:37:12.107] [log] [info] duration 0.0001 ms
3: [2021-12-19 08:37:12.107] [log] [info] DecoratorLogger N7jessica11LogDurationINS_29DecoratorEndVerticalEccentricINS_17VerticalEccentricEEEEE
3: [2021-12-19 08:37:12.107] [log] [info] duration 0.0002 ms
3: [2021-12-19 08:37:12.107] [log] [info] DecoratorLogger N7jessica11LogDurationINS_29DecoratorEndVerticalEccentricINS_17VerticalEccentricEEEEE
3: [2021-12-19 08:37:12.107] [log] [info] duration 0 ms
3: [2021-12-19 08:37:12.107] [log] [info] DecoratorLogger N7jessica11LogDurationINS_29DecoratorEndVerticalEccentricINS_17VerticalEccentricEEEEE
3: [2021-12-19 08:37:12.107] [log] [info] duration 0.0001 ms
3: [2021-12-19 08:37:12.107] [log] [info] DecoratorLogger N7jessica11LogDurationINS_29DecoratorEndVerticalEccentricINS_17VerticalEccentricEEEEE
3: [2021-12-19 08:37:12.107] [log] [info] duration 0.0001 ms
3: [2021-12-19 08:37:12.107] [log] [info] DecoratorLogger N7jessica11LogDurationINS_29DecoratorEndVerticalEccentricINS_17VerticalEccentricEEEEE
3: [2021-12-19 08:37:12.107] [log] [info] duration 0 ms
3: [2021-12-19 08:37:12.107] [log] [info] DecoratorLogger N7jessica11LogDurationINS_29DecoratorEndVerticalEccentricINS_17VerticalEccentricEEEEE
3: [2021-12-19 08:37:12.107] [log] [info] duration 0 ms
3: [2021-12-19 08:37:12.107] [log] [info] DecoratorLogger N7jessica11LogDurationINS_29DecoratorEndVerticalEccentricINS_17VerticalEccentricEEEEE
3: [2021-12-19 08:37:12.107] [log] [info] duration 0.0001 ms
3: [2021-12-19 08:37:12.107] [log] [info] DecoratorLogger N7jessica11LogDurationINS_29DecoratorEndVerticalEccentricINS_17VerticalEccentricEEEEE
3: [2021-12-19 08:37:12.107] [log] [info] duration 0.0001 ms
3: [2021-12-19 08:37:12.107] [log] [info] DecoratorLogger N7jessica11LogDurationINS_29DecoratorEndVerticalEccentricINS_17VerticalEccentricEEEEE
3: [2021-12-19 08:37:12.107] [log] [info] duration 0 ms
3: [2021-12-19 08:37:12.107] [log] [info] DecoratorLogger N7jessica11LogDurationINS_29DecoratorEndVerticalEccentricINS_17VerticalEccentricEEEEE
3: [2021-12-19 08:37:12.107] [log] [info] duration 0 ms
3: [2021-12-19 08:37:12.107] [log] [info] DecoratorLogger N7jessica11LogDurationINS_29DecoratorEndVerticalEccentricINS_17VerticalEccentricEEEEE
3: [2021-12-19 08:37:12.107] [log] [info] duration 0.0001 ms
3: [       OK ] data.VerticalEccentricDecorator (1 ms)
3: [ RUN      ] data.VerticalEccentricWebServicesRestBed
3: [       OK ] data.VerticalEccentricWebServicesRestBed (5037 ms)
3: [----------] 3 tests from data (5040 ms total)
3: 
3: [----------] Global test environment tear-down
3: [==========] 3 tests from 1 test suite ran. (5040 ms total)
3: [  PASSED  ] 3 tests.
[HANDLER_OUTPUT] 
3/4 Test #3: TestLoadVerticalEccentric .........
   Passed    5.04 sec
[HANDLER_VERBOSE_OUTPUT] 
test 4

[HANDLER_OUTPUT] 
    Start 4: TestUtilDecorator

[HANDLER_VERBOSE_OUTPUT] 

4: Test command: /home/runner/work/jessica/jessica/build/test/backend/util/test_util_decorator

4: Test timeout computed to be: 1500
4: Running main() from /build/googletest-OI1WhS/googletest-1.10.0.20201025/googletest/src/gtest_main.cc
4: [==========] Running 1 test from 1 test suite.
4: [----------] Global test environment set-up.
4: [----------] 1 test from decorator
4: [ RUN      ] decorator.Test
4: DecoratorLogger 16DecoratorEndTestI13DecoratorTestE
4: DecoratorLogger 16DecoratorEndTestI13DecoratorTestE
4: [       OK ] decorator.Test (0 ms)
4: [----------] 1 test from decorator (0 ms total)
4: 
4: [----------] Global test environment tear-down
4: [==========] 1 test from 1 test suite ran. (0 ms total)
4: [  PASSED  ] 1 test.
[HANDLER_OUTPUT] 
4/4 Test #4: TestUtilDecorator .................
   Passed    0.00 sec

100% tests passed, 0 tests failed out of 4

Total Test time (real) =  15.15 sec
