[HANDLER_VERBOSE_OUTPUT] 
UpdateCTestConfiguration  from :/home/runner/work/jessica/jessica/build/DartConfiguration.tcl

Parse Config file:/home/runner/work/jessica/jessica/build/DartConfiguration.tcl
UpdateCTestConfiguration  from :/home/runner/work/jessica/jessica/build/DartConfiguration.tcl
Parse Config file:/home/runner/work/jessica/jessica/build/DartConfiguration.tcl
[HANDLER_OUTPUT] 
Test project /home/runner/work/jessica/jessica/build

[HANDLER_VERBOSE_OUTPUT] 
Constructing a list of tests

Done constructing a list of tests
Updating test list for fixtures
Added 0 tests to meet fixture requirements
Checking test dependency graph...
Checking test dependency graph end
test 1
[HANDLER_OUTPUT] 
    Start 1: NpmAngular

[HANDLER_VERBOSE_OUTPUT] 

1: Test command: /opt/hostedtoolcache/node/14.19.3/x64/bin/npm "run" "test" "--verbose"

1: Test timeout computed to be: 1500
1: npm info it worked if it ends with ok
1: npm verb cli [
1: npm verb cli   '/opt/hostedtoolcache/node/14.19.3/x64/bin/node',
1: npm verb cli   '/opt/hostedtoolcache/node/14.19.3/x64/bin/npm',
1: npm verb cli   'run',
1: npm verb cli   'test',
1: npm verb cli   '--verbose'
1: npm verb cli ]
1: npm info using npm@6.14.17
1: npm info using node@v14.19.3
1: npm verb run-script [ 'pretest', 'test', 'posttest' ]
1: npm info lifecycle angular@0.0.0~pretest: angular@0.0.0
1: npm info lifecycle angular@0.0.0~test: angular@0.0.0
1: 
1: > angular@0.0.0 test /home/runner/work/jessica/jessica/src/angular
1: > ng test --no-watch --no-progress --browsers=ChromeHeadless
1: 
1: 05 07 2022 21:42:01.400:INFO [karma-server]: Karma v6.4.0 server started at http://localhost:9876/
1: 05 07 2022 21:42:01.404:INFO [launcher]: Launching browsers ChromeHeadless with concurrency unlimited
1: 05 07 2022 21:42:01.407:INFO [launcher]: Starting browser ChromeHeadless
1: 05 07 2022 21:42:02.244:INFO [Chrome Headless 103.0.5060.53 (Linux x86_64)]: Connected on socket yovHYsf5khPUg2iqAAAB with id 21659720
1: Chrome Headless 103.0.5060.53 (Linux x86_64): Executed 0 of 4 SUCCESS (0 secs / 0 secs)
1: [1A[2KChrome Headless 103.0.5060.53 (Linux x86_64): Executed 1 of 4 SUCCESS (0 secs / 0.052 secs)
1: [1A[2KChrome Headless 103.0.5060.53 (Linux x86_64): Executed 2 of 4 SUCCESS (0 secs / 0.057 secs)
1: [1A[2KChrome Headless 103.0.5060.53 (Linux x86_64): Executed 3 of 4 SUCCESS (0 secs / 0.063 secs)
1: [1A[2KChrome Headless 103.0.5060.53 (Linux x86_64): Executed 4 of 4 SUCCESS (0 secs / 0.067 secs)
1: [1A[2KChrome Headless 103.0.5060.53 (Linux x86_64): Executed 4 of 4 SUCCESS (0.083 secs / 0.067 secs)
1: TOTAL: 4 SUCCESS
1: 05 07 2022 21:42:29.910:INFO [karma-server]: Karma v6.4.0 server started at http://localhost:9876/
1: 05 07 2022 21:42:29.911:INFO [launcher]: Launching browsers ChromeHeadless with concurrency unlimited
1: 05 07 2022 21:42:29.913:INFO [launcher]: Starting browser ChromeHeadless
1: 05 07 2022 21:42:30.219:INFO [Chrome Headless 103.0.5060.53 (Linux x86_64)]: Connected on socket 2MvO3rL3qtzeRdN_AAAD with id 72343423
1: Chrome Headless 103.0.5060.53 (Linux x86_64): Executed 0 of 7 SUCCESS (0 secs / 0 secs)
1: [1A[2KChrome Headless 103.0.5060.53 (Linux x86_64): Executed 1 of 7 SUCCESS (0 secs / 0.084 secs)
1: [1A[2KChrome Headless 103.0.5060.53 (Linux x86_64): Executed 2 of 7 SUCCESS (0 secs / 0.095 secs)
1: [1A[2KChrome Headless 103.0.5060.53 (Linux x86_64): Executed 3 of 7 SUCCESS (0 secs / 0.104 secs)
1: [1A[2KChrome Headless 103.0.5060.53 (Linux x86_64): Executed 4 of 7 SUCCESS (0 secs / 0.123 secs)
1: [1A[2KChrome Headless 103.0.5060.53 (Linux x86_64): Executed 5 of 7 SUCCESS (0 secs / 0.136 secs)
1: [1A[2KChrome Headless 103.0.5060.53 (Linux x86_64): Executed 6 of 7 SUCCESS (0 secs / 0.145 secs)
1: [1A[2KChrome Headless 103.0.5060.53 (Linux x86_64): Executed 7 of 7 SUCCESS (0 secs / 0.156 secs)
1: [1A[2KChrome Headless 103.0.5060.53 (Linux x86_64): Executed 7 of 7 SUCCESS (0.234 secs / 0.156 secs)
1: TOTAL: 7 SUCCESS
1: 05 07 2022 21:43:06.644:INFO [karma-server]: Karma v6.4.0 server started at http://localhost:9876/
1: 05 07 2022 21:43:06.645:INFO [launcher]: Launching browsers ChromeHeadless with concurrency unlimited
1: 05 07 2022 21:43:06.646:INFO [launcher]: Starting browser ChromeHeadless
1: 05 07 2022 21:43:06.939:INFO [Chrome Headless 103.0.5060.53 (Linux x86_64)]: Connected on socket jFcpXHu0URbGIfzKAAAF with id 29606583
1: Chrome Headless 103.0.5060.53 (Linux x86_64): Executed 0 of 3 SUCCESS (0 secs / 0 secs)
1: [1A[2KChrome Headless 103.0.5060.53 (Linux x86_64): Executed 1 of 3 SUCCESS (0 secs / 0.076 secs)
1: [1A[2KChrome Headless 103.0.5060.53 (Linux x86_64): Executed 2 of 3 SUCCESS (0 secs / 0.124 secs)
1: [1A[2KChrome Headless 103.0.5060.53 (Linux x86_64): Executed 3 of 3 SUCCESS (0 secs / 0.152 secs)
1: [1A[2KChrome Headless 103.0.5060.53 (Linux x86_64): Executed 3 of 3 SUCCESS (0.176 secs / 0.152 secs)
1: TOTAL: 3 SUCCESS
1: npm verb lifecycle angular@0.0.0~test: unsafe-perm in lifecycle true
1: npm verb lifecycle angular@0.0.0~test: PATH: /opt/hostedtoolcache/node/14.19.3/x64/lib/node_modules/npm/node_modules/npm-lifecycle/node-gyp-bin:/home/runner/work/jessica/jessica/src/angular/node_modules/.bin:/home/runner/work/jessica/jessica/emsdk/upstream/emscripten:/home/runner/work/jessica/jessica/emsdk:/opt/hostedtoolcache/node/14.19.3/x64/bin:/home/linuxbrew/.linuxbrew/bin:/home/linuxbrew/.linuxbrew/sbin:/home/runner/.local/bin:/opt/pipx_bin:/home/runner/.cargo/bin:/home/runner/.config/composer/vendor/bin:/usr/local/.ghcup/bin:/home/runner/.dotnet/tools:/snap/bin:/usr/local/sbin:/usr/local/bin:/usr/sbin:/usr/bin:/sbin:/bin:/usr/games:/usr/local/games:/snap/bin
1: npm verb lifecycle angular@0.0.0~test: CWD: /home/runner/work/jessica/jessica/src/angular
1: npm info lifecycle angular@0.0.0~posttest: angular@0.0.0
1: npm verb exit [ 0, true ]
1: npm timing npm Completed in 103596ms
1: npm info ok 
[HANDLER_OUTPUT] 
1/2 Test #1: NpmAngular .......................
   Passed  103.97 sec
[HANDLER_VERBOSE_OUTPUT] 
test 2

[HANDLER_OUTPUT] 
    Start 2: NpmTest

[HANDLER_VERBOSE_OUTPUT] 

2: Test command: /opt/hostedtoolcache/node/14.19.3/x64/bin/npm "run" "test" "--verbose"

2: Test timeout computed to be: 1500
2: npm info it worked if it ends with ok
2: npm verb cli [
2: npm verb cli   '/opt/hostedtoolcache/node/14.19.3/x64/bin/node',
2: npm verb cli   '/opt/hostedtoolcache/node/14.19.3/x64/bin/npm',
2: npm verb cli   'run',
2: npm verb cli   'test',
2: npm verb cli   '--verbose'
2: npm verb cli ]
2: npm info using npm@6.14.17
2: npm info using node@v14.19.3
2: npm verb run-script [ 'pretest', 'test', 'posttest' ]
2: npm info lifecycle @~pretest: @
2: npm info lifecycle @~test: @
2: 
2: > @ test /home/runner/work/jessica/jessica/build/test/javascript
2: > node --trace-warnings --unhandled-rejections=strict node_modules/.bin/jest
2: 
2:   console.log
2:     [2022-07-05 21:43:11.556] [log] [info] DecoratorLogger N7jessica11LogDurationINS_20DecoratorEndMeyerhofINS_25MeyerhofShallowFoundationINS_17VerticalEccentricENS_15FoundationStripEEEEEEE
2: 
2:       at console.<anonymous> (node_modules/jest-mock/build/index.js:839:25)
2: 
2:   console.log
2:     [2022-07-05 21:43:11.673] [log] [info] duration 0.0218 ms
2: 
2:       at console.<anonymous> (node_modules/jest-mock/build/index.js:839:25)
2: 
2:   console.log
2:     [2022-07-05 21:43:11.675] [log] [info] DecoratorLogger N7jessica11LogDurationINS_20DecoratorEndMeyerhofINS_25MeyerhofShallowFoundationINS_17VerticalEccentricENS_15FoundationStripEEEEEEE
2: 
2:       at console.<anonymous> (node_modules/jest-mock/build/index.js:839:25)
2: 
2:   console.log
2:     [2022-07-05 21:43:11.677] [log] [info] duration 0.005801 ms
2: 
2:       at console.<anonymous> (node_modules/jest-mock/build/index.js:839:25)
2: 
2: PASS ./jessica.test.js
2:   âœ“ WarmUpJessica (42 ms)
2:   âœ“ VerticalEccentric (83 ms)
2:   âœ“ FoundationStrip (133 ms)
2:   âœ“ CalcMeyehof (171 ms)
2: 
2: Test Suites: 1 passed, 1 total
2: Tests:       4 passed, 4 total
2: Snapshots:   0 total
2: Time:        1.398 s
2: Ran all test suites.
2: npm verb lifecycle @~test: unsafe-perm in lifecycle true
2: npm verb lifecycle @~test: PATH: /opt/hostedtoolcache/node/14.19.3/x64/lib/node_modules/npm/node_modules/npm-lifecycle/node-gyp-bin:/home/runner/work/jessica/jessica/build/test/javascript/node_modules/.bin:/home/runner/work/jessica/jessica/emsdk/upstream/emscripten:/home/runner/work/jessica/jessica/emsdk:/opt/hostedtoolcache/node/14.19.3/x64/bin:/home/linuxbrew/.linuxbrew/bin:/home/linuxbrew/.linuxbrew/sbin:/home/runner/.local/bin:/opt/pipx_bin:/home/runner/.cargo/bin:/home/runner/.config/composer/vendor/bin:/usr/local/.ghcup/bin:/home/runner/.dotnet/tools:/snap/bin:/usr/local/sbin:/usr/local/bin:/usr/sbin:/usr/bin:/sbin:/bin:/usr/games:/usr/local/games:/snap/bin
2: npm verb lifecycle @~test: CWD: /home/runner/work/jessica/jessica/build/test/javascript
2: npm info lifecycle @~posttest: @
2: npm verb exit [ 0, true ]
2: npm timing npm Completed in 2326ms
2: npm info ok 
[HANDLER_OUTPUT] 
2/2 Test #2: NpmTest ..........................
   Passed    2.53 sec

100% tests passed, 0 tests failed out of 2

Total Test time (real) = 106.55 sec
