[HANDLER_VERBOSE_OUTPUT] 
UpdateCTestConfiguration  from :/home/runner/work/jessica/jessica/build/DartConfiguration.tcl

Parse Config file:/home/runner/work/jessica/jessica/build/DartConfiguration.tcl
UpdateCTestConfiguration  from :/home/runner/work/jessica/jessica/build/DartConfiguration.tcl
Parse Config file:/home/runner/work/jessica/jessica/build/DartConfiguration.tcl
[HANDLER_OUTPUT] 
Test project /home/runner/work/jessica/jessica/build

[HANDLER_VERBOSE_OUTPUT] 
Constructing a list of tests

Done constructing a list of tests
Updating test list for fixtures
Added 0 tests to meet fixture requirements
Checking test dependency graph...
Checking test dependency graph end
test 1
[HANDLER_OUTPUT] 
    Start 1: NpmAngular

[HANDLER_VERBOSE_OUTPUT] 

1: Test command: /opt/hostedtoolcache/node/14.18.1/x64/bin/npm "run" "test" "--verbose"

1: Test timeout computed to be: 1500
1: npm info it worked if it ends with ok
1: npm verb cli [
1: npm verb cli   '/opt/hostedtoolcache/node/14.18.1/x64/bin/node',
1: npm verb cli   '/opt/hostedtoolcache/node/14.18.1/x64/bin/npm',
1: npm verb cli   'run',
1: npm verb cli   'test',
1: npm verb cli   '--verbose'
1: npm verb cli ]
1: npm info using npm@6.14.15
1: npm info using node@v14.18.1
1: npm verb run-script [ 'pretest', 'test', 'posttest' ]
1: npm info lifecycle angular@0.0.0~pretest: angular@0.0.0
1: npm info lifecycle angular@0.0.0~test: angular@0.0.0
1: 
1: > angular@0.0.0 test /home/runner/work/jessica/jessica/src/angular
1: > ng test --no-watch --no-progress --browsers=ChromeHeadless
1: 
1: 
1: Compiling @angular/core : es2015 as esm2015
1: 
1: Compiling @angular/core/testing : es2015 as esm2015
1: 
1: Compiling @angular/common : es2015 as esm2015
1: 
1: Compiling @angular/platform-browser : es2015 as esm2015
1: 
1: Compiling @angular/platform-browser-dynamic : es2015 as esm2015
1: 
1: Compiling @angular/platform-browser/testing : es2015 as esm2015
1: 
1: Compiling @angular/compiler/testing : es2015 as esm2015
1: 
1: Compiling @angular/platform-browser-dynamic/testing : es2015 as esm2015
1: 
1: Compiling @angular/forms : es2015 as esm2015
1: 
1: Compiling @angular/common/http : es2015 as esm2015
1: 
1: Compiling @ngx-translate/core : es2015 as esm2015
1: 30 10 2021 06:38:43.964:INFO [karma-server]: Karma v6.3.6 server started at http://localhost:9876/
1: 30 10 2021 06:38:43.966:INFO [launcher]: Launching browsers ChromeHeadless with concurrency unlimited
1: 30 10 2021 06:38:43.970:INFO [launcher]: Starting browser ChromeHeadless
1: 30 10 2021 06:38:51.054:INFO [Chrome Headless 94.0.4606.81 (Linux x86_64)]: Connected on socket e_8c-3TJhUJwNCzxAAAB with id 16169359
1: Chrome Headless 94.0.4606.81 (Linux x86_64): Executed 0 of 4 SUCCESS (0 secs / 0 secs)
1: [1A[2KChrome Headless 94.0.4606.81 (Linux x86_64): Executed 1 of 4 SUCCESS (0 secs / 0.02 secs)
1: [1A[2KChrome Headless 94.0.4606.81 (Linux x86_64): Executed 2 of 4 SUCCESS (0 secs / 0.027 secs)
1: [1A[2KChrome Headless 94.0.4606.81 (Linux x86_64): Executed 3 of 4 SUCCESS (0 secs / 0.031 secs)
1: [1A[2KChrome Headless 94.0.4606.81 (Linux x86_64): Executed 4 of 4 SUCCESS (0 secs / 0.056 secs)
1: [1A[2KChrome Headless 94.0.4606.81 (Linux x86_64): Executed 4 of 4 SUCCESS (0.116 secs / 0.056 secs)
1: TOTAL: 4 SUCCESS
1: 
1: Compiling @angular/core : es2015 as esm2015
1: 
1: Compiling @angular/core/testing : es2015 as esm2015
1: 
1: Compiling @angular/common : es2015 as esm2015
1: 
1: Compiling @angular/platform-browser : es2015 as esm2015
1: 
1: Compiling @angular/platform-browser-dynamic : es2015 as esm2015
1: 
1: Compiling @angular/platform-browser/testing : es2015 as esm2015
1: 
1: Compiling @angular/compiler/testing : es2015 as esm2015
1: 
1: Compiling @angular/platform-browser-dynamic/testing : es2015 as esm2015
1: 
1: Compiling @angular/forms : es2015 as esm2015
1: 
1: Compiling @ngx-translate/core : es2015 as esm2015
1: 30 10 2021 06:39:07.025:INFO [karma-server]: Karma v6.3.6 server started at http://localhost:9876/
1: 30 10 2021 06:39:07.026:INFO [launcher]: Launching browsers ChromeHeadless with concurrency unlimited
1: 30 10 2021 06:39:07.034:INFO [launcher]: Starting browser ChromeHeadless
1: 30 10 2021 06:39:13.012:INFO [Chrome Headless 94.0.4606.81 (Linux x86_64)]: Connected on socket odbdpIZy5iYhxB7iAAAD with id 62882509
1: Chrome Headless 94.0.4606.81 (Linux x86_64): Executed 0 of 7 SUCCESS (0 secs / 0 secs)
1: [1A[2KChrome Headless 94.0.4606.81 (Linux x86_64): Executed 1 of 7 SUCCESS (0 secs / 0.06 secs)
1: [1A[2KChrome Headless 94.0.4606.81 (Linux x86_64): Executed 2 of 7 SUCCESS (0 secs / 0.081 secs)
1: [1A[2KChrome Headless 94.0.4606.81 (Linux x86_64): Executed 3 of 7 SUCCESS (0 secs / 0.093 secs)
1: [1A[2KChrome Headless 94.0.4606.81 (Linux x86_64): Executed 4 of 7 SUCCESS (0 secs / 0.097 secs)
1: [1A[2KChrome Headless 94.0.4606.81 (Linux x86_64): Executed 5 of 7 SUCCESS (0 secs / 0.102 secs)
1: [1A[2KChrome Headless 94.0.4606.81 (Linux x86_64): Executed 6 of 7 SUCCESS (0 secs / 0.107 secs)
1: [1A[2KChrome Headless 94.0.4606.81 (Linux x86_64): Executed 7 of 7 SUCCESS (0 secs / 0.119 secs)
1: [1A[2KChrome Headless 94.0.4606.81 (Linux x86_64): Executed 7 of 7 SUCCESS (0.167 secs / 0.119 secs)
1: TOTAL: 7 SUCCESS
1: Compiling @angular/core/testing : es2015 as esm2015
1: Compiling @angular/platform-browser/testing : es2015 as esm2015
1: Compiling @angular/compiler/testing : es2015 as esm2015
1: Compiling @angular/platform-browser-dynamic/testing : es2015 as esm2015
1: Compiling @angular/common/testing : es2015 as esm2015
1: Compiling @angular/router/testing : es2015 as esm2015
1: 30 10 2021 06:39:26.145:INFO [karma-server]: Karma v6.3.6 server started at http://localhost:9876/
1: 30 10 2021 06:39:26.146:INFO [launcher]: Launching browsers ChromeHeadless with concurrency unlimited
1: 30 10 2021 06:39:26.147:INFO [launcher]: Starting browser ChromeHeadless
1: 30 10 2021 06:39:33.425:INFO [Chrome Headless 94.0.4606.81 (Linux x86_64)]: Connected on socket n9cK_PXZ2FPJRfppAAAF with id 80241838
1: Chrome Headless 94.0.4606.81 (Linux x86_64): Executed 0 of 3 SUCCESS (0 secs / 0 secs)
1: [1A[2KChrome Headless 94.0.4606.81 (Linux x86_64): Executed 1 of 3 SUCCESS (0 secs / 0.074 secs)
1: [1A[2KChrome Headless 94.0.4606.81 (Linux x86_64): Executed 2 of 3 SUCCESS (0 secs / 0.144 secs)
1: [1A[2KChrome Headless 94.0.4606.81 (Linux x86_64): Executed 3 of 3 SUCCESS (0 secs / 0.157 secs)
1: [1A[2KChrome Headless 94.0.4606.81 (Linux x86_64): Executed 3 of 3 SUCCESS (0.175 secs / 0.157 secs)
1: TOTAL: 3 SUCCESS
1: npm verb lifecycle angular@0.0.0~test: unsafe-perm in lifecycle true
1: npm verb lifecycle angular@0.0.0~test: PATH: /opt/hostedtoolcache/node/14.18.1/x64/lib/node_modules/npm/node_modules/npm-lifecycle/node-gyp-bin:/home/runner/work/jessica/jessica/src/angular/node_modules/.bin:/home/runner/work/jessica/jessica/emsdk/upstream/emscripten:/home/runner/work/jessica/jessica/emsdk:/opt/hostedtoolcache/node/14.18.1/x64/bin:/home/linuxbrew/.linuxbrew/bin:/home/linuxbrew/.linuxbrew/sbin:/home/runner/.local/bin:/opt/pipx_bin:/usr/share/rust/.cargo/bin:/home/runner/.config/composer/vendor/bin:/usr/local/.ghcup/bin:/home/runner/.dotnet/tools:/snap/bin:/usr/local/sbin:/usr/local/bin:/usr/sbin:/usr/bin:/sbin:/bin:/usr/games:/usr/local/games:/snap/bin
1: npm verb lifecycle angular@0.0.0~test: CWD: /home/runner/work/jessica/jessica/src/angular
1: npm info lifecycle angular@0.0.0~posttest: angular@0.0.0
1: npm verb exit [ 0, true ]
1: npm timing npm Completed in 75197ms
1: npm info ok 
[HANDLER_OUTPUT] 
1/2 Test #1: NpmAngular .......................
   Passed   75.51 sec
[HANDLER_VERBOSE_OUTPUT] 
test 2

[HANDLER_OUTPUT] 
    Start 2: NpmTest

[HANDLER_VERBOSE_OUTPUT] 

2: Test command: /opt/hostedtoolcache/node/14.18.1/x64/bin/npm "run" "test" "--verbose"

2: Test timeout computed to be: 1500
2: npm info it worked if it ends with ok
2: npm verb cli [
2: npm verb cli   '/opt/hostedtoolcache/node/14.18.1/x64/bin/node',
2: npm verb cli   '/opt/hostedtoolcache/node/14.18.1/x64/bin/npm',
2: npm verb cli   'run',
2: npm verb cli   'test',
2: npm verb cli   '--verbose'
2: npm verb cli ]
2: npm info using npm@6.14.15
2: npm info using node@v14.18.1
2: npm verb run-script [ 'pretest', 'test', 'posttest' ]
2: npm info lifecycle @~pretest: @
2: npm info lifecycle @~test: @
2: 
2: > @ test /home/runner/work/jessica/jessica/build/test/javascript
2: > node --trace-warnings --unhandled-rejections=strict node_modules/.bin/jest
2: 
2:   console.log
2:     [2021-10-30 06:39:38.953] [log] [info] DecoratorLogger N7jessica11LogDurationINS_20DecoratorEndMeyerhofINS_25MeyerhofShallowFoundationINS_17VerticalEccentricENS_15FoundationStripEEEEEEE
2: 
2:       at console.<anonymous> (node_modules/jest-mock/build/index.js:850:25)
2: 
2:   console.log
2:     [2021-10-30 06:39:39.119] [log] [info] duration 0.026302 ms
2: 
2:       at console.<anonymous> (node_modules/jest-mock/build/index.js:850:25)
2: 
2:   console.log
2:     [2021-10-30 06:39:39.122] [log] [info] DecoratorLogger N7jessica11LogDurationINS_20DecoratorEndMeyerhofINS_25MeyerhofShallowFoundationINS_17VerticalEccentricENS_15FoundationStripEEEEEEE
2: 
2:       at console.<anonymous> (node_modules/jest-mock/build/index.js:850:25)
2: 
2:   console.log
2:     [2021-10-30 06:39:39.123] [log] [info] duration 0.007501 ms
2: 
2:       at console.<anonymous> (node_modules/jest-mock/build/index.js:850:25)
2: 
2: PASS ./jessica.test.js
2:   âœ“ WarmUpJessica (85 ms)
2:   âœ“ VerticalEccentric (72 ms)
2:   âœ“ FoundationStrip (39 ms)
2:   âœ“ CalcMeyehof (247 ms)
2: 
2: Test Suites: 1 passed, 1 total
2: Tests:       4 passed, 4 total
2: Snapshots:   0 total
2: Time:        1.48 s
2: Ran all test suites.
2: npm verb lifecycle @~test: unsafe-perm in lifecycle true
2: npm verb lifecycle @~test: PATH: /opt/hostedtoolcache/node/14.18.1/x64/lib/node_modules/npm/node_modules/npm-lifecycle/node-gyp-bin:/home/runner/work/jessica/jessica/build/test/javascript/node_modules/.bin:/home/runner/work/jessica/jessica/emsdk/upstream/emscripten:/home/runner/work/jessica/jessica/emsdk:/opt/hostedtoolcache/node/14.18.1/x64/bin:/home/linuxbrew/.linuxbrew/bin:/home/linuxbrew/.linuxbrew/sbin:/home/runner/.local/bin:/opt/pipx_bin:/usr/share/rust/.cargo/bin:/home/runner/.config/composer/vendor/bin:/usr/local/.ghcup/bin:/home/runner/.dotnet/tools:/snap/bin:/usr/local/sbin:/usr/local/bin:/usr/sbin:/usr/bin:/sbin:/bin:/usr/games:/usr/local/games:/snap/bin
2: npm verb lifecycle @~test: CWD: /home/runner/work/jessica/jessica/build/test/javascript
2: npm info lifecycle @~posttest: @
2: npm verb exit [ 0, true ]
2: npm timing npm Completed in 2343ms
2: npm info ok 
[HANDLER_OUTPUT] 
2/2 Test #2: NpmTest ..........................
   Passed    2.53 sec

100% tests passed, 0 tests failed out of 2

Total Test time (real) =  78.10 sec
