[HANDLER_VERBOSE_OUTPUT] 
UpdateCTestConfiguration  from :/home/runner/work/jessica/jessica/build/DartConfiguration.tcl

Parse Config file:/home/runner/work/jessica/jessica/build/DartConfiguration.tcl
UpdateCTestConfiguration  from :/home/runner/work/jessica/jessica/build/DartConfiguration.tcl
Parse Config file:/home/runner/work/jessica/jessica/build/DartConfiguration.tcl
[HANDLER_OUTPUT] 
Test project /home/runner/work/jessica/jessica/build

[HANDLER_VERBOSE_OUTPUT] 
Constructing a list of tests

Done constructing a list of tests
Updating test list for fixtures
Added 0 tests to meet fixture requirements
Checking test dependency graph...
Checking test dependency graph end
test 1
[HANDLER_OUTPUT] 
    Start 1: NpmAngular

[HANDLER_VERBOSE_OUTPUT] 

1: Test command: /opt/hostedtoolcache/node/14.18.1/x64/bin/npm "run" "test" "--verbose"

1: Test timeout computed to be: 1500
1: npm info it worked if it ends with ok
1: npm verb cli [
1: npm verb cli   '/opt/hostedtoolcache/node/14.18.1/x64/bin/node',
1: npm verb cli   '/opt/hostedtoolcache/node/14.18.1/x64/bin/npm',
1: npm verb cli   'run',
1: npm verb cli   'test',
1: npm verb cli   '--verbose'
1: npm verb cli ]
1: npm info using npm@6.14.15
1: npm info using node@v14.18.1
1: npm verb run-script [ 'pretest', 'test', 'posttest' ]
1: npm info lifecycle angular@0.0.0~pretest: angular@0.0.0
1: npm info lifecycle angular@0.0.0~test: angular@0.0.0
1: 
1: > angular@0.0.0 test /home/runner/work/jessica/jessica/src/angular
1: > ng test --no-watch --no-progress --browsers=ChromeHeadless
1: 
1: 
1: Compiling @angular/core : es2015 as esm2015
1: 
1: Compiling @angular/core/testing : es2015 as esm2015
1: 
1: Compiling @angular/common : es2015 as esm2015
1: 
1: Compiling @angular/platform-browser : es2015 as esm2015
1: 
1: Compiling @angular/platform-browser-dynamic : es2015 as esm2015
1: 
1: Compiling @angular/platform-browser/testing : es2015 as esm2015
1: 
1: Compiling @angular/compiler/testing : es2015 as esm2015
1: 
1: Compiling @angular/platform-browser-dynamic/testing : es2015 as esm2015
1: 
1: Compiling @angular/forms : es2015 as esm2015
1: 
1: Compiling @angular/common/http : es2015 as esm2015
1: 
1: Compiling @ngx-translate/core : es2015 as esm2015
1: 14 11 2021 01:17:36.276:INFO [karma-server]: Karma v6.3.6 server started at http://localhost:9876/
1: 14 11 2021 01:17:36.278:INFO [launcher]: Launching browsers ChromeHeadless with concurrency unlimited
1: 14 11 2021 01:17:36.282:INFO [launcher]: Starting browser ChromeHeadless
1: 14 11 2021 01:17:42.517:INFO [Chrome Headless 95.0.4638.69 (Linux x86_64)]: Connected on socket _OJy56SVxl-irHZqAAAB with id 6698549
1: Chrome Headless 95.0.4638.69 (Linux x86_64): Executed 0 of 4 SUCCESS (0 secs / 0 secs)
1: [1A[2KChrome Headless 95.0.4638.69 (Linux x86_64): Executed 1 of 4 SUCCESS (0 secs / 0.04 secs)
1: [1A[2KChrome Headless 95.0.4638.69 (Linux x86_64): Executed 2 of 4 SUCCESS (0 secs / 0.046 secs)
1: [1A[2KChrome Headless 95.0.4638.69 (Linux x86_64): Executed 3 of 4 SUCCESS (0 secs / 0.052 secs)
1: [1A[2KChrome Headless 95.0.4638.69 (Linux x86_64): Executed 4 of 4 SUCCESS (0 secs / 0.057 secs)
1: [1A[2KChrome Headless 95.0.4638.69 (Linux x86_64): Executed 4 of 4 SUCCESS (0.088 secs / 0.057 secs)
1: TOTAL: 4 SUCCESS
1: 
1: Compiling @angular/core : es2015 as esm2015
1: 
1: Compiling @angular/core/testing : es2015 as esm2015
1: 
1: Compiling @angular/common : es2015 as esm2015
1: 
1: Compiling @angular/platform-browser : es2015 as esm2015
1: 
1: Compiling @angular/platform-browser-dynamic : es2015 as esm2015
1: 
1: Compiling @angular/platform-browser/testing : es2015 as esm2015
1: 
1: Compiling @angular/compiler/testing : es2015 as esm2015
1: 
1: Compiling @angular/platform-browser-dynamic/testing : es2015 as esm2015
1: 
1: Compiling @angular/forms : es2015 as esm2015
1: 
1: Compiling @ngx-translate/core : es2015 as esm2015
1: 14 11 2021 01:17:58.396:INFO [karma-server]: Karma v6.3.6 server started at http://localhost:9876/
1: 14 11 2021 01:17:58.397:INFO [launcher]: Launching browsers ChromeHeadless with concurrency unlimited
1: 14 11 2021 01:17:58.400:INFO [launcher]: Starting browser ChromeHeadless
1: 14 11 2021 01:18:04.888:INFO [Chrome Headless 95.0.4638.69 (Linux x86_64)]: Connected on socket j3X2LJDy4nUP9TrlAAAD with id 58436917
1: Chrome Headless 95.0.4638.69 (Linux x86_64): Executed 0 of 7 SUCCESS (0 secs / 0 secs)
1: [1A[2KChrome Headless 95.0.4638.69 (Linux x86_64): Executed 1 of 7 SUCCESS (0 secs / 0.056 secs)
1: [1A[2KChrome Headless 95.0.4638.69 (Linux x86_64): Executed 2 of 7 SUCCESS (0 secs / 0.073 secs)
1: [1A[2KChrome Headless 95.0.4638.69 (Linux x86_64): Executed 3 of 7 SUCCESS (0 secs / 0.081 secs)
1: [1A[2KChrome Headless 95.0.4638.69 (Linux x86_64): Executed 4 of 7 SUCCESS (0 secs / 0.086 secs)
1: [1A[2KChrome Headless 95.0.4638.69 (Linux x86_64): Executed 5 of 7 SUCCESS (0 secs / 0.091 secs)
1: [1A[2KChrome Headless 95.0.4638.69 (Linux x86_64): Executed 6 of 7 SUCCESS (0 secs / 0.104 secs)
1: [1A[2KChrome Headless 95.0.4638.69 (Linux x86_64): Executed 7 of 7 SUCCESS (0 secs / 0.125 secs)
1: [1A[2KChrome Headless 95.0.4638.69 (Linux x86_64): Executed 7 of 7 SUCCESS (0.196 secs / 0.125 secs)
1: TOTAL: 7 SUCCESS
1: Compiling @angular/core/testing : es2015 as esm2015
1: Compiling @angular/platform-browser/testing : es2015 as esm2015
1: Compiling @angular/compiler/testing : es2015 as esm2015
1: Compiling @angular/platform-browser-dynamic/testing : es2015 as esm2015
1: Compiling @angular/common/testing : es2015 as esm2015
1: Compiling @angular/router/testing : es2015 as esm2015
1: 14 11 2021 01:18:18.793:INFO [karma-server]: Karma v6.3.6 server started at http://localhost:9876/
1: 14 11 2021 01:18:18.793:INFO [launcher]: Launching browsers ChromeHeadless with concurrency unlimited
1: 14 11 2021 01:18:18.795:INFO [launcher]: Starting browser ChromeHeadless
1: 14 11 2021 01:18:26.055:INFO [Chrome Headless 95.0.4638.69 (Linux x86_64)]: Connected on socket RErha7ia1kvUazNoAAAF with id 93376856
1: Chrome Headless 95.0.4638.69 (Linux x86_64): Executed 0 of 3 SUCCESS (0 secs / 0 secs)
1: [1A[2KChrome Headless 95.0.4638.69 (Linux x86_64): Executed 1 of 3 SUCCESS (0 secs / 0.067 secs)
1: [1A[2KChrome Headless 95.0.4638.69 (Linux x86_64): Executed 2 of 3 SUCCESS (0 secs / 0.138 secs)
1: [1A[2KChrome Headless 95.0.4638.69 (Linux x86_64): Executed 3 of 3 SUCCESS (0 secs / 0.148 secs)
1: [1A[2KChrome Headless 95.0.4638.69 (Linux x86_64): Executed 3 of 3 SUCCESS (0.169 secs / 0.148 secs)
1: TOTAL: 3 SUCCESS
1: npm verb lifecycle angular@0.0.0~test: unsafe-perm in lifecycle true
1: npm verb lifecycle angular@0.0.0~test: PATH: /opt/hostedtoolcache/node/14.18.1/x64/lib/node_modules/npm/node_modules/npm-lifecycle/node-gyp-bin:/home/runner/work/jessica/jessica/src/angular/node_modules/.bin:/home/runner/work/jessica/jessica/emsdk/upstream/emscripten:/home/runner/work/jessica/jessica/emsdk:/opt/hostedtoolcache/node/14.18.1/x64/bin:/home/linuxbrew/.linuxbrew/bin:/home/linuxbrew/.linuxbrew/sbin:/home/runner/.local/bin:/opt/pipx_bin:/usr/share/rust/.cargo/bin:/home/runner/.config/composer/vendor/bin:/usr/local/.ghcup/bin:/home/runner/.dotnet/tools:/snap/bin:/usr/local/sbin:/usr/local/bin:/usr/sbin:/usr/bin:/sbin:/bin:/usr/games:/usr/local/games:/snap/bin
1: npm verb lifecycle angular@0.0.0~test: CWD: /home/runner/work/jessica/jessica/src/angular
1: npm info lifecycle angular@0.0.0~posttest: angular@0.0.0
1: npm verb exit [ 0, true ]
1: npm timing npm Completed in 76816ms
1: npm info ok 
[HANDLER_OUTPUT] 
1/2 Test #1: NpmAngular .......................
   Passed   77.13 sec
[HANDLER_VERBOSE_OUTPUT] 
test 2

[HANDLER_OUTPUT] 
    Start 2: NpmTest

[HANDLER_VERBOSE_OUTPUT] 

2: Test command: /opt/hostedtoolcache/node/14.18.1/x64/bin/npm "run" "test" "--verbose"

2: Test timeout computed to be: 1500
2: npm info it worked if it ends with ok
2: npm verb cli [
2: npm verb cli   '/opt/hostedtoolcache/node/14.18.1/x64/bin/node',
2: npm verb cli   '/opt/hostedtoolcache/node/14.18.1/x64/bin/npm',
2: npm verb cli   'run',
2: npm verb cli   'test',
2: npm verb cli   '--verbose'
2: npm verb cli ]
2: npm info using npm@6.14.15
2: npm info using node@v14.18.1
2: npm verb run-script [ 'pretest', 'test', 'posttest' ]
2: npm info lifecycle @~pretest: @
2: npm info lifecycle @~test: @
2: 
2: > @ test /home/runner/work/jessica/jessica/build/test/javascript
2: > node --trace-warnings --unhandled-rejections=strict node_modules/.bin/jest
2: 
2:   console.log
2:     [2021-11-14 01:18:31.517] [log] [info] DecoratorLogger N7jessica11LogDurationINS_20DecoratorEndMeyerhofINS_25MeyerhofShallowFoundationINS_17VerticalEccentricENS_15FoundationStripEEEEEEE
2: 
2:       at console.<anonymous> (node_modules/jest-mock/build/index.js:850:25)
2: 
2:   console.log
2:     [2021-11-14 01:18:31.695] [log] [info] duration 0.018401 ms
2: 
2:       at console.<anonymous> (node_modules/jest-mock/build/index.js:850:25)
2: 
2:   console.log
2:     [2021-11-14 01:18:31.697] [log] [info] DecoratorLogger N7jessica11LogDurationINS_20DecoratorEndMeyerhofINS_25MeyerhofShallowFoundationINS_17VerticalEccentricENS_15FoundationStripEEEEEEE
2: 
2:       at console.<anonymous> (node_modules/jest-mock/build/index.js:850:25)
2: 
2:   console.log
2:     [2021-11-14 01:18:31.699] [log] [info] duration 0.0079 ms
2: 
2:       at console.<anonymous> (node_modules/jest-mock/build/index.js:850:25)
2: 
2: PASS ./jessica.test.js
2:   âœ“ WarmUpJessica (76 ms)
2:   âœ“ VerticalEccentric (71 ms)
2:   âœ“ FoundationStrip (53 ms)
2:   âœ“ CalcMeyehof (243 ms)
2: 
2: Test Suites: 1 passed, 1 total
2: Tests:       4 passed, 4 total
2: Snapshots:   0 total
2: Time:        1.519 s
2: Ran all test suites.
2: npm verb lifecycle @~test: unsafe-perm in lifecycle true
2: npm verb lifecycle @~test: PATH: /opt/hostedtoolcache/node/14.18.1/x64/lib/node_modules/npm/node_modules/npm-lifecycle/node-gyp-bin:/home/runner/work/jessica/jessica/build/test/javascript/node_modules/.bin:/home/runner/work/jessica/jessica/emsdk/upstream/emscripten:/home/runner/work/jessica/jessica/emsdk:/opt/hostedtoolcache/node/14.18.1/x64/bin:/home/linuxbrew/.linuxbrew/bin:/home/linuxbrew/.linuxbrew/sbin:/home/runner/.local/bin:/opt/pipx_bin:/usr/share/rust/.cargo/bin:/home/runner/.config/composer/vendor/bin:/usr/local/.ghcup/bin:/home/runner/.dotnet/tools:/snap/bin:/usr/local/sbin:/usr/local/bin:/usr/sbin:/usr/bin:/sbin:/bin:/usr/games:/usr/local/games:/snap/bin
2: npm verb lifecycle @~test: CWD: /home/runner/work/jessica/jessica/build/test/javascript
2: npm info lifecycle @~posttest: @
2: npm verb exit [ 0, true ]
2: npm timing npm Completed in 2377ms
2: npm info ok 
[HANDLER_OUTPUT] 
2/2 Test #2: NpmTest ..........................
   Passed    2.55 sec

100% tests passed, 0 tests failed out of 2

Total Test time (real) =  79.84 sec
