[HANDLER_VERBOSE_OUTPUT] 
UpdateCTestConfiguration  from :/home/runner/work/jessica/jessica/build/DartConfiguration.tcl

Parse Config file:/home/runner/work/jessica/jessica/build/DartConfiguration.tcl
UpdateCTestConfiguration  from :/home/runner/work/jessica/jessica/build/DartConfiguration.tcl
Parse Config file:/home/runner/work/jessica/jessica/build/DartConfiguration.tcl
[HANDLER_OUTPUT] 
Test project /home/runner/work/jessica/jessica/build

[HANDLER_VERBOSE_OUTPUT] 
Constructing a list of tests

Done constructing a list of tests
Updating test list for fixtures
Added 0 tests to meet fixture requirements
Checking test dependency graph...
Checking test dependency graph end
test 1
[HANDLER_OUTPUT] 
    Start 1: NpmAngular

[HANDLER_VERBOSE_OUTPUT] 

1: Test command: /opt/hostedtoolcache/node/14.18.0/x64/bin/npm "run" "test" "--verbose"

1: Test timeout computed to be: 1500
1: npm verb cli [
1: npm verb cli   '/opt/hostedtoolcache/node/14.18.0/x64/bin/node',
1: npm verb cli   '/opt/hostedtoolcache/node/14.18.0/x64/bin/npm',
1: npm verb cli   'run',
1: npm verb cli   'test',
1: npm verb cli   '--verbose'
1: npm verb cli ]
1: npm info using npm@7.24.1
1: npm info using node@v14.18.0
1: npm timing npm:load:whichnode Completed in 0ms
1: npm timing config:load:defaults Completed in 2ms
1: npm timing config:load:file:/opt/hostedtoolcache/node/14.18.0/x64/lib/node_modules/npm/npmrc Completed in 3ms
1: npm timing config:load:builtin Completed in 4ms
1: npm timing config:load:cli Completed in 1ms
1: npm timing config:load:env Completed in 1ms
1: npm timing config:load:file:/home/runner/work/jessica/jessica/src/angular/.npmrc Completed in 4ms
1: npm timing config:load:project Completed in 5ms
1: npm timing config:load:file:/home/runner/.npmrc Completed in 3ms
1: npm timing config:load:user Completed in 3ms
1: npm timing config:load:file:/opt/hostedtoolcache/node/14.18.0/x64/etc/npmrc Completed in 0ms
1: npm timing config:load:global Completed in 0ms
1: npm timing config:load:validate Completed in 0ms
1: npm timing config:load:credentials Completed in 1ms
1: npm timing config:load:setEnvs Completed in 1ms
1: npm timing config:load Completed in 18ms
1: npm timing npm:load:configload Completed in 18ms
1: npm timing npm:load:setTitle Completed in 0ms
1: npm timing npm:load:setupLog Completed in 1ms
1: npm timing config:load:flatten Completed in 2ms
1: npm timing npm:load:cleanupLog Completed in 2ms
1: npm timing npm:load:configScope Completed in 0ms
1: npm timing npm:load:projectScope Completed in 0ms
1: npm timing npm:load Completed in 25ms
1: 
1: > angular@0.0.0 test
1: > ng test --no-watch --no-progress --browsers=ChromeHeadless
1: 
1: Compiling @angular/core/testing : es2015 as esm2015
1: Compiling @angular/platform-browser/testing : es2015 as esm2015
1: Compiling @angular/compiler/testing : es2015 as esm2015
1: Compiling @angular/platform-browser-dynamic/testing : es2015 as esm2015
1: 01 10 2021 20:57:32.635:INFO [karma-server]: Karma v6.3.4 server started at http://localhost:9876/
1: 01 10 2021 20:57:32.638:INFO [launcher]: Launching browsers ChromeHeadless with concurrency unlimited
1: 01 10 2021 20:57:32.641:INFO [launcher]: Starting browser ChromeHeadless
1: 01 10 2021 20:57:37.347:INFO [Chrome Headless 94.0.4606.61 (Linux x86_64)]: Connected on socket GflWIvxnEMAO9cYNAAAB with id 76527609
1: Chrome Headless 94.0.4606.61 (Linux x86_64): Executed 0 of 4 SUCCESS (0 secs / 0 secs)
1: [1A[2KChrome Headless 94.0.4606.61 (Linux x86_64): Executed 1 of 4 SUCCESS (0 secs / 0.013 secs)
1: [1A[2KChrome Headless 94.0.4606.61 (Linux x86_64): Executed 2 of 4 SUCCESS (0 secs / 0.018 secs)
1: [1A[2KChrome Headless 94.0.4606.61 (Linux x86_64): Executed 3 of 4 SUCCESS (0 secs / 0.022 secs)
1: [1A[2KChrome Headless 94.0.4606.61 (Linux x86_64): Executed 4 of 4 SUCCESS (0 secs / 0.041 secs)
1: [1A[2KChrome Headless 94.0.4606.61 (Linux x86_64): Executed 4 of 4 SUCCESS (0.063 secs / 0.041 secs)
1: TOTAL: 4 SUCCESS
1: 01 10 2021 20:57:43.382:INFO [karma-server]: Karma v6.3.4 server started at http://localhost:9876/
1: 01 10 2021 20:57:43.383:INFO [launcher]: Launching browsers ChromeHeadless with concurrency unlimited
1: 01 10 2021 20:57:43.385:INFO [launcher]: Starting browser ChromeHeadless
1: 01 10 2021 20:57:48.992:INFO [Chrome Headless 94.0.4606.61 (Linux x86_64)]: Connected on socket nBY0fYm6v74dRSzBAAAD with id 4657078
1: Chrome Headless 94.0.4606.61 (Linux x86_64): Executed 0 of 7 SUCCESS (0 secs / 0 secs)
1: [1A[2KChrome Headless 94.0.4606.61 (Linux x86_64): Executed 1 of 7 SUCCESS (0 secs / 0.05 secs)
1: [1A[2KChrome Headless 94.0.4606.61 (Linux x86_64): Executed 2 of 7 SUCCESS (0 secs / 0.062 secs)
1: [1A[2KChrome Headless 94.0.4606.61 (Linux x86_64): Executed 3 of 7 SUCCESS (0 secs / 0.071 secs)
1: [1A[2KChrome Headless 94.0.4606.61 (Linux x86_64): Executed 4 of 7 SUCCESS (0 secs / 0.076 secs)
1: [1A[2KChrome Headless 94.0.4606.61 (Linux x86_64): Executed 5 of 7 SUCCESS (0 secs / 0.084 secs)
1: [1A[2KChrome Headless 94.0.4606.61 (Linux x86_64): Executed 6 of 7 SUCCESS (0 secs / 0.1 secs)
1: [1A[2KChrome Headless 94.0.4606.61 (Linux x86_64): Executed 7 of 7 SUCCESS (0 secs / 0.103 secs)
1: [1A[2KChrome Headless 94.0.4606.61 (Linux x86_64): Executed 7 of 7 SUCCESS (0.152 secs / 0.103 secs)
1: TOTAL: 7 SUCCESS
1: 01 10 2021 20:57:50.954:WARN [proxy]: failed to proxy /base/assets/jessica-web.wasm (socket hang up)
1: Compiling @angular/common/testing : es2015 as esm2015
1: Compiling @angular/router/testing : es2015 as esm2015
1: 01 10 2021 20:57:57.175:INFO [karma-server]: Karma v6.3.4 server started at http://localhost:9876/
1: 01 10 2021 20:57:57.176:INFO [launcher]: Launching browsers ChromeHeadless with concurrency unlimited
1: 01 10 2021 20:57:57.177:INFO [launcher]: Starting browser ChromeHeadless
1: 01 10 2021 20:58:01.565:INFO [Chrome Headless 94.0.4606.61 (Linux x86_64)]: Connected on socket IhWckrEH5t_7_H5sAAAF with id 14196608
1: Chrome Headless 94.0.4606.61 (Linux x86_64): Executed 0 of 3 SUCCESS (0 secs / 0 secs)
1: [1A[2KChrome Headless 94.0.4606.61 (Linux x86_64): Executed 1 of 3 SUCCESS (0 secs / 0.052 secs)
1: [1A[2KChrome Headless 94.0.4606.61 (Linux x86_64): Executed 2 of 3 SUCCESS (0 secs / 0.088 secs)
1: [1A[2KChrome Headless 94.0.4606.61 (Linux x86_64): Executed 3 of 3 SUCCESS (0 secs / 0.109 secs)
1: [1A[2KChrome Headless 94.0.4606.61 (Linux x86_64): Executed 3 of 3 SUCCESS (0.137 secs / 0.109 secs)
1: TOTAL: 3 SUCCESS
1: npm timing command:run-script Completed in 44147ms
1: npm verb exit 0
1: npm timing npm Completed in 44362ms
1: npm info ok 
[HANDLER_OUTPUT] 
1/2 Test #1: NpmAngular .......................
   Passed   44.54 sec
[HANDLER_VERBOSE_OUTPUT] 
test 2

[HANDLER_OUTPUT] 
    Start 2: NpmTest

[HANDLER_VERBOSE_OUTPUT] 

2: Test command: /opt/hostedtoolcache/node/14.18.0/x64/bin/npm "run" "test" "--verbose"

2: Test timeout computed to be: 1500
2: npm verb cli [
2: npm verb cli   '/opt/hostedtoolcache/node/14.18.0/x64/bin/node',
2: npm verb cli   '/opt/hostedtoolcache/node/14.18.0/x64/bin/npm',
2: npm verb cli   'run',
2: npm verb cli   'test',
2: npm verb cli   '--verbose'
2: npm verb cli ]
2: npm info using npm@7.24.1
2: npm info using node@v14.18.0
2: npm timing npm:load:whichnode Completed in 0ms
2: npm timing config:load:defaults Completed in 1ms
2: npm timing config:load:file:/opt/hostedtoolcache/node/14.18.0/x64/lib/node_modules/npm/npmrc Completed in 3ms
2: npm timing config:load:builtin Completed in 3ms
2: npm timing config:load:cli Completed in 2ms
2: npm timing config:load:env Completed in 0ms
2: npm timing config:load:file:/home/runner/work/jessica/jessica/build/test/javascript/.npmrc Completed in 1ms
2: npm timing config:load:project Completed in 3ms
2: npm timing config:load:file:/home/runner/.npmrc Completed in 5ms
2: npm timing config:load:user Completed in 6ms
2: npm timing config:load:file:/opt/hostedtoolcache/node/14.18.0/x64/etc/npmrc Completed in 1ms
2: npm timing config:load:global Completed in 1ms
2: npm timing config:load:validate Completed in 1ms
2: npm timing config:load:credentials Completed in 0ms
2: npm timing config:load:setEnvs Completed in 1ms
2: npm timing config:load Completed in 19ms
2: npm timing npm:load:configload Completed in 19ms
2: npm timing npm:load:setTitle Completed in 0ms
2: npm timing npm:load:setupLog Completed in 1ms
2: npm timing config:load:flatten Completed in 2ms
2: npm timing npm:load:cleanupLog Completed in 2ms
2: npm timing npm:load:configScope Completed in 0ms
2: npm timing npm:load:projectScope Completed in 0ms
2: npm timing npm:load Completed in 32ms
2: 
2: > test
2: > node --trace-warnings --unhandled-rejections=strict node_modules/.bin/jest
2: 
2: PASS ./jessica.test.js
2:   âœ“ WarmUpJessica (220 ms)
2:   âœ“ VerticalEccentric (79 ms)
2:   âœ“ FoundationStrip (82 ms)
2:   âœ“ CalcMeyehof (360 ms)
2: 
2:   console.log
2:     [2021-10-01 20:58:06.906] [log] [info] DecoratorLogger N7jessica11LogDurationINS_12DecoratorEndINS_25MeyerhofShallowFoundationINS_17VerticalEccentricENS_15FoundationStripEEEEEEE
2: 
2:       at console.<anonymous> (node_modules/jest-mock/build/index.js:850:25)
2: 
2:   console.log
2:     [2021-10-01 20:58:07.198] [log] [info] duration 0.0136 ms
2: 
2:       at console.<anonymous> (node_modules/jest-mock/build/index.js:850:25)
2: 
2:   console.log
2:     [2021-10-01 20:58:07.200] [log] [info] DecoratorLogger N7jessica11LogDurationINS_12DecoratorEndINS_25MeyerhofShallowFoundationINS_17VerticalEccentricENS_15FoundationStripEEEEEEE
2: 
2:       at console.<anonymous> (node_modules/jest-mock/build/index.js:850:25)
2: 
2:   console.log
2:     [2021-10-01 20:58:07.201] [log] [info] duration 0.007501 ms
2: 
2:       at console.<anonymous> (node_modules/jest-mock/build/index.js:850:25)
2: 
2: Test Suites: 1 passed, 1 total
2: Tests:       4 passed, 4 total
2: Snapshots:   0 total
2: Time:        2.048 s
2: Ran all test suites.
2: npm timing command:run-script Completed in 2694ms
2: npm verb exit 0
2: npm timing npm Completed in 2849ms
2: npm info ok 
[HANDLER_OUTPUT] 
2/2 Test #2: NpmTest ..........................
   Passed    2.97 sec

100% tests passed, 0 tests failed out of 2

Total Test time (real) =  47.60 sec
