[HANDLER_VERBOSE_OUTPUT] 
UpdateCTestConfiguration  from :D:/a/jessica/jessica/build/DartConfiguration.tcl

Parse Config file:D:/a/jessica/jessica/build/DartConfiguration.tcl
UpdateCTestConfiguration  from :D:/a/jessica/jessica/build/DartConfiguration.tcl
Parse Config file:D:/a/jessica/jessica/build/DartConfiguration.tcl
[HANDLER_OUTPUT] 
Test project D:/a/jessica/jessica/build

[HANDLER_VERBOSE_OUTPUT] 
Constructing a list of tests

Done constructing a list of tests
Updating test list for fixtures
Added 0 tests to meet fixture requirements
Checking test dependency graph...
Checking test dependency graph end
test 1
[HANDLER_OUTPUT] 
    Start 1: TestCalcMeyerhof

[HANDLER_VERBOSE_OUTPUT] 

1: Test command: D:\a\jessica\jessica\build\test\backend\calc\geotechnical\Debug\test_calc_meyerhof.exe

1: Test timeout computed to be: 1500
1: [==========] Running 4 tests from 1 test suite.
1: [----------] Global test environment set-up.
1: [----------] 4 tests from data
1: [ RUN      ] data.CalcMeyehof
1: [       OK ] data.CalcMeyehof (29 ms)
1: [ RUN      ] data.CalcMeyehofAllDecorator
1: [2021-08-19 19:08:04.362] [log] [info] DecoratorLogger class jessica::LogDuration<class jessica::DecoratorEnd<class jessica::FoundationStrip> >
1: [2021-08-19 19:08:04.390] [log] [info] duration 0.0035 ms
1: [2021-08-19 19:08:04.390] [log] [info] DecoratorLogger class jessica::LogDuration<class jessica::DecoratorEnd<class jessica::VerticalEccentric> >
1: [2021-08-19 19:08:04.390] [log] [info] duration 0.0019 ms
1: [2021-08-19 19:08:04.390] [log] [info] DecoratorLogger class jessica::LogDuration<class jessica::DecoratorEnd<class jessica::VerticalEccentric> >
1: [2021-08-19 19:08:04.390] [log] [info] duration 0.0011 ms
1: [2021-08-19 19:08:04.390] [log] [info] DecoratorLogger class jessica::LogDuration<class jessica::DecoratorEnd<class jessica::MeyerhofShallowFoundation<class jessica::DecoratorStart<class jessica::LogCall<class jessica::LogDuration<class jessica::DecoratorEnd<class jessica::VerticalEccentric> > > >,class jessica::DecoratorStart<class jessica::LogCall<class jessica::LogDuration<class jessica::DecoratorEnd<class jessica::FoundationStrip> > > > > > >
1: [2021-08-19 19:08:04.390] [log] [info] DecoratorLogger class jessica::LogDuration<class jessica::DecoratorEnd<class jessica::FoundationStrip> >
1: [2021-08-19 19:08:04.390] [log] [info] duration 0.0004 ms
1: [2021-08-19 19:08:04.391] [log] [info] DecoratorLogger class jessica::LogDuration<class jessica::DecoratorEnd<class jessica::VerticalEccentric> >
1: [2021-08-19 19:08:04.391] [log] [info] duration 0.0002 ms
1: [2021-08-19 19:08:04.391] [log] [info] duration 0.0681 ms
1: [2021-08-19 19:08:04.391] [log] [info] DecoratorLogger class jessica::LogDuration<class jessica::DecoratorEnd<class jessica::MeyerhofShallowFoundation<class jessica::DecoratorStart<class jessica::LogCall<class jessica::LogDuration<class jessica::DecoratorEnd<class jessica::VerticalEccentric> > > >,class jessica::DecoratorStart<class jessica::LogCall<class jessica::LogDuration<class jessica::DecoratorEnd<class jessica::FoundationStrip> > > > > > >
1: [2021-08-19 19:08:04.391] [log] [info] DecoratorLogger class jessica::LogDuration<class jessica::DecoratorEnd<class jessica::VerticalEccentric> >
1: [2021-08-19 19:08:04.391] [log] [info] duration 0.0002 ms
1: [2021-08-19 19:08:04.391] [log] [info] DecoratorLogger class jessica::LogDuration<class jessica::DecoratorEnd<class jessica::FoundationStrip> >
1: [2021-08-19 19:08:04.391] [log] [info] duration 0.0001 ms
1: [2021-08-19 19:08:04.391] [log] [info] DecoratorLogger class jessica::LogDuration<class jessica::DecoratorEnd<class jessica::VerticalEccentric> >
1: [2021-08-19 19:08:04.391] [log] [info] duration 0.0001 ms
1: [2021-08-19 19:08:04.391] [log] [info] duration 0.0904 ms
1: [2021-08-19 19:08:04.391] [log] [info] DecoratorLogger class jessica::LogDuration<class jessica::DecoratorEnd<class jessica::VerticalEccentric> >
1: [2021-08-19 19:08:04.391] [log] [info] duration 0.0013 ms
1: [2021-08-19 19:08:04.391] [log] [info] DecoratorLogger class jessica::LogDuration<class jessica::DecoratorEnd<class jessica::MeyerhofShallowFoundation<class jessica::DecoratorStart<class jessica::LogCall<class jessica::LogDuration<class jessica::DecoratorEnd<class jessica::VerticalEccentric> > > >,class jessica::DecoratorStart<class jessica::LogCall<class jessica::LogDuration<class jessica::DecoratorEnd<class jessica::FoundationStrip> > > > > > >
1: [2021-08-19 19:08:04.391] [log] [info] DecoratorLogger class jessica::LogDuration<class jessica::DecoratorEnd<class jessica::FoundationStrip> >
1: [2021-08-19 19:08:04.391] [log] [info] duration 0.0001 ms
1: [2021-08-19 19:08:04.391] [log] [info] DecoratorLogger class jessica::LogDuration<class jessica::DecoratorEnd<class jessica::VerticalEccentric> >
1: [2021-08-19 19:08:04.391] [log] [info] duration 0.0001 ms
1: [2021-08-19 19:08:04.391] [log] [info] duration 0.0586 ms
1: [2021-08-19 19:08:04.391] [log] [info] DecoratorLogger class jessica::LogDuration<class jessica::DecoratorEnd<class jessica::MeyerhofShallowFoundation<class jessica::DecoratorStart<class jessica::LogCall<class jessica::LogDuration<class jessica::DecoratorEnd<class jessica::VerticalEccentric> > > >,class jessica::DecoratorStart<class jessica::LogCall<class jessica::LogDuration<class jessica::DecoratorEnd<class jessica::FoundationStrip> > > > > > >
1: [2021-08-19 19:08:04.391] [log] [info] DecoratorLogger class jessica::LogDuration<class jessica::DecoratorEnd<class jessica::VerticalEccentric> >
1: [2021-08-19 19:08:04.391] [log] [info] duration 0.0002 ms
1: [2021-08-19 19:08:04.391] [log] [info] DecoratorLogger class jessica::LogDuration<class jessica::DecoratorEnd<class jessica::FoundationStrip> >
1: [2021-08-19 19:08:04.391] [log] [info] duration 0.0001 ms
1: [2021-08-19 19:08:04.391] [log] [info] DecoratorLogger class jessica::LogDuration<class jessica::DecoratorEnd<class jessica::VerticalEccentric> >
1: [2021-08-19 19:08:04.391] [log] [info] duration 0.0002 ms
1: [2021-08-19 19:08:04.391] [log] [info] duration 0.0834 ms
1: [2021-08-19 19:08:04.391] [log] [info] DecoratorLogger class jessica::LogDuration<class jessica::DecoratorEnd<class jessica::MeyerhofShallowFoundation<class jessica::DecoratorStart<class jessica::LogCall<class jessica::LogDuration<class jessica::DecoratorEnd<class jessica::VerticalEccentric> > > >,class jessica::DecoratorStart<class jessica::LogCall<class jessica::LogDuration<class jessica::DecoratorEnd<class jessica::FoundationStrip> > > > > > >
1: [2021-08-19 19:08:04.391] [log] [info] DecoratorLogger class jessica::LogDuration<class jessica::DecoratorEnd<class jessica::FoundationStrip> >
1: [2021-08-19 19:08:04.391] [log] [info] duration 0.0002 ms
1: [2021-08-19 19:08:04.391] [log] [info] DecoratorLogger class jessica::LogDuration<class jessica::DecoratorEnd<class jessica::VerticalEccentric> >
1: [2021-08-19 19:08:04.391] [log] [info] duration 0.0002 ms
1: [2021-08-19 19:08:04.391] [log] [info] duration 0.0602 ms
1: [2021-08-19 19:08:04.391] [log] [info] DecoratorLogger class jessica::LogDuration<class jessica::DecoratorEnd<class jessica::MeyerhofShallowFoundation<class jessica::DecoratorStart<class jessica::LogCall<class jessica::LogDuration<class jessica::DecoratorEnd<class jessica::VerticalEccentric> > > >,class jessica::DecoratorStart<class jessica::LogCall<class jessica::LogDuration<class jessica::DecoratorEnd<class jessica::FoundationStrip> > > > > > >
1: [2021-08-19 19:08:04.391] [log] [info] DecoratorLogger class jessica::LogDuration<class jessica::DecoratorEnd<class jessica::FoundationStrip> >
1: [2021-08-19 19:08:04.391] [log] [info] duration 0.0002 ms
1: [2021-08-19 19:08:04.391] [log] [info] DecoratorLogger class jessica::LogDuration<class jessica::DecoratorEnd<class jessica::VerticalEccentric> >
1: [2021-08-19 19:08:04.391] [log] [info] duration 0.0001 ms
1: [2021-08-19 19:08:04.391] [log] [info] duration 0.0564 ms
1: [2021-08-19 19:08:04.391] [log] [info] DecoratorLogger class jessica::LogDuration<class jessica::DecoratorEnd<class jessica::MeyerhofShallowFoundation<class jessica::DecoratorStart<class jessica::LogCall<class jessica::LogDuration<class jessica::DecoratorEnd<class jessica::VerticalEccentric> > > >,class jessica::DecoratorStart<class jessica::LogCall<class jessica::LogDuration<class jessica::DecoratorEnd<class jessica::FoundationStrip> > > > > > >
1: [2021-08-19 19:08:04.391] [log] [info] DecoratorLogger class jessica::LogDuration<class jessica::DecoratorEnd<class jessica::VerticalEccentric> >
1: [2021-08-19 19:08:04.391] [log] [info] duration 0.0001 ms
1: [2021-08-19 19:08:04.391] [log] [info] DecoratorLogger class jessica::LogDuration<class jessica::DecoratorEnd<class jessica::FoundationStrip> >
1: [2021-08-19 19:08:04.391] [log] [info] duration 0.0002 ms
1: [2021-08-19 19:08:04.391] [log] [info] DecoratorLogger class jessica::LogDuration<class jessica::DecoratorEnd<class jessica::VerticalEccentric> >
1: [2021-08-19 19:08:04.391] [log] [info] duration 0.0002 ms
1: [2021-08-19 19:08:04.391] [log] [info] duration 0.0857 ms
1: [2021-08-19 19:08:04.391] [log] [info] DecoratorLogger class jessica::LogDuration<class jessica::DecoratorEnd<class jessica::MeyerhofShallowFoundation<class jessica::DecoratorStart<class jessica::LogCall<class jessica::LogDuration<class jessica::DecoratorEnd<class jessica::VerticalEccentric> > > >,class jessica::DecoratorStart<class jessica::LogCall<class jessica::LogDuration<class jessica::DecoratorEnd<class jessica::FoundationStrip> > > > > > >
1: [2021-08-19 19:08:04.391] [log] [info] DecoratorLogger class jessica::LogDuration<class jessica::DecoratorEnd<class jessica::VerticalEccentric> >
1: [2021-08-19 19:08:04.391] [log] [info] duration 0.0001 ms
1: [2021-08-19 19:08:04.391] [log] [info] DecoratorLogger class jessica::LogDuration<class jessica::DecoratorEnd<class jessica::FoundationStrip> >
1: [2021-08-19 19:08:04.391] [log] [info] duration 0.0002 ms
1: [2021-08-19 19:08:04.391] [log] [info] DecoratorLogger class jessica::LogDuration<class jessica::DecoratorEnd<class jessica::VerticalEccentric> >
1: [2021-08-19 19:08:04.391] [log] [info] duration 0.0002 ms
1: [2021-08-19 19:08:04.391] [log] [info] duration 0.0844 ms
1: [2021-08-19 19:08:04.392] [log] [info] DecoratorLogger class jessica::LogDuration<class jessica::DecoratorEnd<class jessica::VerticalEccentric> >
1: [2021-08-19 19:08:04.392] [log] [info] duration 0.0014 ms
1: [2021-08-19 19:08:04.392] [log] [info] DecoratorLogger class jessica::LogDuration<class jessica::DecoratorEnd<class jessica::MeyerhofShallowFoundation<class jessica::DecoratorStart<class jessica::LogCall<class jessica::LogDuration<class jessica::DecoratorEnd<class jessica::VerticalEccentric> > > >,class jessica::DecoratorStart<class jessica::LogCall<class jessica::LogDuration<class jessica::DecoratorEnd<class jessica::FoundationStrip> > > > > > >
1: [2021-08-19 19:08:04.392] [log] [info] DecoratorLogger class jessica::LogDuration<class jessica::DecoratorEnd<class jessica::FoundationStrip> >
1: [2021-08-19 19:08:04.392] [log] [info] duration 0.0002 ms
1: [2021-08-19 19:08:04.392] [log] [info] DecoratorLogger class jessica::LogDuration<class jessica::DecoratorEnd<class jessica::VerticalEccentric> >
1: [2021-08-19 19:08:04.392] [log] [info] duration 0.0002 ms
1: [2021-08-19 19:08:04.392] [log] [info] duration 0.0602 ms
1: [2021-08-19 19:08:04.392] [log] [info] DecoratorLogger class jessica::LogDuration<class jessica::DecoratorEnd<class jessica::VerticalEccentric> >
1: [2021-08-19 19:08:04.392] [log] [info] duration 0.0013 ms
1: [2021-08-19 19:08:04.392] [log] [info] DecoratorLogger class jessica::LogDuration<class jessica::DecoratorEnd<class jessica::MeyerhofShallowFoundation<class jessica::DecoratorStart<class jessica::LogCall<class jessica::LogDuration<class jessica::DecoratorEnd<class jessica::VerticalEccentric> > > >,class jessica::DecoratorStart<class jessica::LogCall<class jessica::LogDuration<class jessica::DecoratorEnd<class jessica::FoundationStrip> > > > > > >
1: [2021-08-19 19:08:04.392] [log] [info] DecoratorLogger class jessica::LogDuration<class jessica::DecoratorEnd<class jessica::FoundationStrip> >
1: [2021-08-19 19:08:04.392] [log] [info] duration 0.0003 ms
1: [2021-08-19 19:08:04.392] [log] [info] DecoratorLogger class jessica::LogDuration<class jessica::DecoratorEnd<class jessica::VerticalEccentric> >
1: [2021-08-19 19:08:04.392] [log] [info] duration 0.0002 ms
1: [2021-08-19 19:08:04.392] [log] [info] duration 0.0608 ms
1: [       OK ] data.CalcMeyehofAllDecorator (30 ms)
1: [ RUN      ] data.CalcMeyehofMainDecorator
1: [2021-08-19 19:08:04.392] [log] [info] DecoratorLogger class jessica::LogDuration<class jessica::DecoratorEnd<class jessica::MeyerhofShallowFoundation<class jessica::VerticalEccentric,class jessica::FoundationStrip> > >
1: [2021-08-19 19:08:04.392] [log] [info] duration 0.0004 ms
1: [2021-08-19 19:08:04.392] [log] [info] DecoratorLogger class jessica::LogDuration<class jessica::DecoratorEnd<class jessica::MeyerhofShallowFoundation<class jessica::VerticalEccentric,class jessica::FoundationStrip> > >
1: [2021-08-19 19:08:04.392] [log] [info] duration 0.0004 ms
1: [2021-08-19 19:08:04.392] [log] [info] DecoratorLogger class jessica::LogDuration<class jessica::DecoratorEnd<class jessica::MeyerhofShallowFoundation<class jessica::VerticalEccentric,class jessica::FoundationStrip> > >
1: [2021-08-19 19:08:04.392] [log] [info] duration 0.0003 ms
1: [2021-08-19 19:08:04.392] [log] [info] DecoratorLogger class jessica::LogDuration<class jessica::DecoratorEnd<class jessica::MeyerhofShallowFoundation<class jessica::VerticalEccentric,class jessica::FoundationStrip> > >
1: [2021-08-19 19:08:04.392] [log] [info] duration 0.0003 ms
1: [2021-08-19 19:08:04.392] [log] [info] DecoratorLogger class jessica::LogDuration<class jessica::DecoratorEnd<class jessica::MeyerhofShallowFoundation<class jessica::VerticalEccentric,class jessica::FoundationStrip> > >
1: [2021-08-19 19:08:04.392] [log] [info] duration 0.0002 ms
1: [2021-08-19 19:08:04.392] [log] [info] DecoratorLogger class jessica::LogDuration<class jessica::DecoratorEnd<class jessica::MeyerhofShallowFoundation<class jessica::VerticalEccentric,class jessica::FoundationStrip> > >
1: [2021-08-19 19:08:04.392] [log] [info] duration 0.0003 ms
1: [2021-08-19 19:08:04.392] [log] [info] DecoratorLogger class jessica::LogDuration<class jessica::DecoratorEnd<class jessica::MeyerhofShallowFoundation<class jessica::VerticalEccentric,class jessica::FoundationStrip> > >
1: [2021-08-19 19:08:04.396] [log] [info] duration 0.0008 ms
1: [2021-08-19 19:08:04.396] [log] [info] DecoratorLogger class jessica::LogDuration<class jessica::DecoratorEnd<class jessica::MeyerhofShallowFoundation<class jessica::VerticalEccentric,class jessica::FoundationStrip> > >
1: [2021-08-19 19:08:04.396] [log] [info] duration 0.0003 ms
1: [2021-08-19 19:08:04.396] [log] [info] DecoratorLogger class jessica::LogDuration<class jessica::DecoratorEnd<class jessica::MeyerhofShallowFoundation<class jessica::VerticalEccentric,class jessica::FoundationStrip> > >
1: [2021-08-19 19:08:04.396] [log] [info] duration 0.0003 ms
1: [2021-08-19 19:08:04.396] [log] [info] DecoratorLogger class jessica::LogDuration<class jessica::DecoratorEnd<class jessica::MeyerhofShallowFoundation<class jessica::VerticalEccentric,class jessica::FoundationStrip> > >
1: [2021-08-19 19:08:04.396] [log] [info] duration 0.0002 ms
1: [       OK ] data.CalcMeyehofMainDecorator (4 ms)
1: [ RUN      ] data.CalcMeyehofOnly
1: [2021-08-19 19:08:04.396] [log] [info] DecoratorLogger class jessica::LogDuration<class jessica::DecoratorEnd<class jessica::MeyerhofShallowFoundation<class jessica::VerticalEccentric,class jessica::FoundationStrip> > >
1: [2021-08-19 19:08:04.396] [log] [info] duration 0.0023 ms
1: [2021-08-19 19:08:04.396] [log] [info] DecoratorLogger class jessica::LogDuration<class jessica::DecoratorEnd<class jessica::MeyerhofShallowFoundation<class jessica::VerticalEccentric,class jessica::FoundationStrip> > >
1: [2021-08-19 19:08:04.396] [log] [info] duration 0.0016 ms
1: [2021-08-19 19:08:04.396] [log] [info] DecoratorLogger class jessica::LogDuration<class jessica::DecoratorEnd<class jessica::MeyerhofShallowFoundation<class jessica::VerticalEccentric,class jessica::FoundationStrip> > >
1: [2021-08-19 19:08:04.396] [log] [info] duration 0.0019 ms
1: [2021-08-19 19:08:04.396] [log] [info] DecoratorLogger class jessica::LogDuration<class jessica::DecoratorEnd<class jessica::MeyerhofShallowFoundation<class jessica::VerticalEccentric,class jessica::FoundationStrip> > >
1: [2021-08-19 19:08:04.396] [log] [info] duration 0.0004 ms
1: [2021-08-19 19:08:04.396] [log] [info] DecoratorLogger class jessica::LogDuration<class jessica::DecoratorEnd<class jessica::MeyerhofShallowFoundation<class jessica::VerticalEccentric,class jessica::FoundationStrip> > >
1: [2021-08-19 19:08:04.396] [log] [info] duration 0.0002 ms
1: [2021-08-19 19:08:04.396] [log] [info] DecoratorLogger class jessica::LogDuration<class jessica::DecoratorEnd<class jessica::MeyerhofShallowFoundation<class jessica::VerticalEccentric,class jessica::FoundationStrip> > >
1: [2021-08-19 19:08:04.396] [log] [info] duration 0.0003 ms
1: [2021-08-19 19:08:04.396] [log] [info] DecoratorLogger class jessica::LogDuration<class jessica::DecoratorEnd<class jessica::MeyerhofShallowFoundation<class jessica::VerticalEccentric,class jessica::FoundationStrip> > >
1: [2021-08-19 19:08:04.396] [log] [info] duration 0.0003 ms
1: [2021-08-19 19:08:04.396] [log] [info] DecoratorLogger class jessica::LogDuration<class jessica::DecoratorEnd<class jessica::MeyerhofShallowFoundation<class jessica::VerticalEccentric,class jessica::FoundationStrip> > >
1: [2021-08-19 19:08:04.396] [log] [info] duration 0.0003 ms
1: [       OK ] data.CalcMeyehofOnly (0 ms)
1: [----------] 4 tests from data (63 ms total)
1: 
1: [----------] Global test environment tear-down
1: [==========] 4 tests from 1 test suite ran. (73 ms total)
1: [  PASSED  ] 4 tests.
[HANDLER_OUTPUT] 
1/4 Test #1: TestCalcMeyerhof ..................
   Passed    0.51 sec
[HANDLER_VERBOSE_OUTPUT] 
test 2

[HANDLER_OUTPUT] 
    Start 2: TestGeotechnicalFoundationStrip

[HANDLER_VERBOSE_OUTPUT] 

2: Test command: D:\a\jessica\jessica\build\test\backend\data\Debug\test_geotechnical_foundation_strip.exe

2: Test timeout computed to be: 1500
2: [==========] Running 2 tests from 1 test suite.
2: [----------] Global test environment set-up.
2: [----------] 2 tests from data
2: [ RUN      ] data.FoundationStrip
2: [       OK ] data.FoundationStrip (0 ms)
2: [ RUN      ] data.FoundationStripDecorator
2: [2021-08-19 19:08:04.463] [log] [info] DecoratorLogger class jessica::LogDuration<class jessica::DecoratorEnd<class jessica::FoundationStrip> >
2: [2021-08-19 19:08:04.463] [log] [info] duration 0.0003 ms
2: [2021-08-19 19:08:04.463] [log] [info] DecoratorLogger class jessica::LogDuration<class jessica::DecoratorEnd<class jessica::FoundationStrip> >
2: [2021-08-19 19:08:04.463] [log] [info] duration 0.0011 ms
2: [2021-08-19 19:08:04.463] [log] [info] DecoratorLogger class jessica::LogDuration<class jessica::DecoratorEnd<class jessica::FoundationStrip> >
2: [2021-08-19 19:08:04.463] [log] [info] duration 0.0001 ms
2: [2021-08-19 19:08:04.463] [log] [info] DecoratorLogger class jessica::LogDuration<class jessica::DecoratorEnd<class jessica::FoundationStrip> >
2: [2021-08-19 19:08:04.463] [log] [info] duration 0.0001 ms
2: [2021-08-19 19:08:04.463] [log] [info] DecoratorLogger class jessica::LogDuration<class jessica::DecoratorEnd<class jessica::FoundationStrip> >
2: [2021-08-19 19:08:04.463] [log] [info] duration 0.0002 ms
2: [2021-08-19 19:08:04.463] [log] [info] DecoratorLogger class jessica::LogDuration<class jessica::DecoratorEnd<class jessica::FoundationStrip> >
2: [2021-08-19 19:08:04.464] [log] [info] duration 0.0001 ms
2: [       OK ] data.FoundationStripDecorator (1 ms)
2: [----------] 2 tests from data (1 ms total)
2: 
2: [----------] Global test environment tear-down
2: [==========] 2 tests from 1 test suite ran. (1 ms total)
2: [  PASSED  ] 2 tests.
[HANDLER_OUTPUT] 
2/4 Test #2: TestGeotechnicalFoundationStrip ...
   Passed    0.02 sec
[HANDLER_VERBOSE_OUTPUT] 
test 3

[HANDLER_OUTPUT] 
    Start 3: TestLoadVerticalEccentric

[HANDLER_VERBOSE_OUTPUT] 

3: Test command: D:\a\jessica\jessica\build\test\backend\data\Debug\test_load_vertical_eccentric.exe

3: Test timeout computed to be: 1500
3: [==========] Running 2 tests from 1 test suite.
3: [----------] Global test environment set-up.
3: [----------] 2 tests from data
3: [ RUN      ] data.VerticalEccentric
3: [       OK ] data.VerticalEccentric (0 ms)
3: [ RUN      ] data.VerticalEccentricDecorator
3: [2021-08-19 19:08:04.480] [log] [info] DecoratorLogger class jessica::LogDuration<class jessica::DecoratorEnd<class jessica::VerticalEccentric> >
3: [2021-08-19 19:08:04.481] [log] [info] duration 0.0003 ms
3: [2021-08-19 19:08:04.481] [log] [info] DecoratorLogger class jessica::LogDuration<class jessica::DecoratorEnd<class jessica::VerticalEccentric> >
3: [2021-08-19 19:08:04.481] [log] [info] duration 0.0003 ms
3: [2021-08-19 19:08:04.481] [log] [info] DecoratorLogger class jessica::LogDuration<class jessica::DecoratorEnd<class jessica::VerticalEccentric> >
3: [2021-08-19 19:08:04.481] [log] [info] duration 0.0012 ms
3: [2021-08-19 19:08:04.481] [log] [info] DecoratorLogger class jessica::LogDuration<class jessica::DecoratorEnd<class jessica::VerticalEccentric> >
3: [2021-08-19 19:08:04.481] [log] [info] duration 0.0002 ms
3: [2021-08-19 19:08:04.481] [log] [info] DecoratorLogger class jessica::LogDuration<class jessica::DecoratorEnd<class jessica::VerticalEccentric> >
3: [2021-08-19 19:08:04.481] [log] [info] duration 0.0001 ms
3: [2021-08-19 19:08:04.481] [log] [info] DecoratorLogger class jessica::LogDuration<class jessica::DecoratorEnd<class jessica::VerticalEccentric> >
3: [2021-08-19 19:08:04.481] [log] [info] duration 0.0009 ms
3: [2021-08-19 19:08:04.481] [log] [info] DecoratorLogger class jessica::LogDuration<class jessica::DecoratorEnd<class jessica::VerticalEccentric> >
3: [2021-08-19 19:08:04.481] [log] [info] duration 0.0002 ms
3: [2021-08-19 19:08:04.481] [log] [info] DecoratorLogger class jessica::LogDuration<class jessica::DecoratorEnd<class jessica::VerticalEccentric> >
3: [2021-08-19 19:08:04.481] [log] [info] duration 0.0001 ms
3: [2021-08-19 19:08:04.481] [log] [info] DecoratorLogger class jessica::LogDuration<class jessica::DecoratorEnd<class jessica::VerticalEccentric> >
3: [2021-08-19 19:08:04.481] [log] [info] duration 0.0002 ms
3: [2021-08-19 19:08:04.481] [log] [info] DecoratorLogger class jessica::LogDuration<class jessica::DecoratorEnd<class jessica::VerticalEccentric> >
3: [2021-08-19 19:08:04.481] [log] [info] duration 0.0002 ms
3: [2021-08-19 19:08:04.481] [log] [info] DecoratorLogger class jessica::LogDuration<class jessica::DecoratorEnd<class jessica::VerticalEccentric> >
3: [2021-08-19 19:08:04.481] [log] [info] duration 0.0001 ms
3: [2021-08-19 19:08:04.481] [log] [info] DecoratorLogger class jessica::LogDuration<class jessica::DecoratorEnd<class jessica::VerticalEccentric> >
3: [2021-08-19 19:08:04.481] [log] [info] duration 0.0001 ms
3: [       OK ] data.VerticalEccentricDecorator (1 ms)
3: [----------] 2 tests from data (1 ms total)
3: 
3: [----------] Global test environment tear-down
3: [==========] 2 tests from 1 test suite ran. (1 ms total)
3: [  PASSED  ] 2 tests.
[HANDLER_OUTPUT] 
3/4 Test #3: TestLoadVerticalEccentric .........
   Passed    0.02 sec
[HANDLER_VERBOSE_OUTPUT] 
test 4

[HANDLER_OUTPUT] 
    Start 4: TestUtilDecorator

[HANDLER_VERBOSE_OUTPUT] 

4: Test command: D:\a\jessica\jessica\build\test\backend\util\Debug\test_util_decorator.exe

4: Test timeout computed to be: 1500
4: Running main() from D:\a\jessica\jessica\vcpkg\buildtrees\gtest\src\ase-1.10.0-9cde347ce0.clean\googletest\src\gtest_main.cc
4: [==========] Running 1 test from 1 test suite.
4: [----------] Global test environment set-up.
4: [----------] 1 test from decorator
4: [ RUN      ] decorator.Test
4: DecoratorLogger class jessica::DecoratorEnd<class DecoratorTest>
4: DecoratorLogger class jessica::DecoratorEnd<class DecoratorTest>
4: [       OK ] decorator.Test (0 ms)
4: [----------] 1 test from decorator (0 ms total)
4: 
4: [----------] Global test environment tear-down
4: [==========] 1 test from 1 test suite ran. (0 ms total)
4: [  PASSED  ] 1 test.
[HANDLER_OUTPUT] 
4/4 Test #4: TestUtilDecorator .................
   Passed    0.02 sec

100% tests passed, 0 tests failed out of 4

Total Test time (real) =   0.79 sec
