[HANDLER_OUTPUT] 
Test project D:/a/jessica/jessica/build

    Start 1: TestCalcMeyerhof
1/4 Test #1: TestCalcMeyerhof ..................   Passed    0.54 sec
    Start 2: TestGeotechnicalFoundationStrip
2/4 Test #2: TestGeotechnicalFoundationStrip ...   Passed    0.01 sec
    Start 3: TestLoadVerticalEccentric
3/4 Test #3: TestLoadVerticalEccentric .........   Passed    0.01 sec
    Start 4: TestUtilDecorator
4/4 Test #4: TestUtilDecorator .................   Passed    0.01 sec

100% tests passed, 0 tests failed out of 4

Total Test time (real) =   0.64 sec
