[HANDLER_VERBOSE_OUTPUT] 
UpdateCTestConfiguration  from :/home/runner/work/jessica/jessica/build/DartConfiguration.tcl

Parse Config file:/home/runner/work/jessica/jessica/build/DartConfiguration.tcl
UpdateCTestConfiguration  from :/home/runner/work/jessica/jessica/build/DartConfiguration.tcl
Parse Config file:/home/runner/work/jessica/jessica/build/DartConfiguration.tcl
[HANDLER_OUTPUT] 
Test project /home/runner/work/jessica/jessica/build

[HANDLER_VERBOSE_OUTPUT] 
Constructing a list of tests

Done constructing a list of tests
Updating test list for fixtures
Added 0 tests to meet fixture requirements
Checking test dependency graph...
Checking test dependency graph end
test 1
[HANDLER_OUTPUT] 
    Start 1: NpmTest

[HANDLER_VERBOSE_OUTPUT] 

1: Test command: /usr/local/bin/npm "run" "test" "--verbose"

1: Test timeout computed to be: 1500
1: npm info it worked if it ends with ok
1: npm verb cli [
1: npm verb cli   '/usr/local/bin/node',
1: npm verb cli   '/usr/local/bin/npm',
1: npm verb cli   'run',
1: npm verb cli   'test',
1: npm verb cli   '--verbose'
1: npm verb cli ]
1: npm info using npm@6.14.13
1: npm info using node@v14.17.3
1: npm verb run-script [ 'pretest', 'test', 'posttest' ]
1: npm info lifecycle @~pretest: @
1: npm info lifecycle @~test: @
1: 
1: > @ test /home/runner/work/jessica/jessica/build/test/javascript
1: > node --trace-warnings --unhandled-rejections=strict node_modules/.bin/jest
1: 
1: PASS ./jessica.test.js
1:   ✓ WarmUpJessica (231 ms)
1:   ✓ VerticalEccentric (77 ms)
1:   ✓ FoundationStrip (100 ms)
1:   ✓ CalcMeyehof (311 ms)
1: 
1:   console.log
1:     [2021-07-29 22:38:58.116] [log] [info] DecoratorLogger N7jessica11LogDurationINS_12DecoratorEndINS_25MeyerhofShallowFoundationINS_17VerticalEccentricENS_15FoundationStripEEEEEEE
1: 
1:       at console.<anonymous> (node_modules/jest-mock/build/index.js:848:25)
1: 
1:   console.log
1:     [2021-07-29 22:38:58.348] [log] [info] duration 0.0157 ms
1: 
1:       at console.<anonymous> (node_modules/jest-mock/build/index.js:848:25)
1: 
1:   console.log
1:     [2021-07-29 22:38:58.350] [log] [info] DecoratorLogger N7jessica11LogDurationINS_12DecoratorEndINS_25MeyerhofShallowFoundationINS_17VerticalEccentricENS_15FoundationStripEEEEEEE
1: 
1:       at console.<anonymous> (node_modules/jest-mock/build/index.js:848:25)
1: 
1:   console.log
1:     [2021-07-29 22:38:58.351] [log] [info] duration 0.006701 ms
1: 
1:       at console.<anonymous> (node_modules/jest-mock/build/index.js:848:25)
1: 
1: Test Suites: 1 passed, 1 total
1: Tests:       4 passed, 4 total
1: Snapshots:   0 total
1: Time:        1.984 s
1: Ran all test suites.
1: npm verb lifecycle @~test: unsafe-perm in lifecycle true
1: npm verb lifecycle @~test: PATH: /usr/local/lib/node_modules/npm/node_modules/npm-lifecycle/node-gyp-bin:/home/runner/work/jessica/jessica/build/test/javascript/node_modules/.bin:/home/runner/work/jessica/jessica/emsdk/upstream/emscripten:/home/runner/work/jessica/jessica/emsdk:/home/linuxbrew/.linuxbrew/bin:/home/linuxbrew/.linuxbrew/sbin:/home/runner/.local/bin:/opt/pipx_bin:/usr/share/rust/.cargo/bin:/home/runner/.config/composer/vendor/bin:/usr/local/.ghcup/bin:/home/runner/.dotnet/tools:/snap/bin:/usr/local/sbin:/usr/local/bin:/usr/sbin:/usr/bin:/sbin:/bin:/usr/games:/usr/local/games:/snap/bin
1: npm verb lifecycle @~test: CWD: /home/runner/work/jessica/jessica/build/test/javascript
1: npm info lifecycle @~posttest: @
1: npm verb exit [ 0, true ]
1: npm timing npm Completed in 2611ms
1: npm info ok 
[HANDLER_OUTPUT] 
1/1 Test #1: NpmTest ..........................
   Passed    2.98 sec

100% tests passed, 0 tests failed out of 1

Total Test time (real) =   3.11 sec
