[HANDLER_VERBOSE_OUTPUT] 
UpdateCTestConfiguration  from :D:/a/jessica/jessica/build/DartConfiguration.tcl

Parse Config file:D:/a/jessica/jessica/build/DartConfiguration.tcl
UpdateCTestConfiguration  from :D:/a/jessica/jessica/build/DartConfiguration.tcl
Parse Config file:D:/a/jessica/jessica/build/DartConfiguration.tcl
[HANDLER_OUTPUT] 
Test project D:/a/jessica/jessica/build

[HANDLER_VERBOSE_OUTPUT] 
Constructing a list of tests

Done constructing a list of tests
Updating test list for fixtures
Added 0 tests to meet fixture requirements
Checking test dependency graph...
Checking test dependency graph end
test 1
[HANDLER_OUTPUT] 
    Start 1: TestCalcMeyerhof

[HANDLER_VERBOSE_OUTPUT] 

1: Test command: D:\a\jessica\jessica\build\test\backend\calc\geotechnical\Debug\test_calc_meyerhof.exe

1: Test timeout computed to be: 1500
1: [==========] Running 4 tests from 1 test suite.
1: [----------] Global test environment set-up.
1: [----------] 4 tests from data
1: [ RUN      ] data.CalcMeyehof
1: [       OK ] data.CalcMeyehof (11 ms)
1: [ RUN      ] data.CalcMeyehofAllDecorator
1: [2021-10-18 15:53:12.015] [log] [info] DecoratorLogger class jessica::LogDuration<class jessica::DecoratorEnd<class jessica::FoundationStrip> >
1: [2021-10-18 15:53:12.032] [log] [info] duration 0.0019 ms
1: [2021-10-18 15:53:12.032] [log] [info] DecoratorLogger class jessica::LogDuration<class jessica::DecoratorEnd<class jessica::VerticalEccentric> >
1: [2021-10-18 15:53:12.032] [log] [info] duration 0.0011 ms
1: [2021-10-18 15:53:12.032] [log] [info] DecoratorLogger class jessica::LogDuration<class jessica::DecoratorEnd<class jessica::VerticalEccentric> >
1: [2021-10-18 15:53:12.032] [log] [info] duration 0.0007 ms
1: [2021-10-18 15:53:12.033] [log] [info] DecoratorLogger class jessica::LogDuration<class jessica::DecoratorEnd<class jessica::MeyerhofShallowFoundation<class jessica::DecoratorStart<class jessica::LogCall<class jessica::LogDuration<class jessica::DecoratorEnd<class jessica::VerticalEccentric> > > >,class jessica::DecoratorStart<class jessica::LogCall<class jessica::LogDuration<class jessica::DecoratorEnd<class jessica::FoundationStrip> > > > > > >
1: [2021-10-18 15:53:12.033] [log] [info] DecoratorLogger class jessica::LogDuration<class jessica::DecoratorEnd<class jessica::FoundationStrip> >
1: [2021-10-18 15:53:12.033] [log] [info] duration 0.0001 ms
1: [2021-10-18 15:53:12.033] [log] [info] DecoratorLogger class jessica::LogDuration<class jessica::DecoratorEnd<class jessica::VerticalEccentric> >
1: [2021-10-18 15:53:12.033] [log] [info] duration 0.0001 ms
1: [2021-10-18 15:53:12.033] [log] [info] duration 0.0589 ms
1: [2021-10-18 15:53:12.033] [log] [info] DecoratorLogger class jessica::LogDuration<class jessica::DecoratorEnd<class jessica::MeyerhofShallowFoundation<class jessica::DecoratorStart<class jessica::LogCall<class jessica::LogDuration<class jessica::DecoratorEnd<class jessica::VerticalEccentric> > > >,class jessica::DecoratorStart<class jessica::LogCall<class jessica::LogDuration<class jessica::DecoratorEnd<class jessica::FoundationStrip> > > > > > >
1: [2021-10-18 15:53:12.033] [log] [info] DecoratorLogger class jessica::LogDuration<class jessica::DecoratorEnd<class jessica::VerticalEccentric> >
1: [2021-10-18 15:53:12.033] [log] [info] duration 0.0002 ms
1: [2021-10-18 15:53:12.033] [log] [info] DecoratorLogger class jessica::LogDuration<class jessica::DecoratorEnd<class jessica::FoundationStrip> >
1: [2021-10-18 15:53:12.033] [log] [info] duration 0.0001 ms
1: [2021-10-18 15:53:12.033] [log] [info] DecoratorLogger class jessica::LogDuration<class jessica::DecoratorEnd<class jessica::VerticalEccentric> >
1: [2021-10-18 15:53:12.033] [log] [info] duration 0.0002 ms
1: [2021-10-18 15:53:12.033] [log] [info] duration 0.0801 ms
1: [2021-10-18 15:53:12.033] [log] [info] DecoratorLogger class jessica::LogDuration<class jessica::DecoratorEnd<class jessica::VerticalEccentric> >
1: [2021-10-18 15:53:12.033] [log] [info] duration 0.0009 ms
1: [2021-10-18 15:53:12.033] [log] [info] DecoratorLogger class jessica::LogDuration<class jessica::DecoratorEnd<class jessica::MeyerhofShallowFoundation<class jessica::DecoratorStart<class jessica::LogCall<class jessica::LogDuration<class jessica::DecoratorEnd<class jessica::VerticalEccentric> > > >,class jessica::DecoratorStart<class jessica::LogCall<class jessica::LogDuration<class jessica::DecoratorEnd<class jessica::FoundationStrip> > > > > > >
1: [2021-10-18 15:53:12.033] [log] [info] DecoratorLogger class jessica::LogDuration<class jessica::DecoratorEnd<class jessica::FoundationStrip> >
1: [2021-10-18 15:53:12.033] [log] [info] duration 0.0001 ms
1: [2021-10-18 15:53:12.033] [log] [info] DecoratorLogger class jessica::LogDuration<class jessica::DecoratorEnd<class jessica::VerticalEccentric> >
1: [2021-10-18 15:53:12.033] [log] [info] duration 0.0001 ms
1: [2021-10-18 15:53:12.033] [log] [info] duration 0.0529 ms
1: [2021-10-18 15:53:12.033] [log] [info] DecoratorLogger class jessica::LogDuration<class jessica::DecoratorEnd<class jessica::MeyerhofShallowFoundation<class jessica::DecoratorStart<class jessica::LogCall<class jessica::LogDuration<class jessica::DecoratorEnd<class jessica::VerticalEccentric> > > >,class jessica::DecoratorStart<class jessica::LogCall<class jessica::LogDuration<class jessica::DecoratorEnd<class jessica::FoundationStrip> > > > > > >
1: [2021-10-18 15:53:12.033] [log] [info] DecoratorLogger class jessica::LogDuration<class jessica::DecoratorEnd<class jessica::VerticalEccentric> >
1: [2021-10-18 15:53:12.033] [log] [info] duration 0.0002 ms
1: [2021-10-18 15:53:12.033] [log] [info] DecoratorLogger class jessica::LogDuration<class jessica::DecoratorEnd<class jessica::FoundationStrip> >
1: [2021-10-18 15:53:12.033] [log] [info] duration 0.0002 ms
1: [2021-10-18 15:53:12.033] [log] [info] DecoratorLogger class jessica::LogDuration<class jessica::DecoratorEnd<class jessica::VerticalEccentric> >
1: [2021-10-18 15:53:12.033] [log] [info] duration 0.0001 ms
1: [2021-10-18 15:53:12.033] [log] [info] duration 0.0848 ms
1: [2021-10-18 15:53:12.033] [log] [info] DecoratorLogger class jessica::LogDuration<class jessica::DecoratorEnd<class jessica::MeyerhofShallowFoundation<class jessica::DecoratorStart<class jessica::LogCall<class jessica::LogDuration<class jessica::DecoratorEnd<class jessica::VerticalEccentric> > > >,class jessica::DecoratorStart<class jessica::LogCall<class jessica::LogDuration<class jessica::DecoratorEnd<class jessica::FoundationStrip> > > > > > >
1: [2021-10-18 15:53:12.033] [log] [info] DecoratorLogger class jessica::LogDuration<class jessica::DecoratorEnd<class jessica::FoundationStrip> >
1: [2021-10-18 15:53:12.033] [log] [info] duration 0.0001 ms
1: [2021-10-18 15:53:12.033] [log] [info] DecoratorLogger class jessica::LogDuration<class jessica::DecoratorEnd<class jessica::VerticalEccentric> >
1: [2021-10-18 15:53:12.033] [log] [info] duration 0.0001 ms
1: [2021-10-18 15:53:12.033] [log] [info] duration 0.0515 ms
1: [2021-10-18 15:53:12.033] [log] [info] DecoratorLogger class jessica::LogDuration<class jessica::DecoratorEnd<class jessica::MeyerhofShallowFoundation<class jessica::DecoratorStart<class jessica::LogCall<class jessica::LogDuration<class jessica::DecoratorEnd<class jessica::VerticalEccentric> > > >,class jessica::DecoratorStart<class jessica::LogCall<class jessica::LogDuration<class jessica::DecoratorEnd<class jessica::FoundationStrip> > > > > > >
1: [2021-10-18 15:53:12.033] [log] [info] DecoratorLogger class jessica::LogDuration<class jessica::DecoratorEnd<class jessica::FoundationStrip> >
1: [2021-10-18 15:53:12.033] [log] [info] duration 0.0002 ms
1: [2021-10-18 15:53:12.033] [log] [info] DecoratorLogger class jessica::LogDuration<class jessica::DecoratorEnd<class jessica::VerticalEccentric> >
1: [2021-10-18 15:53:12.033] [log] [info] duration 0.0001 ms
1: [2021-10-18 15:53:12.033] [log] [info] duration 0.054 ms
1: [2021-10-18 15:53:12.033] [log] [info] DecoratorLogger class jessica::LogDuration<class jessica::DecoratorEnd<class jessica::MeyerhofShallowFoundation<class jessica::DecoratorStart<class jessica::LogCall<class jessica::LogDuration<class jessica::DecoratorEnd<class jessica::VerticalEccentric> > > >,class jessica::DecoratorStart<class jessica::LogCall<class jessica::LogDuration<class jessica::DecoratorEnd<class jessica::FoundationStrip> > > > > > >
1: [2021-10-18 15:53:12.033] [log] [info] DecoratorLogger class jessica::LogDuration<class jessica::DecoratorEnd<class jessica::VerticalEccentric> >
1: [2021-10-18 15:53:12.033] [log] [info] duration 0.0001 ms
1: [2021-10-18 15:53:12.033] [log] [info] DecoratorLogger class jessica::LogDuration<class jessica::DecoratorEnd<class jessica::FoundationStrip> >
1: [2021-10-18 15:53:12.033] [log] [info] duration 0.0001 ms
1: [2021-10-18 15:53:12.033] [log] [info] DecoratorLogger class jessica::LogDuration<class jessica::DecoratorEnd<class jessica::VerticalEccentric> >
1: [2021-10-18 15:53:12.033] [log] [info] duration 0.0001 ms
1: [2021-10-18 15:53:12.033] [log] [info] duration 0.077 ms
1: [2021-10-18 15:53:12.033] [log] [info] DecoratorLogger class jessica::LogDuration<class jessica::DecoratorEnd<class jessica::MeyerhofShallowFoundation<class jessica::DecoratorStart<class jessica::LogCall<class jessica::LogDuration<class jessica::DecoratorEnd<class jessica::VerticalEccentric> > > >,class jessica::DecoratorStart<class jessica::LogCall<class jessica::LogDuration<class jessica::DecoratorEnd<class jessica::FoundationStrip> > > > > > >
1: [2021-10-18 15:53:12.033] [log] [info] DecoratorLogger class jessica::LogDuration<class jessica::DecoratorEnd<class jessica::VerticalEccentric> >
1: [2021-10-18 15:53:12.033] [log] [info] duration 0.0001 ms
1: [2021-10-18 15:53:12.033] [log] [info] DecoratorLogger class jessica::LogDuration<class jessica::DecoratorEnd<class jessica::FoundationStrip> >
1: [2021-10-18 15:53:12.033] [log] [info] duration 0.0001 ms
1: [2021-10-18 15:53:12.033] [log] [info] DecoratorLogger class jessica::LogDuration<class jessica::DecoratorEnd<class jessica::VerticalEccentric> >
1: [2021-10-18 15:53:12.033] [log] [info] duration 0.0001 ms
1: [2021-10-18 15:53:12.033] [log] [info] duration 0.0762 ms
1: [2021-10-18 15:53:12.033] [log] [info] DecoratorLogger class jessica::LogDuration<class jessica::DecoratorEnd<class jessica::VerticalEccentric> >
1: [2021-10-18 15:53:12.033] [log] [info] duration 0.0008 ms
1: [2021-10-18 15:53:12.033] [log] [info] DecoratorLogger class jessica::LogDuration<class jessica::DecoratorEnd<class jessica::MeyerhofShallowFoundation<class jessica::DecoratorStart<class jessica::LogCall<class jessica::LogDuration<class jessica::DecoratorEnd<class jessica::VerticalEccentric> > > >,class jessica::DecoratorStart<class jessica::LogCall<class jessica::LogDuration<class jessica::DecoratorEnd<class jessica::FoundationStrip> > > > > > >
1: [2021-10-18 15:53:12.033] [log] [info] DecoratorLogger class jessica::LogDuration<class jessica::DecoratorEnd<class jessica::FoundationStrip> >
1: [2021-10-18 15:53:12.033] [log] [info] duration 0.0001 ms
1: [2021-10-18 15:53:12.033] [log] [info] DecoratorLogger class jessica::LogDuration<class jessica::DecoratorEnd<class jessica::VerticalEccentric> >
1: [2021-10-18 15:53:12.033] [log] [info] duration 0.0001 ms
1: [2021-10-18 15:53:12.033] [log] [info] duration 0.0523 ms
1: [2021-10-18 15:53:12.033] [log] [info] DecoratorLogger class jessica::LogDuration<class jessica::DecoratorEnd<class jessica::VerticalEccentric> >
1: [2021-10-18 15:53:12.033] [log] [info] duration 0.0009 ms
1: [2021-10-18 15:53:12.034] [log] [info] DecoratorLogger class jessica::LogDuration<class jessica::DecoratorEnd<class jessica::MeyerhofShallowFoundation<class jessica::DecoratorStart<class jessica::LogCall<class jessica::LogDuration<class jessica::DecoratorEnd<class jessica::VerticalEccentric> > > >,class jessica::DecoratorStart<class jessica::LogCall<class jessica::LogDuration<class jessica::DecoratorEnd<class jessica::FoundationStrip> > > > > > >
1: [2021-10-18 15:53:12.034] [log] [info] DecoratorLogger class jessica::LogDuration<class jessica::DecoratorEnd<class jessica::FoundationStrip> >
1: [2021-10-18 15:53:12.034] [log] [info] duration 0.0003 ms
1: [2021-10-18 15:53:12.034] [log] [info] DecoratorLogger class jessica::LogDuration<class jessica::DecoratorEnd<class jessica::VerticalEccentric> >
1: [2021-10-18 15:53:12.034] [log] [info] duration 0.0001 ms
1: [2021-10-18 15:53:12.034] [log] [info] duration 0.4549 ms
1: [       OK ] data.CalcMeyehofAllDecorator (19 ms)
1: [ RUN      ] data.CalcMeyehofMainDecorator
1: [2021-10-18 15:53:12.034] [log] [info] DecoratorLogger class jessica::LogDuration<class jessica::DecoratorEnd<class jessica::MeyerhofShallowFoundation<class jessica::VerticalEccentric,class jessica::FoundationStrip> > >
1: [2021-10-18 15:53:12.034] [log] [info] duration 0.0002 ms
1: [2021-10-18 15:53:12.034] [log] [info] DecoratorLogger class jessica::LogDuration<class jessica::DecoratorEnd<class jessica::MeyerhofShallowFoundation<class jessica::VerticalEccentric,class jessica::FoundationStrip> > >
1: [2021-10-18 15:53:12.034] [log] [info] duration 0.0003 ms
1: [2021-10-18 15:53:12.034] [log] [info] DecoratorLogger class jessica::LogDuration<class jessica::DecoratorEnd<class jessica::MeyerhofShallowFoundation<class jessica::VerticalEccentric,class jessica::FoundationStrip> > >
1: [2021-10-18 15:53:12.034] [log] [info] duration 0.0001 ms
1: [2021-10-18 15:53:12.034] [log] [info] DecoratorLogger class jessica::LogDuration<class jessica::DecoratorEnd<class jessica::MeyerhofShallowFoundation<class jessica::VerticalEccentric,class jessica::FoundationStrip> > >
1: [2021-10-18 15:53:12.034] [log] [info] duration 0.0002 ms
1: [2021-10-18 15:53:12.034] [log] [info] DecoratorLogger class jessica::LogDuration<class jessica::DecoratorEnd<class jessica::MeyerhofShallowFoundation<class jessica::VerticalEccentric,class jessica::FoundationStrip> > >
1: [2021-10-18 15:53:12.034] [log] [info] duration 0.0003 ms
1: [2021-10-18 15:53:12.034] [log] [info] DecoratorLogger class jessica::LogDuration<class jessica::DecoratorEnd<class jessica::MeyerhofShallowFoundation<class jessica::VerticalEccentric,class jessica::FoundationStrip> > >
1: [2021-10-18 15:53:12.034] [log] [info] duration 0.0003 ms
1: [2021-10-18 15:53:12.034] [log] [info] DecoratorLogger class jessica::LogDuration<class jessica::DecoratorEnd<class jessica::MeyerhofShallowFoundation<class jessica::VerticalEccentric,class jessica::FoundationStrip> > >
1: [2021-10-18 15:53:12.034] [log] [info] duration 0.0002 ms
1: [2021-10-18 15:53:12.034] [log] [info] DecoratorLogger class jessica::LogDuration<class jessica::DecoratorEnd<class jessica::MeyerhofShallowFoundation<class jessica::VerticalEccentric,class jessica::FoundationStrip> > >
1: [2021-10-18 15:53:12.034] [log] [info] duration 0.0003 ms
1: [2021-10-18 15:53:12.034] [log] [info] DecoratorLogger class jessica::LogDuration<class jessica::DecoratorEnd<class jessica::MeyerhofShallowFoundation<class jessica::VerticalEccentric,class jessica::FoundationStrip> > >
1: [2021-10-18 15:53:12.034] [log] [info] duration 0.0001 ms
1: [2021-10-18 15:53:12.034] [log] [info] DecoratorLogger class jessica::LogDuration<class jessica::DecoratorEnd<class jessica::MeyerhofShallowFoundation<class jessica::VerticalEccentric,class jessica::FoundationStrip> > >
1: [2021-10-18 15:53:12.034] [log] [info] duration 0.0002 ms
1: [       OK ] data.CalcMeyehofMainDecorator (0 ms)
1: [ RUN      ] data.CalcMeyehofOnly
1: [2021-10-18 15:53:12.034] [log] [info] DecoratorLogger class jessica::LogDuration<class jessica::DecoratorEnd<class jessica::MeyerhofShallowFoundation<class jessica::VerticalEccentric,class jessica::FoundationStrip> > >
1: [2021-10-18 15:53:12.035] [log] [info] duration 0.0019 ms
1: [2021-10-18 15:53:12.035] [log] [info] DecoratorLogger class jessica::LogDuration<class jessica::DecoratorEnd<class jessica::MeyerhofShallowFoundation<class jessica::VerticalEccentric,class jessica::FoundationStrip> > >
1: [2021-10-18 15:53:12.035] [log] [info] duration 0.0014 ms
1: [2021-10-18 15:53:12.035] [log] [info] DecoratorLogger class jessica::LogDuration<class jessica::DecoratorEnd<class jessica::MeyerhofShallowFoundation<class jessica::VerticalEccentric,class jessica::FoundationStrip> > >
1: [2021-10-18 15:53:12.035] [log] [info] duration 0.0016 ms
1: [2021-10-18 15:53:12.043] [log] [info] DecoratorLogger class jessica::LogDuration<class jessica::DecoratorEnd<class jessica::MeyerhofShallowFoundation<class jessica::VerticalEccentric,class jessica::FoundationStrip> > >
1: [2021-10-18 15:53:12.043] [log] [info] duration 0.0004 ms
1: [2021-10-18 15:53:12.043] [log] [info] DecoratorLogger class jessica::LogDuration<class jessica::DecoratorEnd<class jessica::MeyerhofShallowFoundation<class jessica::VerticalEccentric,class jessica::FoundationStrip> > >
1: [2021-10-18 15:53:12.043] [log] [info] duration 0.0002 ms
1: [2021-10-18 15:53:12.043] [log] [info] DecoratorLogger class jessica::LogDuration<class jessica::DecoratorEnd<class jessica::MeyerhofShallowFoundation<class jessica::VerticalEccentric,class jessica::FoundationStrip> > >
1: [2021-10-18 15:53:12.043] [log] [info] duration 0.0003 ms
1: [2021-10-18 15:53:12.043] [log] [info] DecoratorLogger class jessica::LogDuration<class jessica::DecoratorEnd<class jessica::MeyerhofShallowFoundation<class jessica::VerticalEccentric,class jessica::FoundationStrip> > >
1: [2021-10-18 15:53:12.043] [log] [info] duration 0.0002 ms
1: [2021-10-18 15:53:12.043] [log] [info] DecoratorLogger class jessica::LogDuration<class jessica::DecoratorEnd<class jessica::MeyerhofShallowFoundation<class jessica::VerticalEccentric,class jessica::FoundationStrip> > >
1: [2021-10-18 15:53:12.043] [log] [info] duration 0.0002 ms
1: [       OK ] data.CalcMeyehofOnly (9 ms)
1: [----------] 4 tests from data (40 ms total)
1: 
1: [----------] Global test environment tear-down
1: [==========] 4 tests from 1 test suite ran. (88 ms total)
1: [  PASSED  ] 4 tests.
[HANDLER_OUTPUT] 
1/4 Test #1: TestCalcMeyerhof ..................
   Passed    0.55 sec
[HANDLER_VERBOSE_OUTPUT] 
test 2

[HANDLER_OUTPUT] 
    Start 2: TestGeotechnicalFoundationStrip

[HANDLER_VERBOSE_OUTPUT] 

2: Test command: D:\a\jessica\jessica\build\test\backend\data\Debug\test_geotechnical_foundation_strip.exe

2: Test timeout computed to be: 1500
2: [==========] Running 2 tests from 1 test suite.
2: [----------] Global test environment set-up.
2: [----------] 2 tests from data
2: [ RUN      ] data.FoundationStrip
2: [       OK ] data.FoundationStrip (0 ms)
2: [ RUN      ] data.FoundationStripDecorator
2: [2021-10-18 15:53:12.097] [log] [info] DecoratorLogger class jessica::LogDuration<class jessica::DecoratorEnd<class jessica::FoundationStrip> >
2: [2021-10-18 15:53:12.097] [log] [info] duration 0.0001 ms
2: [2021-10-18 15:53:12.097] [log] [info] DecoratorLogger class jessica::LogDuration<class jessica::DecoratorEnd<class jessica::FoundationStrip> >
2: [2021-10-18 15:53:12.097] [log] [info] duration 0.0012 ms
2: [2021-10-18 15:53:12.097] [log] [info] DecoratorLogger class jessica::LogDuration<class jessica::DecoratorEnd<class jessica::FoundationStrip> >
2: [2021-10-18 15:53:12.097] [log] [info] duration 0.0002 ms
2: [2021-10-18 15:53:12.097] [log] [info] DecoratorLogger class jessica::LogDuration<class jessica::DecoratorEnd<class jessica::FoundationStrip> >
2: [2021-10-18 15:53:12.097] [log] [info] duration 0.0002 ms
2: [2021-10-18 15:53:12.097] [log] [info] DecoratorLogger class jessica::LogDuration<class jessica::DecoratorEnd<class jessica::FoundationStrip> >
2: [2021-10-18 15:53:12.097] [log] [info] duration 0.0001 ms
2: [2021-10-18 15:53:12.097] [log] [info] DecoratorLogger class jessica::LogDuration<class jessica::DecoratorEnd<class jessica::FoundationStrip> >
2: [2021-10-18 15:53:12.097] [log] [info] duration 0.0001 ms
2: [       OK ] data.FoundationStripDecorator (0 ms)
2: [----------] 2 tests from data (0 ms total)
2: 
2: [----------] Global test environment tear-down
2: [==========] 2 tests from 1 test suite ran. (1 ms total)
2: [  PASSED  ] 2 tests.
[HANDLER_OUTPUT] 
2/4 Test #2: TestGeotechnicalFoundationStrip ...
   Passed    0.01 sec
[HANDLER_VERBOSE_OUTPUT] 
test 3

[HANDLER_OUTPUT] 
    Start 3: TestLoadVerticalEccentric

[HANDLER_VERBOSE_OUTPUT] 

3: Test command: D:\a\jessica\jessica\build\test\backend\data\Debug\test_load_vertical_eccentric.exe

3: Test timeout computed to be: 1500
3: [==========] Running 2 tests from 1 test suite.
3: [----------] Global test environment set-up.
3: [----------] 2 tests from data
3: [ RUN      ] data.VerticalEccentric
3: [       OK ] data.VerticalEccentric (0 ms)
3: [ RUN      ] data.VerticalEccentricDecorator
3: [2021-10-18 15:53:12.110] [log] [info] DecoratorLogger class jessica::LogDuration<class jessica::DecoratorEnd<class jessica::VerticalEccentric> >
3: [2021-10-18 15:53:12.110] [log] [info] duration 0.0002 ms
3: [2021-10-18 15:53:12.110] [log] [info] DecoratorLogger class jessica::LogDuration<class jessica::DecoratorEnd<class jessica::VerticalEccentric> >
3: [2021-10-18 15:53:12.110] [log] [info] duration 0.0001 ms
3: [2021-10-18 15:53:12.110] [log] [info] DecoratorLogger class jessica::LogDuration<class jessica::DecoratorEnd<class jessica::VerticalEccentric> >
3: [2021-10-18 15:53:12.110] [log] [info] duration 0.001 ms
3: [2021-10-18 15:53:12.111] [log] [info] DecoratorLogger class jessica::LogDuration<class jessica::DecoratorEnd<class jessica::VerticalEccentric> >
3: [2021-10-18 15:53:12.111] [log] [info] duration 0.0001 ms
3: [2021-10-18 15:53:12.111] [log] [info] DecoratorLogger class jessica::LogDuration<class jessica::DecoratorEnd<class jessica::VerticalEccentric> >
3: [2021-10-18 15:53:12.111] [log] [info] duration 0.0001 ms
3: [2021-10-18 15:53:12.111] [log] [info] DecoratorLogger class jessica::LogDuration<class jessica::DecoratorEnd<class jessica::VerticalEccentric> >
3: [2021-10-18 15:53:12.111] [log] [info] duration 0.0007 ms
3: [2021-10-18 15:53:12.111] [log] [info] DecoratorLogger class jessica::LogDuration<class jessica::DecoratorEnd<class jessica::VerticalEccentric> >
3: [2021-10-18 15:53:12.111] [log] [info] duration 0.0001 ms
3: [2021-10-18 15:53:12.111] [log] [info] DecoratorLogger class jessica::LogDuration<class jessica::DecoratorEnd<class jessica::VerticalEccentric> >
3: [2021-10-18 15:53:12.111] [log] [info] duration 0.0001 ms
3: [2021-10-18 15:53:12.111] [log] [info] DecoratorLogger class jessica::LogDuration<class jessica::DecoratorEnd<class jessica::VerticalEccentric> >
3: [2021-10-18 15:53:12.111] [log] [info] duration 0.0001 ms
3: [2021-10-18 15:53:12.111] [log] [info] DecoratorLogger class jessica::LogDuration<class jessica::DecoratorEnd<class jessica::VerticalEccentric> >
3: [2021-10-18 15:53:12.111] [log] [info] duration 0.0001 ms
3: [2021-10-18 15:53:12.111] [log] [info] DecoratorLogger class jessica::LogDuration<class jessica::DecoratorEnd<class jessica::VerticalEccentric> >
3: [2021-10-18 15:53:12.111] [log] [info] duration 0.0001 ms
3: [2021-10-18 15:53:12.111] [log] [info] DecoratorLogger class jessica::LogDuration<class jessica::DecoratorEnd<class jessica::VerticalEccentric> >
3: [2021-10-18 15:53:12.111] [log] [info] duration 0.0001 ms
3: [       OK ] data.VerticalEccentricDecorator (1 ms)
3: [----------] 2 tests from data (1 ms total)
3: 
3: [----------] Global test environment tear-down
3: [==========] 2 tests from 1 test suite ran. (1 ms total)
3: [  PASSED  ] 2 tests.
[HANDLER_OUTPUT] 
3/4 Test #3: TestLoadVerticalEccentric .........
   Passed    0.01 sec
[HANDLER_VERBOSE_OUTPUT] 
test 4

[HANDLER_OUTPUT] 
    Start 4: TestUtilDecorator

[HANDLER_VERBOSE_OUTPUT] 

4: Test command: D:\a\jessica\jessica\build\test\backend\util\Debug\test_util_decorator.exe

4: Test timeout computed to be: 1500
4: Running main() from D:\a\jessica\jessica\vcpkg\buildtrees\gtest\src\ase-1.10.0-9cde347ce0.clean\googletest\src\gtest_main.cc
4: [==========] Running 1 test from 1 test suite.
4: [----------] Global test environment set-up.
4: [----------] 1 test from decorator
4: [ RUN      ] decorator.Test
4: DecoratorLogger class jessica::DecoratorEnd<class DecoratorTest>
4: DecoratorLogger class jessica::DecoratorEnd<class DecoratorTest>
4: [       OK ] decorator.Test (1 ms)
4: [----------] 1 test from decorator (1 ms total)
4: 
4: [----------] Global test environment tear-down
4: [==========] 1 test from 1 test suite ran. (1 ms total)
4: [  PASSED  ] 1 test.
[HANDLER_OUTPUT] 
4/4 Test #4: TestUtilDecorator .................
   Passed    0.01 sec

100% tests passed, 0 tests failed out of 4

Total Test time (real) =   0.66 sec
