[HANDLER_VERBOSE_OUTPUT] 
UpdateCTestConfiguration  from :D:/a/jessica/jessica/build/DartConfiguration.tcl

Parse Config file:D:/a/jessica/jessica/build/DartConfiguration.tcl
UpdateCTestConfiguration  from :D:/a/jessica/jessica/build/DartConfiguration.tcl
Parse Config file:D:/a/jessica/jessica/build/DartConfiguration.tcl
[HANDLER_OUTPUT] 
Test project D:/a/jessica/jessica/build

[HANDLER_VERBOSE_OUTPUT] 
Constructing a list of tests

Done constructing a list of tests
Updating test list for fixtures
Added 0 tests to meet fixture requirements
Checking test dependency graph...
Checking test dependency graph end
test 1
[HANDLER_OUTPUT] 
    Start 1: TestCalcMeyerhof

[HANDLER_VERBOSE_OUTPUT] 

1: Test command: D:\a\jessica\jessica\build\test\backend\calc\geotechnical\Debug\test_calc_meyerhof.exe

1: Test timeout computed to be: 1500
1: [==========] Running 5 tests from 1 test suite.
1: [----------] Global test environment set-up.
1: [----------] 5 tests from data
1: [ RUN      ] data.CalcMeyehof
1: [       OK ] data.CalcMeyehof (25 ms)
1: [ RUN      ] data.CalcMeyehofAllDecorator
1: [2021-12-31 06:41:56.740] [log] [info] DecoratorLogger class jessica::LogDuration<class jessica::DecoratorEndFoundationStrip<class jessica::FoundationStrip> >
1: [2021-12-31 06:41:56.772] [log] [info] duration 0.0033 ms
1: [2021-12-31 06:41:56.772] [log] [info] DecoratorLogger class jessica::LogDuration<class jessica::DecoratorEndVerticalEccentric<class jessica::VerticalEccentric> >
1: [2021-12-31 06:41:56.772] [log] [info] duration 0.0012 ms
1: [2021-12-31 06:41:56.772] [log] [info] DecoratorLogger class jessica::LogDuration<class jessica::DecoratorEndVerticalEccentric<class jessica::VerticalEccentric> >
1: [2021-12-31 06:41:56.772] [log] [info] duration 0.0007 ms
1: [2021-12-31 06:41:56.772] [log] [info] DecoratorLogger class jessica::LogDuration<class jessica::DecoratorEndMeyerhof<class jessica::MeyerhofShallowFoundation<class jessica::DecoratorStartVerticalEccentric<class jessica::LogCall<class jessica::LogDuration<class jessica::DecoratorEndVerticalEccentric<class jessica::VerticalEccentric> > > >,class jessica::DecoratorStartFoundationStrip<class jessica::LogCall<class jessica::LogDuration<class jessica::DecoratorEndFoundationStrip<class jessica::FoundationStrip> > > > > > >
1: [2021-12-31 06:41:56.772] [log] [info] DecoratorLogger class jessica::LogDuration<class jessica::DecoratorEndFoundationStrip<class jessica::FoundationStrip> >
1: [2021-12-31 06:41:56.772] [log] [info] duration 0.0002 ms
1: [2021-12-31 06:41:56.772] [log] [info] DecoratorLogger class jessica::LogDuration<class jessica::DecoratorEndVerticalEccentric<class jessica::VerticalEccentric> >
1: [2021-12-31 06:41:56.772] [log] [info] duration 0.0002 ms
1: [2021-12-31 06:41:56.772] [log] [info] duration 0.0644 ms
1: [2021-12-31 06:41:56.772] [log] [info] DecoratorLogger class jessica::LogDuration<class jessica::DecoratorEndMeyerhof<class jessica::MeyerhofShallowFoundation<class jessica::DecoratorStartVerticalEccentric<class jessica::LogCall<class jessica::LogDuration<class jessica::DecoratorEndVerticalEccentric<class jessica::VerticalEccentric> > > >,class jessica::DecoratorStartFoundationStrip<class jessica::LogCall<class jessica::LogDuration<class jessica::DecoratorEndFoundationStrip<class jessica::FoundationStrip> > > > > > >
1: [2021-12-31 06:41:56.772] [log] [info] DecoratorLogger class jessica::LogDuration<class jessica::DecoratorEndVerticalEccentric<class jessica::VerticalEccentric> >
1: [2021-12-31 06:41:56.772] [log] [info] duration 0.0002 ms
1: [2021-12-31 06:41:56.772] [log] [info] DecoratorLogger class jessica::LogDuration<class jessica::DecoratorEndFoundationStrip<class jessica::FoundationStrip> >
1: [2021-12-31 06:41:56.772] [log] [info] duration 0.0002 ms
1: [2021-12-31 06:41:56.772] [log] [info] DecoratorLogger class jessica::LogDuration<class jessica::DecoratorEndVerticalEccentric<class jessica::VerticalEccentric> >
1: [2021-12-31 06:41:56.772] [log] [info] duration 0.0002 ms
1: [2021-12-31 06:41:56.772] [log] [info] duration 0.099 ms
1: [2021-12-31 06:41:56.772] [log] [info] DecoratorLogger class jessica::LogDuration<class jessica::DecoratorEndVerticalEccentric<class jessica::VerticalEccentric> >
1: [2021-12-31 06:41:56.772] [log] [info] duration 0.0009 ms
1: [2021-12-31 06:41:56.772] [log] [info] DecoratorLogger class jessica::LogDuration<class jessica::DecoratorEndMeyerhof<class jessica::MeyerhofShallowFoundation<class jessica::DecoratorStartVerticalEccentric<class jessica::LogCall<class jessica::LogDuration<class jessica::DecoratorEndVerticalEccentric<class jessica::VerticalEccentric> > > >,class jessica::DecoratorStartFoundationStrip<class jessica::LogCall<class jessica::LogDuration<class jessica::DecoratorEndFoundationStrip<class jessica::FoundationStrip> > > > > > >
1: [2021-12-31 06:41:56.772] [log] [info] DecoratorLogger class jessica::LogDuration<class jessica::DecoratorEndFoundationStrip<class jessica::FoundationStrip> >
1: [2021-12-31 06:41:56.772] [log] [info] duration 0.0001 ms
1: [2021-12-31 06:41:56.772] [log] [info] DecoratorLogger class jessica::LogDuration<class jessica::DecoratorEndVerticalEccentric<class jessica::VerticalEccentric> >
1: [2021-12-31 06:41:56.772] [log] [info] duration 0.0002 ms
1: [2021-12-31 06:41:56.772] [log] [info] duration 0.0564 ms
1: [2021-12-31 06:41:56.772] [log] [info] DecoratorLogger class jessica::LogDuration<class jessica::DecoratorEndMeyerhof<class jessica::MeyerhofShallowFoundation<class jessica::DecoratorStartVerticalEccentric<class jessica::LogCall<class jessica::LogDuration<class jessica::DecoratorEndVerticalEccentric<class jessica::VerticalEccentric> > > >,class jessica::DecoratorStartFoundationStrip<class jessica::LogCall<class jessica::LogDuration<class jessica::DecoratorEndFoundationStrip<class jessica::FoundationStrip> > > > > > >
1: [2021-12-31 06:41:56.772] [log] [info] DecoratorLogger class jessica::LogDuration<class jessica::DecoratorEndVerticalEccentric<class jessica::VerticalEccentric> >
1: [2021-12-31 06:41:56.772] [log] [info] duration 0.0001 ms
1: [2021-12-31 06:41:56.772] [log] [info] DecoratorLogger class jessica::LogDuration<class jessica::DecoratorEndFoundationStrip<class jessica::FoundationStrip> >
1: [2021-12-31 06:41:56.772] [log] [info] duration 0.0001 ms
1: [2021-12-31 06:41:56.772] [log] [info] DecoratorLogger class jessica::LogDuration<class jessica::DecoratorEndVerticalEccentric<class jessica::VerticalEccentric> >
1: [2021-12-31 06:41:56.772] [log] [info] duration 0.0001 ms
1: [2021-12-31 06:41:56.772] [log] [info] duration 0.0889 ms
1: [2021-12-31 06:41:56.772] [log] [info] DecoratorLogger class jessica::LogDuration<class jessica::DecoratorEndMeyerhof<class jessica::MeyerhofShallowFoundation<class jessica::DecoratorStartVerticalEccentric<class jessica::LogCall<class jessica::LogDuration<class jessica::DecoratorEndVerticalEccentric<class jessica::VerticalEccentric> > > >,class jessica::DecoratorStartFoundationStrip<class jessica::LogCall<class jessica::LogDuration<class jessica::DecoratorEndFoundationStrip<class jessica::FoundationStrip> > > > > > >
1: [2021-12-31 06:41:56.772] [log] [info] DecoratorLogger class jessica::LogDuration<class jessica::DecoratorEndFoundationStrip<class jessica::FoundationStrip> >
1: [2021-12-31 06:41:56.772] [log] [info] duration 0.0002 ms
1: [2021-12-31 06:41:56.772] [log] [info] DecoratorLogger class jessica::LogDuration<class jessica::DecoratorEndVerticalEccentric<class jessica::VerticalEccentric> >
1: [2021-12-31 06:41:56.772] [log] [info] duration 0.0001 ms
1: [2021-12-31 06:41:56.772] [log] [info] duration 0.0553 ms
1: [2021-12-31 06:41:56.773] [log] [info] DecoratorLogger class jessica::LogDuration<class jessica::DecoratorEndMeyerhof<class jessica::MeyerhofShallowFoundation<class jessica::DecoratorStartVerticalEccentric<class jessica::LogCall<class jessica::LogDuration<class jessica::DecoratorEndVerticalEccentric<class jessica::VerticalEccentric> > > >,class jessica::DecoratorStartFoundationStrip<class jessica::LogCall<class jessica::LogDuration<class jessica::DecoratorEndFoundationStrip<class jessica::FoundationStrip> > > > > > >
1: [2021-12-31 06:41:56.773] [log] [info] DecoratorLogger class jessica::LogDuration<class jessica::DecoratorEndFoundationStrip<class jessica::FoundationStrip> >
1: [2021-12-31 06:41:56.773] [log] [info] duration 0.0001 ms
1: [2021-12-31 06:41:56.773] [log] [info] DecoratorLogger class jessica::LogDuration<class jessica::DecoratorEndVerticalEccentric<class jessica::VerticalEccentric> >
1: [2021-12-31 06:41:56.773] [log] [info] duration 0.0002 ms
1: [2021-12-31 06:41:56.773] [log] [info] duration 0.0541 ms
1: [2021-12-31 06:41:56.773] [log] [info] DecoratorLogger class jessica::LogDuration<class jessica::DecoratorEndMeyerhof<class jessica::MeyerhofShallowFoundation<class jessica::DecoratorStartVerticalEccentric<class jessica::LogCall<class jessica::LogDuration<class jessica::DecoratorEndVerticalEccentric<class jessica::VerticalEccentric> > > >,class jessica::DecoratorStartFoundationStrip<class jessica::LogCall<class jessica::LogDuration<class jessica::DecoratorEndFoundationStrip<class jessica::FoundationStrip> > > > > > >
1: [2021-12-31 06:41:56.773] [log] [info] DecoratorLogger class jessica::LogDuration<class jessica::DecoratorEndVerticalEccentric<class jessica::VerticalEccentric> >
1: [2021-12-31 06:41:56.773] [log] [info] duration 0.0001 ms
1: [2021-12-31 06:41:56.773] [log] [info] DecoratorLogger class jessica::LogDuration<class jessica::DecoratorEndFoundationStrip<class jessica::FoundationStrip> >
1: [2021-12-31 06:41:56.773] [log] [info] duration 0.0002 ms
1: [2021-12-31 06:41:56.773] [log] [info] DecoratorLogger class jessica::LogDuration<class jessica::DecoratorEndVerticalEccentric<class jessica::VerticalEccentric> >
1: [2021-12-31 06:41:56.773] [log] [info] duration 0.0017 ms
1: [2021-12-31 06:41:56.773] [log] [info] duration 0.1588 ms
1: [2021-12-31 06:41:56.773] [log] [info] DecoratorLogger class jessica::LogDuration<class jessica::DecoratorEndMeyerhof<class jessica::MeyerhofShallowFoundation<class jessica::DecoratorStartVerticalEccentric<class jessica::LogCall<class jessica::LogDuration<class jessica::DecoratorEndVerticalEccentric<class jessica::VerticalEccentric> > > >,class jessica::DecoratorStartFoundationStrip<class jessica::LogCall<class jessica::LogDuration<class jessica::DecoratorEndFoundationStrip<class jessica::FoundationStrip> > > > > > >
1: [2021-12-31 06:41:56.773] [log] [info] DecoratorLogger class jessica::LogDuration<class jessica::DecoratorEndVerticalEccentric<class jessica::VerticalEccentric> >
1: [2021-12-31 06:41:56.773] [log] [info] duration 0.0001 ms
1: [2021-12-31 06:41:56.773] [log] [info] DecoratorLogger class jessica::LogDuration<class jessica::DecoratorEndFoundationStrip<class jessica::FoundationStrip> >
1: [2021-12-31 06:41:56.773] [log] [info] duration 0.0002 ms
1: [2021-12-31 06:41:56.773] [log] [info] DecoratorLogger class jessica::LogDuration<class jessica::DecoratorEndVerticalEccentric<class jessica::VerticalEccentric> >
1: [2021-12-31 06:41:56.773] [log] [info] duration 0.0002 ms
1: [2021-12-31 06:41:56.773] [log] [info] duration 0.0832 ms
1: [2021-12-31 06:41:56.773] [log] [info] DecoratorLogger class jessica::LogDuration<class jessica::DecoratorEndVerticalEccentric<class jessica::VerticalEccentric> >
1: [2021-12-31 06:41:56.773] [log] [info] duration 0.0011 ms
1: [2021-12-31 06:41:56.773] [log] [info] DecoratorLogger class jessica::LogDuration<class jessica::DecoratorEndMeyerhof<class jessica::MeyerhofShallowFoundation<class jessica::DecoratorStartVerticalEccentric<class jessica::LogCall<class jessica::LogDuration<class jessica::DecoratorEndVerticalEccentric<class jessica::VerticalEccentric> > > >,class jessica::DecoratorStartFoundationStrip<class jessica::LogCall<class jessica::LogDuration<class jessica::DecoratorEndFoundationStrip<class jessica::FoundationStrip> > > > > > >
1: [2021-12-31 06:41:56.773] [log] [info] DecoratorLogger class jessica::LogDuration<class jessica::DecoratorEndFoundationStrip<class jessica::FoundationStrip> >
1: [2021-12-31 06:41:56.773] [log] [info] duration 0.0001 ms
1: [2021-12-31 06:41:56.773] [log] [info] DecoratorLogger class jessica::LogDuration<class jessica::DecoratorEndVerticalEccentric<class jessica::VerticalEccentric> >
1: [2021-12-31 06:41:56.773] [log] [info] duration 0.0001 ms
1: [2021-12-31 06:41:56.773] [log] [info] duration 0.0551 ms
1: [2021-12-31 06:41:56.773] [log] [info] DecoratorLogger class jessica::LogDuration<class jessica::DecoratorEndVerticalEccentric<class jessica::VerticalEccentric> >
1: [2021-12-31 06:41:56.773] [log] [info] duration 0.0007 ms
1: [2021-12-31 06:41:56.773] [log] [info] DecoratorLogger class jessica::LogDuration<class jessica::DecoratorEndMeyerhof<class jessica::MeyerhofShallowFoundation<class jessica::DecoratorStartVerticalEccentric<class jessica::LogCall<class jessica::LogDuration<class jessica::DecoratorEndVerticalEccentric<class jessica::VerticalEccentric> > > >,class jessica::DecoratorStartFoundationStrip<class jessica::LogCall<class jessica::LogDuration<class jessica::DecoratorEndFoundationStrip<class jessica::FoundationStrip> > > > > > >
1: [2021-12-31 06:41:56.773] [log] [info] DecoratorLogger class jessica::LogDuration<class jessica::DecoratorEndFoundationStrip<class jessica::FoundationStrip> >
1: [2021-12-31 06:41:56.773] [log] [info] duration 0.0001 ms
1: [2021-12-31 06:41:56.773] [log] [info] DecoratorLogger class jessica::LogDuration<class jessica::DecoratorEndVerticalEccentric<class jessica::VerticalEccentric> >
1: [2021-12-31 06:41:56.773] [log] [info] duration 0.0001 ms
1: [2021-12-31 06:41:56.773] [log] [info] duration 0.0594 ms
1: [       OK ] data.CalcMeyehofAllDecorator (33 ms)
1: [ RUN      ] data.CalcMeyehofMainDecorator
1: [2021-12-31 06:41:56.774] [log] [info] DecoratorLogger class jessica::LogDuration<class jessica::DecoratorEndMeyerhof<class jessica::MeyerhofShallowFoundation<class jessica::VerticalEccentric,class jessica::FoundationStrip> > >
1: [2021-12-31 06:41:56.774] [log] [info] duration 0.0008 ms
1: [2021-12-31 06:41:56.774] [log] [info] DecoratorLogger class jessica::LogDuration<class jessica::DecoratorEndMeyerhof<class jessica::MeyerhofShallowFoundation<class jessica::VerticalEccentric,class jessica::FoundationStrip> > >
1: [2021-12-31 06:41:56.774] [log] [info] duration 0.0005 ms
1: [2021-12-31 06:41:56.774] [log] [info] DecoratorLogger class jessica::LogDuration<class jessica::DecoratorEndMeyerhof<class jessica::MeyerhofShallowFoundation<class jessica::VerticalEccentric,class jessica::FoundationStrip> > >
1: [2021-12-31 06:41:56.774] [log] [info] duration 0.0002 ms
1: [2021-12-31 06:41:56.774] [log] [info] DecoratorLogger class jessica::LogDuration<class jessica::DecoratorEndMeyerhof<class jessica::MeyerhofShallowFoundation<class jessica::VerticalEccentric,class jessica::FoundationStrip> > >
1: [2021-12-31 06:41:56.774] [log] [info] duration 0.0003 ms
1: [2021-12-31 06:41:56.774] [log] [info] DecoratorLogger class jessica::LogDuration<class jessica::DecoratorEndMeyerhof<class jessica::MeyerhofShallowFoundation<class jessica::VerticalEccentric,class jessica::FoundationStrip> > >
1: [2021-12-31 06:41:56.774] [log] [info] duration 0.0002 ms
1: [2021-12-31 06:41:56.774] [log] [info] DecoratorLogger class jessica::LogDuration<class jessica::DecoratorEndMeyerhof<class jessica::MeyerhofShallowFoundation<class jessica::VerticalEccentric,class jessica::FoundationStrip> > >
1: [2021-12-31 06:41:56.774] [log] [info] duration 0.0002 ms
1: [2021-12-31 06:41:56.774] [log] [info] DecoratorLogger class jessica::LogDuration<class jessica::DecoratorEndMeyerhof<class jessica::MeyerhofShallowFoundation<class jessica::VerticalEccentric,class jessica::FoundationStrip> > >
1: [2021-12-31 06:41:56.774] [log] [info] duration 0.0003 ms
1: [2021-12-31 06:41:56.774] [log] [info] DecoratorLogger class jessica::LogDuration<class jessica::DecoratorEndMeyerhof<class jessica::MeyerhofShallowFoundation<class jessica::VerticalEccentric,class jessica::FoundationStrip> > >
1: [2021-12-31 06:41:56.774] [log] [info] duration 0.0002 ms
1: [2021-12-31 06:41:56.774] [log] [info] DecoratorLogger class jessica::LogDuration<class jessica::DecoratorEndMeyerhof<class jessica::MeyerhofShallowFoundation<class jessica::VerticalEccentric,class jessica::FoundationStrip> > >
1: [2021-12-31 06:41:56.774] [log] [info] duration 0.0003 ms
1: [2021-12-31 06:41:56.774] [log] [info] DecoratorLogger class jessica::LogDuration<class jessica::DecoratorEndMeyerhof<class jessica::MeyerhofShallowFoundation<class jessica::VerticalEccentric,class jessica::FoundationStrip> > >
1: [2021-12-31 06:41:56.774] [log] [info] duration 0.0003 ms
1: [2021-12-31 06:41:56.775] [log] [info] DecoratorLogger class jessica::LogDuration<class jessica::DecoratorEndMeyerhof<class jessica::MeyerhofShallowFoundation<class jessica::VerticalEccentric,class jessica::FoundationStrip> > >
1: [2021-12-31 06:41:56.775] [log] [info] duration 0.0003 ms
1: [2021-12-31 06:41:56.775] [log] [info] DecoratorLogger class jessica::LogDuration<class jessica::DecoratorEndMeyerhof<class jessica::MeyerhofShallowFoundation<class jessica::VerticalEccentric,class jessica::FoundationStrip> > >
1: [2021-12-31 06:41:56.775] [log] [info] duration 0.0002 ms
1: [2021-12-31 06:41:56.775] [log] [info] DecoratorLogger class jessica::LogDuration<class jessica::DecoratorEndMeyerhof<class jessica::MeyerhofShallowFoundation<class jessica::VerticalEccentric,class jessica::FoundationStrip> > >
1: [2021-12-31 06:41:56.775] [log] [info] duration 0.0004 ms
1: [2021-12-31 06:41:56.775] [log] [info] DecoratorLogger class jessica::LogDuration<class jessica::DecoratorEndMeyerhof<class jessica::MeyerhofShallowFoundation<class jessica::VerticalEccentric,class jessica::FoundationStrip> > >
1: [2021-12-31 06:41:56.775] [log] [info] duration 0.0002 ms
1: [       OK ] data.CalcMeyehofMainDecorator (2 ms)
1: [ RUN      ] data.CalcMeyehofChildrenAccess
1: [2021-12-31 06:41:56.777] [log] [info] DecoratorLogger class jessica::LogDuration<class jessica::DecoratorEndMeyerhof<class jessica::MeyerhofShallowFoundation<class jessica::VerticalEccentric,class jessica::FoundationStrip> > >
1: [2021-12-31 06:41:56.777] [log] [info] duration 0.003 ms
1: [2021-12-31 06:41:56.777] [log] [info] DecoratorLogger class jessica::LogDuration<class jessica::DecoratorEndMeyerhof<class jessica::MeyerhofShallowFoundation<class jessica::VerticalEccentric,class jessica::FoundationStrip> > >
1: [2021-12-31 06:41:56.777] [log] [info] duration 0.0017 ms
1: [2021-12-31 06:41:56.777] [log] [info] DecoratorLogger class jessica::LogDuration<class jessica::DecoratorEndMeyerhof<class jessica::MeyerhofShallowFoundation<class jessica::VerticalEccentric,class jessica::FoundationStrip> > >
1: [2021-12-31 06:41:56.777] [log] [info] duration 0.0019 ms
1: [2021-12-31 06:41:56.777] [log] [info] DecoratorLogger class jessica::LogDuration<class jessica::DecoratorEndMeyerhof<class jessica::MeyerhofShallowFoundation<class jessica::VerticalEccentric,class jessica::FoundationStrip> > >
1: [2021-12-31 06:41:56.777] [log] [info] duration 0.0003 ms
1: [2021-12-31 06:41:56.777] [log] [info] DecoratorLogger class jessica::LogDuration<class jessica::DecoratorEndMeyerhof<class jessica::MeyerhofShallowFoundation<class jessica::VerticalEccentric,class jessica::FoundationStrip> > >
1: [2021-12-31 06:41:56.777] [log] [info] duration 0.0002 ms
1: [2021-12-31 06:41:56.777] [log] [info] DecoratorLogger class jessica::LogDuration<class jessica::DecoratorEndMeyerhof<class jessica::MeyerhofShallowFoundation<class jessica::VerticalEccentric,class jessica::FoundationStrip> > >
1: [2021-12-31 06:41:56.777] [log] [info] duration 0.0003 ms
1: [2021-12-31 06:41:56.777] [log] [info] DecoratorLogger class jessica::LogDuration<class jessica::DecoratorEndMeyerhof<class jessica::MeyerhofShallowFoundation<class jessica::VerticalEccentric,class jessica::FoundationStrip> > >
1: [2021-12-31 06:41:56.777] [log] [info] duration 0.0003 ms
1: [2021-12-31 06:41:56.777] [log] [info] DecoratorLogger class jessica::LogDuration<class jessica::DecoratorEndMeyerhof<class jessica::MeyerhofShallowFoundation<class jessica::VerticalEccentric,class jessica::FoundationStrip> > >
1: [2021-12-31 06:41:56.777] [log] [info] duration 0.0003 ms
1: [2021-12-31 06:41:56.778] [log] [info] DecoratorLogger class jessica::LogDuration<class jessica::DecoratorEndMeyerhof<class jessica::MeyerhofShallowFoundation<class jessica::VerticalEccentric,class jessica::FoundationStrip> > >
1: [2021-12-31 06:41:56.778] [log] [info] duration 0.0004 ms
1: [2021-12-31 06:41:56.778] [log] [info] DecoratorLogger class jessica::LogDuration<class jessica::DecoratorEndMeyerhof<class jessica::MeyerhofShallowFoundation<class jessica::VerticalEccentric,class jessica::FoundationStrip> > >
1: [2021-12-31 06:41:56.778] [log] [info] duration 0.0003 ms
1: [2021-12-31 06:41:56.778] [log] [info] DecoratorLogger class jessica::LogDuration<class jessica::DecoratorEndMeyerhof<class jessica::MeyerhofShallowFoundation<class jessica::VerticalEccentric,class jessica::FoundationStrip> > >
1: [2021-12-31 06:41:56.778] [log] [info] duration 0.0004 ms
1: [2021-12-31 06:41:56.778] [log] [info] DecoratorLogger class jessica::LogDuration<class jessica::DecoratorEndMeyerhof<class jessica::MeyerhofShallowFoundation<class jessica::VerticalEccentric,class jessica::FoundationStrip> > >
1: [2021-12-31 06:41:56.778] [log] [info] duration 0.0003 ms
1: [       OK ] data.CalcMeyehofChildrenAccess (2 ms)
1: [ RUN      ] data.MeyerhofShallowFoundationWebServicesRestBed
1: [       OK ] data.MeyerhofShallowFoundationWebServicesRestBed (5044 ms)
1: [----------] 5 tests from data (5108 ms total)
1: 
1: [----------] Global test environment tear-down
1: [==========] 5 tests from 1 test suite ran. (5143 ms total)
1: [  PASSED  ] 5 tests.
[HANDLER_OUTPUT] 
1/4 Test #1: TestCalcMeyerhof ..................
   Passed    5.60 sec
[HANDLER_VERBOSE_OUTPUT] 
test 2

[HANDLER_OUTPUT] 
    Start 2: TestGeotechnicalFoundationStrip

[HANDLER_VERBOSE_OUTPUT] 

2: Test command: D:\a\jessica\jessica\build\test\backend\data\Debug\test_geotechnical_foundation_strip.exe

2: Test timeout computed to be: 1500
2: [==========] Running 3 tests from 1 test suite.
2: [----------] Global test environment set-up.
2: [----------] 3 tests from data
2: [ RUN      ] data.FoundationStrip
2: [       OK ] data.FoundationStrip (1 ms)
2: [ RUN      ] data.FoundationStripDecorator
2: [2021-12-31 06:42:01.866] [log] [info] DecoratorLogger class jessica::LogDuration<class jessica::DecoratorEndFoundationStrip<class jessica::FoundationStrip> >
2: [2021-12-31 06:42:01.867] [log] [info] duration 0.0004 ms
2: [2021-12-31 06:42:01.867] [log] [info] DecoratorLogger class jessica::LogDuration<class jessica::DecoratorEndFoundationStrip<class jessica::FoundationStrip> >
2: [2021-12-31 06:42:01.867] [log] [info] duration 0.0012 ms
2: [2021-12-31 06:42:01.867] [log] [info] DecoratorLogger class jessica::LogDuration<class jessica::DecoratorEndFoundationStrip<class jessica::FoundationStrip> >
2: [2021-12-31 06:42:01.867] [log] [info] duration 0.0001 ms
2: [2021-12-31 06:42:01.867] [log] [info] DecoratorLogger class jessica::LogDuration<class jessica::DecoratorEndFoundationStrip<class jessica::FoundationStrip> >
2: [2021-12-31 06:42:01.867] [log] [info] duration 0.0002 ms
2: [2021-12-31 06:42:01.867] [log] [info] DecoratorLogger class jessica::LogDuration<class jessica::DecoratorEndFoundationStrip<class jessica::FoundationStrip> >
2: [2021-12-31 06:42:01.867] [log] [info] duration 0.0001 ms
2: [2021-12-31 06:42:01.867] [log] [info] DecoratorLogger class jessica::LogDuration<class jessica::DecoratorEndFoundationStrip<class jessica::FoundationStrip> >
2: [2021-12-31 06:42:01.867] [log] [info] duration 0.0001 ms
2: [2021-12-31 06:42:01.867] [log] [info] DecoratorLogger class jessica::LogDuration<class jessica::DecoratorEndFoundationStrip<class jessica::FoundationStrip> >
2: [2021-12-31 06:42:01.868] [log] [info] duration 0.0002 ms
2: [2021-12-31 06:42:01.868] [log] [info] DecoratorLogger class jessica::LogDuration<class jessica::DecoratorEndFoundationStrip<class jessica::FoundationStrip> >
2: [2021-12-31 06:42:01.868] [log] [info] duration 0.0001 ms
2: [       OK ] data.FoundationStripDecorator (1 ms)
2: [ RUN      ] data.FoundationStripWebServicesRestBed
2: [       OK ] data.FoundationStripWebServicesRestBed (5019 ms)
2: [----------] 3 tests from data (5022 ms total)
2: 
2: [----------] Global test environment tear-down
2: [==========] 3 tests from 1 test suite ran. (5023 ms total)
2: [  PASSED  ] 3 tests.
[HANDLER_OUTPUT] 
2/4 Test #2: TestGeotechnicalFoundationStrip ...
   Passed    5.04 sec
[HANDLER_VERBOSE_OUTPUT] 
test 3

[HANDLER_OUTPUT] 
    Start 3: TestLoadVerticalEccentric

[HANDLER_VERBOSE_OUTPUT] 

3: Test command: D:\a\jessica\jessica\build\test\backend\data\Debug\test_load_vertical_eccentric.exe

3: Test timeout computed to be: 1500
3: [==========] Running 3 tests from 1 test suite.
3: [----------] Global test environment set-up.
3: [----------] 3 tests from data
3: [ RUN      ] data.VerticalEccentric
3: [       OK ] data.VerticalEccentric (1 ms)
3: [ RUN      ] data.VerticalEccentricDecorator
3: [2021-12-31 06:42:06.907] [log] [info] DecoratorLogger class jessica::LogDuration<class jessica::DecoratorEndVerticalEccentric<class jessica::VerticalEccentric> >
3: [2021-12-31 06:42:06.908] [log] [info] duration 0.0004 ms
3: [2021-12-31 06:42:06.908] [log] [info] DecoratorLogger class jessica::LogDuration<class jessica::DecoratorEndVerticalEccentric<class jessica::VerticalEccentric> >
3: [2021-12-31 06:42:06.908] [log] [info] duration 0.0002 ms
3: [2021-12-31 06:42:06.908] [log] [info] DecoratorLogger class jessica::LogDuration<class jessica::DecoratorEndVerticalEccentric<class jessica::VerticalEccentric> >
3: [2021-12-31 06:42:06.908] [log] [info] duration 0.0015 ms
3: [2021-12-31 06:42:06.908] [log] [info] DecoratorLogger class jessica::LogDuration<class jessica::DecoratorEndVerticalEccentric<class jessica::VerticalEccentric> >
3: [2021-12-31 06:42:06.908] [log] [info] duration 0.0002 ms
3: [2021-12-31 06:42:06.908] [log] [info] DecoratorLogger class jessica::LogDuration<class jessica::DecoratorEndVerticalEccentric<class jessica::VerticalEccentric> >
3: [2021-12-31 06:42:06.908] [log] [info] duration 0.0002 ms
3: [2021-12-31 06:42:06.908] [log] [info] DecoratorLogger class jessica::LogDuration<class jessica::DecoratorEndVerticalEccentric<class jessica::VerticalEccentric> >
3: [2021-12-31 06:42:06.908] [log] [info] duration 0.0011 ms
3: [2021-12-31 06:42:06.908] [log] [info] DecoratorLogger class jessica::LogDuration<class jessica::DecoratorEndVerticalEccentric<class jessica::VerticalEccentric> >
3: [2021-12-31 06:42:06.908] [log] [info] duration 0.0001 ms
3: [2021-12-31 06:42:06.908] [log] [info] DecoratorLogger class jessica::LogDuration<class jessica::DecoratorEndVerticalEccentric<class jessica::VerticalEccentric> >
3: [2021-12-31 06:42:06.908] [log] [info] duration 0.0002 ms
3: [2021-12-31 06:42:06.908] [log] [info] DecoratorLogger class jessica::LogDuration<class jessica::DecoratorEndVerticalEccentric<class jessica::VerticalEccentric> >
3: [2021-12-31 06:42:06.909] [log] [info] duration 0.0002 ms
3: [2021-12-31 06:42:06.909] [log] [info] DecoratorLogger class jessica::LogDuration<class jessica::DecoratorEndVerticalEccentric<class jessica::VerticalEccentric> >
3: [2021-12-31 06:42:06.909] [log] [info] duration 0.0002 ms
3: [2021-12-31 06:42:06.909] [log] [info] DecoratorLogger class jessica::LogDuration<class jessica::DecoratorEndVerticalEccentric<class jessica::VerticalEccentric> >
3: [2021-12-31 06:42:06.909] [log] [info] duration 0.0001 ms
3: [2021-12-31 06:42:06.909] [log] [info] DecoratorLogger class jessica::LogDuration<class jessica::DecoratorEndVerticalEccentric<class jessica::VerticalEccentric> >
3: [2021-12-31 06:42:06.909] [log] [info] duration 0.0001 ms
3: [2021-12-31 06:42:06.909] [log] [info] DecoratorLogger class jessica::LogDuration<class jessica::DecoratorEndVerticalEccentric<class jessica::VerticalEccentric> >
3: [2021-12-31 06:42:06.909] [log] [info] duration 0.0002 ms
3: [2021-12-31 06:42:06.909] [log] [info] DecoratorLogger class jessica::LogDuration<class jessica::DecoratorEndVerticalEccentric<class jessica::VerticalEccentric> >
3: [2021-12-31 06:42:06.909] [log] [info] duration 0.0002 ms
3: [2021-12-31 06:42:06.909] [log] [info] DecoratorLogger class jessica::LogDuration<class jessica::DecoratorEndVerticalEccentric<class jessica::VerticalEccentric> >
3: [2021-12-31 06:42:06.909] [log] [info] duration 0.0002 ms
3: [2021-12-31 06:42:06.909] [log] [info] DecoratorLogger class jessica::LogDuration<class jessica::DecoratorEndVerticalEccentric<class jessica::VerticalEccentric> >
3: [2021-12-31 06:42:06.909] [log] [info] duration 0.0002 ms
3: [       OK ] data.VerticalEccentricDecorator (2 ms)
3: [ RUN      ] data.VerticalEccentricWebServicesRestBed
3: [       OK ] data.VerticalEccentricWebServicesRestBed (5018 ms)
3: [----------] 3 tests from data (5023 ms total)
3: 
3: [----------] Global test environment tear-down
3: [==========] 3 tests from 1 test suite ran. (5023 ms total)
3: [  PASSED  ] 3 tests.
[HANDLER_OUTPUT] 
3/4 Test #3: TestLoadVerticalEccentric .........
   Passed    5.04 sec
[HANDLER_VERBOSE_OUTPUT] 
test 4

[HANDLER_OUTPUT] 
    Start 4: TestUtilDecorator

[HANDLER_VERBOSE_OUTPUT] 

4: Test command: D:\a\jessica\jessica\build\test\backend\util\Debug\test_util_decorator.exe

4: Test timeout computed to be: 1500
4: Running main() from D:\a\jessica\jessica\vcpkg\buildtrees\gtest\src\ase-1.11.0-7d339f16d4.clean\googletest\src\gtest_main.cc
4: [==========] Running 1 test from 1 test suite.
4: [----------] Global test environment set-up.
4: [----------] 1 test from decorator
4: [ RUN      ] decorator.Test
4: DecoratorLogger class DecoratorEndTest<class DecoratorTest>
4: DecoratorLogger class DecoratorEndTest<class DecoratorTest>
4: [       OK ] decorator.Test (0 ms)
4: [----------] 1 test from decorator (0 ms total)
4: 
4: [----------] Global test environment tear-down
4: [==========] 1 test from 1 test suite ran. (0 ms total)
4: [  PASSED  ] 1 test.
[HANDLER_OUTPUT] 
4/4 Test #4: TestUtilDecorator .................
   Passed    0.01 sec

100% tests passed, 0 tests failed out of 4

Total Test time (real) =  15.77 sec
