[HANDLER_VERBOSE_OUTPUT] 
UpdateCTestConfiguration  from :/home/runner/work/jessica/jessica/build/DartConfiguration.tcl

Parse Config file:/home/runner/work/jessica/jessica/build/DartConfiguration.tcl
UpdateCTestConfiguration  from :/home/runner/work/jessica/jessica/build/DartConfiguration.tcl
Parse Config file:/home/runner/work/jessica/jessica/build/DartConfiguration.tcl
[HANDLER_OUTPUT] 
Test project /home/runner/work/jessica/jessica/build

[HANDLER_VERBOSE_OUTPUT] 
Constructing a list of tests

Done constructing a list of tests
Updating test list for fixtures
Added 0 tests to meet fixture requirements
Checking test dependency graph...
Checking test dependency graph end
test 1
[HANDLER_OUTPUT] 
    Start 1: NpmAngular

[HANDLER_VERBOSE_OUTPUT] 

1: Test command: /opt/hostedtoolcache/node/14.19.3/x64/bin/npm "run" "test" "--verbose"

1: Test timeout computed to be: 1500
1: npm info it worked if it ends with ok
1: npm verb cli [
1: npm verb cli   '/opt/hostedtoolcache/node/14.19.3/x64/bin/node',
1: npm verb cli   '/opt/hostedtoolcache/node/14.19.3/x64/bin/npm',
1: npm verb cli   'run',
1: npm verb cli   'test',
1: npm verb cli   '--verbose'
1: npm verb cli ]
1: npm info using npm@6.14.17
1: npm info using node@v14.19.3
1: npm verb run-script [ 'pretest', 'test', 'posttest' ]
1: npm info lifecycle angular@0.0.0~pretest: angular@0.0.0
1: npm info lifecycle angular@0.0.0~test: angular@0.0.0
1: 
1: > angular@0.0.0 test /home/runner/work/jessica/jessica/src/angular
1: > ng test --no-watch --no-progress --browsers=ChromeHeadless
1: 
1: 05 07 2022 19:22:56.605:INFO [karma-server]: Karma v6.4.0 server started at http://localhost:9876/
1: 05 07 2022 19:22:56.608:INFO [launcher]: Launching browsers ChromeHeadless with concurrency unlimited
1: 05 07 2022 19:22:56.612:INFO [launcher]: Starting browser ChromeHeadless
1: 05 07 2022 19:22:57.197:INFO [Chrome Headless 103.0.5060.53 (Linux x86_64)]: Connected on socket Bu7jy0EorULpf7wwAAAB with id 85178044
1: Chrome Headless 103.0.5060.53 (Linux x86_64): Executed 0 of 4 SUCCESS (0 secs / 0 secs)
1: [1A[2KChrome Headless 103.0.5060.53 (Linux x86_64): Executed 1 of 4 SUCCESS (0 secs / 0.037 secs)
1: [1A[2KChrome Headless 103.0.5060.53 (Linux x86_64): Executed 2 of 4 SUCCESS (0 secs / 0.043 secs)
1: [1A[2KChrome Headless 103.0.5060.53 (Linux x86_64): Executed 3 of 4 SUCCESS (0 secs / 0.047 secs)
1: [1A[2KChrome Headless 103.0.5060.53 (Linux x86_64): Executed 4 of 4 SUCCESS (0 secs / 0.049 secs)
1: [1A[2KChrome Headless 103.0.5060.53 (Linux x86_64): Executed 4 of 4 SUCCESS (0.062 secs / 0.049 secs)
1: TOTAL: 4 SUCCESS
1: 05 07 2022 19:23:20.060:INFO [karma-server]: Karma v6.4.0 server started at http://localhost:9876/
1: 05 07 2022 19:23:20.060:INFO [launcher]: Launching browsers ChromeHeadless with concurrency unlimited
1: 05 07 2022 19:23:20.063:INFO [launcher]: Starting browser ChromeHeadless
1: 05 07 2022 19:23:20.311:INFO [Chrome Headless 103.0.5060.53 (Linux x86_64)]: Connected on socket CWD6r6omwB5s3qM9AAAD with id 50616793
1: Chrome Headless 103.0.5060.53 (Linux x86_64): Executed 0 of 7 SUCCESS (0 secs / 0 secs)
1: [1A[2KChrome Headless 103.0.5060.53 (Linux x86_64): Executed 1 of 7 SUCCESS (0 secs / 0.058 secs)
1: [1A[2KChrome Headless 103.0.5060.53 (Linux x86_64): Executed 2 of 7 SUCCESS (0 secs / 0.067 secs)
1: [1A[2KChrome Headless 103.0.5060.53 (Linux x86_64): Executed 3 of 7 SUCCESS (0 secs / 0.079 secs)
1: [1A[2KChrome Headless 103.0.5060.53 (Linux x86_64): Executed 4 of 7 SUCCESS (0 secs / 0.082 secs)
1: [1A[2KChrome Headless 103.0.5060.53 (Linux x86_64): Executed 5 of 7 SUCCESS (0 secs / 0.092 secs)
1: [1A[2KChrome Headless 103.0.5060.53 (Linux x86_64): Executed 6 of 7 SUCCESS (0 secs / 0.099 secs)
1: [1A[2KChrome Headless 103.0.5060.53 (Linux x86_64): Executed 7 of 7 SUCCESS (0 secs / 0.104 secs)
1: [1A[2KChrome Headless 103.0.5060.53 (Linux x86_64): Executed 7 of 7 SUCCESS (0.143 secs / 0.104 secs)
1: TOTAL: 7 SUCCESS
1: 05 07 2022 19:23:46.371:INFO [karma-server]: Karma v6.4.0 server started at http://localhost:9876/
1: 05 07 2022 19:23:46.372:INFO [launcher]: Launching browsers ChromeHeadless with concurrency unlimited
1: 05 07 2022 19:23:46.374:INFO [launcher]: Starting browser ChromeHeadless
1: 05 07 2022 19:23:46.600:INFO [Chrome Headless 103.0.5060.53 (Linux x86_64)]: Connected on socket lpWkbLseElzVD-f2AAAF with id 74221430
1: Chrome Headless 103.0.5060.53 (Linux x86_64): Executed 0 of 3 SUCCESS (0 secs / 0 secs)
1: [1A[2KChrome Headless 103.0.5060.53 (Linux x86_64): Executed 1 of 3 SUCCESS (0 secs / 0.059 secs)
1: [1A[2KChrome Headless 103.0.5060.53 (Linux x86_64): Executed 2 of 3 SUCCESS (0 secs / 0.093 secs)
1: [1A[2KChrome Headless 103.0.5060.53 (Linux x86_64): Executed 3 of 3 SUCCESS (0 secs / 0.112 secs)
1: [1A[2KChrome Headless 103.0.5060.53 (Linux x86_64): Executed 3 of 3 SUCCESS (0.129 secs / 0.112 secs)
1: TOTAL: 3 SUCCESS
1: npm verb lifecycle angular@0.0.0~test: unsafe-perm in lifecycle true
1: npm verb lifecycle angular@0.0.0~test: PATH: /opt/hostedtoolcache/node/14.19.3/x64/lib/node_modules/npm/node_modules/npm-lifecycle/node-gyp-bin:/home/runner/work/jessica/jessica/src/angular/node_modules/.bin:/home/runner/work/jessica/jessica/emsdk/upstream/emscripten:/home/runner/work/jessica/jessica/emsdk:/opt/hostedtoolcache/node/14.19.3/x64/bin:/home/linuxbrew/.linuxbrew/bin:/home/linuxbrew/.linuxbrew/sbin:/home/runner/.local/bin:/opt/pipx_bin:/home/runner/.cargo/bin:/home/runner/.config/composer/vendor/bin:/usr/local/.ghcup/bin:/home/runner/.dotnet/tools:/snap/bin:/usr/local/sbin:/usr/local/bin:/usr/sbin:/usr/bin:/sbin:/bin:/usr/games:/usr/local/games:/snap/bin
1: npm verb lifecycle angular@0.0.0~test: CWD: /home/runner/work/jessica/jessica/src/angular
1: npm info lifecycle angular@0.0.0~posttest: angular@0.0.0
1: npm verb exit [ 0, true ]
1: npm timing npm Completed in 78359ms
1: npm info ok 
[HANDLER_OUTPUT] 
1/2 Test #1: NpmAngular .......................
   Passed   78.59 sec
[HANDLER_VERBOSE_OUTPUT] 
test 2

[HANDLER_OUTPUT] 
    Start 2: NpmTest

[HANDLER_VERBOSE_OUTPUT] 

2: Test command: /opt/hostedtoolcache/node/14.19.3/x64/bin/npm "run" "test" "--verbose"

2: Test timeout computed to be: 1500
2: npm info it worked if it ends with ok
2: npm verb cli [
2: npm verb cli   '/opt/hostedtoolcache/node/14.19.3/x64/bin/node',
2: npm verb cli   '/opt/hostedtoolcache/node/14.19.3/x64/bin/npm',
2: npm verb cli   'run',
2: npm verb cli   'test',
2: npm verb cli   '--verbose'
2: npm verb cli ]
2: npm info using npm@6.14.17
2: npm info using node@v14.19.3
2: npm verb run-script [ 'pretest', 'test', 'posttest' ]
2: npm info lifecycle @~pretest: @
2: npm info lifecycle @~test: @
2: 
2: > @ test /home/runner/work/jessica/jessica/build/test/javascript
2: > node --trace-warnings --unhandled-rejections=strict node_modules/.bin/jest
2: 
2:   console.log
2:     [2022-07-05 19:23:50.006] [log] [info] DecoratorLogger N7jessica11LogDurationINS_20DecoratorEndMeyerhofINS_25MeyerhofShallowFoundationINS_17VerticalEccentricENS_15FoundationStripEEEEEEE
2: 
2:       at console.<anonymous> (node_modules/jest-mock/build/index.js:839:25)
2: 
2:   console.log
2:     [2022-07-05 19:23:50.141] [log] [info] duration 0.014101 ms
2: 
2:       at console.<anonymous> (node_modules/jest-mock/build/index.js:839:25)
2: 
2:   console.log
2:     [2022-07-05 19:23:50.144] [log] [info] DecoratorLogger N7jessica11LogDurationINS_20DecoratorEndMeyerhofINS_25MeyerhofShallowFoundationINS_17VerticalEccentricENS_15FoundationStripEEEEEEE
2: 
2:       at console.<anonymous> (node_modules/jest-mock/build/index.js:839:25)
2: 
2:   console.log
2:     [2022-07-05 19:23:50.145] [log] [info] duration 0.005599 ms
2: 
2:       at console.<anonymous> (node_modules/jest-mock/build/index.js:839:25)
2: 
2: PASS ./jessica.test.js
2:   âœ“ WarmUpJessica (39 ms)
2:   âœ“ VerticalEccentric (67 ms)
2:   âœ“ FoundationStrip (51 ms)
2:   âœ“ CalcMeyehof (173 ms)
2: 
2: Test Suites: 1 passed, 1 total
2: Tests:       4 passed, 4 total
2: Snapshots:   0 total
2: Time:        1.061 s
2: Ran all test suites.
2: npm verb lifecycle @~test: unsafe-perm in lifecycle true
2: npm verb lifecycle @~test: PATH: /opt/hostedtoolcache/node/14.19.3/x64/lib/node_modules/npm/node_modules/npm-lifecycle/node-gyp-bin:/home/runner/work/jessica/jessica/build/test/javascript/node_modules/.bin:/home/runner/work/jessica/jessica/emsdk/upstream/emscripten:/home/runner/work/jessica/jessica/emsdk:/opt/hostedtoolcache/node/14.19.3/x64/bin:/home/linuxbrew/.linuxbrew/bin:/home/linuxbrew/.linuxbrew/sbin:/home/runner/.local/bin:/opt/pipx_bin:/home/runner/.cargo/bin:/home/runner/.config/composer/vendor/bin:/usr/local/.ghcup/bin:/home/runner/.dotnet/tools:/snap/bin:/usr/local/sbin:/usr/local/bin:/usr/sbin:/usr/bin:/sbin:/bin:/usr/games:/usr/local/games:/snap/bin
2: npm verb lifecycle @~test: CWD: /home/runner/work/jessica/jessica/build/test/javascript
2: npm info lifecycle @~posttest: @
2: npm verb exit [ 0, true ]
2: npm timing npm Completed in 1783ms
2: npm info ok 
[HANDLER_OUTPUT] 
2/2 Test #2: NpmTest ..........................
   Passed    1.93 sec

100% tests passed, 0 tests failed out of 2

Total Test time (real) =  80.57 sec
