[HANDLER_VERBOSE_OUTPUT] 
UpdateCTestConfiguration  from :/home/runner/work/jessica/jessica/build/DartConfiguration.tcl

Parse Config file:/home/runner/work/jessica/jessica/build/DartConfiguration.tcl
UpdateCTestConfiguration  from :/home/runner/work/jessica/jessica/build/DartConfiguration.tcl
Parse Config file:/home/runner/work/jessica/jessica/build/DartConfiguration.tcl
[HANDLER_OUTPUT] 
Test project /home/runner/work/jessica/jessica/build

[HANDLER_VERBOSE_OUTPUT] 
Constructing a list of tests

Done constructing a list of tests
Updating test list for fixtures
Added 0 tests to meet fixture requirements
Checking test dependency graph...
Checking test dependency graph end
test 1
[HANDLER_OUTPUT] 
    Start 1: NpmAngular

[HANDLER_VERBOSE_OUTPUT] 

1: Test command: /opt/hostedtoolcache/node/16.16.0/x64/bin/npm "run" "test" "--verbose"

1: Test timeout computed to be: 1500
1: npm verb cli /opt/hostedtoolcache/node/16.16.0/x64/bin/node /opt/hostedtoolcache/node/16.16.0/x64/bin/npm
1: npm info using npm@8.11.0
1: npm info using node@v16.16.0
1: npm timing npm:load:whichnode Completed in 0ms
1: npm timing config:load:defaults Completed in 2ms
1: npm timing config:load:file:/opt/hostedtoolcache/node/16.16.0/x64/lib/node_modules/npm/npmrc Completed in 1ms
1: npm timing config:load:builtin Completed in 2ms
1: npm timing config:load:cli Completed in 2ms
1: npm timing config:load:env Completed in 0ms
1: npm timing config:load:file:/home/runner/work/jessica/jessica/src/angular/.npmrc Completed in 0ms
1: npm timing config:load:project Completed in 18ms
1: npm timing config:load:file:/home/runner/.npmrc Completed in 0ms
1: npm timing config:load:user Completed in 1ms
1: npm timing config:load:file:/opt/hostedtoolcache/node/16.16.0/x64/etc/npmrc Completed in 0ms
1: npm timing config:load:global Completed in 0ms
1: npm timing config:load:validate Completed in 0ms
1: npm timing config:load:credentials Completed in 2ms
1: npm timing config:load:setEnvs Completed in 1ms
1: npm timing config:load Completed in 29ms
1: npm timing npm:load:configload Completed in 29ms
1: npm timing npm:load:mkdirpcache Completed in 2ms
1: npm timing npm:load:mkdirplogs Completed in 1ms
1: npm verb title npm run test
1: npm verb argv "run" "test" "--loglevel" "verbose"
1: npm timing npm:load:setTitle Completed in 1ms
1: npm timing config:load:flatten Completed in 4ms
1: npm timing npm:load:display Completed in 15ms
1: npm verb logfile logs-max:10 dir:/home/runner/.npm/_logs
1: npm verb logfile /home/runner/.npm/_logs/2022-07-19T12_50_39_961Z-debug-0.log
1: npm timing npm:load:logFile Completed in 8ms
1: npm timing npm:load:timers Completed in 0ms
1: npm timing npm:load:configScope Completed in 0ms
1: npm timing npm:load Completed in 58ms
1: 
1: > angular@0.0.0 test
1: > ng test --no-watch --no-progress --browsers=ChromeHeadless
1: 
1: 19 07 2022 12:51:15.388:INFO [karma-server]: Karma v6.4.0 server started at http://localhost:9876/
1: 19 07 2022 12:51:15.400:INFO [launcher]: Launching browsers ChromeHeadless with concurrency unlimited
1: 19 07 2022 12:51:15.416:INFO [launcher]: Starting browser ChromeHeadless
1: 19 07 2022 12:51:21.945:INFO [Chrome Headless 103.0.5060.114 (Linux x86_64)]: Connected on socket JCSbD4N_a17Dbj76AAAB with id 72225125
1: Chrome Headless 103.0.5060.114 (Linux x86_64): Executed 0 of 4 SUCCESS (0 secs / 0 secs)
1: [1A[2KChrome Headless 103.0.5060.114 (Linux x86_64): Executed 1 of 4 SUCCESS (0 secs / 0.029 secs)
1: [1A[2KChrome Headless 103.0.5060.114 (Linux x86_64): Executed 2 of 4 SUCCESS (0 secs / 0.054 secs)
1: [1A[2KChrome Headless 103.0.5060.114 (Linux x86_64): Executed 3 of 4 SUCCESS (0 secs / 0.061 secs)
1: [1A[2KChrome Headless 103.0.5060.114 (Linux x86_64): Executed 4 of 4 SUCCESS (0 secs / 0.065 secs)
1: [1A[2KChrome Headless 103.0.5060.114 (Linux x86_64): Executed 4 of 4 SUCCESS (0.085 secs / 0.065 secs)
1: TOTAL: 4 SUCCESS
1: 19 07 2022 12:51:49.414:INFO [karma-server]: Karma v6.4.0 server started at http://localhost:9876/
1: 19 07 2022 12:51:49.414:INFO [launcher]: Launching browsers ChromeHeadless with concurrency unlimited
1: 19 07 2022 12:51:49.416:INFO [launcher]: Starting browser ChromeHeadless
1: 19 07 2022 12:51:49.704:INFO [Chrome Headless 103.0.5060.114 (Linux x86_64)]: Connected on socket poolU20E_QkSpfnPAAAD with id 72600609
1: Chrome Headless 103.0.5060.114 (Linux x86_64): Executed 0 of 7 SUCCESS (0 secs / 0 secs)
1: [1A[2KChrome Headless 103.0.5060.114 (Linux x86_64): Executed 1 of 7 SUCCESS (0 secs / 0.074 secs)
1: [1A[2KChrome Headless 103.0.5060.114 (Linux x86_64): Executed 2 of 7 SUCCESS (0 secs / 0.086 secs)
1: [1A[2KChrome Headless 103.0.5060.114 (Linux x86_64): Executed 3 of 7 SUCCESS (0 secs / 0.09 secs)
1: [1A[2KChrome Headless 103.0.5060.114 (Linux x86_64): Executed 4 of 7 SUCCESS (0 secs / 0.102 secs)
1: [1A[2KChrome Headless 103.0.5060.114 (Linux x86_64): Executed 5 of 7 SUCCESS (0 secs / 0.112 secs)
1: [1A[2KChrome Headless 103.0.5060.114 (Linux x86_64): Executed 6 of 7 SUCCESS (0 secs / 0.121 secs)
1: [1A[2KChrome Headless 103.0.5060.114 (Linux x86_64): Executed 7 of 7 SUCCESS (0 secs / 0.125 secs)
1: [1A[2KChrome Headless 103.0.5060.114 (Linux x86_64): Executed 7 of 7 SUCCESS (0.15 secs / 0.125 secs)
1: TOTAL: 7 SUCCESS
1: 19 07 2022 12:51:52.235:WARN [proxy]: failed to proxy /base/assets/jessica-web.wasm (socket hang up)
1: 19 07 2022 12:52:22.665:INFO [karma-server]: Karma v6.4.0 server started at http://localhost:9876/
1: 19 07 2022 12:52:22.667:INFO [launcher]: Launching browsers ChromeHeadless with concurrency unlimited
1: 19 07 2022 12:52:22.670:INFO [launcher]: Starting browser ChromeHeadless
1: 19 07 2022 12:52:22.947:INFO [Chrome Headless 103.0.5060.114 (Linux x86_64)]: Connected on socket a9a66z6Ld_XMbt-0AAAF with id 28602513
1: Chrome Headless 103.0.5060.114 (Linux x86_64): Executed 0 of 3 SUCCESS (0 secs / 0 secs)
1: [1A[2KChrome Headless 103.0.5060.114 (Linux x86_64): Executed 1 of 3 SUCCESS (0 secs / 0.078 secs)
1: [1A[2KChrome Headless 103.0.5060.114 (Linux x86_64): Executed 2 of 3 SUCCESS (0 secs / 0.19 secs)
1: [1A[2KChrome Headless 103.0.5060.114 (Linux x86_64): Executed 3 of 3 SUCCESS (0 secs / 0.199 secs)
1: [1A[2KChrome Headless 103.0.5060.114 (Linux x86_64): Executed 3 of 3 SUCCESS (0.221 secs / 0.199 secs)
1: TOTAL: 3 SUCCESS
1: npm timing command:run Completed in 105096ms
1: npm verb exit 0
1: npm timing npm Completed in 105215ms
1: npm info ok 
[HANDLER_OUTPUT] 
1/2 Test #1: NpmAngular .......................
   Passed  105.88 sec
[HANDLER_VERBOSE_OUTPUT] 
test 2

[HANDLER_OUTPUT] 
    Start 2: NpmTest

[HANDLER_VERBOSE_OUTPUT] 

2: Test command: /opt/hostedtoolcache/node/16.16.0/x64/bin/npm "run" "test" "--verbose"

2: Test timeout computed to be: 1500
2: npm verb cli /opt/hostedtoolcache/node/16.16.0/x64/bin/node /opt/hostedtoolcache/node/16.16.0/x64/bin/npm
2: npm info using npm@8.11.0
2: npm info using node@v16.16.0
2: npm timing npm:load:whichnode Completed in 0ms
2: npm timing config:load:defaults Completed in 2ms
2: npm timing config:load:file:/opt/hostedtoolcache/node/16.16.0/x64/lib/node_modules/npm/npmrc Completed in 2ms
2: npm timing config:load:builtin Completed in 2ms
2: npm timing config:load:cli Completed in 2ms
2: npm timing config:load:env Completed in 1ms
2: npm timing config:load:file:/home/runner/work/jessica/jessica/build/test/javascript/.npmrc Completed in 0ms
2: npm timing config:load:project Completed in 17ms
2: npm timing config:load:file:/home/runner/.npmrc Completed in 1ms
2: npm timing config:load:user Completed in 1ms
2: npm timing config:load:file:/opt/hostedtoolcache/node/16.16.0/x64/etc/npmrc Completed in 0ms
2: npm timing config:load:global Completed in 0ms
2: npm timing config:load:validate Completed in 0ms
2: npm timing config:load:credentials Completed in 2ms
2: npm timing config:load:setEnvs Completed in 1ms
2: npm timing config:load Completed in 28ms
2: npm timing npm:load:configload Completed in 28ms
2: npm timing npm:load:mkdirpcache Completed in 1ms
2: npm timing npm:load:mkdirplogs Completed in 1ms
2: npm verb title npm run test
2: npm verb argv "run" "test" "--loglevel" "verbose"
2: npm timing npm:load:setTitle Completed in 1ms
2: npm timing config:load:flatten Completed in 4ms
2: npm timing npm:load:display Completed in 8ms
2: npm verb logfile logs-max:10 dir:/home/runner/.npm/_logs
2: npm verb logfile /home/runner/.npm/_logs/2022-07-19T12_52_25_571Z-debug-0.log
2: npm timing npm:load:logFile Completed in 7ms
2: npm timing npm:load:timers Completed in 0ms
2: npm timing npm:load:configScope Completed in 0ms
2: npm timing npm:load Completed in 48ms
2: 
2: > test
2: > node --trace-warnings --unhandled-rejections=strict node_modules/.bin/jest
2: 
2:   console.log
2:     [2022-07-19 12:52:28.415] [log] [info] DecoratorLogger N7jessica11LogDurationINS_20DecoratorEndMeyerhofINS_25MeyerhofShallowFoundationINS_17VerticalEccentricENS_15FoundationStripEEEEEEE
2: 
2:       at console.<anonymous> (node_modules/jest-mock/build/index.js:839:25)
2: 
2:   console.log
2:     [2022-07-19 12:52:28.535] [log] [info] duration 0.011699 ms
2: 
2:       at console.<anonymous> (node_modules/jest-mock/build/index.js:839:25)
2: 
2:   console.log
2:     [2022-07-19 12:52:28.537] [log] [info] DecoratorLogger N7jessica11LogDurationINS_20DecoratorEndMeyerhofINS_25MeyerhofShallowFoundationINS_17VerticalEccentricENS_15FoundationStripEEEEEEE
2: 
2:       at console.<anonymous> (node_modules/jest-mock/build/index.js:839:25)
2: 
2:   console.log
2:     [2022-07-19 12:52:28.539] [log] [info] duration 0.0058 ms
2: 
2:       at console.<anonymous> (node_modules/jest-mock/build/index.js:839:25)
2: 
2: PASS ./jessica.test.js
2:   âœ“ WarmUpJessica (92 ms)
2:   âœ“ VerticalEccentric (552 ms)
2:   âœ“ FoundationStrip (13 ms)
2:   âœ“ CalcMeyehof (164 ms)
2: 
2: Test Suites: 1 passed, 1 total
2: Tests:       4 passed, 4 total
2: Snapshots:   0 total
2: Time:        2.194 s
2: Ran all test suites.
2:   console.warn
2:     Embind found a leaked C++ instance FoundationStrip <0x50cc58>.
2:     We'll free it automatically in this case, but this functionality is not reliable across various environments.
2:     Make sure to invoke .delete() manually once you're done with the instance instead.
2:     Originally allocated
2:         at FoundationStrip$clone (eval at new_ (/home/runner/work/jessica/jessica/build/src/javascript/wasm/jessica-node.js:2621:27), <anonymous>:9:19)
2:         at FoundationStrip.proto.<computed> [as clone] (/home/runner/work/jessica/jessica/build/src/javascript/wasm/jessica-node.js:2119:68)
2:         at /home/runner/work/jessica/jessica/build/test/javascript/jessica.test.js:29:37
2: 
2:       1871 |       // at run-time, not build-time.
2:       1872 |       finalizationRegistry = new FinalizationRegistry((info) => {
2:     > 1873 |           console.warn(info.leakWarning.stack.replace(/^Error: /, ''));
2:            |                   ^
2:       1874 |           releaseClassHandle(info.$$);
2:       1875 |       });
2:       1876 |       attachFinalizer = (handle) => {
2: 
2:       at warn (../../src/javascript/wasm/jessica-node.js:1873:19)
2:           at FinalizationRegistry.cleanupSome (<anonymous>)
2: 
2:   console.warn
2:     Embind found a leaked C++ instance VerticalEccentric <0x50cca0>.
2:     We'll free it automatically in this case, but this functionality is not reliable across various environments.
2:     Make sure to invoke .delete() manually once you're done with the instance instead.
2:     Originally allocated
2:         at VerticalEccentric$clone (eval at new_ (/home/runner/work/jessica/jessica/build/src/javascript/wasm/jessica-node.js:2621:27), <anonymous>:9:19)
2:         at VerticalEccentric.proto.<computed> [as clone] (/home/runner/work/jessica/jessica/build/src/javascript/wasm/jessica-node.js:2119:68)
2:         at /home/runner/work/jessica/jessica/build/test/javascript/jessica.test.js:18:25
2: 
2:       1871 |       // at run-time, not build-time.
2:       1872 |       finalizationRegistry = new FinalizationRegistry((info) => {
2:     > 1873 |           console.warn(info.leakWarning.stack.replace(/^Error: /, ''));
2:            |                   ^
2:       1874 |           releaseClassHandle(info.$$);
2:       1875 |       });
2:       1876 |       attachFinalizer = (handle) => {
2: 
2:       at warn (../../src/javascript/wasm/jessica-node.js:1873:19)
2:           at FinalizationRegistry.cleanupSome (<anonymous>)
2: 
2: npm timing command:run Completed in 3041ms
2: npm verb exit 0
2: npm timing npm Completed in 3097ms
2: npm info ok 
[HANDLER_OUTPUT] 
2/2 Test #2: NpmTest ..........................
   Passed    3.47 sec

100% tests passed, 0 tests failed out of 2

Total Test time (real) = 109.40 sec
