[HANDLER_VERBOSE_OUTPUT] 
UpdateCTestConfiguration  from :/home/runner/work/jessica/jessica/build/DartConfiguration.tcl

Parse Config file:/home/runner/work/jessica/jessica/build/DartConfiguration.tcl
UpdateCTestConfiguration  from :/home/runner/work/jessica/jessica/build/DartConfiguration.tcl
Parse Config file:/home/runner/work/jessica/jessica/build/DartConfiguration.tcl
[HANDLER_OUTPUT] 
Test project /home/runner/work/jessica/jessica/build

[HANDLER_VERBOSE_OUTPUT] 
Constructing a list of tests

Done constructing a list of tests
Updating test list for fixtures
Added 0 tests to meet fixture requirements
Checking test dependency graph...
Checking test dependency graph end
test 1
[HANDLER_OUTPUT] 
    Start 1: NpmAngular

[HANDLER_VERBOSE_OUTPUT] 

1: Test command: /opt/hostedtoolcache/node/16.16.0/x64/bin/npm "run" "test" "--verbose"

1: Test timeout computed to be: 1500
1: npm verb cli /opt/hostedtoolcache/node/16.16.0/x64/bin/node /opt/hostedtoolcache/node/16.16.0/x64/bin/npm
1: npm info using npm@8.11.0
1: npm info using node@v16.16.0
1: npm timing npm:load:whichnode Completed in 1ms
1: npm timing config:load:defaults Completed in 2ms
1: npm timing config:load:file:/opt/hostedtoolcache/node/16.16.0/x64/lib/node_modules/npm/npmrc Completed in 2ms
1: npm timing config:load:builtin Completed in 2ms
1: npm timing config:load:cli Completed in 3ms
1: npm timing config:load:env Completed in 0ms
1: npm timing config:load:file:/home/runner/work/jessica/jessica/src/angular/.npmrc Completed in 1ms
1: npm timing config:load:project Completed in 17ms
1: npm timing config:load:file:/home/runner/.npmrc Completed in 0ms
1: npm timing config:load:user Completed in 0ms
1: npm timing config:load:file:/opt/hostedtoolcache/node/16.16.0/x64/etc/npmrc Completed in 0ms
1: npm timing config:load:global Completed in 1ms
1: npm timing config:load:validate Completed in 0ms
1: npm timing config:load:credentials Completed in 2ms
1: npm timing config:load:setEnvs Completed in 1ms
1: npm timing config:load Completed in 29ms
1: npm timing npm:load:configload Completed in 29ms
1: npm timing npm:load:mkdirpcache Completed in 2ms
1: npm timing npm:load:mkdirplogs Completed in 1ms
1: npm verb title npm run test
1: npm verb argv "run" "test" "--loglevel" "verbose"
1: npm timing npm:load:setTitle Completed in 1ms
1: npm timing config:load:flatten Completed in 4ms
1: npm timing npm:load:display Completed in 8ms
1: npm verb logfile logs-max:10 dir:/home/runner/.npm/_logs
1: npm verb logfile /home/runner/.npm/_logs/2022-07-12T19_40_57_374Z-debug-0.log
1: npm timing npm:load:logFile Completed in 7ms
1: npm timing npm:load:timers Completed in 0ms
1: npm timing npm:load:configScope Completed in 0ms
1: npm timing npm:load Completed in 50ms
1: 
1: > angular@0.0.0 test
1: > ng test --no-watch --no-progress --browsers=ChromeHeadless
1: 
1: 12 07 2022 19:41:29.258:INFO [karma-server]: Karma v6.4.0 server started at http://localhost:9876/
1: 12 07 2022 19:41:29.271:INFO [launcher]: Launching browsers ChromeHeadless with concurrency unlimited
1: 12 07 2022 19:41:29.274:INFO [launcher]: Starting browser ChromeHeadless
1: 12 07 2022 19:41:39.973:INFO [Chrome Headless 103.0.5060.114 (Linux x86_64)]: Connected on socket cQQMsTVcj-83mn3EAAAB with id 23417533
1: Chrome Headless 103.0.5060.114 (Linux x86_64): Executed 0 of 4 SUCCESS (0 secs / 0 secs)
1: [1A[2KChrome Headless 103.0.5060.114 (Linux x86_64): Executed 1 of 4 SUCCESS (0 secs / 0.027 secs)
1: [1A[2KChrome Headless 103.0.5060.114 (Linux x86_64): Executed 2 of 4 SUCCESS (0 secs / 0.032 secs)
1: [1A[2KChrome Headless 103.0.5060.114 (Linux x86_64): Executed 3 of 4 SUCCESS (0 secs / 0.037 secs)
1: [1A[2KChrome Headless 103.0.5060.114 (Linux x86_64): Executed 4 of 4 SUCCESS (0 secs / 0.059 secs)
1: [1A[2KChrome Headless 103.0.5060.114 (Linux x86_64): Executed 4 of 4 SUCCESS (0.079 secs / 0.059 secs)
1: TOTAL: 4 SUCCESS
1: 12 07 2022 19:42:04.041:INFO [karma-server]: Karma v6.4.0 server started at http://localhost:9876/
1: 12 07 2022 19:42:04.042:INFO [launcher]: Launching browsers ChromeHeadless with concurrency unlimited
1: 12 07 2022 19:42:04.044:INFO [launcher]: Starting browser ChromeHeadless
1: 12 07 2022 19:42:04.367:INFO [Chrome Headless 103.0.5060.114 (Linux x86_64)]: Connected on socket _qLLW6r5y3k8QIRmAAAD with id 96892576
1: Chrome Headless 103.0.5060.114 (Linux x86_64): Executed 0 of 7 SUCCESS (0 secs / 0 secs)
1: [1A[2KChrome Headless 103.0.5060.114 (Linux x86_64): Executed 1 of 7 SUCCESS (0 secs / 0.061 secs)
1: [1A[2KChrome Headless 103.0.5060.114 (Linux x86_64): Executed 2 of 7 SUCCESS (0 secs / 0.087 secs)
1: [1A[2KChrome Headless 103.0.5060.114 (Linux x86_64): Executed 3 of 7 SUCCESS (0 secs / 0.091 secs)
1: [1A[2KChrome Headless 103.0.5060.114 (Linux x86_64): Executed 4 of 7 SUCCESS (0 secs / 0.101 secs)
1: [1A[2KChrome Headless 103.0.5060.114 (Linux x86_64): Executed 5 of 7 SUCCESS (0 secs / 0.104 secs)
1: [1A[2KChrome Headless 103.0.5060.114 (Linux x86_64): Executed 6 of 7 SUCCESS (0 secs / 0.122 secs)
1: [1A[2KChrome Headless 103.0.5060.114 (Linux x86_64): Executed 7 of 7 SUCCESS (0 secs / 0.132 secs)
1: [1A[2KChrome Headless 103.0.5060.114 (Linux x86_64): Executed 7 of 7 SUCCESS (0.356 secs / 0.132 secs)
1: TOTAL: 7 SUCCESS
1: 12 07 2022 19:42:34.363:INFO [karma-server]: Karma v6.4.0 server started at http://localhost:9876/
1: 12 07 2022 19:42:34.364:INFO [launcher]: Launching browsers ChromeHeadless with concurrency unlimited
1: 12 07 2022 19:42:34.366:INFO [launcher]: Starting browser ChromeHeadless
1: 12 07 2022 19:42:34.624:INFO [Chrome Headless 103.0.5060.114 (Linux x86_64)]: Connected on socket hhddo9QwLkRSaUuWAAAF with id 65808161
1: Chrome Headless 103.0.5060.114 (Linux x86_64): Executed 0 of 3 SUCCESS (0 secs / 0 secs)
1: [1A[2KChrome Headless 103.0.5060.114 (Linux x86_64): Executed 1 of 3 SUCCESS (0 secs / 0.107 secs)
1: [1A[2KChrome Headless 103.0.5060.114 (Linux x86_64): Executed 2 of 3 SUCCESS (0 secs / 0.237 secs)
1: [1A[2KChrome Headless 103.0.5060.114 (Linux x86_64): Executed 3 of 3 SUCCESS (0 secs / 0.26 secs)
1: [1A[2KChrome Headless 103.0.5060.114 (Linux x86_64): Executed 3 of 3 SUCCESS (0.275 secs / 0.26 secs)
1: TOTAL: 3 SUCCESS
1: npm timing command:run Completed in 99154ms
1: npm verb exit 0
1: npm timing npm Completed in 99280ms
1: npm info ok 
[HANDLER_OUTPUT] 
1/2 Test #1: NpmAngular .......................
   Passed   99.96 sec
[HANDLER_VERBOSE_OUTPUT] 
test 2

[HANDLER_OUTPUT] 
    Start 2: NpmTest

[HANDLER_VERBOSE_OUTPUT] 

2: Test command: /opt/hostedtoolcache/node/16.16.0/x64/bin/npm "run" "test" "--verbose"

2: Test timeout computed to be: 1500
2: npm verb cli /opt/hostedtoolcache/node/16.16.0/x64/bin/node /opt/hostedtoolcache/node/16.16.0/x64/bin/npm
2: npm info using npm@8.11.0
2: npm info using node@v16.16.0
2: npm timing npm:load:whichnode Completed in 0ms
2: npm timing config:load:defaults Completed in 2ms
2: npm timing config:load:file:/opt/hostedtoolcache/node/16.16.0/x64/lib/node_modules/npm/npmrc Completed in 2ms
2: npm timing config:load:builtin Completed in 2ms
2: npm timing config:load:cli Completed in 3ms
2: npm timing config:load:env Completed in 0ms
2: npm timing config:load:file:/home/runner/work/jessica/jessica/build/test/javascript/.npmrc Completed in 0ms
2: npm timing config:load:project Completed in 18ms
2: npm timing config:load:file:/home/runner/.npmrc Completed in 0ms
2: npm timing config:load:user Completed in 1ms
2: npm timing config:load:file:/opt/hostedtoolcache/node/16.16.0/x64/etc/npmrc Completed in 0ms
2: npm timing config:load:global Completed in 0ms
2: npm timing config:load:validate Completed in 0ms
2: npm timing config:load:credentials Completed in 1ms
2: npm timing config:load:setEnvs Completed in 1ms
2: npm timing config:load Completed in 29ms
2: npm timing npm:load:configload Completed in 29ms
2: npm timing npm:load:mkdirpcache Completed in 1ms
2: npm timing npm:load:mkdirplogs Completed in 1ms
2: npm verb title npm run test
2: npm verb argv "run" "test" "--loglevel" "verbose"
2: npm timing npm:load:setTitle Completed in 1ms
2: npm timing config:load:flatten Completed in 3ms
2: npm timing npm:load:display Completed in 8ms
2: npm verb logfile logs-max:10 dir:/home/runner/.npm/_logs
2: npm verb logfile /home/runner/.npm/_logs/2022-07-12T19_42_37_024Z-debug-0.log
2: npm timing npm:load:logFile Completed in 6ms
2: npm timing npm:load:timers Completed in 1ms
2: npm timing npm:load:configScope Completed in 0ms
2: npm timing npm:load Completed in 47ms
2: 
2: > test
2: > node --trace-warnings --unhandled-rejections=strict node_modules/.bin/jest
2: 
2:   console.log
2:     [2022-07-12 19:42:39.398] [log] [info] DecoratorLogger N7jessica11LogDurationINS_20DecoratorEndMeyerhofINS_25MeyerhofShallowFoundationINS_17VerticalEccentricENS_15FoundationStripEEEEEEE
2: 
2:       at console.<anonymous> (node_modules/jest-mock/build/index.js:839:25)
2: 
2:   console.log
2:     [2022-07-12 19:42:39.518] [log] [info] duration 0.012901 ms
2: 
2:       at console.<anonymous> (node_modules/jest-mock/build/index.js:839:25)
2: 
2:   console.log
2:     [2022-07-12 19:42:39.521] [log] [info] DecoratorLogger N7jessica11LogDurationINS_20DecoratorEndMeyerhofINS_25MeyerhofShallowFoundationINS_17VerticalEccentricENS_15FoundationStripEEEEEEE
2: 
2:       at console.<anonymous> (node_modules/jest-mock/build/index.js:839:25)
2: 
2:   console.log
2:     [2022-07-12 19:42:39.522] [log] [info] duration 0.004601 ms
2: 
2:       at console.<anonymous> (node_modules/jest-mock/build/index.js:839:25)
2: 
2: PASS ./jessica.test.js
2:   âœ“ WarmUpJessica (109 ms)
2:   âœ“ VerticalEccentric (471 ms)
2:   âœ“ FoundationStrip (11 ms)
2:   âœ“ CalcMeyehof (136 ms)
2: 
2: Test Suites: 1 passed, 1 total
2: Tests:       4 passed, 4 total
2: Snapshots:   0 total
2: Time:        1.799 s
2: Ran all test suites.
2:   console.warn
2:     Embind found a leaked C++ instance FoundationStrip <0x50cc58>.
2:     We'll free it automatically in this case, but this functionality is not reliable across various environments.
2:     Make sure to invoke .delete() manually once you're done with the instance instead.
2:     Originally allocated
2:         at FoundationStrip$clone (eval at new_ (/home/runner/work/jessica/jessica/build/src/javascript/wasm/jessica-node.js:3226:27), <anonymous>:9:19)
2:         at FoundationStrip.proto.<computed> [as clone] (/home/runner/work/jessica/jessica/build/src/javascript/wasm/jessica-node.js:2738:68)
2:         at /home/runner/work/jessica/jessica/build/test/javascript/jessica.test.js:29:37
2: 
2:       2421 |       // at run-time, not build-time.
2:       2422 |       finalizationRegistry = new FinalizationRegistry((info) => {
2:     > 2423 |           console.warn(info.leakWarning.stack.replace(/^Error: /, ''));
2:            |                   ^
2:       2424 |           releaseClassHandle(info.$$);
2:       2425 |       });
2:       2426 |       attachFinalizer = (handle) => {
2: 
2:       at warn (../../src/javascript/wasm/jessica-node.js:2423:19)
2:           at FinalizationRegistry.cleanupSome (<anonymous>)
2: 
2:   console.warn
2:     Embind found a leaked C++ instance VerticalEccentric <0x50cca0>.
2:     We'll free it automatically in this case, but this functionality is not reliable across various environments.
2:     Make sure to invoke .delete() manually once you're done with the instance instead.
2:     Originally allocated
2:         at VerticalEccentric$clone (eval at new_ (/home/runner/work/jessica/jessica/build/src/javascript/wasm/jessica-node.js:3226:27), <anonymous>:9:19)
2:         at VerticalEccentric.proto.<computed> [as clone] (/home/runner/work/jessica/jessica/build/src/javascript/wasm/jessica-node.js:2738:68)
2:         at /home/runner/work/jessica/jessica/build/test/javascript/jessica.test.js:18:25
2: 
2:       2421 |       // at run-time, not build-time.
2:       2422 |       finalizationRegistry = new FinalizationRegistry((info) => {
2:     > 2423 |           console.warn(info.leakWarning.stack.replace(/^Error: /, ''));
2:            |                   ^
2:       2424 |           releaseClassHandle(info.$$);
2:       2425 |       });
2:       2426 |       attachFinalizer = (handle) => {
2: 
2:       at warn (../../src/javascript/wasm/jessica-node.js:2423:19)
2:           at FinalizationRegistry.cleanupSome (<anonymous>)
2: 
2: npm timing command:run Completed in 2568ms
2: npm verb exit 0
2: npm timing npm Completed in 2624ms
2: npm info ok 
[HANDLER_OUTPUT] 
2/2 Test #2: NpmTest ..........................
   Passed    2.94 sec

100% tests passed, 0 tests failed out of 2

Total Test time (real) = 103.01 sec
