[HANDLER_VERBOSE_OUTPUT] 
UpdateCTestConfiguration  from :D:/a/jessica/jessica/build/DartConfiguration.tcl

Parse Config file:D:/a/jessica/jessica/build/DartConfiguration.tcl
UpdateCTestConfiguration  from :D:/a/jessica/jessica/build/DartConfiguration.tcl
Parse Config file:D:/a/jessica/jessica/build/DartConfiguration.tcl
[HANDLER_OUTPUT] 
Test project D:/a/jessica/jessica/build

[HANDLER_VERBOSE_OUTPUT] 
Constructing a list of tests

Done constructing a list of tests
Updating test list for fixtures
Added 0 tests to meet fixture requirements
Checking test dependency graph...
Checking test dependency graph end
test 1
[HANDLER_OUTPUT] 
    Start 1: TestCalcMeyerhof

[HANDLER_VERBOSE_OUTPUT] 

1: Test command: D:\a\jessica\jessica\build\test\backend\calc\geotechnical\Debug\test_calc_meyerhof.exe

1: Test timeout computed to be: 1500
1: [==========] Running 6 tests from 1 test suite.
1: [----------] Global test environment set-up.
1: [----------] 6 tests from data
1: [ RUN      ] data.CalcMeyehof
1: [       OK ] data.CalcMeyehof (19 ms)
1: [ RUN      ] data.CalcMeyehofAllDecorator
1: [2022-07-10 20:08:46.395] [log] [info] DecoratorLogger class jessica::LogDuration<class jessica::DecoratorEndFoundationStrip<class jessica::FoundationStrip> >
1: [2022-07-10 20:08:46.427] [log] [info] duration 0.0075 ms
1: [2022-07-10 20:08:46.427] [log] [info] DecoratorLogger class jessica::LogDuration<class jessica::DecoratorEndVerticalEccentric<class jessica::VerticalEccentric> >
1: [2022-07-10 20:08:46.427] [log] [info] duration 0.0024 ms
1: [2022-07-10 20:08:46.427] [log] [info] DecoratorLogger class jessica::LogDuration<class jessica::DecoratorEndVerticalEccentric<class jessica::VerticalEccentric> >
1: [2022-07-10 20:08:46.427] [log] [info] duration 0.0012 ms
1: [2022-07-10 20:08:46.428] [log] [info] DecoratorLogger class jessica::LogDuration<class jessica::DecoratorEndMeyerhof<class jessica::MeyerhofShallowFoundation<class jessica::DecoratorStartVerticalEccentric<class jessica::LogCall<class jessica::LogDuration<class jessica::DecoratorEndVerticalEccentric<class jessica::VerticalEccentric> > > >,class jessica::DecoratorStartFoundationStrip<class jessica::LogCall<class jessica::LogDuration<class jessica::DecoratorEndFoundationStrip<class jessica::FoundationStrip> > > > > > >
1: [2022-07-10 20:08:46.428] [log] [info] DecoratorLogger class jessica::LogDuration<class jessica::DecoratorEndFoundationStrip<class jessica::FoundationStrip> >
1: [2022-07-10 20:08:46.428] [log] [info] duration 0.0003 ms
1: [2022-07-10 20:08:46.428] [log] [info] DecoratorLogger class jessica::LogDuration<class jessica::DecoratorEndVerticalEccentric<class jessica::VerticalEccentric> >
1: [2022-07-10 20:08:46.428] [log] [info] duration 0.0004 ms
1: [2022-07-10 20:08:46.428] [log] [info] duration 0.0829 ms
1: [2022-07-10 20:08:46.428] [log] [info] DecoratorLogger class jessica::LogDuration<class jessica::DecoratorEndMeyerhof<class jessica::MeyerhofShallowFoundation<class jessica::DecoratorStartVerticalEccentric<class jessica::LogCall<class jessica::LogDuration<class jessica::DecoratorEndVerticalEccentric<class jessica::VerticalEccentric> > > >,class jessica::DecoratorStartFoundationStrip<class jessica::LogCall<class jessica::LogDuration<class jessica::DecoratorEndFoundationStrip<class jessica::FoundationStrip> > > > > > >
1: [2022-07-10 20:08:46.428] [log] [info] DecoratorLogger class jessica::LogDuration<class jessica::DecoratorEndVerticalEccentric<class jessica::VerticalEccentric> >
1: [2022-07-10 20:08:46.428] [log] [info] duration 0.0003 ms
1: [2022-07-10 20:08:46.428] [log] [info] DecoratorLogger class jessica::LogDuration<class jessica::DecoratorEndFoundationStrip<class jessica::FoundationStrip> >
1: [2022-07-10 20:08:46.428] [log] [info] duration 0.0001 ms
1: [2022-07-10 20:08:46.428] [log] [info] DecoratorLogger class jessica::LogDuration<class jessica::DecoratorEndVerticalEccentric<class jessica::VerticalEccentric> >
1: [2022-07-10 20:08:46.428] [log] [info] duration 0.0001 ms
1: [2022-07-10 20:08:46.428] [log] [info] duration 0.1265 ms
1: [2022-07-10 20:08:46.428] [log] [info] DecoratorLogger class jessica::LogDuration<class jessica::DecoratorEndVerticalEccentric<class jessica::VerticalEccentric> >
1: [2022-07-10 20:08:46.428] [log] [info] duration 0.0018 ms
1: [2022-07-10 20:08:46.428] [log] [info] DecoratorLogger class jessica::LogDuration<class jessica::DecoratorEndMeyerhof<class jessica::MeyerhofShallowFoundation<class jessica::DecoratorStartVerticalEccentric<class jessica::LogCall<class jessica::LogDuration<class jessica::DecoratorEndVerticalEccentric<class jessica::VerticalEccentric> > > >,class jessica::DecoratorStartFoundationStrip<class jessica::LogCall<class jessica::LogDuration<class jessica::DecoratorEndFoundationStrip<class jessica::FoundationStrip> > > > > > >
1: [2022-07-10 20:08:46.428] [log] [info] DecoratorLogger class jessica::LogDuration<class jessica::DecoratorEndFoundationStrip<class jessica::FoundationStrip> >
1: [2022-07-10 20:08:46.428] [log] [info] duration 0.0001 ms
1: [2022-07-10 20:08:46.428] [log] [info] DecoratorLogger class jessica::LogDuration<class jessica::DecoratorEndVerticalEccentric<class jessica::VerticalEccentric> >
1: [2022-07-10 20:08:46.428] [log] [info] duration 0.0001 ms
1: [2022-07-10 20:08:46.428] [log] [info] duration 0.0626 ms
1: [2022-07-10 20:08:46.428] [log] [info] DecoratorLogger class jessica::LogDuration<class jessica::DecoratorEndMeyerhof<class jessica::MeyerhofShallowFoundation<class jessica::DecoratorStartVerticalEccentric<class jessica::LogCall<class jessica::LogDuration<class jessica::DecoratorEndVerticalEccentric<class jessica::VerticalEccentric> > > >,class jessica::DecoratorStartFoundationStrip<class jessica::LogCall<class jessica::LogDuration<class jessica::DecoratorEndFoundationStrip<class jessica::FoundationStrip> > > > > > >
1: [2022-07-10 20:08:46.428] [log] [info] DecoratorLogger class jessica::LogDuration<class jessica::DecoratorEndVerticalEccentric<class jessica::VerticalEccentric> >
1: [2022-07-10 20:08:46.428] [log] [info] duration 0.0002 ms
1: [2022-07-10 20:08:46.428] [log] [info] DecoratorLogger class jessica::LogDuration<class jessica::DecoratorEndFoundationStrip<class jessica::FoundationStrip> >
1: [2022-07-10 20:08:46.428] [log] [info] duration 0.0001 ms
1: [2022-07-10 20:08:46.428] [log] [info] DecoratorLogger class jessica::LogDuration<class jessica::DecoratorEndVerticalEccentric<class jessica::VerticalEccentric> >
1: [2022-07-10 20:08:46.428] [log] [info] duration 0.0001 ms
1: [2022-07-10 20:08:46.428] [log] [info] duration 0.089 ms
1: [2022-07-10 20:08:46.428] [log] [info] DecoratorLogger class jessica::LogDuration<class jessica::DecoratorEndMeyerhof<class jessica::MeyerhofShallowFoundation<class jessica::DecoratorStartVerticalEccentric<class jessica::LogCall<class jessica::LogDuration<class jessica::DecoratorEndVerticalEccentric<class jessica::VerticalEccentric> > > >,class jessica::DecoratorStartFoundationStrip<class jessica::LogCall<class jessica::LogDuration<class jessica::DecoratorEndFoundationStrip<class jessica::FoundationStrip> > > > > > >
1: [2022-07-10 20:08:46.428] [log] [info] DecoratorLogger class jessica::LogDuration<class jessica::DecoratorEndFoundationStrip<class jessica::FoundationStrip> >
1: [2022-07-10 20:08:46.428] [log] [info] duration 0.0001 ms
1: [2022-07-10 20:08:46.428] [log] [info] DecoratorLogger class jessica::LogDuration<class jessica::DecoratorEndVerticalEccentric<class jessica::VerticalEccentric> >
1: [2022-07-10 20:08:46.428] [log] [info] duration 0.0001 ms
1: [2022-07-10 20:08:46.428] [log] [info] duration 0.06 ms
1: [2022-07-10 20:08:46.428] [log] [info] DecoratorLogger class jessica::LogDuration<class jessica::DecoratorEndMeyerhof<class jessica::MeyerhofShallowFoundation<class jessica::DecoratorStartVerticalEccentric<class jessica::LogCall<class jessica::LogDuration<class jessica::DecoratorEndVerticalEccentric<class jessica::VerticalEccentric> > > >,class jessica::DecoratorStartFoundationStrip<class jessica::LogCall<class jessica::LogDuration<class jessica::DecoratorEndFoundationStrip<class jessica::FoundationStrip> > > > > > >
1: [2022-07-10 20:08:46.428] [log] [info] DecoratorLogger class jessica::LogDuration<class jessica::DecoratorEndFoundationStrip<class jessica::FoundationStrip> >
1: [2022-07-10 20:08:46.428] [log] [info] duration 0.0001 ms
1: [2022-07-10 20:08:46.428] [log] [info] DecoratorLogger class jessica::LogDuration<class jessica::DecoratorEndVerticalEccentric<class jessica::VerticalEccentric> >
1: [2022-07-10 20:08:46.428] [log] [info] duration 0.0001 ms
1: [2022-07-10 20:08:46.428] [log] [info] duration 0.0585 ms
1: [2022-07-10 20:08:46.428] [log] [info] DecoratorLogger class jessica::LogDuration<class jessica::DecoratorEndMeyerhof<class jessica::MeyerhofShallowFoundation<class jessica::DecoratorStartVerticalEccentric<class jessica::LogCall<class jessica::LogDuration<class jessica::DecoratorEndVerticalEccentric<class jessica::VerticalEccentric> > > >,class jessica::DecoratorStartFoundationStrip<class jessica::LogCall<class jessica::LogDuration<class jessica::DecoratorEndFoundationStrip<class jessica::FoundationStrip> > > > > > >
1: [2022-07-10 20:08:46.428] [log] [info] DecoratorLogger class jessica::LogDuration<class jessica::DecoratorEndVerticalEccentric<class jessica::VerticalEccentric> >
1: [2022-07-10 20:08:46.428] [log] [info] duration 0.0001 ms
1: [2022-07-10 20:08:46.428] [log] [info] DecoratorLogger class jessica::LogDuration<class jessica::DecoratorEndFoundationStrip<class jessica::FoundationStrip> >
1: [2022-07-10 20:08:46.428] [log] [info] duration 0.0001 ms
1: [2022-07-10 20:08:46.428] [log] [info] DecoratorLogger class jessica::LogDuration<class jessica::DecoratorEndVerticalEccentric<class jessica::VerticalEccentric> >
1: [2022-07-10 20:08:46.428] [log] [info] duration 0.0002 ms
1: [2022-07-10 20:08:46.428] [log] [info] duration 0.0917 ms
1: [2022-07-10 20:08:46.428] [log] [info] DecoratorLogger class jessica::LogDuration<class jessica::DecoratorEndMeyerhof<class jessica::MeyerhofShallowFoundation<class jessica::DecoratorStartVerticalEccentric<class jessica::LogCall<class jessica::LogDuration<class jessica::DecoratorEndVerticalEccentric<class jessica::VerticalEccentric> > > >,class jessica::DecoratorStartFoundationStrip<class jessica::LogCall<class jessica::LogDuration<class jessica::DecoratorEndFoundationStrip<class jessica::FoundationStrip> > > > > > >
1: [2022-07-10 20:08:46.429] [log] [info] DecoratorLogger class jessica::LogDuration<class jessica::DecoratorEndVerticalEccentric<class jessica::VerticalEccentric> >
1: [2022-07-10 20:08:46.429] [log] [info] duration 0.0002 ms
1: [2022-07-10 20:08:46.429] [log] [info] DecoratorLogger class jessica::LogDuration<class jessica::DecoratorEndFoundationStrip<class jessica::FoundationStrip> >
1: [2022-07-10 20:08:46.429] [log] [info] duration 0.0001 ms
1: [2022-07-10 20:08:46.429] [log] [info] DecoratorLogger class jessica::LogDuration<class jessica::DecoratorEndVerticalEccentric<class jessica::VerticalEccentric> >
1: [2022-07-10 20:08:46.429] [log] [info] duration 0.0002 ms
1: [2022-07-10 20:08:46.429] [log] [info] duration 0.1188 ms
1: [2022-07-10 20:08:46.429] [log] [info] DecoratorLogger class jessica::LogDuration<class jessica::DecoratorEndVerticalEccentric<class jessica::VerticalEccentric> >
1: [2022-07-10 20:08:46.429] [log] [info] duration 0.0017 ms
1: [2022-07-10 20:08:46.429] [log] [info] DecoratorLogger class jessica::LogDuration<class jessica::DecoratorEndMeyerhof<class jessica::MeyerhofShallowFoundation<class jessica::DecoratorStartVerticalEccentric<class jessica::LogCall<class jessica::LogDuration<class jessica::DecoratorEndVerticalEccentric<class jessica::VerticalEccentric> > > >,class jessica::DecoratorStartFoundationStrip<class jessica::LogCall<class jessica::LogDuration<class jessica::DecoratorEndFoundationStrip<class jessica::FoundationStrip> > > > > > >
1: [2022-07-10 20:08:46.429] [log] [info] DecoratorLogger class jessica::LogDuration<class jessica::DecoratorEndFoundationStrip<class jessica::FoundationStrip> >
1: [2022-07-10 20:08:46.429] [log] [info] duration 0.0001 ms
1: [2022-07-10 20:08:46.429] [log] [info] DecoratorLogger class jessica::LogDuration<class jessica::DecoratorEndVerticalEccentric<class jessica::VerticalEccentric> >
1: [2022-07-10 20:08:46.429] [log] [info] duration 0.0002 ms
1: [2022-07-10 20:08:46.429] [log] [info] duration 0.0712 ms
1: [2022-07-10 20:08:46.429] [log] [info] DecoratorLogger class jessica::LogDuration<class jessica::DecoratorEndVerticalEccentric<class jessica::VerticalEccentric> >
1: [2022-07-10 20:08:46.429] [log] [info] duration 0.0009 ms
1: [2022-07-10 20:08:46.429] [log] [info] DecoratorLogger class jessica::LogDuration<class jessica::DecoratorEndMeyerhof<class jessica::MeyerhofShallowFoundation<class jessica::DecoratorStartVerticalEccentric<class jessica::LogCall<class jessica::LogDuration<class jessica::DecoratorEndVerticalEccentric<class jessica::VerticalEccentric> > > >,class jessica::DecoratorStartFoundationStrip<class jessica::LogCall<class jessica::LogDuration<class jessica::DecoratorEndFoundationStrip<class jessica::FoundationStrip> > > > > > >
1: [2022-07-10 20:08:46.429] [log] [info] DecoratorLogger class jessica::LogDuration<class jessica::DecoratorEndFoundationStrip<class jessica::FoundationStrip> >
1: [2022-07-10 20:08:46.429] [log] [info] duration 0.0001 ms
1: [2022-07-10 20:08:46.429] [log] [info] DecoratorLogger class jessica::LogDuration<class jessica::DecoratorEndVerticalEccentric<class jessica::VerticalEccentric> >
1: [2022-07-10 20:08:46.429] [log] [info] duration 0.0001 ms
1: [2022-07-10 20:08:46.429] [log] [info] duration 0.0586 ms
1: [       OK ] data.CalcMeyehofAllDecorator (34 ms)
1: [ RUN      ] data.CalcMeyehofMainDecorator
1: [2022-07-10 20:08:46.430] [log] [info] DecoratorLogger class jessica::LogDuration<class jessica::DecoratorEndMeyerhof<class jessica::MeyerhofShallowFoundation<class jessica::VerticalEccentric,class jessica::FoundationStrip> > >
1: [2022-07-10 20:08:46.430] [log] [info] duration 0.0004 ms
1: [2022-07-10 20:08:46.430] [log] [info] DecoratorLogger class jessica::LogDuration<class jessica::DecoratorEndMeyerhof<class jessica::MeyerhofShallowFoundation<class jessica::VerticalEccentric,class jessica::FoundationStrip> > >
1: [2022-07-10 20:08:46.430] [log] [info] duration 0.0004 ms
1: [2022-07-10 20:08:46.430] [log] [info] DecoratorLogger class jessica::LogDuration<class jessica::DecoratorEndMeyerhof<class jessica::MeyerhofShallowFoundation<class jessica::VerticalEccentric,class jessica::FoundationStrip> > >
1: [2022-07-10 20:08:46.430] [log] [info] duration 0.0009 ms
1: [2022-07-10 20:08:46.430] [log] [info] DecoratorLogger class jessica::LogDuration<class jessica::DecoratorEndMeyerhof<class jessica::MeyerhofShallowFoundation<class jessica::VerticalEccentric,class jessica::FoundationStrip> > >
1: [2022-07-10 20:08:46.430] [log] [info] duration 0.0004 ms
1: [2022-07-10 20:08:46.430] [log] [info] DecoratorLogger class jessica::LogDuration<class jessica::DecoratorEndMeyerhof<class jessica::MeyerhofShallowFoundation<class jessica::VerticalEccentric,class jessica::FoundationStrip> > >
1: [2022-07-10 20:08:46.430] [log] [info] duration 0.0002 ms
1: [2022-07-10 20:08:46.430] [log] [info] DecoratorLogger class jessica::LogDuration<class jessica::DecoratorEndMeyerhof<class jessica::MeyerhofShallowFoundation<class jessica::VerticalEccentric,class jessica::FoundationStrip> > >
1: [2022-07-10 20:08:46.430] [log] [info] duration 0.0002 ms
1: [2022-07-10 20:08:46.430] [log] [info] DecoratorLogger class jessica::LogDuration<class jessica::DecoratorEndMeyerhof<class jessica::MeyerhofShallowFoundation<class jessica::VerticalEccentric,class jessica::FoundationStrip> > >
1: [2022-07-10 20:08:46.430] [log] [info] duration 0.0004 ms
1: [2022-07-10 20:08:46.430] [log] [info] DecoratorLogger class jessica::LogDuration<class jessica::DecoratorEndMeyerhof<class jessica::MeyerhofShallowFoundation<class jessica::VerticalEccentric,class jessica::FoundationStrip> > >
1: [2022-07-10 20:08:46.430] [log] [info] duration 0.0003 ms
1: [2022-07-10 20:08:46.430] [log] [info] DecoratorLogger class jessica::LogDuration<class jessica::DecoratorEndMeyerhof<class jessica::MeyerhofShallowFoundation<class jessica::VerticalEccentric,class jessica::FoundationStrip> > >
1: [2022-07-10 20:08:46.430] [log] [info] duration 0.0003 ms
1: [2022-07-10 20:08:46.431] [log] [info] DecoratorLogger class jessica::LogDuration<class jessica::DecoratorEndMeyerhof<class jessica::MeyerhofShallowFoundation<class jessica::VerticalEccentric,class jessica::FoundationStrip> > >
1: [2022-07-10 20:08:46.431] [log] [info] duration 0.0003 ms
1: [2022-07-10 20:08:46.431] [log] [info] DecoratorLogger class jessica::LogDuration<class jessica::DecoratorEndMeyerhof<class jessica::MeyerhofShallowFoundation<class jessica::VerticalEccentric,class jessica::FoundationStrip> > >
1: [2022-07-10 20:08:46.431] [log] [info] duration 0.0004 ms
1: [2022-07-10 20:08:46.431] [log] [info] DecoratorLogger class jessica::LogDuration<class jessica::DecoratorEndMeyerhof<class jessica::MeyerhofShallowFoundation<class jessica::VerticalEccentric,class jessica::FoundationStrip> > >
1: [2022-07-10 20:08:46.431] [log] [info] duration 0.0002 ms
1: [2022-07-10 20:08:46.431] [log] [info] DecoratorLogger class jessica::LogDuration<class jessica::DecoratorEndMeyerhof<class jessica::MeyerhofShallowFoundation<class jessica::VerticalEccentric,class jessica::FoundationStrip> > >
1: [2022-07-10 20:08:46.431] [log] [info] duration 0.0004 ms
1: [2022-07-10 20:08:46.431] [log] [info] DecoratorLogger class jessica::LogDuration<class jessica::DecoratorEndMeyerhof<class jessica::MeyerhofShallowFoundation<class jessica::VerticalEccentric,class jessica::FoundationStrip> > >
1: [2022-07-10 20:08:46.431] [log] [info] duration 0.0003 ms
1: [       OK ] data.CalcMeyehofMainDecorator (3 ms)
1: [ RUN      ] data.CalcMeyehofChildrenAccess
1: [2022-07-10 20:08:46.433] [log] [info] DecoratorLogger class jessica::LogDuration<class jessica::DecoratorEndMeyerhof<class jessica::MeyerhofShallowFoundation<class jessica::VerticalEccentric,class jessica::FoundationStrip> > >
1: [2022-07-10 20:08:46.433] [log] [info] duration 0.0027 ms
1: [2022-07-10 20:08:46.433] [log] [info] DecoratorLogger class jessica::LogDuration<class jessica::DecoratorEndMeyerhof<class jessica::MeyerhofShallowFoundation<class jessica::VerticalEccentric,class jessica::FoundationStrip> > >
1: [2022-07-10 20:08:46.433] [log] [info] duration 0.0018 ms
1: [2022-07-10 20:08:46.433] [log] [info] DecoratorLogger class jessica::LogDuration<class jessica::DecoratorEndMeyerhof<class jessica::MeyerhofShallowFoundation<class jessica::VerticalEccentric,class jessica::FoundationStrip> > >
1: [2022-07-10 20:08:46.433] [log] [info] duration 0.0026 ms
1: [2022-07-10 20:08:46.433] [log] [info] DecoratorLogger class jessica::LogDuration<class jessica::DecoratorEndMeyerhof<class jessica::MeyerhofShallowFoundation<class jessica::VerticalEccentric,class jessica::FoundationStrip> > >
1: [2022-07-10 20:08:46.433] [log] [info] duration 0.0004 ms
1: [2022-07-10 20:08:46.433] [log] [info] DecoratorLogger class jessica::LogDuration<class jessica::DecoratorEndMeyerhof<class jessica::MeyerhofShallowFoundation<class jessica::VerticalEccentric,class jessica::FoundationStrip> > >
1: [2022-07-10 20:08:46.433] [log] [info] duration 0.0003 ms
1: [2022-07-10 20:08:46.433] [log] [info] DecoratorLogger class jessica::LogDuration<class jessica::DecoratorEndMeyerhof<class jessica::MeyerhofShallowFoundation<class jessica::VerticalEccentric,class jessica::FoundationStrip> > >
1: [2022-07-10 20:08:46.433] [log] [info] duration 0.0003 ms
1: [2022-07-10 20:08:46.433] [log] [info] DecoratorLogger class jessica::LogDuration<class jessica::DecoratorEndMeyerhof<class jessica::MeyerhofShallowFoundation<class jessica::VerticalEccentric,class jessica::FoundationStrip> > >
1: [2022-07-10 20:08:46.433] [log] [info] duration 0.0003 ms
1: [2022-07-10 20:08:46.433] [log] [info] DecoratorLogger class jessica::LogDuration<class jessica::DecoratorEndMeyerhof<class jessica::MeyerhofShallowFoundation<class jessica::VerticalEccentric,class jessica::FoundationStrip> > >
1: [2022-07-10 20:08:46.433] [log] [info] duration 0.0003 ms
1: [2022-07-10 20:08:46.434] [log] [info] DecoratorLogger class jessica::LogDuration<class jessica::DecoratorEndMeyerhof<class jessica::MeyerhofShallowFoundation<class jessica::VerticalEccentric,class jessica::FoundationStrip> > >
1: [2022-07-10 20:08:46.434] [log] [info] duration 0.0004 ms
1: [2022-07-10 20:08:46.434] [log] [info] DecoratorLogger class jessica::LogDuration<class jessica::DecoratorEndMeyerhof<class jessica::MeyerhofShallowFoundation<class jessica::VerticalEccentric,class jessica::FoundationStrip> > >
1: [2022-07-10 20:08:46.434] [log] [info] duration 0.0002 ms
1: [2022-07-10 20:08:46.434] [log] [info] DecoratorLogger class jessica::LogDuration<class jessica::DecoratorEndMeyerhof<class jessica::MeyerhofShallowFoundation<class jessica::VerticalEccentric,class jessica::FoundationStrip> > >
1: [2022-07-10 20:08:46.434] [log] [info] duration 0.0004 ms
1: [2022-07-10 20:08:46.434] [log] [info] DecoratorLogger class jessica::LogDuration<class jessica::DecoratorEndMeyerhof<class jessica::MeyerhofShallowFoundation<class jessica::VerticalEccentric,class jessica::FoundationStrip> > >
1: [2022-07-10 20:08:46.434] [log] [info] duration 0.0004 ms
1: [       OK ] data.CalcMeyehofChildrenAccess (2 ms)
1: [ RUN      ] data.MeyerhofShallowFoundationWebServicesRestBed
1: [       OK ] data.MeyerhofShallowFoundationWebServicesRestBed (61 ms)
1: [ RUN      ] data.MeyerhofShallowFoundationWebServicesDrogon
1: [       OK ] data.MeyerhofShallowFoundationWebServicesDrogon (87 ms)
1: [----------] 6 tests from data (208 ms total)
1: 
1: [----------] Global test environment tear-down
1: [==========] 6 tests from 1 test suite ran. (220 ms total)
1: [  PASSED  ] 6 tests.
[HANDLER_OUTPUT] 
1/4 Test #1: TestCalcMeyerhof ..................
   Passed    0.55 sec
[HANDLER_VERBOSE_OUTPUT] 
test 2

[HANDLER_OUTPUT] 
    Start 2: TestGeotechnicalFoundationStrip

[HANDLER_VERBOSE_OUTPUT] 

2: Test command: D:\a\jessica\jessica\build\test\backend\data\Debug\test_geotechnical_foundation_strip.exe

2: Test timeout computed to be: 1500
2: [==========] Running 4 tests from 1 test suite.
2: [----------] Global test environment set-up.
2: [----------] 4 tests from data
2: [ RUN      ] data.FoundationStrip
2: [       OK ] data.FoundationStrip (2 ms)
2: [ RUN      ] data.FoundationStripDecorator
2: [2022-07-10 20:08:46.651] [log] [info] DecoratorLogger class jessica::LogDuration<class jessica::DecoratorEndFoundationStrip<class jessica::FoundationStrip> >
2: [2022-07-10 20:08:46.651] [log] [info] duration 0.0004 ms
2: [2022-07-10 20:08:46.651] [log] [info] DecoratorLogger class jessica::LogDuration<class jessica::DecoratorEndFoundationStrip<class jessica::FoundationStrip> >
2: [2022-07-10 20:08:46.651] [log] [info] duration 0.0018 ms
2: [2022-07-10 20:08:46.651] [log] [info] DecoratorLogger class jessica::LogDuration<class jessica::DecoratorEndFoundationStrip<class jessica::FoundationStrip> >
2: [2022-07-10 20:08:46.651] [log] [info] duration 0.0001 ms
2: [2022-07-10 20:08:46.651] [log] [info] DecoratorLogger class jessica::LogDuration<class jessica::DecoratorEndFoundationStrip<class jessica::FoundationStrip> >
2: [2022-07-10 20:08:46.651] [log] [info] duration 0.0001 ms
2: [2022-07-10 20:08:46.651] [log] [info] DecoratorLogger class jessica::LogDuration<class jessica::DecoratorEndFoundationStrip<class jessica::FoundationStrip> >
2: [2022-07-10 20:08:46.651] [log] [info] duration 0.0002 ms
2: [2022-07-10 20:08:46.651] [log] [info] DecoratorLogger class jessica::LogDuration<class jessica::DecoratorEndFoundationStrip<class jessica::FoundationStrip> >
2: [2022-07-10 20:08:46.651] [log] [info] duration 0.0001 ms
2: [2022-07-10 20:08:46.652] [log] [info] DecoratorLogger class jessica::LogDuration<class jessica::DecoratorEndFoundationStrip<class jessica::FoundationStrip> >
2: [2022-07-10 20:08:46.652] [log] [info] duration 0.0002 ms
2: [2022-07-10 20:08:46.652] [log] [info] DecoratorLogger class jessica::LogDuration<class jessica::DecoratorEndFoundationStrip<class jessica::FoundationStrip> >
2: [2022-07-10 20:08:46.652] [log] [info] duration 0.0001 ms
2: [       OK ] data.FoundationStripDecorator (2 ms)
2: [ RUN      ] data.FoundationStripWebServicesRestBed
2: [       OK ] data.FoundationStripWebServicesRestBed (25 ms)
2: [ RUN      ] data.FoundationStripWebServicesDrogon
2: [       OK ] data.FoundationStripWebServicesDrogon (74 ms)
2: [----------] 4 tests from data (105 ms total)
2: 
2: [----------] Global test environment tear-down
2: [==========] 4 tests from 1 test suite ran. (105 ms total)
2: [  PASSED  ] 4 tests.
[HANDLER_OUTPUT] 
2/4 Test #2: TestGeotechnicalFoundationStrip ...
   Passed    0.15 sec
[HANDLER_VERBOSE_OUTPUT] 
test 3

[HANDLER_OUTPUT] 
    Start 3: TestLoadVerticalEccentric

[HANDLER_VERBOSE_OUTPUT] 

3: Test command: D:\a\jessica\jessica\build\test\backend\data\Debug\test_load_vertical_eccentric.exe

3: Test timeout computed to be: 1500
3: [==========] Running 4 tests from 1 test suite.
3: [----------] Global test environment set-up.
3: [----------] 4 tests from data
3: [ RUN      ] data.VerticalEccentric
3: [       OK ] data.VerticalEccentric (2 ms)
3: [ RUN      ] data.VerticalEccentricDecorator
3: [2022-07-10 20:08:46.802] [log] [info] DecoratorLogger class jessica::LogDuration<class jessica::DecoratorEndVerticalEccentric<class jessica::VerticalEccentric> >
3: [2022-07-10 20:08:46.803] [log] [info] duration 0.0004 ms
3: [2022-07-10 20:08:46.803] [log] [info] DecoratorLogger class jessica::LogDuration<class jessica::DecoratorEndVerticalEccentric<class jessica::VerticalEccentric> >
3: [2022-07-10 20:08:46.803] [log] [info] duration 0.0002 ms
3: [2022-07-10 20:08:46.803] [log] [info] DecoratorLogger class jessica::LogDuration<class jessica::DecoratorEndVerticalEccentric<class jessica::VerticalEccentric> >
3: [2022-07-10 20:08:46.803] [log] [info] duration 0.0016 ms
3: [2022-07-10 20:08:46.803] [log] [info] DecoratorLogger class jessica::LogDuration<class jessica::DecoratorEndVerticalEccentric<class jessica::VerticalEccentric> >
3: [2022-07-10 20:08:46.803] [log] [info] duration 0.0001 ms
3: [2022-07-10 20:08:46.803] [log] [info] DecoratorLogger class jessica::LogDuration<class jessica::DecoratorEndVerticalEccentric<class jessica::VerticalEccentric> >
3: [2022-07-10 20:08:46.803] [log] [info] duration 0.0001 ms
3: [2022-07-10 20:08:46.803] [log] [info] DecoratorLogger class jessica::LogDuration<class jessica::DecoratorEndVerticalEccentric<class jessica::VerticalEccentric> >
3: [2022-07-10 20:08:46.803] [log] [info] duration 0.0009 ms
3: [2022-07-10 20:08:46.803] [log] [info] DecoratorLogger class jessica::LogDuration<class jessica::DecoratorEndVerticalEccentric<class jessica::VerticalEccentric> >
3: [2022-07-10 20:08:46.803] [log] [info] duration 0.0002 ms
3: [2022-07-10 20:08:46.803] [log] [info] DecoratorLogger class jessica::LogDuration<class jessica::DecoratorEndVerticalEccentric<class jessica::VerticalEccentric> >
3: [2022-07-10 20:08:46.803] [log] [info] duration 0.0001 ms
3: [2022-07-10 20:08:46.803] [log] [info] DecoratorLogger class jessica::LogDuration<class jessica::DecoratorEndVerticalEccentric<class jessica::VerticalEccentric> >
3: [2022-07-10 20:08:46.803] [log] [info] duration 0.0002 ms
3: [2022-07-10 20:08:46.803] [log] [info] DecoratorLogger class jessica::LogDuration<class jessica::DecoratorEndVerticalEccentric<class jessica::VerticalEccentric> >
3: [2022-07-10 20:08:46.803] [log] [info] duration 0.0001 ms
3: [2022-07-10 20:08:46.803] [log] [info] DecoratorLogger class jessica::LogDuration<class jessica::DecoratorEndVerticalEccentric<class jessica::VerticalEccentric> >
3: [2022-07-10 20:08:46.803] [log] [info] duration 0.0002 ms
3: [2022-07-10 20:08:46.803] [log] [info] DecoratorLogger class jessica::LogDuration<class jessica::DecoratorEndVerticalEccentric<class jessica::VerticalEccentric> >
3: [2022-07-10 20:08:46.803] [log] [info] duration 0.0001 ms
3: [2022-07-10 20:08:46.804] [log] [info] DecoratorLogger class jessica::LogDuration<class jessica::DecoratorEndVerticalEccentric<class jessica::VerticalEccentric> >
3: [2022-07-10 20:08:46.804] [log] [info] duration 0.0002 ms
3: [2022-07-10 20:08:46.804] [log] [info] DecoratorLogger class jessica::LogDuration<class jessica::DecoratorEndVerticalEccentric<class jessica::VerticalEccentric> >
3: [2022-07-10 20:08:46.804] [log] [info] duration 0.0001 ms
3: [2022-07-10 20:08:46.804] [log] [info] DecoratorLogger class jessica::LogDuration<class jessica::DecoratorEndVerticalEccentric<class jessica::VerticalEccentric> >
3: [2022-07-10 20:08:46.804] [log] [info] duration 0.0001 ms
3: [2022-07-10 20:08:46.804] [log] [info] DecoratorLogger class jessica::LogDuration<class jessica::DecoratorEndVerticalEccentric<class jessica::VerticalEccentric> >
3: [2022-07-10 20:08:46.804] [log] [info] duration 0.0001 ms
3: [       OK ] data.VerticalEccentricDecorator (2 ms)
3: [ RUN      ] data.VerticalEccentricWebServicesRestBed
3: [       OK ] data.VerticalEccentricWebServicesRestBed (25 ms)
3: [ RUN      ] data.VerticalEccentricWebServicesDrogon
3: [       OK ] data.VerticalEccentricWebServicesDrogon (60 ms)
3: [----------] 4 tests from data (90 ms total)
3: 
3: [----------] Global test environment tear-down
3: [==========] 4 tests from 1 test suite ran. (90 ms total)
3: [  PASSED  ] 4 tests.
[HANDLER_OUTPUT] 
3/4 Test #3: TestLoadVerticalEccentric .........
   Passed    0.14 sec
[HANDLER_VERBOSE_OUTPUT] 
test 4

[HANDLER_OUTPUT] 
    Start 4: TestUtilDecorator

[HANDLER_VERBOSE_OUTPUT] 

4: Test command: D:\a\jessica\jessica\build\test\backend\util\Debug\test_util_decorator.exe

4: Test timeout computed to be: 1500
4: Running main() from D:\a\jessica\jessica\vcpkg\buildtrees\gtest\src\ase-1.11.0-7da4d9b2fb.clean\googletest\src\gtest_main.cc
4: [==========] Running 1 test from 1 test suite.
4: [----------] Global test environment set-up.
4: [----------] 1 test from decorator
4: [ RUN      ] decorator.Test
4: DecoratorLogger class DecoratorEndTest<class DecoratorTest>
4: DecoratorLogger class DecoratorEndTest<class DecoratorTest>
4: [       OK ] decorator.Test (0 ms)
4: [----------] 1 test from decorator (0 ms total)
4: 
4: [----------] Global test environment tear-down
4: [==========] 1 test from 1 test suite ran. (0 ms total)
4: [  PASSED  ] 1 test.
[HANDLER_OUTPUT] 
4/4 Test #4: TestUtilDecorator .................
   Passed    0.02 sec

100% tests passed, 0 tests failed out of 4

Total Test time (real) =   0.93 sec
