[HANDLER_VERBOSE_OUTPUT] 
UpdateCTestConfiguration  from :/home/runner/work/jessica/jessica/build/DartConfiguration.tcl

Parse Config file:/home/runner/work/jessica/jessica/build/DartConfiguration.tcl
UpdateCTestConfiguration  from :/home/runner/work/jessica/jessica/build/DartConfiguration.tcl
Parse Config file:/home/runner/work/jessica/jessica/build/DartConfiguration.tcl
[HANDLER_OUTPUT] 
Test project /home/runner/work/jessica/jessica/build

[HANDLER_VERBOSE_OUTPUT] 
Constructing a list of tests

Done constructing a list of tests
Updating test list for fixtures
Added 0 tests to meet fixture requirements
Checking test dependency graph...
Checking test dependency graph end
test 1
[HANDLER_OUTPUT] 
    Start 1: NpmAngular

[HANDLER_VERBOSE_OUTPUT] 

1: Test command: /opt/hostedtoolcache/node/14.17.5/x64/bin/npm "run" "test" "--verbose"

1: Test timeout computed to be: 1500
1: npm verb cli [
1: npm verb cli   '/opt/hostedtoolcache/node/14.17.5/x64/bin/node',
1: npm verb cli   '/opt/hostedtoolcache/node/14.17.5/x64/bin/npm',
1: npm verb cli   'run',
1: npm verb cli   'test',
1: npm verb cli   '--verbose'
1: npm verb cli ]
1: npm info using npm@7.21.1
1: npm info using node@v14.17.5
1: npm timing npm:load:whichnode Completed in 0ms
1: npm timing config:load:defaults Completed in 2ms
1: npm timing config:load:file:/opt/hostedtoolcache/node/14.17.5/x64/lib/node_modules/npm/npmrc Completed in 4ms
1: npm timing config:load:builtin Completed in 4ms
1: npm timing config:load:cli Completed in 3ms
1: npm timing config:load:env Completed in 0ms
1: npm timing config:load:file:/home/runner/work/jessica/jessica/src/angular/.npmrc Completed in 0ms
1: npm timing config:load:project Completed in 1ms
1: npm timing config:load:file:/home/runner/.npmrc Completed in 0ms
1: npm timing config:load:user Completed in 0ms
1: npm timing config:load:file:/opt/hostedtoolcache/node/14.17.5/x64/etc/npmrc Completed in 1ms
1: npm timing config:load:global Completed in 1ms
1: npm timing config:load:validate Completed in 0ms
1: npm timing config:load:credentials Completed in 1ms
1: npm timing config:load:setEnvs Completed in 1ms
1: npm timing config:load Completed in 13ms
1: npm timing npm:load:configload Completed in 13ms
1: npm timing npm:load:setTitle Completed in 0ms
1: npm timing npm:load:setupLog Completed in 0ms
1: npm timing config:load:flatten Completed in 3ms
1: npm timing npm:load:cleanupLog Completed in 2ms
1: npm timing npm:load:configScope Completed in 0ms
1: npm timing npm:load:projectScope Completed in 1ms
1: npm timing npm:load Completed in 23ms
1: 
1: > angular@0.0.0 test
1: > ng test --no-watch --no-progress --browsers=ChromeHeadless
1: 
1: Compiling @angular/core/testing : es2015 as esm2015
1: Compiling @angular/platform-browser/testing : es2015 as esm2015
1: Compiling @angular/compiler/testing : es2015 as esm2015
1: Compiling @angular/platform-browser-dynamic/testing : es2015 as esm2015
1: 28 08 2021 08:54:49.506:INFO [karma-server]: Karma v6.3.4 server started at http://localhost:9876/
1: 28 08 2021 08:54:49.510:INFO [launcher]: Launching browsers ChromeHeadless with concurrency unlimited
1: 28 08 2021 08:54:49.514:INFO [launcher]: Starting browser ChromeHeadless
1: 28 08 2021 08:54:57.202:INFO [Chrome Headless 92.0.4515.131 (Linux x86_64)]: Connected on socket uXQSlL2FkbwvhDqbAAAB with id 66839640
1: Chrome Headless 92.0.4515.131 (Linux x86_64): Executed 0 of 7 SUCCESS (0 secs / 0 secs)
1: [1A[2KChrome Headless 92.0.4515.131 (Linux x86_64): Executed 1 of 7 SUCCESS (0 secs / 0.014 secs)
1: [1A[2KChrome Headless 92.0.4515.131 (Linux x86_64): Executed 2 of 7 SUCCESS (0 secs / 0.061 secs)
1: [1A[2KChrome Headless 92.0.4515.131 (Linux x86_64): Executed 3 of 7 SUCCESS (0 secs / 0.07 secs)
1: [1A[2KChrome Headless 92.0.4515.131 (Linux x86_64): Executed 4 of 7 SUCCESS (0 secs / 0.083 secs)
1: [1A[2KChrome Headless 92.0.4515.131 (Linux x86_64): Executed 5 of 7 SUCCESS (0 secs / 0.101 secs)
1: [1A[2KChrome Headless 92.0.4515.131 (Linux x86_64): Executed 6 of 7 SUCCESS (0 secs / 0.117 secs)
1: [1A[2KChrome Headless 92.0.4515.131 (Linux x86_64): Executed 7 of 7 SUCCESS (0 secs / 0.13 secs)
1: [1A[2KChrome Headless 92.0.4515.131 (Linux x86_64): Executed 7 of 7 SUCCESS (0.253 secs / 0.13 secs)
1: TOTAL: 7 SUCCESS
1: Compiling @angular/common/testing : es2015 as esm2015
1: Compiling @angular/router/testing : es2015 as esm2015
1: 28 08 2021 08:55:05.025:INFO [karma-server]: Karma v6.3.4 server started at http://localhost:9876/
1: 28 08 2021 08:55:05.025:INFO [launcher]: Launching browsers ChromeHeadless with concurrency unlimited
1: 28 08 2021 08:55:05.026:INFO [launcher]: Starting browser ChromeHeadless
1: 28 08 2021 08:55:08.566:INFO [Chrome Headless 92.0.4515.131 (Linux x86_64)]: Connected on socket 23yYViE9od5X5Cx1AAAD with id 76523715
1: Chrome Headless 92.0.4515.131 (Linux x86_64): Executed 0 of 3 SUCCESS (0 secs / 0 secs)
1: [1A[2KChrome Headless 92.0.4515.131 (Linux x86_64): Executed 1 of 3 SUCCESS (0 secs / 0.054 secs)
1: [1A[2KChrome Headless 92.0.4515.131 (Linux x86_64): Executed 2 of 3 SUCCESS (0 secs / 0.062 secs)
1: [1A[2KChrome Headless 92.0.4515.131 (Linux x86_64): Executed 3 of 3 SUCCESS (0 secs / 0.07 secs)
1: [1A[2KChrome Headless 92.0.4515.131 (Linux x86_64): Executed 3 of 3 SUCCESS (0.089 secs / 0.07 secs)
1: TOTAL: 3 SUCCESS
1: npm timing command:run-script Completed in 33527ms
1: npm verb exit 0
1: npm timing npm Completed in 33692ms
1: npm info ok 
[HANDLER_OUTPUT] 
1/2 Test #1: NpmAngular .......................
   Passed   33.82 sec
[HANDLER_VERBOSE_OUTPUT] 
test 2

[HANDLER_OUTPUT] 
    Start 2: NpmTest

[HANDLER_VERBOSE_OUTPUT] 

2: Test command: /opt/hostedtoolcache/node/14.17.5/x64/bin/npm "run" "test" "--verbose"

2: Test timeout computed to be: 1500
2: npm verb cli [
2: npm verb cli   '/opt/hostedtoolcache/node/14.17.5/x64/bin/node',
2: npm verb cli   '/opt/hostedtoolcache/node/14.17.5/x64/bin/npm',
2: npm verb cli   'run',
2: npm verb cli   'test',
2: npm verb cli   '--verbose'
2: npm verb cli ]
2: npm info using npm@7.21.1
2: npm info using node@v14.17.5
2: npm timing npm:load:whichnode Completed in 0ms
2: npm timing config:load:defaults Completed in 2ms
2: npm timing config:load:file:/opt/hostedtoolcache/node/14.17.5/x64/lib/node_modules/npm/npmrc Completed in 4ms
2: npm timing config:load:builtin Completed in 4ms
2: npm timing config:load:cli Completed in 2ms
2: npm timing config:load:env Completed in 0ms
2: npm timing config:load:file:/home/runner/work/jessica/jessica/build/test/javascript/.npmrc Completed in 0ms
2: npm timing config:load:project Completed in 1ms
2: npm timing config:load:file:/home/runner/.npmrc Completed in 0ms
2: npm timing config:load:user Completed in 0ms
2: npm timing config:load:file:/opt/hostedtoolcache/node/14.17.5/x64/etc/npmrc Completed in 0ms
2: npm timing config:load:global Completed in 0ms
2: npm timing config:load:validate Completed in 0ms
2: npm timing config:load:credentials Completed in 1ms
2: npm timing config:load:setEnvs Completed in 1ms
2: npm timing config:load Completed in 11ms
2: npm timing npm:load:configload Completed in 11ms
2: npm timing npm:load:setTitle Completed in 0ms
2: npm timing npm:load:setupLog Completed in 1ms
2: npm timing config:load:flatten Completed in 3ms
2: npm timing npm:load:cleanupLog Completed in 5ms
2: npm timing npm:load:configScope Completed in 0ms
2: npm timing npm:load:projectScope Completed in 0ms
2: npm timing npm:load Completed in 25ms
2: 
2: > test
2: > node --trace-warnings --unhandled-rejections=strict node_modules/.bin/jest
2: 
2: PASS ./jessica.test.js
2:   âœ“ WarmUpJessica (199 ms)
2:   âœ“ VerticalEccentric (40 ms)
2:   âœ“ FoundationStrip (44 ms)
2:   âœ“ CalcMeyehof (428 ms)
2: 
2:   console.log
2:     [2021-08-28 08:55:13.207] [log] [info] DecoratorLogger N7jessica11LogDurationINS_12DecoratorEndINS_25MeyerhofShallowFoundationINS_17VerticalEccentricENS_15FoundationStripEEEEEEE
2: 
2:       at console.<anonymous> (node_modules/jest-mock/build/index.js:850:25)
2: 
2:   console.log
2:     [2021-08-28 08:55:13.552] [log] [info] duration 0.016701 ms
2: 
2:       at console.<anonymous> (node_modules/jest-mock/build/index.js:850:25)
2: 
2:   console.log
2:     [2021-08-28 08:55:13.554] [log] [info] DecoratorLogger N7jessica11LogDurationINS_12DecoratorEndINS_25MeyerhofShallowFoundationINS_17VerticalEccentricENS_15FoundationStripEEEEEEE
2: 
2:       at console.<anonymous> (node_modules/jest-mock/build/index.js:850:25)
2: 
2:   console.log
2:     [2021-08-28 08:55:13.555] [log] [info] duration 0.005801 ms
2: 
2:       at console.<anonymous> (node_modules/jest-mock/build/index.js:850:25)
2: 
2: Test Suites: 1 passed, 1 total
2: Tests:       4 passed, 4 total
2: Snapshots:   0 total
2: Time:        2.132 s
2: Ran all test suites.
2: npm timing command:run-script Completed in 2778ms
2: npm verb exit 0
2: npm timing npm Completed in 2931ms
2: npm info ok 
[HANDLER_OUTPUT] 
2/2 Test #2: NpmTest ..........................
   Passed    3.05 sec

100% tests passed, 0 tests failed out of 2

Total Test time (real) =  36.88 sec
