[HANDLER_VERBOSE_OUTPUT] 
UpdateCTestConfiguration  from :/home/runner/work/jessica/jessica/build/DartConfiguration.tcl

Parse Config file:/home/runner/work/jessica/jessica/build/DartConfiguration.tcl
UpdateCTestConfiguration  from :/home/runner/work/jessica/jessica/build/DartConfiguration.tcl
Parse Config file:/home/runner/work/jessica/jessica/build/DartConfiguration.tcl
[HANDLER_OUTPUT] 
Test project /home/runner/work/jessica/jessica/build

[HANDLER_VERBOSE_OUTPUT] 
Constructing a list of tests

Done constructing a list of tests
Updating test list for fixtures
Added 0 tests to meet fixture requirements
Checking test dependency graph...
Checking test dependency graph end
test 1
[HANDLER_OUTPUT] 
    Start 1: NpmAngular

[HANDLER_VERBOSE_OUTPUT] 

1: Test command: /opt/hostedtoolcache/node/14.17.6/x64/bin/npm "run" "test" "--verbose"

1: Test timeout computed to be: 1500
1: npm verb cli [
1: npm verb cli   '/opt/hostedtoolcache/node/14.17.6/x64/bin/node',
1: npm verb cli   '/opt/hostedtoolcache/node/14.17.6/x64/bin/npm',
1: npm verb cli   'run',
1: npm verb cli   'test',
1: npm verb cli   '--verbose'
1: npm verb cli ]
1: npm info using npm@7.22.0
1: npm info using node@v14.17.6
1: npm timing npm:load:whichnode Completed in 0ms
1: npm timing config:load:defaults Completed in 1ms
1: npm timing config:load:file:/opt/hostedtoolcache/node/14.17.6/x64/lib/node_modules/npm/npmrc Completed in 9ms
1: npm timing config:load:builtin Completed in 9ms
1: npm timing config:load:cli Completed in 3ms
1: npm timing config:load:env Completed in 0ms
1: npm timing config:load:file:/home/runner/work/jessica/jessica/src/angular/.npmrc Completed in 1ms
1: npm timing config:load:project Completed in 3ms
1: npm timing config:load:file:/home/runner/.npmrc Completed in 0ms
1: npm timing config:load:user Completed in 0ms
1: npm timing config:load:file:/opt/hostedtoolcache/node/14.17.6/x64/etc/npmrc Completed in 1ms
1: npm timing config:load:global Completed in 1ms
1: npm timing config:load:validate Completed in 0ms
1: npm timing config:load:credentials Completed in 1ms
1: npm timing config:load:setEnvs Completed in 1ms
1: npm timing config:load Completed in 19ms
1: npm timing npm:load:configload Completed in 19ms
1: npm timing npm:load:setTitle Completed in 0ms
1: npm timing npm:load:setupLog Completed in 0ms
1: npm timing config:load:flatten Completed in 2ms
1: npm timing npm:load:cleanupLog Completed in 2ms
1: npm timing npm:load:configScope Completed in 0ms
1: npm timing npm:load:projectScope Completed in 0ms
1: npm timing npm:load Completed in 28ms
1: 
1: > angular@0.0.0 test
1: > ng test --no-watch --no-progress --browsers=ChromeHeadless
1: 
1: Compiling @angular/core/testing : es2015 as esm2015
1: Compiling @angular/platform-browser/testing : es2015 as esm2015
1: Compiling @angular/compiler/testing : es2015 as esm2015
1: Compiling @angular/platform-browser-dynamic/testing : es2015 as esm2015
1: 04 09 2021 19:09:57.757:INFO [karma-server]: Karma v6.3.4 server started at http://localhost:9876/
1: 04 09 2021 19:09:57.759:INFO [launcher]: Launching browsers ChromeHeadless with concurrency unlimited
1: 04 09 2021 19:09:57.761:INFO [launcher]: Starting browser ChromeHeadless
1: 04 09 2021 19:10:07.395:INFO [Chrome Headless 92.0.4515.159 (Linux x86_64)]: Connected on socket c5_d8RdFctTDSZNAAAAB with id 23967182
1: Chrome Headless 92.0.4515.159 (Linux x86_64): Executed 0 of 7 SUCCESS (0 secs / 0 secs)
1: [1A[2KChrome Headless 92.0.4515.159 (Linux x86_64): Executed 1 of 7 SUCCESS (0 secs / 0.017 secs)
1: [1A[2KChrome Headless 92.0.4515.159 (Linux x86_64): Executed 2 of 7 SUCCESS (0 secs / 0.051 secs)
1: [1A[2KChrome Headless 92.0.4515.159 (Linux x86_64): Executed 3 of 7 SUCCESS (0 secs / 0.083 secs)
1: [1A[2KChrome Headless 92.0.4515.159 (Linux x86_64): Executed 4 of 7 SUCCESS (0 secs / 0.115 secs)
1: [1A[2KChrome Headless 92.0.4515.159 (Linux x86_64): Executed 5 of 7 SUCCESS (0 secs / 0.122 secs)
1: [1A[2KChrome Headless 92.0.4515.159 (Linux x86_64): Executed 6 of 7 SUCCESS (0 secs / 0.124 secs)
1: [1A[2KChrome Headless 92.0.4515.159 (Linux x86_64): Executed 7 of 7 SUCCESS (0 secs / 0.14 secs)
1: [1A[2KChrome Headless 92.0.4515.159 (Linux x86_64): Executed 7 of 7 SUCCESS (0.435 secs / 0.14 secs)
1: TOTAL: 7 SUCCESS
1: Compiling @angular/common/testing : es2015 as esm2015
1: Compiling @angular/router/testing : es2015 as esm2015
1: 04 09 2021 19:10:16.100:INFO [karma-server]: Karma v6.3.4 server started at http://localhost:9876/
1: 04 09 2021 19:10:16.101:INFO [launcher]: Launching browsers ChromeHeadless with concurrency unlimited
1: 04 09 2021 19:10:16.102:INFO [launcher]: Starting browser ChromeHeadless
1: 04 09 2021 19:10:20.290:INFO [Chrome Headless 92.0.4515.159 (Linux x86_64)]: Connected on socket 2ADzaAr-oUcluRFeAAAD with id 65384645
1: Chrome Headless 92.0.4515.159 (Linux x86_64): Executed 0 of 3 SUCCESS (0 secs / 0 secs)
1: [1A[2KLOG: 'LANGen'
1: Chrome Headless 92.0.4515.159 (Linux x86_64): Executed 0 of 3 SUCCESS (0 secs / 0 secs)
1: LOG: 'LANGen'
1: [1A[2KChrome Headless 92.0.4515.159 (Linux x86_64): Executed 1 of 3 SUCCESS (0 secs / 0.046 secs)
1: [1A[2KLOG: 'LANGen'
1: Chrome Headless 92.0.4515.159 (Linux x86_64): Executed 1 of 3 SUCCESS (0 secs / 0.046 secs)
1: LOG: 'LANGen'
1: [1A[2KChrome Headless 92.0.4515.159 (Linux x86_64): Executed 2 of 3 SUCCESS (0 secs / 0.053 secs)
1: [1A[2KChrome Headless 92.0.4515.159 (Linux x86_64): Executed 3 of 3 SUCCESS (0 secs / 0.061 secs)
1: [1A[2KChrome Headless 92.0.4515.159 (Linux x86_64): Executed 3 of 3 SUCCESS (0.085 secs / 0.061 secs)
1: TOTAL: 3 SUCCESS
1: npm timing command:run-script Completed in 34930ms
1: npm verb exit 0
1: npm timing npm Completed in 35077ms
1: npm info ok 
[HANDLER_OUTPUT] 
1/2 Test #1: NpmAngular .......................
   Passed   35.20 sec
[HANDLER_VERBOSE_OUTPUT] 
test 2

[HANDLER_OUTPUT] 
    Start 2: NpmTest

[HANDLER_VERBOSE_OUTPUT] 

2: Test command: /opt/hostedtoolcache/node/14.17.6/x64/bin/npm "run" "test" "--verbose"

2: Test timeout computed to be: 1500
2: npm verb cli [
2: npm verb cli   '/opt/hostedtoolcache/node/14.17.6/x64/bin/node',
2: npm verb cli   '/opt/hostedtoolcache/node/14.17.6/x64/bin/npm',
2: npm verb cli   'run',
2: npm verb cli   'test',
2: npm verb cli   '--verbose'
2: npm verb cli ]
2: npm info using npm@7.22.0
2: npm info using node@v14.17.6
2: npm timing npm:load:whichnode Completed in 0ms
2: npm timing config:load:defaults Completed in 1ms
2: npm timing config:load:file:/opt/hostedtoolcache/node/14.17.6/x64/lib/node_modules/npm/npmrc Completed in 14ms
2: npm timing config:load:builtin Completed in 14ms
2: npm timing config:load:cli Completed in 2ms
2: npm timing config:load:env Completed in 0ms
2: npm timing config:load:file:/home/runner/work/jessica/jessica/build/test/javascript/.npmrc Completed in 0ms
2: npm timing config:load:project Completed in 3ms
2: npm timing config:load:file:/home/runner/.npmrc Completed in 0ms
2: npm timing config:load:user Completed in 0ms
2: npm timing config:load:file:/opt/hostedtoolcache/node/14.17.6/x64/etc/npmrc Completed in 0ms
2: npm timing config:load:global Completed in 0ms
2: npm timing config:load:validate Completed in 0ms
2: npm timing config:load:credentials Completed in 1ms
2: npm timing config:load:setEnvs Completed in 1ms
2: npm timing config:load Completed in 22ms
2: npm timing npm:load:configload Completed in 22ms
2: npm timing npm:load:setTitle Completed in 0ms
2: npm timing npm:load:setupLog Completed in 0ms
2: npm timing config:load:flatten Completed in 2ms
2: npm timing npm:load:cleanupLog Completed in 2ms
2: npm timing npm:load:configScope Completed in 0ms
2: npm timing npm:load:projectScope Completed in 0ms
2: npm timing npm:load Completed in 39ms
2: 
2: > test
2: > node --trace-warnings --unhandled-rejections=strict node_modules/.bin/jest
2: 
2: PASS ./jessica.test.js
2:   âœ“ WarmUpJessica (231 ms)
2:   âœ“ VerticalEccentric (81 ms)
2:   âœ“ FoundationStrip (35 ms)
2:   âœ“ CalcMeyehof (504 ms)
2: 
2:   console.log
2:     [2021-09-04 19:10:25.158] [log] [info] DecoratorLogger N7jessica11LogDurationINS_12DecoratorEndINS_25MeyerhofShallowFoundationINS_17VerticalEccentricENS_15FoundationStripEEEEEEE
2: 
2:       at console.<anonymous> (node_modules/jest-mock/build/index.js:850:25)
2: 
2:   console.log
2:     [2021-09-04 19:10:25.618] [log] [info] duration 0.011001 ms
2: 
2:       at console.<anonymous> (node_modules/jest-mock/build/index.js:850:25)
2: 
2:   console.log
2:     [2021-09-04 19:10:25.619] [log] [info] DecoratorLogger N7jessica11LogDurationINS_12DecoratorEndINS_25MeyerhofShallowFoundationINS_17VerticalEccentricENS_15FoundationStripEEEEEEE
2: 
2:       at console.<anonymous> (node_modules/jest-mock/build/index.js:850:25)
2: 
2:   console.log
2:     [2021-09-04 19:10:25.620] [log] [info] duration 0.005601 ms
2: 
2:       at console.<anonymous> (node_modules/jest-mock/build/index.js:850:25)
2: 
2: Test Suites: 1 passed, 1 total
2: Tests:       4 passed, 4 total
2: Snapshots:   0 total
2: Time:        2.392 s
2: Ran all test suites.
2: npm timing command:run-script Completed in 3042ms
2: npm verb exit 0
2: npm timing npm Completed in 3212ms
2: npm info ok 
[HANDLER_OUTPUT] 
2/2 Test #2: NpmTest ..........................
   Passed    3.34 sec

100% tests passed, 0 tests failed out of 2

Total Test time (real) =  38.72 sec
