[HANDLER_VERBOSE_OUTPUT] 
UpdateCTestConfiguration  from :/home/runner/work/jessica/jessica/build/DartConfiguration.tcl

Parse Config file:/home/runner/work/jessica/jessica/build/DartConfiguration.tcl
UpdateCTestConfiguration  from :/home/runner/work/jessica/jessica/build/DartConfiguration.tcl
Parse Config file:/home/runner/work/jessica/jessica/build/DartConfiguration.tcl
[HANDLER_OUTPUT] 
Test project /home/runner/work/jessica/jessica/build

[HANDLER_VERBOSE_OUTPUT] 
Constructing a list of tests

Done constructing a list of tests
Updating test list for fixtures
Added 0 tests to meet fixture requirements
Checking test dependency graph...
Checking test dependency graph end
test 1
[HANDLER_OUTPUT] 
    Start 1: TestCalcMeyerhof

[HANDLER_VERBOSE_OUTPUT] 

1: Test command: /home/runner/work/jessica/jessica/build/test/backend/calc/geotechnical/test_calc_meyerhof

1: Test timeout computed to be: 1500
1: [==========] Running 4 tests from 1 test suite.
1: [----------] Global test environment set-up.
1: [----------] 4 tests from data
1: [ RUN      ] data.CalcMeyehof
1: [       OK ] data.CalcMeyehof (0 ms)
1: [ RUN      ] data.CalcMeyehofAllDecorator
1: [2021-10-16 18:52:12.129] [log] [info] DecoratorLogger N7jessica11LogDurationINS_12DecoratorEndINS_15FoundationStripEEEEE
1: [2021-10-16 18:52:12.129] [log] [info] duration 0.0005 ms
1: [2021-10-16 18:52:12.129] [log] [info] DecoratorLogger N7jessica11LogDurationINS_12DecoratorEndINS_17VerticalEccentricEEEEE
1: [2021-10-16 18:52:12.129] [log] [info] duration 0.0004 ms
1: [2021-10-16 18:52:12.129] [log] [info] DecoratorLogger N7jessica11LogDurationINS_12DecoratorEndINS_17VerticalEccentricEEEEE
1: [2021-10-16 18:52:12.129] [log] [info] duration 0.0003 ms
1: [2021-10-16 18:52:12.129] [log] [info] DecoratorLogger N7jessica11LogDurationINS_12DecoratorEndINS_25MeyerhofShallowFoundationINS_14DecoratorStartINS_7LogCallINS0_INS1_INS_17VerticalEccentricEEEEEEEEENS3_INS4_INS0_INS1_INS_15FoundationStripEEEEEEEEEEEEEEE
1: [2021-10-16 18:52:12.129] [log] [info] DecoratorLogger N7jessica11LogDurationINS_12DecoratorEndINS_15FoundationStripEEEEE
1: [2021-10-16 18:52:12.129] [log] [info] duration 0.0001 ms
1: [2021-10-16 18:52:12.129] [log] [info] DecoratorLogger N7jessica11LogDurationINS_12DecoratorEndINS_17VerticalEccentricEEEEE
1: [2021-10-16 18:52:12.129] [log] [info] duration 0.0001 ms
1: [2021-10-16 18:52:12.129] [log] [info] duration 0.0135 ms
1: [2021-10-16 18:52:12.129] [log] [info] DecoratorLogger N7jessica11LogDurationINS_12DecoratorEndINS_25MeyerhofShallowFoundationINS_14DecoratorStartINS_7LogCallINS0_INS1_INS_17VerticalEccentricEEEEEEEEENS3_INS4_INS0_INS1_INS_15FoundationStripEEEEEEEEEEEEEEE
1: [2021-10-16 18:52:12.129] [log] [info] DecoratorLogger N7jessica11LogDurationINS_12DecoratorEndINS_17VerticalEccentricEEEEE
1: [2021-10-16 18:52:12.129] [log] [info] duration 0.0001 ms
1: [2021-10-16 18:52:12.129] [log] [info] DecoratorLogger N7jessica11LogDurationINS_12DecoratorEndINS_15FoundationStripEEEEE
1: [2021-10-16 18:52:12.129] [log] [info] duration 0 ms
1: [2021-10-16 18:52:12.129] [log] [info] DecoratorLogger N7jessica11LogDurationINS_12DecoratorEndINS_17VerticalEccentricEEEEE
1: [2021-10-16 18:52:12.129] [log] [info] duration 0 ms
1: [2021-10-16 18:52:12.129] [log] [info] duration 0.019501 ms
1: [2021-10-16 18:52:12.129] [log] [info] DecoratorLogger N7jessica11LogDurationINS_12DecoratorEndINS_17VerticalEccentricEEEEE
1: [2021-10-16 18:52:12.129] [log] [info] duration 0.0003 ms
1: [2021-10-16 18:52:12.129] [log] [info] DecoratorLogger N7jessica11LogDurationINS_12DecoratorEndINS_25MeyerhofShallowFoundationINS_14DecoratorStartINS_7LogCallINS0_INS1_INS_17VerticalEccentricEEEEEEEEENS3_INS4_INS0_INS1_INS_15FoundationStripEEEEEEEEEEEEEEE
1: [2021-10-16 18:52:12.129] [log] [info] DecoratorLogger N7jessica11LogDurationINS_12DecoratorEndINS_15FoundationStripEEEEE
1: [2021-10-16 18:52:12.129] [log] [info] duration 0.0001 ms
1: [2021-10-16 18:52:12.129] [log] [info] DecoratorLogger N7jessica11LogDurationINS_12DecoratorEndINS_17VerticalEccentricEEEEE
1: [2021-10-16 18:52:12.129] [log] [info] duration 0 ms
1: [2021-10-16 18:52:12.129] [log] [info] duration 0.0127 ms
1: [2021-10-16 18:52:12.129] [log] [info] DecoratorLogger N7jessica11LogDurationINS_12DecoratorEndINS_25MeyerhofShallowFoundationINS_14DecoratorStartINS_7LogCallINS0_INS1_INS_17VerticalEccentricEEEEEEEEENS3_INS4_INS0_INS1_INS_15FoundationStripEEEEEEEEEEEEEEE
1: [2021-10-16 18:52:12.129] [log] [info] DecoratorLogger N7jessica11LogDurationINS_12DecoratorEndINS_17VerticalEccentricEEEEE
1: [2021-10-16 18:52:12.129] [log] [info] duration 0.0001 ms
1: [2021-10-16 18:52:12.129] [log] [info] DecoratorLogger N7jessica11LogDurationINS_12DecoratorEndINS_15FoundationStripEEEEE
1: [2021-10-16 18:52:12.129] [log] [info] duration 0.0001 ms
1: [2021-10-16 18:52:12.129] [log] [info] DecoratorLogger N7jessica11LogDurationINS_12DecoratorEndINS_17VerticalEccentricEEEEE
1: [2021-10-16 18:52:12.129] [log] [info] duration 0 ms
1: [2021-10-16 18:52:12.129] [log] [info] duration 0.0182 ms
1: [2021-10-16 18:52:12.129] [log] [info] DecoratorLogger N7jessica11LogDurationINS_12DecoratorEndINS_25MeyerhofShallowFoundationINS_14DecoratorStartINS_7LogCallINS0_INS1_INS_17VerticalEccentricEEEEEEEEENS3_INS4_INS0_INS1_INS_15FoundationStripEEEEEEEEEEEEEEE
1: [2021-10-16 18:52:12.129] [log] [info] DecoratorLogger N7jessica11LogDurationINS_12DecoratorEndINS_15FoundationStripEEEEE
1: [2021-10-16 18:52:12.129] [log] [info] duration 0 ms
1: [2021-10-16 18:52:12.129] [log] [info] DecoratorLogger N7jessica11LogDurationINS_12DecoratorEndINS_17VerticalEccentricEEEEE
1: [2021-10-16 18:52:12.129] [log] [info] duration 0.0001 ms
1: [2021-10-16 18:52:12.129] [log] [info] duration 0.0123 ms
1: [2021-10-16 18:52:12.129] [log] [info] DecoratorLogger N7jessica11LogDurationINS_12DecoratorEndINS_25MeyerhofShallowFoundationINS_14DecoratorStartINS_7LogCallINS0_INS1_INS_17VerticalEccentricEEEEEEEEENS3_INS4_INS0_INS1_INS_15FoundationStripEEEEEEEEEEEEEEE
1: [2021-10-16 18:52:12.129] [log] [info] DecoratorLogger N7jessica11LogDurationINS_12DecoratorEndINS_15FoundationStripEEEEE
1: [2021-10-16 18:52:12.129] [log] [info] duration 0 ms
1: [2021-10-16 18:52:12.129] [log] [info] DecoratorLogger N7jessica11LogDurationINS_12DecoratorEndINS_17VerticalEccentricEEEEE
1: [2021-10-16 18:52:12.129] [log] [info] duration 0.0001 ms
1: [2021-10-16 18:52:12.129] [log] [info] duration 0.0121 ms
1: [2021-10-16 18:52:12.129] [log] [info] DecoratorLogger N7jessica11LogDurationINS_12DecoratorEndINS_25MeyerhofShallowFoundationINS_14DecoratorStartINS_7LogCallINS0_INS1_INS_17VerticalEccentricEEEEEEEEENS3_INS4_INS0_INS1_INS_15FoundationStripEEEEEEEEEEEEEEE
1: [2021-10-16 18:52:12.129] [log] [info] DecoratorLogger N7jessica11LogDurationINS_12DecoratorEndINS_17VerticalEccentricEEEEE
1: [2021-10-16 18:52:12.129] [log] [info] duration 0 ms
1: [2021-10-16 18:52:12.129] [log] [info] DecoratorLogger N7jessica11LogDurationINS_12DecoratorEndINS_15FoundationStripEEEEE
1: [2021-10-16 18:52:12.129] [log] [info] duration 0.0001 ms
1: [2021-10-16 18:52:12.129] [log] [info] DecoratorLogger N7jessica11LogDurationINS_12DecoratorEndINS_17VerticalEccentricEEEEE
1: [2021-10-16 18:52:12.129] [log] [info] duration 0.0001 ms
1: [2021-10-16 18:52:12.129] [log] [info] duration 0.019801 ms
1: [2021-10-16 18:52:12.129] [log] [info] DecoratorLogger N7jessica11LogDurationINS_12DecoratorEndINS_25MeyerhofShallowFoundationINS_14DecoratorStartINS_7LogCallINS0_INS1_INS_17VerticalEccentricEEEEEEEEENS3_INS4_INS0_INS1_INS_15FoundationStripEEEEEEEEEEEEEEE
1: [2021-10-16 18:52:12.129] [log] [info] DecoratorLogger N7jessica11LogDurationINS_12DecoratorEndINS_17VerticalEccentricEEEEE
1: [2021-10-16 18:52:12.129] [log] [info] duration 0.0001 ms
1: [2021-10-16 18:52:12.129] [log] [info] DecoratorLogger N7jessica11LogDurationINS_12DecoratorEndINS_15FoundationStripEEEEE
1: [2021-10-16 18:52:12.129] [log] [info] duration 0 ms
1: [2021-10-16 18:52:12.129] [log] [info] DecoratorLogger N7jessica11LogDurationINS_12DecoratorEndINS_17VerticalEccentricEEEEE
1: [2021-10-16 18:52:12.129] [log] [info] duration 0 ms
1: [2021-10-16 18:52:12.129] [log] [info] duration 0.018 ms
1: [2021-10-16 18:52:12.129] [log] [info] DecoratorLogger N7jessica11LogDurationINS_12DecoratorEndINS_17VerticalEccentricEEEEE
1: [2021-10-16 18:52:12.129] [log] [info] duration 0.0003 ms
1: [2021-10-16 18:52:12.129] [log] [info] DecoratorLogger N7jessica11LogDurationINS_12DecoratorEndINS_25MeyerhofShallowFoundationINS_14DecoratorStartINS_7LogCallINS0_INS1_INS_17VerticalEccentricEEEEEEEEENS3_INS4_INS0_INS1_INS_15FoundationStripEEEEEEEEEEEEEEE
1: [2021-10-16 18:52:12.129] [log] [info] DecoratorLogger N7jessica11LogDurationINS_12DecoratorEndINS_15FoundationStripEEEEE
1: [2021-10-16 18:52:12.129] [log] [info] duration 0 ms
1: [2021-10-16 18:52:12.129] [log] [info] DecoratorLogger N7jessica11LogDurationINS_12DecoratorEndINS_17VerticalEccentricEEEEE
1: [2021-10-16 18:52:12.129] [log] [info] duration 0 ms
1: [2021-10-16 18:52:12.129] [log] [info] duration 0.0143 ms
1: [2021-10-16 18:52:12.129] [log] [info] DecoratorLogger N7jessica11LogDurationINS_12DecoratorEndINS_17VerticalEccentricEEEEE
1: [2021-10-16 18:52:12.129] [log] [info] duration 0.0003 ms
1: [2021-10-16 18:52:12.129] [log] [info] DecoratorLogger N7jessica11LogDurationINS_12DecoratorEndINS_25MeyerhofShallowFoundationINS_14DecoratorStartINS_7LogCallINS0_INS1_INS_17VerticalEccentricEEEEEEEEENS3_INS4_INS0_INS1_INS_15FoundationStripEEEEEEEEEEEEEEE
1: [2021-10-16 18:52:12.129] [log] [info] DecoratorLogger N7jessica11LogDurationINS_12DecoratorEndINS_15FoundationStripEEEEE
1: [2021-10-16 18:52:12.129] [log] [info] duration 0.0001 ms
1: [2021-10-16 18:52:12.129] [log] [info] DecoratorLogger N7jessica11LogDurationINS_12DecoratorEndINS_17VerticalEccentricEEEEE
1: [2021-10-16 18:52:12.129] [log] [info] duration 0 ms
1: [2021-10-16 18:52:12.129] [log] [info] duration 0.0123 ms
1: [       OK ] data.CalcMeyehofAllDecorator (0 ms)
1: [ RUN      ] data.CalcMeyehofMainDecorator
1: [2021-10-16 18:52:12.129] [log] [info] DecoratorLogger N7jessica11LogDurationINS_12DecoratorEndINS_25MeyerhofShallowFoundationINS_17VerticalEccentricENS_15FoundationStripEEEEEEE
1: [2021-10-16 18:52:12.129] [log] [info] duration 0.0001 ms
1: [2021-10-16 18:52:12.129] [log] [info] DecoratorLogger N7jessica11LogDurationINS_12DecoratorEndINS_25MeyerhofShallowFoundationINS_17VerticalEccentricENS_15FoundationStripEEEEEEE
1: [2021-10-16 18:52:12.129] [log] [info] duration 0.0001 ms
1: [2021-10-16 18:52:12.129] [log] [info] DecoratorLogger N7jessica11LogDurationINS_12DecoratorEndINS_25MeyerhofShallowFoundationINS_17VerticalEccentricENS_15FoundationStripEEEEEEE
1: [2021-10-16 18:52:12.129] [log] [info] duration 0 ms
1: [2021-10-16 18:52:12.129] [log] [info] DecoratorLogger N7jessica11LogDurationINS_12DecoratorEndINS_25MeyerhofShallowFoundationINS_17VerticalEccentricENS_15FoundationStripEEEEEEE
1: [2021-10-16 18:52:12.129] [log] [info] duration 0.0001 ms
1: [2021-10-16 18:52:12.129] [log] [info] DecoratorLogger N7jessica11LogDurationINS_12DecoratorEndINS_25MeyerhofShallowFoundationINS_17VerticalEccentricENS_15FoundationStripEEEEEEE
1: [2021-10-16 18:52:12.129] [log] [info] duration 0.0001 ms
1: [2021-10-16 18:52:12.129] [log] [info] DecoratorLogger N7jessica11LogDurationINS_12DecoratorEndINS_25MeyerhofShallowFoundationINS_17VerticalEccentricENS_15FoundationStripEEEEEEE
1: [2021-10-16 18:52:12.129] [log] [info] duration 0.0001 ms
1: [2021-10-16 18:52:12.129] [log] [info] DecoratorLogger N7jessica11LogDurationINS_12DecoratorEndINS_25MeyerhofShallowFoundationINS_17VerticalEccentricENS_15FoundationStripEEEEEEE
1: [2021-10-16 18:52:12.129] [log] [info] duration 0.0001 ms
1: [2021-10-16 18:52:12.129] [log] [info] DecoratorLogger N7jessica11LogDurationINS_12DecoratorEndINS_25MeyerhofShallowFoundationINS_17VerticalEccentricENS_15FoundationStripEEEEEEE
1: [2021-10-16 18:52:12.129] [log] [info] duration 0.0001 ms
1: [2021-10-16 18:52:12.129] [log] [info] DecoratorLogger N7jessica11LogDurationINS_12DecoratorEndINS_25MeyerhofShallowFoundationINS_17VerticalEccentricENS_15FoundationStripEEEEEEE
1: [2021-10-16 18:52:12.129] [log] [info] duration 0 ms
1: [2021-10-16 18:52:12.129] [log] [info] DecoratorLogger N7jessica11LogDurationINS_12DecoratorEndINS_25MeyerhofShallowFoundationINS_17VerticalEccentricENS_15FoundationStripEEEEEEE
1: [2021-10-16 18:52:12.129] [log] [info] duration 0.0001 ms
1: [       OK ] data.CalcMeyehofMainDecorator (0 ms)
1: [ RUN      ] data.CalcMeyehofOnly
1: [2021-10-16 18:52:12.129] [log] [info] DecoratorLogger N7jessica11LogDurationINS_12DecoratorEndINS_25MeyerhofShallowFoundationINS_17VerticalEccentricENS_15FoundationStripEEEEEEE
1: [2021-10-16 18:52:12.129] [log] [info] duration 0.0008 ms
1: [2021-10-16 18:52:12.129] [log] [info] DecoratorLogger N7jessica11LogDurationINS_12DecoratorEndINS_25MeyerhofShallowFoundationINS_17VerticalEccentricENS_15FoundationStripEEEEEEE
1: [2021-10-16 18:52:12.129] [log] [info] duration 0.0007 ms
1: [2021-10-16 18:52:12.129] [log] [info] DecoratorLogger N7jessica11LogDurationINS_12DecoratorEndINS_25MeyerhofShallowFoundationINS_17VerticalEccentricENS_15FoundationStripEEEEEEE
1: [2021-10-16 18:52:12.129] [log] [info] duration 0.0008 ms
1: [2021-10-16 18:52:12.129] [log] [info] DecoratorLogger N7jessica11LogDurationINS_12DecoratorEndINS_25MeyerhofShallowFoundationINS_17VerticalEccentricENS_15FoundationStripEEEEEEE
1: [2021-10-16 18:52:12.129] [log] [info] duration 0.0001 ms
1: [2021-10-16 18:52:12.129] [log] [info] DecoratorLogger N7jessica11LogDurationINS_12DecoratorEndINS_25MeyerhofShallowFoundationINS_17VerticalEccentricENS_15FoundationStripEEEEEEE
1: [2021-10-16 18:52:12.129] [log] [info] duration 0.0001 ms
1: [2021-10-16 18:52:12.129] [log] [info] DecoratorLogger N7jessica11LogDurationINS_12DecoratorEndINS_25MeyerhofShallowFoundationINS_17VerticalEccentricENS_15FoundationStripEEEEEEE
1: [2021-10-16 18:52:12.129] [log] [info] duration 0.0001 ms
1: [2021-10-16 18:52:12.129] [log] [info] DecoratorLogger N7jessica11LogDurationINS_12DecoratorEndINS_25MeyerhofShallowFoundationINS_17VerticalEccentricENS_15FoundationStripEEEEEEE
1: [2021-10-16 18:52:12.129] [log] [info] duration 0.0001 ms
1: [2021-10-16 18:52:12.129] [log] [info] DecoratorLogger N7jessica11LogDurationINS_12DecoratorEndINS_25MeyerhofShallowFoundationINS_17VerticalEccentricENS_15FoundationStripEEEEEEE
1: [2021-10-16 18:52:12.129] [log] [info] duration 0 ms
1: [       OK ] data.CalcMeyehofOnly (0 ms)
1: [----------] 4 tests from data (0 ms total)
1: 
1: [----------] Global test environment tear-down
1: [==========] 4 tests from 1 test suite ran. (0 ms total)
1: [  PASSED  ] 4 tests.
[HANDLER_OUTPUT] 
1/4 Test #1: TestCalcMeyerhof ..................
   Passed    0.00 sec
[HANDLER_VERBOSE_OUTPUT] 
test 2

[HANDLER_OUTPUT] 
    Start 2: TestGeotechnicalFoundationStrip

[HANDLER_VERBOSE_OUTPUT] 

2: Test command: /home/runner/work/jessica/jessica/build/test/backend/data/test_geotechnical_foundation_strip

2: Test timeout computed to be: 1500
2: [==========] Running 2 tests from 1 test suite.
2: [----------] Global test environment set-up.
2: [----------] 2 tests from data
2: [ RUN      ] data.FoundationStrip
2: [       OK ] data.FoundationStrip (0 ms)
2: [ RUN      ] data.FoundationStripDecorator
2: [2021-10-16 18:52:12.150] [log] [info] DecoratorLogger N7jessica11LogDurationINS_12DecoratorEndINS_15FoundationStripEEEEE
2: [2021-10-16 18:52:12.150] [log] [info] duration 0.0001 ms
2: [2021-10-16 18:52:12.151] [log] [info] DecoratorLogger N7jessica11LogDurationINS_12DecoratorEndINS_15FoundationStripEEEEE
2: [2021-10-16 18:52:12.151] [log] [info] duration 0.0006 ms
2: [2021-10-16 18:52:12.151] [log] [info] DecoratorLogger N7jessica11LogDurationINS_12DecoratorEndINS_15FoundationStripEEEEE
2: [2021-10-16 18:52:12.151] [log] [info] duration 0.0001 ms
2: [2021-10-16 18:52:12.151] [log] [info] DecoratorLogger N7jessica11LogDurationINS_12DecoratorEndINS_15FoundationStripEEEEE
2: [2021-10-16 18:52:12.151] [log] [info] duration 0.0001 ms
2: [2021-10-16 18:52:12.151] [log] [info] DecoratorLogger N7jessica11LogDurationINS_12DecoratorEndINS_15FoundationStripEEEEE
2: [2021-10-16 18:52:12.151] [log] [info] duration 0.0001 ms
2: [2021-10-16 18:52:12.151] [log] [info] DecoratorLogger N7jessica11LogDurationINS_12DecoratorEndINS_15FoundationStripEEEEE
2: [2021-10-16 18:52:12.151] [log] [info] duration 0.0001 ms
2: [       OK ] data.FoundationStripDecorator (1 ms)
2: [----------] 2 tests from data (1 ms total)
2: 
2: [----------] Global test environment tear-down
2: [==========] 2 tests from 1 test suite ran. (1 ms total)
2: [  PASSED  ] 2 tests.
[HANDLER_OUTPUT] 
2/4 Test #2: TestGeotechnicalFoundationStrip ...
   Passed    0.00 sec
[HANDLER_VERBOSE_OUTPUT] 
test 3

[HANDLER_OUTPUT] 
    Start 3: TestLoadVerticalEccentric

[HANDLER_VERBOSE_OUTPUT] 

3: Test command: /home/runner/work/jessica/jessica/build/test/backend/data/test_load_vertical_eccentric

3: Test timeout computed to be: 1500
3: [==========] Running 2 tests from 1 test suite.
3: [----------] Global test environment set-up.
3: [----------] 2 tests from data
3: [ RUN      ] data.VerticalEccentric
3: [       OK ] data.VerticalEccentric (0 ms)
3: [ RUN      ] data.VerticalEccentricDecorator
3: [2021-10-16 18:52:12.153] [log] [info] DecoratorLogger N7jessica11LogDurationINS_12DecoratorEndINS_17VerticalEccentricEEEEE
3: [2021-10-16 18:52:12.153] [log] [info] duration 0 ms
3: [2021-10-16 18:52:12.153] [log] [info] DecoratorLogger N7jessica11LogDurationINS_12DecoratorEndINS_17VerticalEccentricEEEEE
3: [2021-10-16 18:52:12.153] [log] [info] duration 0.0001 ms
3: [2021-10-16 18:52:12.153] [log] [info] DecoratorLogger N7jessica11LogDurationINS_12DecoratorEndINS_17VerticalEccentricEEEEE
3: [2021-10-16 18:52:12.153] [log] [info] duration 0.0006 ms
3: [2021-10-16 18:52:12.153] [log] [info] DecoratorLogger N7jessica11LogDurationINS_12DecoratorEndINS_17VerticalEccentricEEEEE
3: [2021-10-16 18:52:12.153] [log] [info] duration 0.0001 ms
3: [2021-10-16 18:52:12.153] [log] [info] DecoratorLogger N7jessica11LogDurationINS_12DecoratorEndINS_17VerticalEccentricEEEEE
3: [2021-10-16 18:52:12.153] [log] [info] duration 0 ms
3: [2021-10-16 18:52:12.153] [log] [info] DecoratorLogger N7jessica11LogDurationINS_12DecoratorEndINS_17VerticalEccentricEEEEE
3: [2021-10-16 18:52:12.153] [log] [info] duration 0.0004 ms
3: [2021-10-16 18:52:12.153] [log] [info] DecoratorLogger N7jessica11LogDurationINS_12DecoratorEndINS_17VerticalEccentricEEEEE
3: [2021-10-16 18:52:12.154] [log] [info] duration 0 ms
3: [2021-10-16 18:52:12.154] [log] [info] DecoratorLogger N7jessica11LogDurationINS_12DecoratorEndINS_17VerticalEccentricEEEEE
3: [2021-10-16 18:52:12.154] [log] [info] duration 0.0001 ms
3: [2021-10-16 18:52:12.154] [log] [info] DecoratorLogger N7jessica11LogDurationINS_12DecoratorEndINS_17VerticalEccentricEEEEE
3: [2021-10-16 18:52:12.154] [log] [info] duration 0.0001 ms
3: [2021-10-16 18:52:12.154] [log] [info] DecoratorLogger N7jessica11LogDurationINS_12DecoratorEndINS_17VerticalEccentricEEEEE
3: [2021-10-16 18:52:12.154] [log] [info] duration 0.0001 ms
3: [2021-10-16 18:52:12.154] [log] [info] DecoratorLogger N7jessica11LogDurationINS_12DecoratorEndINS_17VerticalEccentricEEEEE
3: [2021-10-16 18:52:12.154] [log] [info] duration 0.0001 ms
3: [2021-10-16 18:52:12.154] [log] [info] DecoratorLogger N7jessica11LogDurationINS_12DecoratorEndINS_17VerticalEccentricEEEEE
3: [2021-10-16 18:52:12.154] [log] [info] duration 0 ms
3: [       OK ] data.VerticalEccentricDecorator (1 ms)
3: [----------] 2 tests from data (1 ms total)
3: 
3: [----------] Global test environment tear-down
3: [==========] 2 tests from 1 test suite ran. (1 ms total)
3: [  PASSED  ] 2 tests.
[HANDLER_OUTPUT] 
3/4 Test #3: TestLoadVerticalEccentric .........
   Passed    0.00 sec
[HANDLER_VERBOSE_OUTPUT] 
test 4

[HANDLER_OUTPUT] 
    Start 4: TestUtilDecorator

[HANDLER_VERBOSE_OUTPUT] 

4: Test command: /home/runner/work/jessica/jessica/build/test/backend/util/test_util_decorator

4: Test timeout computed to be: 1500
4: Running main() from /build/googletest-OI1WhS/googletest-1.10.0.20201025/googletest/src/gtest_main.cc
4: [==========] Running 1 test from 1 test suite.
4: [----------] Global test environment set-up.
4: [----------] 1 test from decorator
4: [ RUN      ] decorator.Test
4: DecoratorLogger N7jessica12DecoratorEndI13DecoratorTestEE
4: DecoratorLogger N7jessica12DecoratorEndI13DecoratorTestEE
4: [       OK ] decorator.Test (0 ms)
4: [----------] 1 test from decorator (0 ms total)
4: 
4: [----------] Global test environment tear-down
4: [==========] 1 test from 1 test suite ran. (0 ms total)
4: [  PASSED  ] 1 test.
[HANDLER_OUTPUT] 
4/4 Test #4: TestUtilDecorator .................
   Passed    0.00 sec

100% tests passed, 0 tests failed out of 4

Total Test time (real) =   0.07 sec
