[HANDLER_VERBOSE_OUTPUT] 
UpdateCTestConfiguration  from :/home/runner/work/jessica/jessica/build/DartConfiguration.tcl

Parse Config file:/home/runner/work/jessica/jessica/build/DartConfiguration.tcl
UpdateCTestConfiguration  from :/home/runner/work/jessica/jessica/build/DartConfiguration.tcl
Parse Config file:/home/runner/work/jessica/jessica/build/DartConfiguration.tcl
[HANDLER_OUTPUT] 
Test project /home/runner/work/jessica/jessica/build

[HANDLER_VERBOSE_OUTPUT] 
Constructing a list of tests

Done constructing a list of tests
Updating test list for fixtures
Added 0 tests to meet fixture requirements
Checking test dependency graph...
Checking test dependency graph end
test 1
[HANDLER_OUTPUT] 
    Start 1: NpmAngular

[HANDLER_VERBOSE_OUTPUT] 

1: Test command: /opt/hostedtoolcache/node/14.18.2/x64/bin/npm "run" "test" "--verbose"

1: Test timeout computed to be: 1500
1: npm info it worked if it ends with ok
1: npm verb cli [
1: npm verb cli   '/opt/hostedtoolcache/node/14.18.2/x64/bin/node',
1: npm verb cli   '/opt/hostedtoolcache/node/14.18.2/x64/bin/npm',
1: npm verb cli   'run',
1: npm verb cli   'test',
1: npm verb cli   '--verbose'
1: npm verb cli ]
1: npm info using npm@6.14.15
1: npm info using node@v14.18.2
1: npm verb run-script [ 'pretest', 'test', 'posttest' ]
1: npm info lifecycle angular@0.0.0~pretest: angular@0.0.0
1: npm info lifecycle angular@0.0.0~test: angular@0.0.0
1: 
1: > angular@0.0.0 test /home/runner/work/jessica/jessica/src/angular
1: > ng test --no-watch --no-progress --browsers=ChromeHeadless
1: 
1: 
1: Compiling @angular/core : es2015 as esm2015
1: 
1: Compiling @angular/core/testing : es2015 as esm2015
1: 
1: Compiling @angular/common : es2015 as esm2015
1: 
1: Compiling @angular/platform-browser : es2015 as esm2015
1: 
1: Compiling @angular/platform-browser-dynamic : es2015 as esm2015
1: 
1: Compiling @angular/platform-browser/testing : es2015 as esm2015
1: 
1: Compiling @angular/compiler/testing : es2015 as esm2015
1: 
1: Compiling @angular/platform-browser-dynamic/testing : es2015 as esm2015
1: 
1: Compiling @angular/forms : es2015 as esm2015
1: 
1: Compiling @angular/common/http : es2015 as esm2015
1: 
1: Compiling @ngx-translate/core : es2015 as esm2015
1: 19 12 2021 19:55:34.979:INFO [karma-server]: Karma v6.3.6 server started at http://localhost:9876/
1: 19 12 2021 19:55:34.981:INFO [launcher]: Launching browsers ChromeHeadless with concurrency unlimited
1: 19 12 2021 19:55:34.985:INFO [launcher]: Starting browser ChromeHeadless
1: 19 12 2021 19:55:40.767:INFO [Chrome Headless 96.0.4664.110 (Linux x86_64)]: Connected on socket N_g3yFtTCov1iocMAAAB with id 5501699
1: Chrome Headless 96.0.4664.110 (Linux x86_64): Executed 0 of 4 SUCCESS (0 secs / 0 secs)
1: [1A[2KChrome Headless 96.0.4664.110 (Linux x86_64): Executed 1 of 4 SUCCESS (0 secs / 0.032 secs)
1: [1A[2KChrome Headless 96.0.4664.110 (Linux x86_64): Executed 2 of 4 SUCCESS (0 secs / 0.045 secs)
1: [1A[2KChrome Headless 96.0.4664.110 (Linux x86_64): Executed 3 of 4 SUCCESS (0 secs / 0.05 secs)
1: [1A[2KChrome Headless 96.0.4664.110 (Linux x86_64): Executed 4 of 4 SUCCESS (0 secs / 0.054 secs)
1: [1A[2KChrome Headless 96.0.4664.110 (Linux x86_64): Executed 4 of 4 SUCCESS (0.076 secs / 0.054 secs)
1: TOTAL: 4 SUCCESS
1: 
1: Compiling @angular/core : es2015 as esm2015
1: 
1: Compiling @angular/core/testing : es2015 as esm2015
1: 
1: Compiling @angular/common : es2015 as esm2015
1: 
1: Compiling @angular/platform-browser : es2015 as esm2015
1: 
1: Compiling @angular/platform-browser-dynamic : es2015 as esm2015
1: 
1: Compiling @angular/platform-browser/testing : es2015 as esm2015
1: 
1: Compiling @angular/compiler/testing : es2015 as esm2015
1: 
1: Compiling @angular/platform-browser-dynamic/testing : es2015 as esm2015
1: 
1: Compiling @angular/forms : es2015 as esm2015
1: 
1: Compiling @ngx-translate/core : es2015 as esm2015
1: 19 12 2021 19:55:54.901:INFO [karma-server]: Karma v6.3.6 server started at http://localhost:9876/
1: 19 12 2021 19:55:54.902:INFO [launcher]: Launching browsers ChromeHeadless with concurrency unlimited
1: 19 12 2021 19:55:54.902:INFO [launcher]: Starting browser ChromeHeadless
1: 19 12 2021 19:56:00.732:INFO [Chrome Headless 96.0.4664.110 (Linux x86_64)]: Connected on socket 4G0y7mPwPciFa3e7AAAD with id 74702353
1: Chrome Headless 96.0.4664.110 (Linux x86_64): Executed 0 of 7 SUCCESS (0 secs / 0 secs)
1: [1A[2KChrome Headless 96.0.4664.110 (Linux x86_64): Executed 1 of 7 SUCCESS (0 secs / 0.052 secs)
1: [1A[2KChrome Headless 96.0.4664.110 (Linux x86_64): Executed 2 of 7 SUCCESS (0 secs / 0.059 secs)
1: [1A[2KChrome Headless 96.0.4664.110 (Linux x86_64): Executed 3 of 7 SUCCESS (0 secs / 0.071 secs)
1: [1A[2KChrome Headless 96.0.4664.110 (Linux x86_64): Executed 4 of 7 SUCCESS (0 secs / 0.074 secs)
1: [1A[2KChrome Headless 96.0.4664.110 (Linux x86_64): Executed 5 of 7 SUCCESS (0 secs / 0.092 secs)
1: [1A[2KChrome Headless 96.0.4664.110 (Linux x86_64): Executed 6 of 7 SUCCESS (0 secs / 0.096 secs)
1: [1A[2KChrome Headless 96.0.4664.110 (Linux x86_64): Executed 7 of 7 SUCCESS (0 secs / 0.105 secs)
1: [1A[2KChrome Headless 96.0.4664.110 (Linux x86_64): Executed 7 of 7 SUCCESS (0.176 secs / 0.105 secs)
1: TOTAL: 7 SUCCESS
1: Compiling @angular/core/testing : es2015 as esm2015
1: Compiling @angular/platform-browser/testing : es2015 as esm2015
1: Compiling @angular/compiler/testing : es2015 as esm2015
1: Compiling @angular/platform-browser-dynamic/testing : es2015 as esm2015
1: Compiling @angular/common/testing : es2015 as esm2015
1: Compiling @angular/router/testing : es2015 as esm2015
1: 19 12 2021 19:56:13.104:INFO [karma-server]: Karma v6.3.6 server started at http://localhost:9876/
1: 19 12 2021 19:56:13.105:INFO [launcher]: Launching browsers ChromeHeadless with concurrency unlimited
1: 19 12 2021 19:56:13.105:INFO [launcher]: Starting browser ChromeHeadless
1: 19 12 2021 19:56:19.572:INFO [Chrome Headless 96.0.4664.110 (Linux x86_64)]: Connected on socket Cnrn7stFtvxjNt4bAAAF with id 14149923
1: Chrome Headless 96.0.4664.110 (Linux x86_64): Executed 0 of 3 SUCCESS (0 secs / 0 secs)
1: [1A[2KChrome Headless 96.0.4664.110 (Linux x86_64): Executed 1 of 3 SUCCESS (0 secs / 0.063 secs)
1: [1A[2KChrome Headless 96.0.4664.110 (Linux x86_64): Executed 2 of 3 SUCCESS (0 secs / 0.117 secs)
1: [1A[2KChrome Headless 96.0.4664.110 (Linux x86_64): Executed 3 of 3 SUCCESS (0 secs / 0.125 secs)
1: [1A[2KChrome Headless 96.0.4664.110 (Linux x86_64): Executed 3 of 3 SUCCESS (0.139 secs / 0.125 secs)
1: TOTAL: 3 SUCCESS
1: npm verb lifecycle angular@0.0.0~test: unsafe-perm in lifecycle true
1: npm verb lifecycle angular@0.0.0~test: PATH: /opt/hostedtoolcache/node/14.18.2/x64/lib/node_modules/npm/node_modules/npm-lifecycle/node-gyp-bin:/home/runner/work/jessica/jessica/src/angular/node_modules/.bin:/home/runner/work/jessica/jessica/emsdk/upstream/emscripten:/home/runner/work/jessica/jessica/emsdk:/opt/hostedtoolcache/node/14.18.2/x64/bin:/home/linuxbrew/.linuxbrew/bin:/home/linuxbrew/.linuxbrew/sbin:/home/runner/.local/bin:/opt/pipx_bin:/home/runner/.cargo/bin:/home/runner/.config/composer/vendor/bin:/usr/local/.ghcup/bin:/home/runner/.dotnet/tools:/snap/bin:/usr/local/sbin:/usr/local/bin:/usr/sbin:/usr/bin:/sbin:/bin:/usr/games:/usr/local/games:/snap/bin
1: npm verb lifecycle angular@0.0.0~test: CWD: /home/runner/work/jessica/jessica/src/angular
1: npm info lifecycle angular@0.0.0~posttest: angular@0.0.0
1: npm verb exit [ 0, true ]
1: npm timing npm Completed in 69941ms
1: npm info ok 
[HANDLER_OUTPUT] 
1/2 Test #1: NpmAngular .......................
   Passed   70.25 sec
[HANDLER_VERBOSE_OUTPUT] 
test 2

[HANDLER_OUTPUT] 
    Start 2: NpmTest

[HANDLER_VERBOSE_OUTPUT] 

2: Test command: /opt/hostedtoolcache/node/14.18.2/x64/bin/npm "run" "test" "--verbose"

2: Test timeout computed to be: 1500
2: npm info it worked if it ends with ok
2: npm verb cli [
2: npm verb cli   '/opt/hostedtoolcache/node/14.18.2/x64/bin/node',
2: npm verb cli   '/opt/hostedtoolcache/node/14.18.2/x64/bin/npm',
2: npm verb cli   'run',
2: npm verb cli   'test',
2: npm verb cli   '--verbose'
2: npm verb cli ]
2: npm info using npm@6.14.15
2: npm info using node@v14.18.2
2: npm verb run-script [ 'pretest', 'test', 'posttest' ]
2: npm info lifecycle @~pretest: @
2: npm info lifecycle @~test: @
2: 
2: > @ test /home/runner/work/jessica/jessica/build/test/javascript
2: > node --trace-warnings --unhandled-rejections=strict node_modules/.bin/jest
2: 
2:   console.log
2:     [2021-12-19 19:56:24.953] [log] [info] DecoratorLogger N7jessica11LogDurationINS_20DecoratorEndMeyerhofINS_25MeyerhofShallowFoundationINS_17VerticalEccentricENS_15FoundationStripEEEEEEE
2: 
2:       at console.<anonymous> (node_modules/jest-mock/build/index.js:850:25)
2: 
2:   console.log
2:     [2021-12-19 19:56:25.191] [log] [info] duration 0.011301 ms
2: 
2:       at console.<anonymous> (node_modules/jest-mock/build/index.js:850:25)
2: 
2:   console.log
2:     [2021-12-19 19:56:25.193] [log] [info] DecoratorLogger N7jessica11LogDurationINS_20DecoratorEndMeyerhofINS_25MeyerhofShallowFoundationINS_17VerticalEccentricENS_15FoundationStripEEEEEEE
2: 
2:       at console.<anonymous> (node_modules/jest-mock/build/index.js:850:25)
2: 
2:   console.log
2:     [2021-12-19 19:56:25.194] [log] [info] duration 0.007 ms
2: 
2:       at console.<anonymous> (node_modules/jest-mock/build/index.js:850:25)
2: 
2: PASS ./jessica.test.js
2:   âœ“ WarmUpJessica (67 ms)
2:   âœ“ VerticalEccentric (80 ms)
2:   âœ“ FoundationStrip (47 ms)
2:   âœ“ CalcMeyehof (278 ms)
2: 
2: Test Suites: 1 passed, 1 total
2: Tests:       4 passed, 4 total
2: Snapshots:   0 total
2: Time:        1.472 s
2: Ran all test suites.
2: npm verb lifecycle @~test: unsafe-perm in lifecycle true
2: npm verb lifecycle @~test: PATH: /opt/hostedtoolcache/node/14.18.2/x64/lib/node_modules/npm/node_modules/npm-lifecycle/node-gyp-bin:/home/runner/work/jessica/jessica/build/test/javascript/node_modules/.bin:/home/runner/work/jessica/jessica/emsdk/upstream/emscripten:/home/runner/work/jessica/jessica/emsdk:/opt/hostedtoolcache/node/14.18.2/x64/bin:/home/linuxbrew/.linuxbrew/bin:/home/linuxbrew/.linuxbrew/sbin:/home/runner/.local/bin:/opt/pipx_bin:/home/runner/.cargo/bin:/home/runner/.config/composer/vendor/bin:/usr/local/.ghcup/bin:/home/runner/.dotnet/tools:/snap/bin:/usr/local/sbin:/usr/local/bin:/usr/sbin:/usr/bin:/sbin:/bin:/usr/games:/usr/local/games:/snap/bin
2: npm verb lifecycle @~test: CWD: /home/runner/work/jessica/jessica/build/test/javascript
2: npm info lifecycle @~posttest: @
2: npm verb exit [ 0, true ]
2: npm timing npm Completed in 2285ms
2: npm info ok 
[HANDLER_OUTPUT] 
2/2 Test #2: NpmTest ..........................
   Passed    2.45 sec

100% tests passed, 0 tests failed out of 2

Total Test time (real) =  72.75 sec
