[HANDLER_OUTPUT] 
Test project D:/a/jessica/jessica/build

    Start 1: TestCalcMeyerhof
1/3 Test #1: TestCalcMeyerhof ..................   Passed    0.45 sec
    Start 2: TestGeotechnicalFoundationStrip
2/3 Test #2: TestGeotechnicalFoundationStrip ...   Passed    0.02 sec
    Start 3: TestLoadVerticalEccentric
3/3 Test #3: TestLoadVerticalEccentric .........   Passed    0.02 sec

100% tests passed, 0 tests failed out of 3

Total Test time (real) =   0.54 sec
