[HANDLER_VERBOSE_OUTPUT] 
UpdateCTestConfiguration  from :/home/runner/work/jessica/jessica/build/DartConfiguration.tcl

Parse Config file:/home/runner/work/jessica/jessica/build/DartConfiguration.tcl
UpdateCTestConfiguration  from :/home/runner/work/jessica/jessica/build/DartConfiguration.tcl
Parse Config file:/home/runner/work/jessica/jessica/build/DartConfiguration.tcl
[HANDLER_OUTPUT] 
Test project /home/runner/work/jessica/jessica/build

[HANDLER_VERBOSE_OUTPUT] 
Constructing a list of tests

Done constructing a list of tests
Updating test list for fixtures
Added 0 tests to meet fixture requirements
Checking test dependency graph...
Checking test dependency graph end
test 1
[HANDLER_OUTPUT] 
    Start 1: NpmAngular

[HANDLER_VERBOSE_OUTPUT] 

1: Test command: /opt/hostedtoolcache/node/14.17.6/x64/bin/npm "run" "test" "--verbose"

1: Test timeout computed to be: 1500
1: npm verb cli [
1: npm verb cli   '/opt/hostedtoolcache/node/14.17.6/x64/bin/node',
1: npm verb cli   '/opt/hostedtoolcache/node/14.17.6/x64/bin/npm',
1: npm verb cli   'run',
1: npm verb cli   'test',
1: npm verb cli   '--verbose'
1: npm verb cli ]
1: npm info using npm@7.22.0
1: npm info using node@v14.17.6
1: npm timing npm:load:whichnode Completed in 0ms
1: npm timing config:load:defaults Completed in 2ms
1: npm timing config:load:file:/opt/hostedtoolcache/node/14.17.6/x64/lib/node_modules/npm/npmrc Completed in 12ms
1: npm timing config:load:builtin Completed in 12ms
1: npm timing config:load:cli Completed in 2ms
1: npm timing config:load:env Completed in 1ms
1: npm timing config:load:file:/home/runner/work/jessica/jessica/src/angular/.npmrc Completed in 1ms
1: npm timing config:load:project Completed in 1ms
1: npm timing config:load:file:/home/runner/.npmrc Completed in 0ms
1: npm timing config:load:user Completed in 0ms
1: npm timing config:load:file:/opt/hostedtoolcache/node/14.17.6/x64/etc/npmrc Completed in 0ms
1: npm timing config:load:global Completed in 0ms
1: npm timing config:load:validate Completed in 0ms
1: npm timing config:load:credentials Completed in 1ms
1: npm timing config:load:setEnvs Completed in 1ms
1: npm timing config:load Completed in 20ms
1: npm timing npm:load:configload Completed in 20ms
1: npm timing npm:load:setTitle Completed in 0ms
1: npm timing npm:load:setupLog Completed in 1ms
1: npm timing config:load:flatten Completed in 4ms
1: npm timing npm:load:cleanupLog Completed in 2ms
1: npm timing npm:load:configScope Completed in 0ms
1: npm timing npm:load:projectScope Completed in 0ms
1: npm timing npm:load Completed in 38ms
1: 
1: > angular@0.0.0 test
1: > ng test --no-watch --no-progress --browsers=ChromeHeadless
1: 
1: Compiling @angular/core/testing : es2015 as esm2015
1: Compiling @angular/platform-browser/testing : es2015 as esm2015
1: Compiling @angular/compiler/testing : es2015 as esm2015
1: Compiling @angular/platform-browser-dynamic/testing : es2015 as esm2015
1: 04 09 2021 19:11:47.176:INFO [karma-server]: Karma v6.3.4 server started at http://localhost:9876/
1: 04 09 2021 19:11:47.179:INFO [launcher]: Launching browsers ChromeHeadless with concurrency unlimited
1: 04 09 2021 19:11:47.182:INFO [launcher]: Starting browser ChromeHeadless
1: 04 09 2021 19:11:54.791:INFO [Chrome Headless 92.0.4515.159 (Linux x86_64)]: Connected on socket MD7veCvge-kP3HnKAAAB with id 82685861
1: Chrome Headless 92.0.4515.159 (Linux x86_64): Executed 0 of 7 SUCCESS (0 secs / 0 secs)
1: [1A[2KChrome Headless 92.0.4515.159 (Linux x86_64): Executed 1 of 7 SUCCESS (0 secs / 0.021 secs)
1: [1A[2KChrome Headless 92.0.4515.159 (Linux x86_64): Executed 2 of 7 SUCCESS (0 secs / 0.068 secs)
1: [1A[2KChrome Headless 92.0.4515.159 (Linux x86_64): Executed 3 of 7 SUCCESS (0 secs / 0.084 secs)
1: [1A[2KChrome Headless 92.0.4515.159 (Linux x86_64): Executed 4 of 7 SUCCESS (0 secs / 0.088 secs)
1: [1A[2KChrome Headless 92.0.4515.159 (Linux x86_64): Executed 5 of 7 SUCCESS (0 secs / 0.1 secs)
1: [1A[2KChrome Headless 92.0.4515.159 (Linux x86_64): Executed 6 of 7 SUCCESS (0 secs / 0.12 secs)
1: [1A[2KChrome Headless 92.0.4515.159 (Linux x86_64): Executed 7 of 7 SUCCESS (0 secs / 0.123 secs)
1: [1A[2KChrome Headless 92.0.4515.159 (Linux x86_64): Executed 7 of 7 SUCCESS (0.263 secs / 0.123 secs)
1: TOTAL: 7 SUCCESS
1: Compiling @angular/common/testing : es2015 as esm2015
1: Compiling @angular/router/testing : es2015 as esm2015
1: 04 09 2021 19:12:04.078:INFO [karma-server]: Karma v6.3.4 server started at http://localhost:9876/
1: 04 09 2021 19:12:04.081:INFO [launcher]: Launching browsers ChromeHeadless with concurrency unlimited
1: 04 09 2021 19:12:04.083:INFO [launcher]: Starting browser ChromeHeadless
1: 04 09 2021 19:12:08.427:INFO [Chrome Headless 92.0.4515.159 (Linux x86_64)]: Connected on socket V5Iykd7WPNUYcJCJAAAD with id 37402201
1: Chrome Headless 92.0.4515.159 (Linux x86_64): Executed 0 of 3 SUCCESS (0 secs / 0 secs)
1: [1A[2KLOG: 'LANGen'
1: Chrome Headless 92.0.4515.159 (Linux x86_64): Executed 0 of 3 SUCCESS (0 secs / 0 secs)
1: LOG: 'LANGen'
1: [1A[2KChrome Headless 92.0.4515.159 (Linux x86_64): Executed 1 of 3 SUCCESS (0 secs / 0.067 secs)
1: [1A[2KLOG: 'LANGen'
1: Chrome Headless 92.0.4515.159 (Linux x86_64): Executed 1 of 3 SUCCESS (0 secs / 0.067 secs)
1: LOG: 'LANGen'
1: [1A[2KChrome Headless 92.0.4515.159 (Linux x86_64): Executed 2 of 3 SUCCESS (0 secs / 0.076 secs)
1: [1A[2KChrome Headless 92.0.4515.159 (Linux x86_64): Executed 3 of 3 SUCCESS (0 secs / 0.087 secs)
1: [1A[2KChrome Headless 92.0.4515.159 (Linux x86_64): Executed 3 of 3 SUCCESS (0.115 secs / 0.087 secs)
1: TOTAL: 3 SUCCESS
1: npm timing command:run-script Completed in 37413ms
1: npm verb exit 0
1: npm timing npm Completed in 37608ms
1: npm info ok 
[HANDLER_OUTPUT] 
1/2 Test #1: NpmAngular .......................
   Passed   37.76 sec
[HANDLER_VERBOSE_OUTPUT] 
test 2

[HANDLER_OUTPUT] 
    Start 2: NpmTest

[HANDLER_VERBOSE_OUTPUT] 

2: Test command: /opt/hostedtoolcache/node/14.17.6/x64/bin/npm "run" "test" "--verbose"

2: Test timeout computed to be: 1500
2: npm verb cli [
2: npm verb cli   '/opt/hostedtoolcache/node/14.17.6/x64/bin/node',
2: npm verb cli   '/opt/hostedtoolcache/node/14.17.6/x64/bin/npm',
2: npm verb cli   'run',
2: npm verb cli   'test',
2: npm verb cli   '--verbose'
2: npm verb cli ]
2: npm info using npm@7.22.0
2: npm info using node@v14.17.6
2: npm timing npm:load:whichnode Completed in 0ms
2: npm timing config:load:defaults Completed in 2ms
2: npm timing config:load:file:/opt/hostedtoolcache/node/14.17.6/x64/lib/node_modules/npm/npmrc Completed in 12ms
2: npm timing config:load:builtin Completed in 12ms
2: npm timing config:load:cli Completed in 2ms
2: npm timing config:load:env Completed in 1ms
2: npm timing config:load:file:/home/runner/work/jessica/jessica/build/test/javascript/.npmrc Completed in 0ms
2: npm timing config:load:project Completed in 1ms
2: npm timing config:load:file:/home/runner/.npmrc Completed in 0ms
2: npm timing config:load:user Completed in 0ms
2: npm timing config:load:file:/opt/hostedtoolcache/node/14.17.6/x64/etc/npmrc Completed in 0ms
2: npm timing config:load:global Completed in 0ms
2: npm timing config:load:validate Completed in 1ms
2: npm timing config:load:credentials Completed in 1ms
2: npm timing config:load:setEnvs Completed in 1ms
2: npm timing config:load Completed in 21ms
2: npm timing npm:load:configload Completed in 21ms
2: npm timing npm:load:setTitle Completed in 0ms
2: npm timing npm:load:setupLog Completed in 0ms
2: npm timing config:load:flatten Completed in 2ms
2: npm timing npm:load:cleanupLog Completed in 3ms
2: npm timing npm:load:configScope Completed in 0ms
2: npm timing npm:load:projectScope Completed in 0ms
2: npm timing npm:load Completed in 33ms
2: 
2: > test
2: > node --trace-warnings --unhandled-rejections=strict node_modules/.bin/jest
2: 
2: PASS ./jessica.test.js
2:   âœ“ WarmUpJessica (88 ms)
2:   âœ“ VerticalEccentric (56 ms)
2:   âœ“ FoundationStrip (53 ms)
2:   âœ“ CalcMeyehof (221 ms)
2: 
2:   console.log
2:     [2021-09-04 19:12:13.289] [log] [info] DecoratorLogger N7jessica11LogDurationINS_12DecoratorEndINS_25MeyerhofShallowFoundationINS_17VerticalEccentricENS_15FoundationStripEEEEEEE
2: 
2:       at console.<anonymous> (node_modules/jest-mock/build/index.js:850:25)
2: 
2:   console.log
2:     [2021-09-04 19:12:13.478] [log] [info] duration 0.0118 ms
2: 
2:       at console.<anonymous> (node_modules/jest-mock/build/index.js:850:25)
2: 
2:   console.log
2:     [2021-09-04 19:12:13.480] [log] [info] DecoratorLogger N7jessica11LogDurationINS_12DecoratorEndINS_25MeyerhofShallowFoundationINS_17VerticalEccentricENS_15FoundationStripEEEEEEE
2: 
2:       at console.<anonymous> (node_modules/jest-mock/build/index.js:850:25)
2: 
2:   console.log
2:     [2021-09-04 19:12:13.481] [log] [info] duration 0.0063 ms
2: 
2:       at console.<anonymous> (node_modules/jest-mock/build/index.js:850:25)
2: 
2: Test Suites: 1 passed, 1 total
2: Tests:       4 passed, 4 total
2: Snapshots:   0 total
2: Time:        1.465 s
2: Ran all test suites.
2: npm timing command:run-script Completed in 2220ms
2: npm verb exit 0
2: npm timing npm Completed in 2404ms
2: npm info ok 
[HANDLER_OUTPUT] 
2/2 Test #2: NpmTest ..........................
   Passed    2.56 sec

100% tests passed, 0 tests failed out of 2

Total Test time (real) =  40.37 sec
