[HANDLER_VERBOSE_OUTPUT] 
UpdateCTestConfiguration  from :D:/a/jessica/jessica/build/DartConfiguration.tcl

Parse Config file:D:/a/jessica/jessica/build/DartConfiguration.tcl
UpdateCTestConfiguration  from :D:/a/jessica/jessica/build/DartConfiguration.tcl
Parse Config file:D:/a/jessica/jessica/build/DartConfiguration.tcl
[HANDLER_OUTPUT] 
Test project D:/a/jessica/jessica/build

[HANDLER_VERBOSE_OUTPUT] 
Constructing a list of tests

Done constructing a list of tests
Updating test list for fixtures
Added 0 tests to meet fixture requirements
Checking test dependency graph...
Checking test dependency graph end
test 1
[HANDLER_OUTPUT] 
    Start 1: TestCalcMeyerhof

[HANDLER_VERBOSE_OUTPUT] 

1: Test command: D:\a\jessica\jessica\build\test\backend\calc\geotechnical\Debug\test_calc_meyerhof.exe

1: Test timeout computed to be: 1500
1: [==========] Running 5 tests from 1 test suite.
1: [----------] Global test environment set-up.
1: [----------] 5 tests from data
1: [ RUN      ] data.CalcMeyehof
1: [       OK ] data.CalcMeyehof (18 ms)
1: [ RUN      ] data.CalcMeyehofAllDecorator
1: [2021-12-19 07:38:39.249] [log] [info] DecoratorLogger class jessica::LogDuration<class jessica::DecoratorEndFoundationStrip<class jessica::FoundationStrip> >
1: [2021-12-19 07:38:39.273] [log] [info] duration 0.0035 ms
1: [2021-12-19 07:38:39.274] [log] [info] DecoratorLogger class jessica::LogDuration<class jessica::DecoratorEndVerticalEccentric<class jessica::VerticalEccentric> >
1: [2021-12-19 07:38:39.274] [log] [info] duration 0.0017 ms
1: [2021-12-19 07:38:39.274] [log] [info] DecoratorLogger class jessica::LogDuration<class jessica::DecoratorEndVerticalEccentric<class jessica::VerticalEccentric> >
1: [2021-12-19 07:38:39.274] [log] [info] duration 0.001 ms
1: [2021-12-19 07:38:39.274] [log] [info] DecoratorLogger class jessica::LogDuration<class jessica::DecoratorEndMeyerhof<class jessica::MeyerhofShallowFoundation<class jessica::DecoratorStartVerticalEccentric<class jessica::LogCall<class jessica::LogDuration<class jessica::DecoratorEndVerticalEccentric<class jessica::VerticalEccentric> > > >,class jessica::DecoratorStartFoundationStrip<class jessica::LogCall<class jessica::LogDuration<class jessica::DecoratorEndFoundationStrip<class jessica::FoundationStrip> > > > > > >
1: [2021-12-19 07:38:39.274] [log] [info] DecoratorLogger class jessica::LogDuration<class jessica::DecoratorEndFoundationStrip<class jessica::FoundationStrip> >
1: [2021-12-19 07:38:39.274] [log] [info] duration 0.0003 ms
1: [2021-12-19 07:38:39.274] [log] [info] DecoratorLogger class jessica::LogDuration<class jessica::DecoratorEndVerticalEccentric<class jessica::VerticalEccentric> >
1: [2021-12-19 07:38:39.274] [log] [info] duration 0.0003 ms
1: [2021-12-19 07:38:39.274] [log] [info] duration 0.0714 ms
1: [2021-12-19 07:38:39.274] [log] [info] DecoratorLogger class jessica::LogDuration<class jessica::DecoratorEndMeyerhof<class jessica::MeyerhofShallowFoundation<class jessica::DecoratorStartVerticalEccentric<class jessica::LogCall<class jessica::LogDuration<class jessica::DecoratorEndVerticalEccentric<class jessica::VerticalEccentric> > > >,class jessica::DecoratorStartFoundationStrip<class jessica::LogCall<class jessica::LogDuration<class jessica::DecoratorEndFoundationStrip<class jessica::FoundationStrip> > > > > > >
1: [2021-12-19 07:38:39.274] [log] [info] DecoratorLogger class jessica::LogDuration<class jessica::DecoratorEndVerticalEccentric<class jessica::VerticalEccentric> >
1: [2021-12-19 07:38:39.274] [log] [info] duration 0.0003 ms
1: [2021-12-19 07:38:39.274] [log] [info] DecoratorLogger class jessica::LogDuration<class jessica::DecoratorEndFoundationStrip<class jessica::FoundationStrip> >
1: [2021-12-19 07:38:39.274] [log] [info] duration 0.0002 ms
1: [2021-12-19 07:38:39.274] [log] [info] DecoratorLogger class jessica::LogDuration<class jessica::DecoratorEndVerticalEccentric<class jessica::VerticalEccentric> >
1: [2021-12-19 07:38:39.274] [log] [info] duration 0.0001 ms
1: [2021-12-19 07:38:39.274] [log] [info] duration 0.0963 ms
1: [2021-12-19 07:38:39.274] [log] [info] DecoratorLogger class jessica::LogDuration<class jessica::DecoratorEndVerticalEccentric<class jessica::VerticalEccentric> >
1: [2021-12-19 07:38:39.274] [log] [info] duration 0.0011 ms
1: [2021-12-19 07:38:39.274] [log] [info] DecoratorLogger class jessica::LogDuration<class jessica::DecoratorEndMeyerhof<class jessica::MeyerhofShallowFoundation<class jessica::DecoratorStartVerticalEccentric<class jessica::LogCall<class jessica::LogDuration<class jessica::DecoratorEndVerticalEccentric<class jessica::VerticalEccentric> > > >,class jessica::DecoratorStartFoundationStrip<class jessica::LogCall<class jessica::LogDuration<class jessica::DecoratorEndFoundationStrip<class jessica::FoundationStrip> > > > > > >
1: [2021-12-19 07:38:39.274] [log] [info] DecoratorLogger class jessica::LogDuration<class jessica::DecoratorEndFoundationStrip<class jessica::FoundationStrip> >
1: [2021-12-19 07:38:39.274] [log] [info] duration 0.0001 ms
1: [2021-12-19 07:38:39.274] [log] [info] DecoratorLogger class jessica::LogDuration<class jessica::DecoratorEndVerticalEccentric<class jessica::VerticalEccentric> >
1: [2021-12-19 07:38:39.274] [log] [info] duration 0.0001 ms
1: [2021-12-19 07:38:39.274] [log] [info] duration 0.0595 ms
1: [2021-12-19 07:38:39.274] [log] [info] DecoratorLogger class jessica::LogDuration<class jessica::DecoratorEndMeyerhof<class jessica::MeyerhofShallowFoundation<class jessica::DecoratorStartVerticalEccentric<class jessica::LogCall<class jessica::LogDuration<class jessica::DecoratorEndVerticalEccentric<class jessica::VerticalEccentric> > > >,class jessica::DecoratorStartFoundationStrip<class jessica::LogCall<class jessica::LogDuration<class jessica::DecoratorEndFoundationStrip<class jessica::FoundationStrip> > > > > > >
1: [2021-12-19 07:38:39.274] [log] [info] DecoratorLogger class jessica::LogDuration<class jessica::DecoratorEndVerticalEccentric<class jessica::VerticalEccentric> >
1: [2021-12-19 07:38:39.274] [log] [info] duration 0.0001 ms
1: [2021-12-19 07:38:39.274] [log] [info] DecoratorLogger class jessica::LogDuration<class jessica::DecoratorEndFoundationStrip<class jessica::FoundationStrip> >
1: [2021-12-19 07:38:39.274] [log] [info] duration 0.0002 ms
1: [2021-12-19 07:38:39.274] [log] [info] DecoratorLogger class jessica::LogDuration<class jessica::DecoratorEndVerticalEccentric<class jessica::VerticalEccentric> >
1: [2021-12-19 07:38:39.274] [log] [info] duration 0.0001 ms
1: [2021-12-19 07:38:39.274] [log] [info] duration 0.0829 ms
1: [2021-12-19 07:38:39.274] [log] [info] DecoratorLogger class jessica::LogDuration<class jessica::DecoratorEndMeyerhof<class jessica::MeyerhofShallowFoundation<class jessica::DecoratorStartVerticalEccentric<class jessica::LogCall<class jessica::LogDuration<class jessica::DecoratorEndVerticalEccentric<class jessica::VerticalEccentric> > > >,class jessica::DecoratorStartFoundationStrip<class jessica::LogCall<class jessica::LogDuration<class jessica::DecoratorEndFoundationStrip<class jessica::FoundationStrip> > > > > > >
1: [2021-12-19 07:38:39.274] [log] [info] DecoratorLogger class jessica::LogDuration<class jessica::DecoratorEndFoundationStrip<class jessica::FoundationStrip> >
1: [2021-12-19 07:38:39.274] [log] [info] duration 0.0001 ms
1: [2021-12-19 07:38:39.274] [log] [info] DecoratorLogger class jessica::LogDuration<class jessica::DecoratorEndVerticalEccentric<class jessica::VerticalEccentric> >
1: [2021-12-19 07:38:39.274] [log] [info] duration 0.0002 ms
1: [2021-12-19 07:38:39.274] [log] [info] duration 0.0538 ms
1: [2021-12-19 07:38:39.274] [log] [info] DecoratorLogger class jessica::LogDuration<class jessica::DecoratorEndMeyerhof<class jessica::MeyerhofShallowFoundation<class jessica::DecoratorStartVerticalEccentric<class jessica::LogCall<class jessica::LogDuration<class jessica::DecoratorEndVerticalEccentric<class jessica::VerticalEccentric> > > >,class jessica::DecoratorStartFoundationStrip<class jessica::LogCall<class jessica::LogDuration<class jessica::DecoratorEndFoundationStrip<class jessica::FoundationStrip> > > > > > >
1: [2021-12-19 07:38:39.274] [log] [info] DecoratorLogger class jessica::LogDuration<class jessica::DecoratorEndFoundationStrip<class jessica::FoundationStrip> >
1: [2021-12-19 07:38:39.274] [log] [info] duration 0.0001 ms
1: [2021-12-19 07:38:39.274] [log] [info] DecoratorLogger class jessica::LogDuration<class jessica::DecoratorEndVerticalEccentric<class jessica::VerticalEccentric> >
1: [2021-12-19 07:38:39.274] [log] [info] duration 0.0001 ms
1: [2021-12-19 07:38:39.274] [log] [info] duration 0.0533 ms
1: [2021-12-19 07:38:39.274] [log] [info] DecoratorLogger class jessica::LogDuration<class jessica::DecoratorEndMeyerhof<class jessica::MeyerhofShallowFoundation<class jessica::DecoratorStartVerticalEccentric<class jessica::LogCall<class jessica::LogDuration<class jessica::DecoratorEndVerticalEccentric<class jessica::VerticalEccentric> > > >,class jessica::DecoratorStartFoundationStrip<class jessica::LogCall<class jessica::LogDuration<class jessica::DecoratorEndFoundationStrip<class jessica::FoundationStrip> > > > > > >
1: [2021-12-19 07:38:39.274] [log] [info] DecoratorLogger class jessica::LogDuration<class jessica::DecoratorEndVerticalEccentric<class jessica::VerticalEccentric> >
1: [2021-12-19 07:38:39.274] [log] [info] duration 0.0001 ms
1: [2021-12-19 07:38:39.275] [log] [info] DecoratorLogger class jessica::LogDuration<class jessica::DecoratorEndFoundationStrip<class jessica::FoundationStrip> >
1: [2021-12-19 07:38:39.275] [log] [info] duration 0.0002 ms
1: [2021-12-19 07:38:39.275] [log] [info] DecoratorLogger class jessica::LogDuration<class jessica::DecoratorEndVerticalEccentric<class jessica::VerticalEccentric> >
1: [2021-12-19 07:38:39.275] [log] [info] duration 0.0002 ms
1: [2021-12-19 07:38:39.275] [log] [info] duration 0.1467 ms
1: [2021-12-19 07:38:39.275] [log] [info] DecoratorLogger class jessica::LogDuration<class jessica::DecoratorEndMeyerhof<class jessica::MeyerhofShallowFoundation<class jessica::DecoratorStartVerticalEccentric<class jessica::LogCall<class jessica::LogDuration<class jessica::DecoratorEndVerticalEccentric<class jessica::VerticalEccentric> > > >,class jessica::DecoratorStartFoundationStrip<class jessica::LogCall<class jessica::LogDuration<class jessica::DecoratorEndFoundationStrip<class jessica::FoundationStrip> > > > > > >
1: [2021-12-19 07:38:39.275] [log] [info] DecoratorLogger class jessica::LogDuration<class jessica::DecoratorEndVerticalEccentric<class jessica::VerticalEccentric> >
1: [2021-12-19 07:38:39.275] [log] [info] duration 0.0001 ms
1: [2021-12-19 07:38:39.275] [log] [info] DecoratorLogger class jessica::LogDuration<class jessica::DecoratorEndFoundationStrip<class jessica::FoundationStrip> >
1: [2021-12-19 07:38:39.275] [log] [info] duration 0.0001 ms
1: [2021-12-19 07:38:39.275] [log] [info] DecoratorLogger class jessica::LogDuration<class jessica::DecoratorEndVerticalEccentric<class jessica::VerticalEccentric> >
1: [2021-12-19 07:38:39.275] [log] [info] duration 0.0002 ms
1: [2021-12-19 07:38:39.275] [log] [info] duration 0.0814 ms
1: [2021-12-19 07:38:39.275] [log] [info] DecoratorLogger class jessica::LogDuration<class jessica::DecoratorEndVerticalEccentric<class jessica::VerticalEccentric> >
1: [2021-12-19 07:38:39.275] [log] [info] duration 0.0011 ms
1: [2021-12-19 07:38:39.275] [log] [info] DecoratorLogger class jessica::LogDuration<class jessica::DecoratorEndMeyerhof<class jessica::MeyerhofShallowFoundation<class jessica::DecoratorStartVerticalEccentric<class jessica::LogCall<class jessica::LogDuration<class jessica::DecoratorEndVerticalEccentric<class jessica::VerticalEccentric> > > >,class jessica::DecoratorStartFoundationStrip<class jessica::LogCall<class jessica::LogDuration<class jessica::DecoratorEndFoundationStrip<class jessica::FoundationStrip> > > > > > >
1: [2021-12-19 07:38:39.275] [log] [info] DecoratorLogger class jessica::LogDuration<class jessica::DecoratorEndFoundationStrip<class jessica::FoundationStrip> >
1: [2021-12-19 07:38:39.275] [log] [info] duration 0.0001 ms
1: [2021-12-19 07:38:39.275] [log] [info] DecoratorLogger class jessica::LogDuration<class jessica::DecoratorEndVerticalEccentric<class jessica::VerticalEccentric> >
1: [2021-12-19 07:38:39.275] [log] [info] duration 0.0001 ms
1: [2021-12-19 07:38:39.275] [log] [info] duration 0.0635 ms
1: [2021-12-19 07:38:39.275] [log] [info] DecoratorLogger class jessica::LogDuration<class jessica::DecoratorEndVerticalEccentric<class jessica::VerticalEccentric> >
1: [2021-12-19 07:38:39.275] [log] [info] duration 0.0009 ms
1: [2021-12-19 07:38:39.275] [log] [info] DecoratorLogger class jessica::LogDuration<class jessica::DecoratorEndMeyerhof<class jessica::MeyerhofShallowFoundation<class jessica::DecoratorStartVerticalEccentric<class jessica::LogCall<class jessica::LogDuration<class jessica::DecoratorEndVerticalEccentric<class jessica::VerticalEccentric> > > >,class jessica::DecoratorStartFoundationStrip<class jessica::LogCall<class jessica::LogDuration<class jessica::DecoratorEndFoundationStrip<class jessica::FoundationStrip> > > > > > >
1: [2021-12-19 07:38:39.275] [log] [info] DecoratorLogger class jessica::LogDuration<class jessica::DecoratorEndFoundationStrip<class jessica::FoundationStrip> >
1: [2021-12-19 07:38:39.275] [log] [info] duration 0.0002 ms
1: [2021-12-19 07:38:39.275] [log] [info] DecoratorLogger class jessica::LogDuration<class jessica::DecoratorEndVerticalEccentric<class jessica::VerticalEccentric> >
1: [2021-12-19 07:38:39.275] [log] [info] duration 0.0002 ms
1: [2021-12-19 07:38:39.275] [log] [info] duration 0.058 ms
1: [       OK ] data.CalcMeyehofAllDecorator (27 ms)
1: [ RUN      ] data.CalcMeyehofMainDecorator
1: [2021-12-19 07:38:39.276] [log] [info] DecoratorLogger class jessica::LogDuration<class jessica::DecoratorEndMeyerhof<class jessica::MeyerhofShallowFoundation<class jessica::VerticalEccentric,class jessica::FoundationStrip> > >
1: [2021-12-19 07:38:39.276] [log] [info] duration 0.0003 ms
1: [2021-12-19 07:38:39.276] [log] [info] DecoratorLogger class jessica::LogDuration<class jessica::DecoratorEndMeyerhof<class jessica::MeyerhofShallowFoundation<class jessica::VerticalEccentric,class jessica::FoundationStrip> > >
1: [2021-12-19 07:38:39.276] [log] [info] duration 0.0004 ms
1: [2021-12-19 07:38:39.276] [log] [info] DecoratorLogger class jessica::LogDuration<class jessica::DecoratorEndMeyerhof<class jessica::MeyerhofShallowFoundation<class jessica::VerticalEccentric,class jessica::FoundationStrip> > >
1: [2021-12-19 07:38:39.276] [log] [info] duration 0.0002 ms
1: [2021-12-19 07:38:39.276] [log] [info] DecoratorLogger class jessica::LogDuration<class jessica::DecoratorEndMeyerhof<class jessica::MeyerhofShallowFoundation<class jessica::VerticalEccentric,class jessica::FoundationStrip> > >
1: [2021-12-19 07:38:39.276] [log] [info] duration 0.0004 ms
1: [2021-12-19 07:38:39.276] [log] [info] DecoratorLogger class jessica::LogDuration<class jessica::DecoratorEndMeyerhof<class jessica::MeyerhofShallowFoundation<class jessica::VerticalEccentric,class jessica::FoundationStrip> > >
1: [2021-12-19 07:38:39.276] [log] [info] duration 0.0002 ms
1: [2021-12-19 07:38:39.276] [log] [info] DecoratorLogger class jessica::LogDuration<class jessica::DecoratorEndMeyerhof<class jessica::MeyerhofShallowFoundation<class jessica::VerticalEccentric,class jessica::FoundationStrip> > >
1: [2021-12-19 07:38:39.276] [log] [info] duration 0.0002 ms
1: [2021-12-19 07:38:39.276] [log] [info] DecoratorLogger class jessica::LogDuration<class jessica::DecoratorEndMeyerhof<class jessica::MeyerhofShallowFoundation<class jessica::VerticalEccentric,class jessica::FoundationStrip> > >
1: [2021-12-19 07:38:39.276] [log] [info] duration 0.0003 ms
1: [2021-12-19 07:38:39.276] [log] [info] DecoratorLogger class jessica::LogDuration<class jessica::DecoratorEndMeyerhof<class jessica::MeyerhofShallowFoundation<class jessica::VerticalEccentric,class jessica::FoundationStrip> > >
1: [2021-12-19 07:38:39.276] [log] [info] duration 0.0003 ms
1: [2021-12-19 07:38:39.276] [log] [info] DecoratorLogger class jessica::LogDuration<class jessica::DecoratorEndMeyerhof<class jessica::MeyerhofShallowFoundation<class jessica::VerticalEccentric,class jessica::FoundationStrip> > >
1: [2021-12-19 07:38:39.276] [log] [info] duration 0.0004 ms
1: [2021-12-19 07:38:39.276] [log] [info] DecoratorLogger class jessica::LogDuration<class jessica::DecoratorEndMeyerhof<class jessica::MeyerhofShallowFoundation<class jessica::VerticalEccentric,class jessica::FoundationStrip> > >
1: [2021-12-19 07:38:39.276] [log] [info] duration 0.0002 ms
1: [2021-12-19 07:38:39.277] [log] [info] DecoratorLogger class jessica::LogDuration<class jessica::DecoratorEndMeyerhof<class jessica::MeyerhofShallowFoundation<class jessica::VerticalEccentric,class jessica::FoundationStrip> > >
1: [2021-12-19 07:38:39.277] [log] [info] duration 0.0003 ms
1: [2021-12-19 07:38:39.277] [log] [info] DecoratorLogger class jessica::LogDuration<class jessica::DecoratorEndMeyerhof<class jessica::MeyerhofShallowFoundation<class jessica::VerticalEccentric,class jessica::FoundationStrip> > >
1: [2021-12-19 07:38:39.277] [log] [info] duration 0.0002 ms
1: [2021-12-19 07:38:39.277] [log] [info] DecoratorLogger class jessica::LogDuration<class jessica::DecoratorEndMeyerhof<class jessica::MeyerhofShallowFoundation<class jessica::VerticalEccentric,class jessica::FoundationStrip> > >
1: [2021-12-19 07:38:39.277] [log] [info] duration 0.0004 ms
1: [2021-12-19 07:38:39.277] [log] [info] DecoratorLogger class jessica::LogDuration<class jessica::DecoratorEndMeyerhof<class jessica::MeyerhofShallowFoundation<class jessica::VerticalEccentric,class jessica::FoundationStrip> > >
1: [2021-12-19 07:38:39.277] [log] [info] duration 0.0003 ms
1: [       OK ] data.CalcMeyehofMainDecorator (2 ms)
1: [ RUN      ] data.CalcMeyehofChildrenAccess
1: [2021-12-19 07:38:39.279] [log] [info] DecoratorLogger class jessica::LogDuration<class jessica::DecoratorEndMeyerhof<class jessica::MeyerhofShallowFoundation<class jessica::VerticalEccentric,class jessica::FoundationStrip> > >
1: [2021-12-19 07:38:39.279] [log] [info] duration 0.0024 ms
1: [2021-12-19 07:38:39.279] [log] [info] DecoratorLogger class jessica::LogDuration<class jessica::DecoratorEndMeyerhof<class jessica::MeyerhofShallowFoundation<class jessica::VerticalEccentric,class jessica::FoundationStrip> > >
1: [2021-12-19 07:38:39.279] [log] [info] duration 0.0017 ms
1: [2021-12-19 07:38:39.279] [log] [info] DecoratorLogger class jessica::LogDuration<class jessica::DecoratorEndMeyerhof<class jessica::MeyerhofShallowFoundation<class jessica::VerticalEccentric,class jessica::FoundationStrip> > >
1: [2021-12-19 07:38:39.279] [log] [info] duration 0.0024 ms
1: [2021-12-19 07:38:39.279] [log] [info] DecoratorLogger class jessica::LogDuration<class jessica::DecoratorEndMeyerhof<class jessica::MeyerhofShallowFoundation<class jessica::VerticalEccentric,class jessica::FoundationStrip> > >
1: [2021-12-19 07:38:39.279] [log] [info] duration 0.0004 ms
1: [2021-12-19 07:38:39.279] [log] [info] DecoratorLogger class jessica::LogDuration<class jessica::DecoratorEndMeyerhof<class jessica::MeyerhofShallowFoundation<class jessica::VerticalEccentric,class jessica::FoundationStrip> > >
1: [2021-12-19 07:38:39.279] [log] [info] duration 0.0002 ms
1: [2021-12-19 07:38:39.279] [log] [info] DecoratorLogger class jessica::LogDuration<class jessica::DecoratorEndMeyerhof<class jessica::MeyerhofShallowFoundation<class jessica::VerticalEccentric,class jessica::FoundationStrip> > >
1: [2021-12-19 07:38:39.279] [log] [info] duration 0.0002 ms
1: [2021-12-19 07:38:39.279] [log] [info] DecoratorLogger class jessica::LogDuration<class jessica::DecoratorEndMeyerhof<class jessica::MeyerhofShallowFoundation<class jessica::VerticalEccentric,class jessica::FoundationStrip> > >
1: [2021-12-19 07:38:39.279] [log] [info] duration 0.0003 ms
1: [2021-12-19 07:38:39.279] [log] [info] DecoratorLogger class jessica::LogDuration<class jessica::DecoratorEndMeyerhof<class jessica::MeyerhofShallowFoundation<class jessica::VerticalEccentric,class jessica::FoundationStrip> > >
1: [2021-12-19 07:38:39.279] [log] [info] duration 0.0003 ms
1: [2021-12-19 07:38:39.280] [log] [info] DecoratorLogger class jessica::LogDuration<class jessica::DecoratorEndMeyerhof<class jessica::MeyerhofShallowFoundation<class jessica::VerticalEccentric,class jessica::FoundationStrip> > >
1: [2021-12-19 07:38:39.280] [log] [info] duration 0.0003 ms
1: [2021-12-19 07:38:39.280] [log] [info] DecoratorLogger class jessica::LogDuration<class jessica::DecoratorEndMeyerhof<class jessica::MeyerhofShallowFoundation<class jessica::VerticalEccentric,class jessica::FoundationStrip> > >
1: [2021-12-19 07:38:39.280] [log] [info] duration 0.0003 ms
1: [2021-12-19 07:38:39.280] [log] [info] DecoratorLogger class jessica::LogDuration<class jessica::DecoratorEndMeyerhof<class jessica::MeyerhofShallowFoundation<class jessica::VerticalEccentric,class jessica::FoundationStrip> > >
1: [2021-12-19 07:38:39.280] [log] [info] duration 0.0003 ms
1: [2021-12-19 07:38:39.280] [log] [info] DecoratorLogger class jessica::LogDuration<class jessica::DecoratorEndMeyerhof<class jessica::MeyerhofShallowFoundation<class jessica::VerticalEccentric,class jessica::FoundationStrip> > >
1: [2021-12-19 07:38:39.280] [log] [info] duration 0.0003 ms
1: [       OK ] data.CalcMeyehofChildrenAccess (2 ms)
1: [ RUN      ] data.MeyerhofShallowFoundationWebServicesRestBed
1: [       OK ] data.MeyerhofShallowFoundationWebServicesRestBed (46 ms)
1: [----------] 5 tests from data (98 ms total)
1: 
1: [----------] Global test environment tear-down
1: [==========] 5 tests from 1 test suite ran. (137 ms total)
1: [  PASSED  ] 5 tests.
[HANDLER_OUTPUT] 
1/4 Test #1: TestCalcMeyerhof ..................
   Passed    0.56 sec
[HANDLER_VERBOSE_OUTPUT] 
test 2

[HANDLER_OUTPUT] 
    Start 2: TestGeotechnicalFoundationStrip

[HANDLER_VERBOSE_OUTPUT] 

2: Test command: D:\a\jessica\jessica\build\test\backend\data\Debug\test_geotechnical_foundation_strip.exe

2: Test timeout computed to be: 1500
2: [==========] Running 3 tests from 1 test suite.
2: [----------] Global test environment set-up.
2: [----------] 3 tests from data
2: [ RUN      ] data.FoundationStrip
2: [       OK ] data.FoundationStrip (1 ms)
2: [ RUN      ] data.FoundationStripDecorator
2: [2021-12-19 07:38:39.368] [log] [info] DecoratorLogger class jessica::LogDuration<class jessica::DecoratorEndFoundationStrip<class jessica::FoundationStrip> >
2: [2021-12-19 07:38:39.368] [log] [info] duration 0.0004 ms
2: [2021-12-19 07:38:39.369] [log] [info] DecoratorLogger class jessica::LogDuration<class jessica::DecoratorEndFoundationStrip<class jessica::FoundationStrip> >
2: [2021-12-19 07:38:39.369] [log] [info] duration 0.0031 ms
2: [2021-12-19 07:38:39.369] [log] [info] DecoratorLogger class jessica::LogDuration<class jessica::DecoratorEndFoundationStrip<class jessica::FoundationStrip> >
2: [2021-12-19 07:38:39.369] [log] [info] duration 0.0002 ms
2: [2021-12-19 07:38:39.369] [log] [info] DecoratorLogger class jessica::LogDuration<class jessica::DecoratorEndFoundationStrip<class jessica::FoundationStrip> >
2: [2021-12-19 07:38:39.369] [log] [info] duration 0.0001 ms
2: [2021-12-19 07:38:39.369] [log] [info] DecoratorLogger class jessica::LogDuration<class jessica::DecoratorEndFoundationStrip<class jessica::FoundationStrip> >
2: [2021-12-19 07:38:39.369] [log] [info] duration 0.0001 ms
2: [2021-12-19 07:38:39.369] [log] [info] DecoratorLogger class jessica::LogDuration<class jessica::DecoratorEndFoundationStrip<class jessica::FoundationStrip> >
2: [2021-12-19 07:38:39.369] [log] [info] duration 0.0001 ms
2: [2021-12-19 07:38:39.369] [log] [info] DecoratorLogger class jessica::LogDuration<class jessica::DecoratorEndFoundationStrip<class jessica::FoundationStrip> >
2: [2021-12-19 07:38:39.369] [log] [info] duration 0.0002 ms
2: [2021-12-19 07:38:39.369] [log] [info] DecoratorLogger class jessica::LogDuration<class jessica::DecoratorEndFoundationStrip<class jessica::FoundationStrip> >
2: [2021-12-19 07:38:39.369] [log] [info] duration 0.0269 ms
2: [       OK ] data.FoundationStripDecorator (2 ms)
2: [ RUN      ] data.FoundationStripWebServicesRestBed
2: [       OK ] data.FoundationStripWebServicesRestBed (19 ms)
2: [----------] 3 tests from data (23 ms total)
2: 
2: [----------] Global test environment tear-down
2: [==========] 3 tests from 1 test suite ran. (23 ms total)
2: [  PASSED  ] 3 tests.
[HANDLER_OUTPUT] 
2/4 Test #2: TestGeotechnicalFoundationStrip ...
   Passed    0.04 sec
[HANDLER_VERBOSE_OUTPUT] 
test 3

[HANDLER_OUTPUT] 
    Start 3: TestLoadVerticalEccentric

[HANDLER_VERBOSE_OUTPUT] 

3: Test command: D:\a\jessica\jessica\build\test\backend\data\Debug\test_load_vertical_eccentric.exe

3: Test timeout computed to be: 1500
3: [==========] Running 3 tests from 1 test suite.
3: [----------] Global test environment set-up.
3: [----------] 3 tests from data
3: [ RUN      ] data.VerticalEccentric
3: [       OK ] data.VerticalEccentric (1 ms)
3: [ RUN      ] data.VerticalEccentricDecorator
3: [2021-12-19 07:38:39.407] [log] [info] DecoratorLogger class jessica::LogDuration<class jessica::DecoratorEndVerticalEccentric<class jessica::VerticalEccentric> >
3: [2021-12-19 07:38:39.407] [log] [info] duration 0.0003 ms
3: [2021-12-19 07:38:39.407] [log] [info] DecoratorLogger class jessica::LogDuration<class jessica::DecoratorEndVerticalEccentric<class jessica::VerticalEccentric> >
3: [2021-12-19 07:38:39.408] [log] [info] duration 0.0002 ms
3: [2021-12-19 07:38:39.408] [log] [info] DecoratorLogger class jessica::LogDuration<class jessica::DecoratorEndVerticalEccentric<class jessica::VerticalEccentric> >
3: [2021-12-19 07:38:39.408] [log] [info] duration 0.0015 ms
3: [2021-12-19 07:38:39.408] [log] [info] DecoratorLogger class jessica::LogDuration<class jessica::DecoratorEndVerticalEccentric<class jessica::VerticalEccentric> >
3: [2021-12-19 07:38:39.408] [log] [info] duration 0.0002 ms
3: [2021-12-19 07:38:39.408] [log] [info] DecoratorLogger class jessica::LogDuration<class jessica::DecoratorEndVerticalEccentric<class jessica::VerticalEccentric> >
3: [2021-12-19 07:38:39.408] [log] [info] duration 0.0002 ms
3: [2021-12-19 07:38:39.408] [log] [info] DecoratorLogger class jessica::LogDuration<class jessica::DecoratorEndVerticalEccentric<class jessica::VerticalEccentric> >
3: [2021-12-19 07:38:39.408] [log] [info] duration 0.0013 ms
3: [2021-12-19 07:38:39.408] [log] [info] DecoratorLogger class jessica::LogDuration<class jessica::DecoratorEndVerticalEccentric<class jessica::VerticalEccentric> >
3: [2021-12-19 07:38:39.408] [log] [info] duration 0.0002 ms
3: [2021-12-19 07:38:39.408] [log] [info] DecoratorLogger class jessica::LogDuration<class jessica::DecoratorEndVerticalEccentric<class jessica::VerticalEccentric> >
3: [2021-12-19 07:38:39.408] [log] [info] duration 0.0006 ms
3: [2021-12-19 07:38:39.408] [log] [info] DecoratorLogger class jessica::LogDuration<class jessica::DecoratorEndVerticalEccentric<class jessica::VerticalEccentric> >
3: [2021-12-19 07:38:39.408] [log] [info] duration 0.0002 ms
3: [2021-12-19 07:38:39.408] [log] [info] DecoratorLogger class jessica::LogDuration<class jessica::DecoratorEndVerticalEccentric<class jessica::VerticalEccentric> >
3: [2021-12-19 07:38:39.408] [log] [info] duration 0.0001 ms
3: [2021-12-19 07:38:39.408] [log] [info] DecoratorLogger class jessica::LogDuration<class jessica::DecoratorEndVerticalEccentric<class jessica::VerticalEccentric> >
3: [2021-12-19 07:38:39.408] [log] [info] duration 0.0001 ms
3: [2021-12-19 07:38:39.408] [log] [info] DecoratorLogger class jessica::LogDuration<class jessica::DecoratorEndVerticalEccentric<class jessica::VerticalEccentric> >
3: [2021-12-19 07:38:39.408] [log] [info] duration 0.0002 ms
3: [2021-12-19 07:38:39.409] [log] [info] DecoratorLogger class jessica::LogDuration<class jessica::DecoratorEndVerticalEccentric<class jessica::VerticalEccentric> >
3: [2021-12-19 07:38:39.409] [log] [info] duration 0.0002 ms
3: [2021-12-19 07:38:39.409] [log] [info] DecoratorLogger class jessica::LogDuration<class jessica::DecoratorEndVerticalEccentric<class jessica::VerticalEccentric> >
3: [2021-12-19 07:38:39.409] [log] [info] duration 0.0002 ms
3: [2021-12-19 07:38:39.409] [log] [info] DecoratorLogger class jessica::LogDuration<class jessica::DecoratorEndVerticalEccentric<class jessica::VerticalEccentric> >
3: [2021-12-19 07:38:39.409] [log] [info] duration 0.0001 ms
3: [2021-12-19 07:38:39.409] [log] [info] DecoratorLogger class jessica::LogDuration<class jessica::DecoratorEndVerticalEccentric<class jessica::VerticalEccentric> >
3: [2021-12-19 07:38:39.409] [log] [info] duration 0.0001 ms
3: [       OK ] data.VerticalEccentricDecorator (3 ms)
3: [ RUN      ] data.VerticalEccentricWebServicesRestBed
3: [       OK ] data.VerticalEccentricWebServicesRestBed (19 ms)
3: [----------] 3 tests from data (24 ms total)
3: 
3: [----------] Global test environment tear-down
3: [==========] 3 tests from 1 test suite ran. (24 ms total)
3: [  PASSED  ] 3 tests.
[HANDLER_OUTPUT] 
3/4 Test #3: TestLoadVerticalEccentric .........
   Passed    0.04 sec
[HANDLER_VERBOSE_OUTPUT] 
test 4

[HANDLER_OUTPUT] 
    Start 4: TestUtilDecorator

[HANDLER_VERBOSE_OUTPUT] 

4: Test command: D:\a\jessica\jessica\build\test\backend\util\Debug\test_util_decorator.exe

4: Test timeout computed to be: 1500
4: Running main() from D:\a\jessica\jessica\vcpkg\buildtrees\gtest\src\ase-1.11.0-7d339f16d4.clean\googletest\src\gtest_main.cc
4: [==========] Running 1 test from 1 test suite.
4: [----------] Global test environment set-up.
4: [----------] 1 test from decorator
4: [ RUN      ] decorator.Test
4: DecoratorLogger class DecoratorEndTest<class DecoratorTest>
4: DecoratorLogger class DecoratorEndTest<class DecoratorTest>
4: [       OK ] decorator.Test (0 ms)
4: [----------] 1 test from decorator (0 ms total)
4: 
4: [----------] Global test environment tear-down
4: [==========] 1 test from 1 test suite ran. (0 ms total)
4: [  PASSED  ] 1 test.
[HANDLER_OUTPUT] 
4/4 Test #4: TestUtilDecorator .................
   Passed    0.02 sec

100% tests passed, 0 tests failed out of 4

Total Test time (real) =   0.73 sec
